E:\DEV\BASICOCR\TESSERACT\TESS.RELEASE\TESSERACT.PCH
E:\DEV\BASICOCR\TESSERACT\TESS.RELEASE\MFCPCH.OBJ
E:\DEV\BASICOCR\TESSERACT\TESS.RELEASE\VC110.PDB
E:\DEV\BASICOCR\TESSERACT\TESS.RELEASE\TESSEDIT.OBJ
E:\DEV\BASICOCR\TESSERACT\TESS.RELEASE\TESSBOX.OBJ
E:\DEV\BASICOCR\TESSERACT\TESS.RELEASE\SCALEIMG.OBJ
E:\DEV\BASICOCR\TESSERACT\TESS.RELEASE\REJECT.OBJ
E:\DEV\BASICOCR\TESSERACT\TESS.RELEASE\PAIRCMP.OBJ
E:\DEV\BASICOCR\TESSERACT\TESS.RELEASE\PAGEWALK.OBJ
E:\DEV\BASICOCR\TESSERACT\TESS.RELEASE\OUTPUT.OBJ
E:\DEV\BASICOCR\TESSERACT\TESS.RELEASE\MATMATCH.OBJ
E:\DEV\BASICOCR\TESSERACT\TESS.RELEASE\IMGSCALE.OBJ
E:\DEV\BASICOCR\TESSERACT\TESS.RELEASE\FIXXHT.OBJ
E:\DEV\BASICOCR\TESSERACT\TESS.RELEASE\FIXSPACE.OBJ
E:\DEV\BASICOCR\TESSERACT\TESS.RELEASE\EXPANDBLOB.OBJ
E:\DEV\BASICOCR\TESSERACT\TESS.RELEASE\DOCQUAL.OBJ
E:\DEV\BASICOCR\TESSERACT\TESS.RELEASE\CONTROL.OBJ
E:\DEV\BASICOCR\TESSERACT\TESS.RELEASE\CHARSAMPLE.OBJ
E:\DEV\BASICOCR\TESSERACT\TESS.RELEASE\CHARCUT.OBJ
E:\DEV\BASICOCR\TESSERACT\TESS.RELEASE\CALLNET.OBJ
E:\DEV\BASICOCR\TESSERACT\TESS.RELEASE\BLOBCMP.OBJ
E:\DEV\BASICOCR\TESSERACT\TESS.RELEASE\APPLYBOX.OBJ
E:\DEV\BASICOCR\TESSERACT\TESS.RELEASE\ADAPTIONS.OBJ
E:\DEV\BASICOCR\TESSERACT\TESS.RELEASE\PDBLOCK.OBJ
E:\DEV\BASICOCR\TESSERACT\TESS.RELEASE\PAGERES.OBJ
E:\DEV\BASICOCR\TESSERACT\TESS.RELEASE\PAGEBLK.OBJ
E:\DEV\BASICOCR\TESSERACT\TESS.RELEASE\OCRROW.OBJ
E:\DEV\BASICOCR\TESSERACT\TESS.RELEASE\OCRBLOCK.OBJ
E:\DEV\BASICOCR\TESSERACT\TESS.RELEASE\NORMALIS.OBJ
E:\DEV\BASICOCR\TESSERACT\TESS.RELEASE\MOD128.OBJ
E:\DEV\BASICOCR\TESSERACT\TESS.RELEASE\LMEDSQ.OBJ
E:\DEV\BASICOCR\TESSERACT\TESS.RELEASE\LINLSQ.OBJ
E:\DEV\BASICOCR\TESSERACT\TESS.RELEASE\LABLS.OBJ
E:\DEV\BASICOCR\TESSERACT\TESS.RELEASE\GENBLOB.OBJ
E:\DEV\BASICOCR\TESSERACT\TESS.RELEASE\COUTLN.OBJ
E:\DEV\BASICOCR\TESSERACT\TESS.RELEASE\CALLCPP.OBJ
E:\DEV\BASICOCR\TESSERACT\TESS.RELEASE\BLREAD.OBJ
E:\DEV\BASICOCR\TESSERACT\TESS.RELEASE\BLOBS.OBJ
E:\DEV\BASICOCR\TESSERACT\TESS.RELEASE\BLOBBOX.OBJ
E:\DEV\BASICOCR\TESSERACT\TESS.RELEASE\WERDIT.OBJ
E:\DEV\BASICOCR\TESSERACT\TESS.RELEASE\TSTRUCT.OBJ
E:\DEV\BASICOCR\TESSERACT\TESS.RELEASE\TFACEPP.OBJ
E:\DEV\BASICOCR\TESSERACT\TESS.RELEASE\TESSVARS.OBJ
E:\DEV\BASICOCR\TESSERACT\TESS.RELEASE\BITS16.OBJ
E:\DEV\BASICOCR\TESSERACT\TESS.RELEASE\BASEDIR.OBJ
E:\DEV\BASICOCR\TESSERACT\TESS.RELEASE\WERD.OBJ
E:\DEV\BASICOCR\TESSERACT\TESS.RELEASE\VECFUNCS.OBJ
E:\DEV\BASICOCR\TESSERACT\TESS.RELEASE\TXTREGN.OBJ
E:\DEV\BASICOCR\TESSERACT\TESS.RELEASE\STEPBLOB.OBJ
E:\DEV\BASICOCR\TESSERACT\TESS.RELEASE\STATISTC.OBJ
E:\DEV\BASICOCR\TESSERACT\TESS.RELEASE\RWPOLY.OBJ
E:\DEV\BASICOCR\TESSERACT\TESS.RELEASE\REJCTMAP.OBJ
E:\DEV\BASICOCR\TESSERACT\TESS.RELEASE\RECT.OBJ
E:\DEV\BASICOCR\TESSERACT\TESS.RELEASE\RATNGS.OBJ
E:\DEV\BASICOCR\TESSERACT\TESS.RELEASE\QUSPLINE.OBJ
E:\DEV\BASICOCR\TESSERACT\TESS.RELEASE\QUADRATC.OBJ
E:\DEV\BASICOCR\TESSERACT\TESS.RELEASE\QUADLSQ.OBJ
E:\DEV\BASICOCR\TESSERACT\TESS.RELEASE\POUTLINE.OBJ
E:\DEV\BASICOCR\TESSERACT\TESS.RELEASE\POLYVERT.OBJ
E:\DEV\BASICOCR\TESSERACT\TESS.RELEASE\POLYBLOB.OBJ
E:\DEV\BASICOCR\TESSERACT\TESS.RELEASE\POLYBLK.OBJ
E:\DEV\BASICOCR\TESSERACT\TESS.RELEASE\POLYAPRX.OBJ
E:\DEV\BASICOCR\TESSERACT\TESS.RELEASE\POINTS.OBJ
E:\DEV\BASICOCR\TESSERACT\TESS.RELEASE\IMGIO.OBJ
E:\DEV\BASICOCR\TESSERACT\TESS.RELEASE\IMGBMP.OBJ
E:\DEV\BASICOCR\TESSERACT\TESS.RELEASE\BITSTRM.OBJ
E:\DEV\BASICOCR\TESSERACT\TESS.RELEASE\VARABLE.OBJ
E:\DEV\BASICOCR\TESSERACT\TESS.RELEASE\TPRINTF.OBJ
E:\DEV\BASICOCR\TESSERACT\TESS.RELEASE\TESSOPT.OBJ
E:\DEV\BASICOCR\TESSERACT\TESS.RELEASE\STRNGS.OBJ
E:\DEV\BASICOCR\TESSERACT\TESS.RELEASE\SERIALIS.OBJ
E:\DEV\BASICOCR\TESSERACT\TESS.RELEASE\OCRSHELL.OBJ
E:\DEV\BASICOCR\TESSERACT\TESS.RELEASE\MEMRY.OBJ
E:\DEV\BASICOCR\TESSERACT\TESS.RELEASE\MEMBLK.OBJ
E:\DEV\BASICOCR\TESSERACT\TESS.RELEASE\MAINBLK.OBJ
E:\DEV\BASICOCR\TESSERACT\TESS.RELEASE\HASHFN.OBJ
E:\DEV\BASICOCR\TESSERACT\TESS.RELEASE\GLOBALOC.OBJ
E:\DEV\BASICOCR\TESSERACT\TESS.RELEASE\ERRCODE.OBJ
E:\DEV\BASICOCR\TESSERACT\TESS.RELEASE\ELST2.OBJ
E:\DEV\BASICOCR\TESSERACT\TESS.RELEASE\ELST.OBJ
E:\DEV\BASICOCR\TESSERACT\TESS.RELEASE\DEBUGWIN.OBJ
E:\DEV\BASICOCR\TESSERACT\TESS.RELEASE\CLST.OBJ
E:\DEV\BASICOCR\TESSERACT\TESS.RELEASE\BOXREAD.OBJ
E:\DEV\BASICOCR\TESSERACT\TESS.RELEASE\UNDERLIN.OBJ
E:\DEV\BASICOCR\TESSERACT\TESS.RELEASE\TOVARS.OBJ
E:\DEV\BASICOCR\TESSERACT\TESS.RELEASE\TOSPACE.OBJ
E:\DEV\BASICOCR\TESSERACT\TESS.RELEASE\TORDMAIN.OBJ
E:\DEV\BASICOCR\TESSERACT\TESS.RELEASE\TOPITCH.OBJ
E:\DEV\BASICOCR\TESSERACT\TESS.RELEASE\SORTFLTS.OBJ
E:\DEV\BASICOCR\TESSERACT\TESS.RELEASE\SCANEDG.OBJ
E:\DEV\BASICOCR\TESSERACT\TESS.RELEASE\PITSYNC1.OBJ
E:\DEV\BASICOCR\TESSERACT\TESS.RELEASE\PITHSYNC.OBJ
E:\DEV\BASICOCR\TESSERACT\TESS.RELEASE\OLDBASEL.OBJ
E:\DEV\BASICOCR\TESSERACT\TESS.RELEASE\MAKEROW.OBJ
E:\DEV\BASICOCR\TESSERACT\TESS.RELEASE\GAP_MAP.OBJ
E:\DEV\BASICOCR\TESSERACT\TESS.RELEASE\FPCHOP.OBJ
E:\DEV\BASICOCR\TESSERACT\TESS.RELEASE\EDGLOOP.OBJ
E:\DEV\BASICOCR\TESSERACT\TESS.RELEASE\EDGBLOB.OBJ
E:\DEV\BASICOCR\TESSERACT\TESS.RELEASE\DRAWTORD.OBJ
E:\DEV\BASICOCR\TESSERACT\TESS.RELEASE\DRAWEDG.OBJ
E:\DEV\BASICOCR\TESSERACT\TESS.RELEASE\BLKOCC.OBJ
E:\DEV\BASICOCR\TESSERACT\TESS.RELEASE\IMGTIFF.OBJ
E:\DEV\BASICOCR\TESSERACT\TESS.RELEASE\IMGS.OBJ
E:\DEV\BASICOCR\TESSERACT\TESS.RELEASE\WORDSEG.OBJ
E:\DEV\BASICOCR\TESSERACT\TESS.RELEASE\FXDEFS.OBJ
E:\DEV\BASICOCR\TESSERACT\TESS.RELEASE\FPOINT.OBJ
E:\DEV\BASICOCR\TESSERACT\TESS.RELEASE\FLOAT2INT.OBJ
E:\DEV\BASICOCR\TESSERACT\TESS.RELEASE\FLEXFX.OBJ
E:\DEV\BASICOCR\TESSERACT\TESS.RELEASE\FEATDEFS.OBJ
E:\DEV\BASICOCR\TESSERACT\TESS.RELEASE\EXTRACT.OBJ
E:\DEV\BASICOCR\TESSERACT\TESS.RELEASE\CUTOFFS.OBJ
E:\DEV\BASICOCR\TESSERACT\TESS.RELEASE\CLUSTTOOL.OBJ
E:\DEV\BASICOCR\TESSERACT\TESS.RELEASE\CLUSTER.OBJ
E:\DEV\BASICOCR\TESSERACT\TESS.RELEASE\CHARTONAME.OBJ
E:\DEV\BASICOCR\TESSERACT\TESS.RELEASE\BLOBCLASS.OBJ
E:\DEV\BASICOCR\TESSERACT\TESS.RELEASE\BASELINE.OBJ
E:\DEV\BASICOCR\TESSERACT\TESS.RELEASE\ADAPTMATCH.OBJ
E:\DEV\BASICOCR\TESSERACT\TESS.RELEASE\ADAPTIVE.OBJ
E:\DEV\BASICOCR\TESSERACT\TESS.RELEASE\UNICHARSET.OBJ
E:\DEV\BASICOCR\TESSERACT\TESS.RELEASE\UNICHARMAP.OBJ
E:\DEV\BASICOCR\TESSERACT\TESS.RELEASE\UNICHAR.OBJ
E:\DEV\BASICOCR\TESSERACT\TESS.RELEASE\VARABLED.OBJ
E:\DEV\BASICOCR\TESSERACT\TESS.RELEASE\PGEDIT.OBJ
E:\DEV\BASICOCR\TESSERACT\TESS.RELEASE\BASEAPI.OBJ
E:\DEV\BASICOCR\TESSERACT\TESS.RELEASE\CUTIL.OBJ
E:\DEV\BASICOCR\TESSERACT\TESS.RELEASE\BITVEC.OBJ
E:\DEV\BASICOCR\TESSERACT\TESS.RELEASE\XFORM2D.OBJ
E:\DEV\BASICOCR\TESSERACT\TESS.RELEASE\SPECKLE.OBJ
E:\DEV\BASICOCR\TESSERACT\TESS.RELEASE\SIGMENU.OBJ
E:\DEV\BASICOCR\TESSERACT\TESS.RELEASE\PROTOS.OBJ
E:\DEV\BASICOCR\TESSERACT\TESS.RELEASE\PICOFEAT.OBJ
E:\DEV\BASICOCR\TESSERACT\TESS.RELEASE\OUTFEAT.OBJ
E:\DEV\BASICOCR\TESSERACT\TESS.RELEASE\OCRFEATURES.OBJ
E:\DEV\BASICOCR\TESSERACT\TESS.RELEASE\NORMMATCH.OBJ
E:\DEV\BASICOCR\TESSERACT\TESS.RELEASE\NORMFEAT.OBJ
E:\DEV\BASICOCR\TESSERACT\TESS.RELEASE\MFX.OBJ
E:\DEV\BASICOCR\TESSERACT\TESS.RELEASE\MFOUTLINE.OBJ
E:\DEV\BASICOCR\TESSERACT\TESS.RELEASE\MFDEFS.OBJ
E:\DEV\BASICOCR\TESSERACT\TESS.RELEASE\MF.OBJ
E:\DEV\BASICOCR\TESSERACT\TESS.RELEASE\KDTREE.OBJ
E:\DEV\BASICOCR\TESSERACT\TESS.RELEASE\INTPROTO.OBJ
E:\DEV\BASICOCR\TESSERACT\TESS.RELEASE\INTMATCHER.OBJ
E:\DEV\BASICOCR\TESSERACT\TESS.RELEASE\INTFX.OBJ
E:\DEV\BASICOCR\TESSERACT\TESS.RELEASE\HIDEEDGE.OBJ
E:\DEV\BASICOCR\TESSERACT\TESS.RELEASE\PERMNUM.OBJ
E:\DEV\BASICOCR\TESSERACT\TESS.RELEASE\PERMNGRAM.OBJ
E:\DEV\BASICOCR\TESSERACT\TESS.RELEASE\PERMDAWG.OBJ
E:\DEV\BASICOCR\TESSERACT\TESS.RELEASE\HYPHEN.OBJ
E:\DEV\BASICOCR\TESSERACT\TESS.RELEASE\DAWG.OBJ
E:\DEV\BASICOCR\TESSERACT\TESS.RELEASE\CONTEXT.OBJ
E:\DEV\BASICOCR\TESSERACT\TESS.RELEASE\CHOICES.OBJ
E:\DEV\BASICOCR\TESSERACT\TESS.RELEASE\VARIABLES.OBJ
E:\DEV\BASICOCR\TESSERACT\TESS.RELEASE\TORDVARS.OBJ
E:\DEV\BASICOCR\TESSERACT\TESS.RELEASE\TESSARRAY.OBJ
E:\DEV\BASICOCR\TESSERACT\TESS.RELEASE\STRUCTURES.OBJ
E:\DEV\BASICOCR\TESSERACT\TESS.RELEASE\OLDLIST.OBJ
E:\DEV\BASICOCR\TESSERACT\TESS.RELEASE\OLDHEAP.OBJ
E:\DEV\BASICOCR\TESSERACT\TESS.RELEASE\LISTIO.OBJ
E:\DEV\BASICOCR\TESSERACT\TESS.RELEASE\GLOBALS.OBJ
E:\DEV\BASICOCR\TESSERACT\TESS.RELEASE\FREELIST.OBJ
E:\DEV\BASICOCR\TESSERACT\TESS.RELEASE\EMALLOC.OBJ
E:\DEV\BASICOCR\TESSERACT\TESS.RELEASE\EFIO.OBJ
E:\DEV\BASICOCR\TESSERACT\TESS.RELEASE\DEBUG.OBJ
E:\DEV\BASICOCR\TESSERACT\TESS.RELEASE\DANERROR.OBJ
E:\DEV\BASICOCR\TESSERACT\TESS.RELEASE\GRADECHOP.OBJ
E:\DEV\BASICOCR\TESSERACT\TESS.RELEASE\FINDSEAM.OBJ
E:\DEV\BASICOCR\TESSERACT\TESS.RELEASE\DRAWFX.OBJ
E:\DEV\BASICOCR\TESSERACT\TESS.RELEASE\DJMENUS.OBJ
E:\DEV\BASICOCR\TESSERACT\TESS.RELEASE\CLOSED.OBJ
E:\DEV\BASICOCR\TESSERACT\TESS.RELEASE\CHOPPER.OBJ
E:\DEV\BASICOCR\TESSERACT\TESS.RELEASE\CHOP.OBJ
E:\DEV\BASICOCR\TESSERACT\TESS.RELEASE\BESTFIRST.OBJ
E:\DEV\BASICOCR\TESSERACT\TESS.RELEASE\BADWORDS.OBJ
E:\DEV\BASICOCR\TESSERACT\TESS.RELEASE\ASSOCIATE.OBJ
E:\DEV\BASICOCR\TESSERACT\TESS.RELEASE\SVUTIL.OBJ
E:\DEV\BASICOCR\TESSERACT\TESS.RELEASE\SVMNODE.OBJ
E:\DEV\BASICOCR\TESSERACT\TESS.RELEASE\SCROLLVIEW.OBJ
E:\DEV\BASICOCR\TESSERACT\TESS.RELEASE\SVSHOWIM.OBJ
E:\DEV\BASICOCR\TESSERACT\TESS.RELEASE\LEPTONICA_PAGESEG_INTERFACE.OBJ
E:\DEV\BASICOCR\TESSERACT\TESS.RELEASE\LEPTONICA_PAGESEG.OBJ
E:\DEV\BASICOCR\TESSERACT\TESS.RELEASE\TRIE.OBJ
E:\DEV\BASICOCR\TESSERACT\TESS.RELEASE\STOPPER.OBJ
E:\DEV\BASICOCR\TESSERACT\TESS.RELEASE\STATES.OBJ
E:\DEV\BASICOCR\TESSERACT\TESS.RELEASE\PERMUTE.OBJ
E:\DEV\BASICOCR\TESSERACT\TESS.RELEASE\WORDCLASS.OBJ
E:\DEV\BASICOCR\TESSERACT\TESS.RELEASE\TFACE.OBJ
E:\DEV\BASICOCR\TESSERACT\TESS.RELEASE\TESSINIT.OBJ
E:\DEV\BASICOCR\TESSERACT\TESS.RELEASE\TALLY.OBJ
E:\DEV\BASICOCR\TESSERACT\TESS.RELEASE\SPLIT.OBJ
E:\DEV\BASICOCR\TESSERACT\TESS.RELEASE\SEAM.OBJ
E:\DEV\BASICOCR\TESSERACT\TESS.RELEASE\RENDER.OBJ
E:\DEV\BASICOCR\TESSERACT\TESS.RELEASE\PLOTSEG.OBJ
E:\DEV\BASICOCR\TESSERACT\TESS.RELEASE\PLOTEDGES.OBJ
E:\DEV\BASICOCR\TESSERACT\TESS.RELEASE\PIECES.OBJ
E:\DEV\BASICOCR\TESSERACT\TESS.RELEASE\OUTLINES.OBJ
E:\DEV\BASICOCR\TESSERACT\TESS.RELEASE\OLUTIL.OBJ
E:\DEV\BASICOCR\TESSERACT\TESS.RELEASE\MSMENUS.OBJ
E:\DEV\BASICOCR\TESSERACT\TESS.RELEASE\MFVARS.OBJ
E:\DEV\BASICOCR\TESSERACT\TESS.RELEASE\METRICS.OBJ
E:\DEV\BASICOCR\TESSERACT\TESS.RELEASE\MATRIX.OBJ
E:\DEV\BASICOCR\TESSERACT\TESS.RELEASE\MATCHTAB.OBJ
E:\DEV\BASICOCR\TESSERACT\TESS.RELEASE\MAKECHOP.OBJ
E:\DEV\BASICOCR\TESSERACT\TESS.RELEASE\HEURISTIC.OBJ
E:\DEV\BASICOCR\TESSERACT\TESS.RELEASE\PAGESEG.OBJ
E:\DEV\BASICOCR\LIB\TESSERACT\WIN32\RELEASE\TESSERACT.LIB
E:\dev\BasicOCR\intermediate\tesseract\Win32\Release\tesseract\cl.command.1.tlog
E:\dev\BasicOCR\intermediate\tesseract\Win32\Release\tesseract\CL.read.1.tlog
E:\dev\BasicOCR\intermediate\tesseract\Win32\Release\tesseract\CL.write.1.tlog
E:\dev\BasicOCR\intermediate\tesseract\Win32\Release\tesseract\Lib-link.7752.read.1.tlog
E:\dev\BasicOCR\intermediate\tesseract\Win32\Release\tesseract\Lib-link.7752.write.1.tlog
E:\dev\BasicOCR\intermediate\tesseract\Win32\Release\tesseract\Lib-link.read.1.tlog
E:\dev\BasicOCR\intermediate\tesseract\Win32\Release\tesseract\Lib-link.write.1.tlog
E:\dev\BasicOCR\intermediate\tesseract\Win32\Release\tesseract\lib.command.1.tlog
E:\dev\BasicOCR\lib\tesseract\Win32\Release\tesseract.lib
