E:\DEV\BASICOCR\GSL\SRC\GSL\1.8\GSL-1.8\VC8\LIBGSL\X64\RELEASE-DLL\CHERK.OBJ
E:\DEV\BASICOCR\GSL\SRC\GSL\1.8\GSL-1.8\VC8\LIBGSL\X64\RELEASE-DLL\CHER2K.OBJ
E:\DEV\BASICOCR\GSL\SRC\GSL\1.8\GSL-1.8\VC8\LIBGSL\X64\RELEASE-DLL\CHER2.OBJ
E:\DEV\BASICOCR\GSL\SRC\GSL\1.8\GSL-1.8\VC8\LIBGSL\X64\RELEASE-DLL\CHER.OBJ
E:\DEV\BASICOCR\GSL\SRC\GSL\1.8\GSL-1.8\VC8\LIBGSL\X64\RELEASE-DLL\CHEMV.OBJ
E:\DEV\BASICOCR\GSL\SRC\GSL\1.8\GSL-1.8\VC8\LIBGSL\X64\RELEASE-DLL\CHEMM.OBJ
E:\DEV\BASICOCR\GSL\SRC\GSL\1.8\GSL-1.8\VC8\LIBGSL\X64\RELEASE-DLL\CHBMV.OBJ
E:\DEV\BASICOCR\GSL\SRC\GSL\1.8\GSL-1.8\VC8\LIBGSL\X64\RELEASE-DLL\CGERU.OBJ
E:\DEV\BASICOCR\GSL\SRC\GSL\1.8\GSL-1.8\VC8\LIBGSL\X64\RELEASE-DLL\CGERC.OBJ
E:\DEV\BASICOCR\GSL\SRC\GSL\1.8\GSL-1.8\VC8\LIBGSL\X64\RELEASE-DLL\CGEMV.OBJ
E:\DEV\BASICOCR\GSL\SRC\GSL\1.8\GSL-1.8\VC8\LIBGSL\X64\RELEASE-DLL\CGEMM.OBJ
E:\DEV\BASICOCR\GSL\SRC\GSL\1.8\GSL-1.8\VC8\LIBGSL\X64\RELEASE-DLL\CGBMV.OBJ
E:\DEV\BASICOCR\GSL\SRC\GSL\1.8\GSL-1.8\VC8\LIBGSL\X64\RELEASE-DLL\CDOTU_SUB.OBJ
E:\DEV\BASICOCR\GSL\SRC\GSL\1.8\GSL-1.8\VC8\LIBGSL\X64\RELEASE-DLL\CDOTC_SUB.OBJ
E:\DEV\BASICOCR\GSL\SRC\GSL\1.8\GSL-1.8\VC8\LIBGSL\X64\RELEASE-DLL\CCOPY.OBJ
E:\DEV\BASICOCR\GSL\SRC\GSL\1.8\GSL-1.8\VC8\LIBGSL\X64\RELEASE-DLL\CAXPY.OBJ
E:\DEV\BASICOCR\GSL\SRC\GSL\1.8\GSL-1.8\VC8\LIBGSL\X64\RELEASE-DLL\INIT.OBJ
E:\DEV\BASICOCR\GSL\SRC\GSL\1.8\GSL-1.8\VC8\LIBGSL\X64\RELEASE-DLL\FILE.OBJ
E:\DEV\BASICOCR\GSL\SRC\GSL\1.8\GSL-1.8\VC8\LIBGSL\X64\RELEASE-DLL\BLOCK.OBJ
E:\DEV\BASICOCR\GSL\SRC\GSL\1.8\GSL-1.8\VC8\LIBGSL\X64\RELEASE-DLL\BLAS.OBJ
E:\DEV\BASICOCR\GSL\SRC\GSL\1.8\GSL-1.8\VC8\LIBGSL\X64\RELEASE-DLL\DCOPY.OBJ
E:\DEV\BASICOCR\GSL\SRC\GSL\1.8\GSL-1.8\VC8\LIBGSL\X64\RELEASE-DLL\DAXPY.OBJ
E:\DEV\BASICOCR\GSL\SRC\GSL\1.8\GSL-1.8\VC8\LIBGSL\X64\RELEASE-DLL\DASUM.OBJ
E:\DEV\BASICOCR\GSL\SRC\GSL\1.8\GSL-1.8\VC8\LIBGSL\X64\RELEASE-DLL\CTRSV.OBJ
E:\DEV\BASICOCR\GSL\SRC\GSL\1.8\GSL-1.8\VC8\LIBGSL\X64\RELEASE-DLL\CTRSM.OBJ
E:\DEV\BASICOCR\GSL\SRC\GSL\1.8\GSL-1.8\VC8\LIBGSL\X64\RELEASE-DLL\CTRMV.OBJ
E:\DEV\BASICOCR\GSL\SRC\GSL\1.8\GSL-1.8\VC8\LIBGSL\X64\RELEASE-DLL\CTRMM.OBJ
E:\DEV\BASICOCR\GSL\SRC\GSL\1.8\GSL-1.8\VC8\LIBGSL\X64\RELEASE-DLL\CTPSV.OBJ
E:\DEV\BASICOCR\GSL\SRC\GSL\1.8\GSL-1.8\VC8\LIBGSL\X64\RELEASE-DLL\CTPMV.OBJ
E:\DEV\BASICOCR\GSL\SRC\GSL\1.8\GSL-1.8\VC8\LIBGSL\X64\RELEASE-DLL\CTBSV.OBJ
E:\DEV\BASICOCR\GSL\SRC\GSL\1.8\GSL-1.8\VC8\LIBGSL\X64\RELEASE-DLL\CTBMV.OBJ
E:\DEV\BASICOCR\GSL\SRC\GSL\1.8\GSL-1.8\VC8\LIBGSL\X64\RELEASE-DLL\CSYRK.OBJ
E:\DEV\BASICOCR\GSL\SRC\GSL\1.8\GSL-1.8\VC8\LIBGSL\X64\RELEASE-DLL\CSYR2K.OBJ
E:\DEV\BASICOCR\GSL\SRC\GSL\1.8\GSL-1.8\VC8\LIBGSL\X64\RELEASE-DLL\CSYMM.OBJ
E:\DEV\BASICOCR\GSL\SRC\GSL\1.8\GSL-1.8\VC8\LIBGSL\X64\RELEASE-DLL\CSWAP.OBJ
E:\DEV\BASICOCR\GSL\SRC\GSL\1.8\GSL-1.8\VC8\LIBGSL\X64\RELEASE-DLL\CSSCAL.OBJ
E:\DEV\BASICOCR\GSL\SRC\GSL\1.8\GSL-1.8\VC8\LIBGSL\X64\RELEASE-DLL\CSCAL.OBJ
E:\DEV\BASICOCR\GSL\SRC\GSL\1.8\GSL-1.8\VC8\LIBGSL\X64\RELEASE-DLL\CHPR2.OBJ
E:\DEV\BASICOCR\GSL\SRC\GSL\1.8\GSL-1.8\VC8\LIBGSL\X64\RELEASE-DLL\CHPR.OBJ
E:\DEV\BASICOCR\GSL\SRC\GSL\1.8\GSL-1.8\VC8\LIBGSL\X64\RELEASE-DLL\CHPMV.OBJ
E:\DEV\BASICOCR\GSL\SRC\GSL\1.8\GSL-1.8\VC8\LIBGSL\X64\RELEASE-DLL\DSYR.OBJ
E:\DEV\BASICOCR\GSL\SRC\GSL\1.8\GSL-1.8\VC8\LIBGSL\X64\RELEASE-DLL\DSYMV.OBJ
E:\DEV\BASICOCR\GSL\SRC\GSL\1.8\GSL-1.8\VC8\LIBGSL\X64\RELEASE-DLL\DSYMM.OBJ
E:\DEV\BASICOCR\GSL\SRC\GSL\1.8\GSL-1.8\VC8\LIBGSL\X64\RELEASE-DLL\DSWAP.OBJ
E:\DEV\BASICOCR\GSL\SRC\GSL\1.8\GSL-1.8\VC8\LIBGSL\X64\RELEASE-DLL\DSPR2.OBJ
E:\DEV\BASICOCR\GSL\SRC\GSL\1.8\GSL-1.8\VC8\LIBGSL\X64\RELEASE-DLL\DSPR.OBJ
E:\DEV\BASICOCR\GSL\SRC\GSL\1.8\GSL-1.8\VC8\LIBGSL\X64\RELEASE-DLL\DSPMV.OBJ
E:\DEV\BASICOCR\GSL\SRC\GSL\1.8\GSL-1.8\VC8\LIBGSL\X64\RELEASE-DLL\DSDOT.OBJ
E:\DEV\BASICOCR\GSL\SRC\GSL\1.8\GSL-1.8\VC8\LIBGSL\X64\RELEASE-DLL\DSCAL.OBJ
E:\DEV\BASICOCR\GSL\SRC\GSL\1.8\GSL-1.8\VC8\LIBGSL\X64\RELEASE-DLL\DSBMV.OBJ
E:\DEV\BASICOCR\GSL\SRC\GSL\1.8\GSL-1.8\VC8\LIBGSL\X64\RELEASE-DLL\DROTMG.OBJ
E:\DEV\BASICOCR\GSL\SRC\GSL\1.8\GSL-1.8\VC8\LIBGSL\X64\RELEASE-DLL\DROTM.OBJ
E:\DEV\BASICOCR\GSL\SRC\GSL\1.8\GSL-1.8\VC8\LIBGSL\X64\RELEASE-DLL\DROTG.OBJ
E:\DEV\BASICOCR\GSL\SRC\GSL\1.8\GSL-1.8\VC8\LIBGSL\X64\RELEASE-DLL\DROT.OBJ
E:\DEV\BASICOCR\GSL\SRC\GSL\1.8\GSL-1.8\VC8\LIBGSL\X64\RELEASE-DLL\DNRM2.OBJ
E:\DEV\BASICOCR\GSL\SRC\GSL\1.8\GSL-1.8\VC8\LIBGSL\X64\RELEASE-DLL\DGER.OBJ
E:\DEV\BASICOCR\GSL\SRC\GSL\1.8\GSL-1.8\VC8\LIBGSL\X64\RELEASE-DLL\DGEMV.OBJ
E:\DEV\BASICOCR\GSL\SRC\GSL\1.8\GSL-1.8\VC8\LIBGSL\X64\RELEASE-DLL\DGEMM.OBJ
E:\DEV\BASICOCR\GSL\SRC\GSL\1.8\GSL-1.8\VC8\LIBGSL\X64\RELEASE-DLL\DGBMV.OBJ
E:\DEV\BASICOCR\GSL\SRC\GSL\1.8\GSL-1.8\VC8\LIBGSL\X64\RELEASE-DLL\DDOT.OBJ
E:\DEV\BASICOCR\GSL\SRC\GSL\1.8\GSL-1.8\VC8\LIBGSL\X64\RELEASE-DLL\SAXPY.OBJ
E:\DEV\BASICOCR\GSL\SRC\GSL\1.8\GSL-1.8\VC8\LIBGSL\X64\RELEASE-DLL\SASUM.OBJ
E:\DEV\BASICOCR\GSL\SRC\GSL\1.8\GSL-1.8\VC8\LIBGSL\X64\RELEASE-DLL\IZAMAX.OBJ
E:\DEV\BASICOCR\GSL\SRC\GSL\1.8\GSL-1.8\VC8\LIBGSL\X64\RELEASE-DLL\ISAMAX.OBJ
E:\DEV\BASICOCR\GSL\SRC\GSL\1.8\GSL-1.8\VC8\LIBGSL\X64\RELEASE-DLL\IDAMAX.OBJ
E:\DEV\BASICOCR\GSL\SRC\GSL\1.8\GSL-1.8\VC8\LIBGSL\X64\RELEASE-DLL\ICAMAX.OBJ
E:\DEV\BASICOCR\GSL\SRC\GSL\1.8\GSL-1.8\VC8\LIBGSL\X64\RELEASE-DLL\HYPOT.OBJ
E:\DEV\BASICOCR\GSL\SRC\GSL\1.8\GSL-1.8\VC8\LIBGSL\X64\RELEASE-DLL\DZNRM2.OBJ
E:\DEV\BASICOCR\GSL\SRC\GSL\1.8\GSL-1.8\VC8\LIBGSL\X64\RELEASE-DLL\DZASUM.OBJ
E:\DEV\BASICOCR\GSL\SRC\GSL\1.8\GSL-1.8\VC8\LIBGSL\X64\RELEASE-DLL\DTRSV.OBJ
E:\DEV\BASICOCR\GSL\SRC\GSL\1.8\GSL-1.8\VC8\LIBGSL\X64\RELEASE-DLL\DTRSM.OBJ
E:\DEV\BASICOCR\GSL\SRC\GSL\1.8\GSL-1.8\VC8\LIBGSL\X64\RELEASE-DLL\DTRMV.OBJ
E:\DEV\BASICOCR\GSL\SRC\GSL\1.8\GSL-1.8\VC8\LIBGSL\X64\RELEASE-DLL\DTRMM.OBJ
E:\DEV\BASICOCR\GSL\SRC\GSL\1.8\GSL-1.8\VC8\LIBGSL\X64\RELEASE-DLL\DTPSV.OBJ
E:\DEV\BASICOCR\GSL\SRC\GSL\1.8\GSL-1.8\VC8\LIBGSL\X64\RELEASE-DLL\DTPMV.OBJ
E:\DEV\BASICOCR\GSL\SRC\GSL\1.8\GSL-1.8\VC8\LIBGSL\X64\RELEASE-DLL\DTBSV.OBJ
E:\DEV\BASICOCR\GSL\SRC\GSL\1.8\GSL-1.8\VC8\LIBGSL\X64\RELEASE-DLL\DTBMV.OBJ
E:\DEV\BASICOCR\GSL\SRC\GSL\1.8\GSL-1.8\VC8\LIBGSL\X64\RELEASE-DLL\DSYRK.OBJ
E:\DEV\BASICOCR\GSL\SRC\GSL\1.8\GSL-1.8\VC8\LIBGSL\X64\RELEASE-DLL\DSYR2K.OBJ
E:\DEV\BASICOCR\GSL\SRC\GSL\1.8\GSL-1.8\VC8\LIBGSL\X64\RELEASE-DLL\DSYR2.OBJ
E:\DEV\BASICOCR\GSL\SRC\GSL\1.8\GSL-1.8\VC8\LIBGSL\X64\RELEASE-DLL\SSWAP.OBJ
E:\DEV\BASICOCR\GSL\SRC\GSL\1.8\GSL-1.8\VC8\LIBGSL\X64\RELEASE-DLL\SSPR2.OBJ
E:\DEV\BASICOCR\GSL\SRC\GSL\1.8\GSL-1.8\VC8\LIBGSL\X64\RELEASE-DLL\SSPR.OBJ
E:\DEV\BASICOCR\GSL\SRC\GSL\1.8\GSL-1.8\VC8\LIBGSL\X64\RELEASE-DLL\SSPMV.OBJ
E:\DEV\BASICOCR\GSL\SRC\GSL\1.8\GSL-1.8\VC8\LIBGSL\X64\RELEASE-DLL\SSCAL.OBJ
E:\DEV\BASICOCR\GSL\SRC\GSL\1.8\GSL-1.8\VC8\LIBGSL\X64\RELEASE-DLL\SSBMV.OBJ
E:\DEV\BASICOCR\GSL\SRC\GSL\1.8\GSL-1.8\VC8\LIBGSL\X64\RELEASE-DLL\SROTMG.OBJ
E:\DEV\BASICOCR\GSL\SRC\GSL\1.8\GSL-1.8\VC8\LIBGSL\X64\RELEASE-DLL\SROTM.OBJ
E:\DEV\BASICOCR\GSL\SRC\GSL\1.8\GSL-1.8\VC8\LIBGSL\X64\RELEASE-DLL\SROTG.OBJ
E:\DEV\BASICOCR\GSL\SRC\GSL\1.8\GSL-1.8\VC8\LIBGSL\X64\RELEASE-DLL\SROT.OBJ
E:\DEV\BASICOCR\GSL\SRC\GSL\1.8\GSL-1.8\VC8\LIBGSL\X64\RELEASE-DLL\SNRM2.OBJ
E:\DEV\BASICOCR\GSL\SRC\GSL\1.8\GSL-1.8\VC8\LIBGSL\X64\RELEASE-DLL\SGER.OBJ
E:\DEV\BASICOCR\GSL\SRC\GSL\1.8\GSL-1.8\VC8\LIBGSL\X64\RELEASE-DLL\SGEMV.OBJ
E:\DEV\BASICOCR\GSL\SRC\GSL\1.8\GSL-1.8\VC8\LIBGSL\X64\RELEASE-DLL\SGEMM.OBJ
E:\DEV\BASICOCR\GSL\SRC\GSL\1.8\GSL-1.8\VC8\LIBGSL\X64\RELEASE-DLL\SGBMV.OBJ
E:\DEV\BASICOCR\GSL\SRC\GSL\1.8\GSL-1.8\VC8\LIBGSL\X64\RELEASE-DLL\SDSDOT.OBJ
E:\DEV\BASICOCR\GSL\SRC\GSL\1.8\GSL-1.8\VC8\LIBGSL\X64\RELEASE-DLL\SDOT.OBJ
E:\DEV\BASICOCR\GSL\SRC\GSL\1.8\GSL-1.8\VC8\LIBGSL\X64\RELEASE-DLL\SCOPY.OBJ
E:\DEV\BASICOCR\GSL\SRC\GSL\1.8\GSL-1.8\VC8\LIBGSL\X64\RELEASE-DLL\SCNRM2.OBJ
E:\DEV\BASICOCR\GSL\SRC\GSL\1.8\GSL-1.8\VC8\LIBGSL\X64\RELEASE-DLL\SCASUM.OBJ
E:\DEV\BASICOCR\GSL\SRC\GSL\1.8\GSL-1.8\VC8\LIBGSL\X64\RELEASE-DLL\TEST_DOT.OBJ
E:\DEV\BASICOCR\GSL\SRC\GSL\1.8\GSL-1.8\VC8\LIBGSL\X64\RELEASE-DLL\TEST_COPY.OBJ
E:\DEV\BASICOCR\GSL\SRC\GSL\1.8\GSL-1.8\VC8\LIBGSL\X64\RELEASE-DLL\TEST_AXPY.OBJ
E:\DEV\BASICOCR\GSL\SRC\GSL\1.8\GSL-1.8\VC8\LIBGSL\X64\RELEASE-DLL\TEST_ASUM.OBJ
E:\DEV\BASICOCR\GSL\SRC\GSL\1.8\GSL-1.8\VC8\LIBGSL\X64\RELEASE-DLL\TEST_AMAX.OBJ
E:\DEV\BASICOCR\GSL\SRC\GSL\1.8\GSL-1.8\VC8\LIBGSL\X64\RELEASE-DLL\TESTS.OBJ
E:\DEV\BASICOCR\GSL\SRC\GSL\1.8\GSL-1.8\VC8\LIBGSL\X64\RELEASE-DLL\STRSV.OBJ
E:\DEV\BASICOCR\GSL\SRC\GSL\1.8\GSL-1.8\VC8\LIBGSL\X64\RELEASE-DLL\STRSM.OBJ
E:\DEV\BASICOCR\GSL\SRC\GSL\1.8\GSL-1.8\VC8\LIBGSL\X64\RELEASE-DLL\STRMV.OBJ
E:\DEV\BASICOCR\GSL\SRC\GSL\1.8\GSL-1.8\VC8\LIBGSL\X64\RELEASE-DLL\STRMM.OBJ
E:\DEV\BASICOCR\GSL\SRC\GSL\1.8\GSL-1.8\VC8\LIBGSL\X64\RELEASE-DLL\STPSV.OBJ
E:\DEV\BASICOCR\GSL\SRC\GSL\1.8\GSL-1.8\VC8\LIBGSL\X64\RELEASE-DLL\STPMV.OBJ
E:\DEV\BASICOCR\GSL\SRC\GSL\1.8\GSL-1.8\VC8\LIBGSL\X64\RELEASE-DLL\STBSV.OBJ
E:\DEV\BASICOCR\GSL\SRC\GSL\1.8\GSL-1.8\VC8\LIBGSL\X64\RELEASE-DLL\STBMV.OBJ
E:\DEV\BASICOCR\GSL\SRC\GSL\1.8\GSL-1.8\VC8\LIBGSL\X64\RELEASE-DLL\SSYRK.OBJ
E:\DEV\BASICOCR\GSL\SRC\GSL\1.8\GSL-1.8\VC8\LIBGSL\X64\RELEASE-DLL\SSYR2K.OBJ
E:\DEV\BASICOCR\GSL\SRC\GSL\1.8\GSL-1.8\VC8\LIBGSL\X64\RELEASE-DLL\SSYR2.OBJ
E:\DEV\BASICOCR\GSL\SRC\GSL\1.8\GSL-1.8\VC8\LIBGSL\X64\RELEASE-DLL\SSYR.OBJ
E:\DEV\BASICOCR\GSL\SRC\GSL\1.8\GSL-1.8\VC8\LIBGSL\X64\RELEASE-DLL\SSYMV.OBJ
E:\DEV\BASICOCR\GSL\SRC\GSL\1.8\GSL-1.8\VC8\LIBGSL\X64\RELEASE-DLL\SSYMM.OBJ
E:\DEV\BASICOCR\GSL\SRC\GSL\1.8\GSL-1.8\VC8\LIBGSL\X64\RELEASE-DLL\TEST_SBMV.OBJ
E:\DEV\BASICOCR\GSL\SRC\GSL\1.8\GSL-1.8\VC8\LIBGSL\X64\RELEASE-DLL\TEST_ROTMG.OBJ
E:\DEV\BASICOCR\GSL\SRC\GSL\1.8\GSL-1.8\VC8\LIBGSL\X64\RELEASE-DLL\TEST_ROTM.OBJ
E:\DEV\BASICOCR\GSL\SRC\GSL\1.8\GSL-1.8\VC8\LIBGSL\X64\RELEASE-DLL\TEST_ROTG.OBJ
E:\DEV\BASICOCR\GSL\SRC\GSL\1.8\GSL-1.8\VC8\LIBGSL\X64\RELEASE-DLL\TEST_ROT.OBJ
E:\DEV\BASICOCR\GSL\SRC\GSL\1.8\GSL-1.8\VC8\LIBGSL\X64\RELEASE-DLL\TEST_NRM2.OBJ
E:\DEV\BASICOCR\GSL\SRC\GSL\1.8\GSL-1.8\VC8\LIBGSL\X64\RELEASE-DLL\TEST_HPR2.OBJ
E:\DEV\BASICOCR\GSL\SRC\GSL\1.8\GSL-1.8\VC8\LIBGSL\X64\RELEASE-DLL\TEST_HPR.OBJ
E:\DEV\BASICOCR\GSL\SRC\GSL\1.8\GSL-1.8\VC8\LIBGSL\X64\RELEASE-DLL\TEST_HPMV.OBJ
E:\DEV\BASICOCR\GSL\SRC\GSL\1.8\GSL-1.8\VC8\LIBGSL\X64\RELEASE-DLL\TEST_HERK.OBJ
E:\DEV\BASICOCR\GSL\SRC\GSL\1.8\GSL-1.8\VC8\LIBGSL\X64\RELEASE-DLL\TEST_HER2K.OBJ
E:\DEV\BASICOCR\GSL\SRC\GSL\1.8\GSL-1.8\VC8\LIBGSL\X64\RELEASE-DLL\TEST_HER2.OBJ
E:\DEV\BASICOCR\GSL\SRC\GSL\1.8\GSL-1.8\VC8\LIBGSL\X64\RELEASE-DLL\TEST_HER.OBJ
E:\DEV\BASICOCR\GSL\SRC\GSL\1.8\GSL-1.8\VC8\LIBGSL\X64\RELEASE-DLL\TEST_HEMV.OBJ
E:\DEV\BASICOCR\GSL\SRC\GSL\1.8\GSL-1.8\VC8\LIBGSL\X64\RELEASE-DLL\TEST_HEMM.OBJ
E:\DEV\BASICOCR\GSL\SRC\GSL\1.8\GSL-1.8\VC8\LIBGSL\X64\RELEASE-DLL\TEST_HBMV.OBJ
E:\DEV\BASICOCR\GSL\SRC\GSL\1.8\GSL-1.8\VC8\LIBGSL\X64\RELEASE-DLL\TEST_GER.OBJ
E:\DEV\BASICOCR\GSL\SRC\GSL\1.8\GSL-1.8\VC8\LIBGSL\X64\RELEASE-DLL\TEST_GEMV.OBJ
E:\DEV\BASICOCR\GSL\SRC\GSL\1.8\GSL-1.8\VC8\LIBGSL\X64\RELEASE-DLL\TEST_GEMM.OBJ
E:\DEV\BASICOCR\GSL\SRC\GSL\1.8\GSL-1.8\VC8\LIBGSL\X64\RELEASE-DLL\TEST_GBMV.OBJ
E:\DEV\BASICOCR\GSL\SRC\GSL\1.8\GSL-1.8\VC8\LIBGSL\X64\RELEASE-DLL\ZAXPY.OBJ
E:\DEV\BASICOCR\GSL\SRC\GSL\1.8\GSL-1.8\VC8\LIBGSL\X64\RELEASE-DLL\XERBLA.OBJ
E:\DEV\BASICOCR\GSL\SRC\GSL\1.8\GSL-1.8\VC8\LIBGSL\X64\RELEASE-DLL\TEST_TRSV.OBJ
E:\DEV\BASICOCR\GSL\SRC\GSL\1.8\GSL-1.8\VC8\LIBGSL\X64\RELEASE-DLL\TEST_TRSM.OBJ
E:\DEV\BASICOCR\GSL\SRC\GSL\1.8\GSL-1.8\VC8\LIBGSL\X64\RELEASE-DLL\TEST_TRMV.OBJ
E:\DEV\BASICOCR\GSL\SRC\GSL\1.8\GSL-1.8\VC8\LIBGSL\X64\RELEASE-DLL\TEST_TRMM.OBJ
E:\DEV\BASICOCR\GSL\SRC\GSL\1.8\GSL-1.8\VC8\LIBGSL\X64\RELEASE-DLL\TEST_TPSV.OBJ
E:\DEV\BASICOCR\GSL\SRC\GSL\1.8\GSL-1.8\VC8\LIBGSL\X64\RELEASE-DLL\TEST_TPMV.OBJ
E:\DEV\BASICOCR\GSL\SRC\GSL\1.8\GSL-1.8\VC8\LIBGSL\X64\RELEASE-DLL\TEST_TBSV.OBJ
E:\DEV\BASICOCR\GSL\SRC\GSL\1.8\GSL-1.8\VC8\LIBGSL\X64\RELEASE-DLL\TEST_TBMV.OBJ
E:\DEV\BASICOCR\GSL\SRC\GSL\1.8\GSL-1.8\VC8\LIBGSL\X64\RELEASE-DLL\TEST_SYRK.OBJ
E:\DEV\BASICOCR\GSL\SRC\GSL\1.8\GSL-1.8\VC8\LIBGSL\X64\RELEASE-DLL\TEST_SYR2K.OBJ
E:\DEV\BASICOCR\GSL\SRC\GSL\1.8\GSL-1.8\VC8\LIBGSL\X64\RELEASE-DLL\TEST_SYR2.OBJ
E:\DEV\BASICOCR\GSL\SRC\GSL\1.8\GSL-1.8\VC8\LIBGSL\X64\RELEASE-DLL\TEST_SYR.OBJ
E:\DEV\BASICOCR\GSL\SRC\GSL\1.8\GSL-1.8\VC8\LIBGSL\X64\RELEASE-DLL\TEST_SYMV.OBJ
E:\DEV\BASICOCR\GSL\SRC\GSL\1.8\GSL-1.8\VC8\LIBGSL\X64\RELEASE-DLL\TEST_SYMM.OBJ
E:\DEV\BASICOCR\GSL\SRC\GSL\1.8\GSL-1.8\VC8\LIBGSL\X64\RELEASE-DLL\TEST_SWAP.OBJ
E:\DEV\BASICOCR\GSL\SRC\GSL\1.8\GSL-1.8\VC8\LIBGSL\X64\RELEASE-DLL\TEST_SPR2.OBJ
E:\DEV\BASICOCR\GSL\SRC\GSL\1.8\GSL-1.8\VC8\LIBGSL\X64\RELEASE-DLL\TEST_SPR.OBJ
E:\DEV\BASICOCR\GSL\SRC\GSL\1.8\GSL-1.8\VC8\LIBGSL\X64\RELEASE-DLL\TEST_SPMV.OBJ
E:\DEV\BASICOCR\GSL\SRC\GSL\1.8\GSL-1.8\VC8\LIBGSL\X64\RELEASE-DLL\ZSCAL.OBJ
E:\DEV\BASICOCR\GSL\SRC\GSL\1.8\GSL-1.8\VC8\LIBGSL\X64\RELEASE-DLL\ZHPR2.OBJ
E:\DEV\BASICOCR\GSL\SRC\GSL\1.8\GSL-1.8\VC8\LIBGSL\X64\RELEASE-DLL\ZHPR.OBJ
E:\DEV\BASICOCR\GSL\SRC\GSL\1.8\GSL-1.8\VC8\LIBGSL\X64\RELEASE-DLL\ZHPMV.OBJ
E:\DEV\BASICOCR\GSL\SRC\GSL\1.8\GSL-1.8\VC8\LIBGSL\X64\RELEASE-DLL\ZHERK.OBJ
E:\DEV\BASICOCR\GSL\SRC\GSL\1.8\GSL-1.8\VC8\LIBGSL\X64\RELEASE-DLL\ZHER2K.OBJ
E:\DEV\BASICOCR\GSL\SRC\GSL\1.8\GSL-1.8\VC8\LIBGSL\X64\RELEASE-DLL\ZHER2.OBJ
E:\DEV\BASICOCR\GSL\SRC\GSL\1.8\GSL-1.8\VC8\LIBGSL\X64\RELEASE-DLL\ZHER.OBJ
E:\DEV\BASICOCR\GSL\SRC\GSL\1.8\GSL-1.8\VC8\LIBGSL\X64\RELEASE-DLL\ZHEMV.OBJ
E:\DEV\BASICOCR\GSL\SRC\GSL\1.8\GSL-1.8\VC8\LIBGSL\X64\RELEASE-DLL\ZHEMM.OBJ
E:\DEV\BASICOCR\GSL\SRC\GSL\1.8\GSL-1.8\VC8\LIBGSL\X64\RELEASE-DLL\ZHBMV.OBJ
E:\DEV\BASICOCR\GSL\SRC\GSL\1.8\GSL-1.8\VC8\LIBGSL\X64\RELEASE-DLL\ZGERU.OBJ
E:\DEV\BASICOCR\GSL\SRC\GSL\1.8\GSL-1.8\VC8\LIBGSL\X64\RELEASE-DLL\ZGERC.OBJ
E:\DEV\BASICOCR\GSL\SRC\GSL\1.8\GSL-1.8\VC8\LIBGSL\X64\RELEASE-DLL\ZGEMV.OBJ
E:\DEV\BASICOCR\GSL\SRC\GSL\1.8\GSL-1.8\VC8\LIBGSL\X64\RELEASE-DLL\ZGEMM.OBJ
E:\DEV\BASICOCR\GSL\SRC\GSL\1.8\GSL-1.8\VC8\LIBGSL\X64\RELEASE-DLL\ZGBMV.OBJ
E:\DEV\BASICOCR\GSL\SRC\GSL\1.8\GSL-1.8\VC8\LIBGSL\X64\RELEASE-DLL\ZDSCAL.OBJ
E:\DEV\BASICOCR\GSL\SRC\GSL\1.8\GSL-1.8\VC8\LIBGSL\X64\RELEASE-DLL\ZDOTU_SUB.OBJ
E:\DEV\BASICOCR\GSL\SRC\GSL\1.8\GSL-1.8\VC8\LIBGSL\X64\RELEASE-DLL\ZDOTC_SUB.OBJ
E:\DEV\BASICOCR\GSL\SRC\GSL\1.8\GSL-1.8\VC8\LIBGSL\X64\RELEASE-DLL\ZCOPY.OBJ
E:\DEV\BASICOCR\GSL\SRC\GSL\1.8\GSL-1.8\VC8\LIBGSL\X64\RELEASE-DLL\EXPONENTIALINV.OBJ
E:\DEV\BASICOCR\GSL\SRC\GSL\1.8\GSL-1.8\VC8\LIBGSL\X64\RELEASE-DLL\EXPONENTIAL.OBJ
E:\DEV\BASICOCR\GSL\SRC\GSL\1.8\GSL-1.8\VC8\LIBGSL\X64\RELEASE-DLL\CHISQINV.OBJ
E:\DEV\BASICOCR\GSL\SRC\GSL\1.8\GSL-1.8\VC8\LIBGSL\X64\RELEASE-DLL\CHISQ.OBJ
E:\DEV\BASICOCR\GSL\SRC\GSL\1.8\GSL-1.8\VC8\LIBGSL\X64\RELEASE-DLL\CAUCHYINV.OBJ
E:\DEV\BASICOCR\GSL\SRC\GSL\1.8\GSL-1.8\VC8\LIBGSL\X64\RELEASE-DLL\CAUCHY.OBJ
E:\DEV\BASICOCR\GSL\SRC\GSL\1.8\GSL-1.8\VC8\LIBGSL\X64\RELEASE-DLL\BETAINV.OBJ
E:\DEV\BASICOCR\GSL\SRC\GSL\1.8\GSL-1.8\VC8\LIBGSL\X64\RELEASE-DLL\BETA.OBJ
E:\DEV\BASICOCR\GSL\SRC\GSL\1.8\GSL-1.8\VC8\LIBGSL\X64\RELEASE-DLL\ZTRSV.OBJ
E:\DEV\BASICOCR\GSL\SRC\GSL\1.8\GSL-1.8\VC8\LIBGSL\X64\RELEASE-DLL\ZTRSM.OBJ
E:\DEV\BASICOCR\GSL\SRC\GSL\1.8\GSL-1.8\VC8\LIBGSL\X64\RELEASE-DLL\ZTRMV.OBJ
E:\DEV\BASICOCR\GSL\SRC\GSL\1.8\GSL-1.8\VC8\LIBGSL\X64\RELEASE-DLL\ZTRMM.OBJ
E:\DEV\BASICOCR\GSL\SRC\GSL\1.8\GSL-1.8\VC8\LIBGSL\X64\RELEASE-DLL\ZTPSV.OBJ
E:\DEV\BASICOCR\GSL\SRC\GSL\1.8\GSL-1.8\VC8\LIBGSL\X64\RELEASE-DLL\ZTPMV.OBJ
E:\DEV\BASICOCR\GSL\SRC\GSL\1.8\GSL-1.8\VC8\LIBGSL\X64\RELEASE-DLL\ZTBSV.OBJ
E:\DEV\BASICOCR\GSL\SRC\GSL\1.8\GSL-1.8\VC8\LIBGSL\X64\RELEASE-DLL\ZTBMV.OBJ
E:\DEV\BASICOCR\GSL\SRC\GSL\1.8\GSL-1.8\VC8\LIBGSL\X64\RELEASE-DLL\ZSYRK.OBJ
E:\DEV\BASICOCR\GSL\SRC\GSL\1.8\GSL-1.8\VC8\LIBGSL\X64\RELEASE-DLL\ZSYR2K.OBJ
E:\DEV\BASICOCR\GSL\SRC\GSL\1.8\GSL-1.8\VC8\LIBGSL\X64\RELEASE-DLL\ZSYMM.OBJ
E:\DEV\BASICOCR\GSL\SRC\GSL\1.8\GSL-1.8\VC8\LIBGSL\X64\RELEASE-DLL\ZSWAP.OBJ
E:\DEV\BASICOCR\GSL\SRC\GSL\1.8\GSL-1.8\VC8\LIBGSL\X64\RELEASE-DLL\LOGNORMALINV.OBJ
E:\DEV\BASICOCR\GSL\SRC\GSL\1.8\GSL-1.8\VC8\LIBGSL\X64\RELEASE-DLL\LOGNORMAL.OBJ
E:\DEV\BASICOCR\GSL\SRC\GSL\1.8\GSL-1.8\VC8\LIBGSL\X64\RELEASE-DLL\LOGISTICINV.OBJ
E:\DEV\BASICOCR\GSL\SRC\GSL\1.8\GSL-1.8\VC8\LIBGSL\X64\RELEASE-DLL\LOGISTIC.OBJ
E:\DEV\BASICOCR\GSL\SRC\GSL\1.8\GSL-1.8\VC8\LIBGSL\X64\RELEASE-DLL\LAPLACEINV.OBJ
E:\DEV\BASICOCR\GSL\SRC\GSL\1.8\GSL-1.8\VC8\LIBGSL\X64\RELEASE-DLL\LAPLACE.OBJ
E:\DEV\BASICOCR\GSL\SRC\GSL\1.8\GSL-1.8\VC8\LIBGSL\X64\RELEASE-DLL\HYPERGEOMETRIC.OBJ
E:\DEV\BASICOCR\GSL\SRC\GSL\1.8\GSL-1.8\VC8\LIBGSL\X64\RELEASE-DLL\GUMBEL2INV.OBJ
E:\DEV\BASICOCR\GSL\SRC\GSL\1.8\GSL-1.8\VC8\LIBGSL\X64\RELEASE-DLL\GUMBEL2.OBJ
E:\DEV\BASICOCR\GSL\SRC\GSL\1.8\GSL-1.8\VC8\LIBGSL\X64\RELEASE-DLL\GUMBEL1INV.OBJ
E:\DEV\BASICOCR\GSL\SRC\GSL\1.8\GSL-1.8\VC8\LIBGSL\X64\RELEASE-DLL\GUMBEL1.OBJ
E:\DEV\BASICOCR\GSL\SRC\GSL\1.8\GSL-1.8\VC8\LIBGSL\X64\RELEASE-DLL\GAUSSINV.OBJ
E:\DEV\BASICOCR\GSL\SRC\GSL\1.8\GSL-1.8\VC8\LIBGSL\X64\RELEASE-DLL\GAUSS.OBJ
E:\DEV\BASICOCR\GSL\SRC\GSL\1.8\GSL-1.8\VC8\LIBGSL\X64\RELEASE-DLL\GAMMAINV.OBJ
E:\DEV\BASICOCR\GSL\SRC\GSL\1.8\GSL-1.8\VC8\LIBGSL\X64\RELEASE-DLL\GAMMA.OBJ
E:\DEV\BASICOCR\GSL\SRC\GSL\1.8\GSL-1.8\VC8\LIBGSL\X64\RELEASE-DLL\FLATINV.OBJ
E:\DEV\BASICOCR\GSL\SRC\GSL\1.8\GSL-1.8\VC8\LIBGSL\X64\RELEASE-DLL\FLAT.OBJ
E:\DEV\BASICOCR\GSL\SRC\GSL\1.8\GSL-1.8\VC8\LIBGSL\X64\RELEASE-DLL\FDISTINV.OBJ
E:\DEV\BASICOCR\GSL\SRC\GSL\1.8\GSL-1.8\VC8\LIBGSL\X64\RELEASE-DLL\FDIST.OBJ
E:\DEV\BASICOCR\GSL\SRC\GSL\1.8\GSL-1.8\VC8\LIBGSL\X64\RELEASE-DLL\EXPPOW.OBJ
E:\DEV\BASICOCR\GSL\SRC\GSL\1.8\GSL-1.8\VC8\LIBGSL\X64\RELEASE-DLL\SYMM.OBJ
E:\DEV\BASICOCR\GSL\SRC\GSL\1.8\GSL-1.8\VC8\LIBGSL\X64\RELEASE-DLL\SORT.OBJ
E:\DEV\BASICOCR\GSL\SRC\GSL\1.8\GSL-1.8\VC8\LIBGSL\X64\RELEASE-DLL\JACOBI.OBJ
E:\DEV\BASICOCR\GSL\SRC\GSL\1.8\GSL-1.8\VC8\LIBGSL\X64\RELEASE-DLL\HERMV.OBJ
E:\DEV\BASICOCR\GSL\SRC\GSL\1.8\GSL-1.8\VC8\LIBGSL\X64\RELEASE-DLL\HERM.OBJ
E:\DEV\BASICOCR\GSL\SRC\GSL\1.8\GSL-1.8\VC8\LIBGSL\X64\RELEASE-DLL\DIFF.OBJ
E:\DEV\BASICOCR\GSL\SRC\GSL\1.8\GSL-1.8\VC8\LIBGSL\X64\RELEASE-DLL\DHT.OBJ
E:\DEV\BASICOCR\GSL\SRC\GSL\1.8\GSL-1.8\VC8\LIBGSL\X64\RELEASE-DLL\MATH.OBJ
E:\DEV\BASICOCR\GSL\SRC\GSL\1.8\GSL-1.8\VC8\LIBGSL\X64\RELEASE-DLL\COMBINATION.OBJ
E:\DEV\BASICOCR\GSL\SRC\GSL\1.8\GSL-1.8\VC8\LIBGSL\X64\RELEASE-DLL\INTEG.OBJ
E:\DEV\BASICOCR\GSL\SRC\GSL\1.8\GSL-1.8\VC8\LIBGSL\X64\RELEASE-DLL\EVAL.OBJ
E:\DEV\BASICOCR\GSL\SRC\GSL\1.8\GSL-1.8\VC8\LIBGSL\X64\RELEASE-DLL\DERIV.OBJ
E:\DEV\BASICOCR\GSL\SRC\GSL\1.8\GSL-1.8\VC8\LIBGSL\X64\RELEASE-DLL\WEIBULLINV.OBJ
E:\DEV\BASICOCR\GSL\SRC\GSL\1.8\GSL-1.8\VC8\LIBGSL\X64\RELEASE-DLL\WEIBULL.OBJ
E:\DEV\BASICOCR\GSL\SRC\GSL\1.8\GSL-1.8\VC8\LIBGSL\X64\RELEASE-DLL\TDISTINV.OBJ
E:\DEV\BASICOCR\GSL\SRC\GSL\1.8\GSL-1.8\VC8\LIBGSL\X64\RELEASE-DLL\TDIST.OBJ
E:\DEV\BASICOCR\GSL\SRC\GSL\1.8\GSL-1.8\VC8\LIBGSL\X64\RELEASE-DLL\RAYLEIGHINV.OBJ
E:\DEV\BASICOCR\GSL\SRC\GSL\1.8\GSL-1.8\VC8\LIBGSL\X64\RELEASE-DLL\RAYLEIGH.OBJ
E:\DEV\BASICOCR\GSL\SRC\GSL\1.8\GSL-1.8\VC8\LIBGSL\X64\RELEASE-DLL\PARETOINV.OBJ
E:\DEV\BASICOCR\GSL\SRC\GSL\1.8\GSL-1.8\VC8\LIBGSL\X64\RELEASE-DLL\PARETO.OBJ
E:\DEV\BASICOCR\GSL\SRC\GSL\1.8\GSL-1.8\VC8\LIBGSL\X64\RELEASE-DLL\MAXVAL2D.OBJ
E:\DEV\BASICOCR\GSL\SRC\GSL\1.8\GSL-1.8\VC8\LIBGSL\X64\RELEASE-DLL\MAXVAL.OBJ
E:\DEV\BASICOCR\GSL\SRC\GSL\1.8\GSL-1.8\VC8\LIBGSL\X64\RELEASE-DLL\INIT2D.OBJ
E:\DEV\BASICOCR\GSL\SRC\GSL\1.8\GSL-1.8\VC8\LIBGSL\X64\RELEASE-DLL\GET2D.OBJ
E:\DEV\BASICOCR\GSL\SRC\GSL\1.8\GSL-1.8\VC8\LIBGSL\X64\RELEASE-DLL\GET.OBJ
E:\DEV\BASICOCR\GSL\SRC\GSL\1.8\GSL-1.8\VC8\LIBGSL\X64\RELEASE-DLL\FILE2D.OBJ
E:\DEV\BASICOCR\GSL\SRC\GSL\1.8\GSL-1.8\VC8\LIBGSL\X64\RELEASE-DLL\COPY2D.OBJ
E:\DEV\BASICOCR\GSL\SRC\GSL\1.8\GSL-1.8\VC8\LIBGSL\X64\RELEASE-DLL\COPY.OBJ
E:\DEV\BASICOCR\GSL\SRC\GSL\1.8\GSL-1.8\VC8\LIBGSL\X64\RELEASE-DLL\CALLOC_RANGE2D.OBJ
E:\DEV\BASICOCR\GSL\SRC\GSL\1.8\GSL-1.8\VC8\LIBGSL\X64\RELEASE-DLL\CALLOC_RANGE.OBJ
E:\DEV\BASICOCR\GSL\SRC\GSL\1.8\GSL-1.8\VC8\LIBGSL\X64\RELEASE-DLL\ADD2D.OBJ
E:\DEV\BASICOCR\GSL\SRC\GSL\1.8\GSL-1.8\VC8\LIBGSL\X64\RELEASE-DLL\ADD.OBJ
E:\DEV\BASICOCR\GSL\SRC\GSL\1.8\GSL-1.8\VC8\LIBGSL\X64\RELEASE-DLL\LINEAR.OBJ
E:\DEV\BASICOCR\GSL\SRC\GSL\1.8\GSL-1.8\VC8\LIBGSL\X64\RELEASE-DLL\FFT.OBJ
E:\DEV\BASICOCR\GSL\SRC\GSL\1.8\GSL-1.8\VC8\LIBGSL\X64\RELEASE-DLL\DFT.OBJ
E:\DEV\BASICOCR\GSL\SRC\GSL\1.8\GSL-1.8\VC8\LIBGSL\X64\RELEASE-DLL\STRERROR.OBJ
E:\DEV\BASICOCR\GSL\SRC\GSL\1.8\GSL-1.8\VC8\LIBGSL\X64\RELEASE-DLL\STREAM.OBJ
E:\DEV\BASICOCR\GSL\SRC\GSL\1.8\GSL-1.8\VC8\LIBGSL\X64\RELEASE-DLL\MESSAGE.OBJ
E:\DEV\BASICOCR\GSL\SRC\GSL\1.8\GSL-1.8\VC8\LIBGSL\X64\RELEASE-DLL\ERROR.OBJ
E:\DEV\BASICOCR\GSL\SRC\GSL\1.8\GSL-1.8\VC8\LIBGSL\X64\RELEASE-DLL\SYMMV.OBJ
E:\DEV\BASICOCR\GSL\SRC\GSL\1.8\GSL-1.8\VC8\LIBGSL\X64\RELEASE-DLL\QAWF.OBJ
E:\DEV\BASICOCR\GSL\SRC\GSL\1.8\GSL-1.8\VC8\LIBGSL\X64\RELEASE-DLL\QAWC.OBJ
E:\DEV\BASICOCR\GSL\SRC\GSL\1.8\GSL-1.8\VC8\LIBGSL\X64\RELEASE-DLL\QAGS.OBJ
E:\DEV\BASICOCR\GSL\SRC\GSL\1.8\GSL-1.8\VC8\LIBGSL\X64\RELEASE-DLL\QAGP.OBJ
E:\DEV\BASICOCR\GSL\SRC\GSL\1.8\GSL-1.8\VC8\LIBGSL\X64\RELEASE-DLL\QAG.OBJ
E:\DEV\BASICOCR\GSL\SRC\GSL\1.8\GSL-1.8\VC8\LIBGSL\X64\RELEASE-DLL\READ.OBJ
E:\DEV\BASICOCR\GSL\SRC\GSL\1.8\GSL-1.8\VC8\LIBGSL\X64\RELEASE-DLL\PRINT.OBJ
E:\DEV\BASICOCR\GSL\SRC\GSL\1.8\GSL-1.8\VC8\LIBGSL\X64\RELEASE-DLL\MAKE_REP.OBJ
E:\DEV\BASICOCR\GSL\SRC\GSL\1.8\GSL-1.8\VC8\LIBGSL\X64\RELEASE-DLL\FP.OBJ
E:\DEV\BASICOCR\GSL\SRC\GSL\1.8\GSL-1.8\VC8\LIBGSL\X64\RELEASE-DLL\ENV.OBJ
E:\DEV\BASICOCR\GSL\SRC\GSL\1.8\GSL-1.8\VC8\LIBGSL\X64\RELEASE-DLL\STAT2D.OBJ
E:\DEV\BASICOCR\GSL\SRC\GSL\1.8\GSL-1.8\VC8\LIBGSL\X64\RELEASE-DLL\STAT.OBJ
E:\DEV\BASICOCR\GSL\SRC\GSL\1.8\GSL-1.8\VC8\LIBGSL\X64\RELEASE-DLL\RESET2D.OBJ
E:\DEV\BASICOCR\GSL\SRC\GSL\1.8\GSL-1.8\VC8\LIBGSL\X64\RELEASE-DLL\RESET.OBJ
E:\DEV\BASICOCR\GSL\SRC\GSL\1.8\GSL-1.8\VC8\LIBGSL\X64\RELEASE-DLL\PDF2D.OBJ
E:\DEV\BASICOCR\GSL\SRC\GSL\1.8\GSL-1.8\VC8\LIBGSL\X64\RELEASE-DLL\PDF.OBJ
E:\DEV\BASICOCR\GSL\SRC\GSL\1.8\GSL-1.8\VC8\LIBGSL\X64\RELEASE-DLL\PARAMS2D.OBJ
E:\DEV\BASICOCR\GSL\SRC\GSL\1.8\GSL-1.8\VC8\LIBGSL\X64\RELEASE-DLL\PARAMS.OBJ
E:\DEV\BASICOCR\GSL\SRC\GSL\1.8\GSL-1.8\VC8\LIBGSL\X64\RELEASE-DLL\OPER2D.OBJ
E:\DEV\BASICOCR\GSL\SRC\GSL\1.8\GSL-1.8\VC8\LIBGSL\X64\RELEASE-DLL\OPER.OBJ
E:\DEV\BASICOCR\GSL\SRC\GSL\1.8\GSL-1.8\VC8\LIBGSL\X64\RELEASE-DLL\POLY.OBJ
E:\DEV\BASICOCR\GSL\SRC\GSL\1.8\GSL-1.8\VC8\LIBGSL\X64\RELEASE-DLL\INTERP.OBJ
E:\DEV\BASICOCR\GSL\SRC\GSL\1.8\GSL-1.8\VC8\LIBGSL\X64\RELEASE-DLL\CSPLINE.OBJ
E:\DEV\BASICOCR\GSL\SRC\GSL\1.8\GSL-1.8\VC8\LIBGSL\X64\RELEASE-DLL\BSEARCH.OBJ
E:\DEV\BASICOCR\GSL\SRC\GSL\1.8\GSL-1.8\VC8\LIBGSL\X64\RELEASE-DLL\AKIMA.OBJ
E:\DEV\BASICOCR\GSL\SRC\GSL\1.8\GSL-1.8\VC8\LIBGSL\X64\RELEASE-DLL\ACCEL.OBJ
E:\DEV\BASICOCR\GSL\SRC\GSL\1.8\GSL-1.8\VC8\LIBGSL\X64\RELEASE-DLL\WORKSPACE.OBJ
E:\DEV\BASICOCR\GSL\SRC\GSL\1.8\GSL-1.8\VC8\LIBGSL\X64\RELEASE-DLL\QNG.OBJ
E:\DEV\BASICOCR\GSL\SRC\GSL\1.8\GSL-1.8\VC8\LIBGSL\X64\RELEASE-DLL\QMOMOF.OBJ
E:\DEV\BASICOCR\GSL\SRC\GSL\1.8\GSL-1.8\VC8\LIBGSL\X64\RELEASE-DLL\QMOMO.OBJ
E:\DEV\BASICOCR\GSL\SRC\GSL\1.8\GSL-1.8\VC8\LIBGSL\X64\RELEASE-DLL\QK61.OBJ
E:\DEV\BASICOCR\GSL\SRC\GSL\1.8\GSL-1.8\VC8\LIBGSL\X64\RELEASE-DLL\QK51.OBJ
E:\DEV\BASICOCR\GSL\SRC\GSL\1.8\GSL-1.8\VC8\LIBGSL\X64\RELEASE-DLL\QK41.OBJ
E:\DEV\BASICOCR\GSL\SRC\GSL\1.8\GSL-1.8\VC8\LIBGSL\X64\RELEASE-DLL\QK31.OBJ
E:\DEV\BASICOCR\GSL\SRC\GSL\1.8\GSL-1.8\VC8\LIBGSL\X64\RELEASE-DLL\QK21.OBJ
E:\DEV\BASICOCR\GSL\SRC\GSL\1.8\GSL-1.8\VC8\LIBGSL\X64\RELEASE-DLL\QK15.OBJ
E:\DEV\BASICOCR\GSL\SRC\GSL\1.8\GSL-1.8\VC8\LIBGSL\X64\RELEASE-DLL\QK.OBJ
E:\DEV\BASICOCR\GSL\SRC\GSL\1.8\GSL-1.8\VC8\LIBGSL\X64\RELEASE-DLL\QCHEB.OBJ
E:\DEV\BASICOCR\GSL\SRC\GSL\1.8\GSL-1.8\VC8\LIBGSL\X64\RELEASE-DLL\QAWS.OBJ
E:\DEV\BASICOCR\GSL\SRC\GSL\1.8\GSL-1.8\VC8\LIBGSL\X64\RELEASE-DLL\QAWO.OBJ
E:\DEV\BASICOCR\GSL\SRC\GSL\1.8\GSL-1.8\VC8\LIBGSL\X64\RELEASE-DLL\MATRIX.OBJ
E:\DEV\BASICOCR\GSL\SRC\GSL\1.8\GSL-1.8\VC8\LIBGSL\X64\RELEASE-DLL\GETSET.OBJ
E:\DEV\BASICOCR\GSL\SRC\GSL\1.8\GSL-1.8\VC8\LIBGSL\X64\RELEASE-DLL\TRIDIAG.OBJ
E:\DEV\BASICOCR\GSL\SRC\GSL\1.8\GSL-1.8\VC8\LIBGSL\X64\RELEASE-DLL\SYMMTD.OBJ
E:\DEV\BASICOCR\GSL\SRC\GSL\1.8\GSL-1.8\VC8\LIBGSL\X64\RELEASE-DLL\SVD.OBJ
E:\DEV\BASICOCR\GSL\SRC\GSL\1.8\GSL-1.8\VC8\LIBGSL\X64\RELEASE-DLL\QRPT.OBJ
E:\DEV\BASICOCR\GSL\SRC\GSL\1.8\GSL-1.8\VC8\LIBGSL\X64\RELEASE-DLL\QR.OBJ
E:\DEV\BASICOCR\GSL\SRC\GSL\1.8\GSL-1.8\VC8\LIBGSL\X64\RELEASE-DLL\PTLQ.OBJ
E:\DEV\BASICOCR\GSL\SRC\GSL\1.8\GSL-1.8\VC8\LIBGSL\X64\RELEASE-DLL\MULTIPLY.OBJ
E:\DEV\BASICOCR\GSL\SRC\GSL\1.8\GSL-1.8\VC8\LIBGSL\X64\RELEASE-DLL\LUC.OBJ
E:\DEV\BASICOCR\GSL\SRC\GSL\1.8\GSL-1.8\VC8\LIBGSL\X64\RELEASE-DLL\LU.OBJ
E:\DEV\BASICOCR\GSL\SRC\GSL\1.8\GSL-1.8\VC8\LIBGSL\X64\RELEASE-DLL\LQ.OBJ
E:\DEV\BASICOCR\GSL\SRC\GSL\1.8\GSL-1.8\VC8\LIBGSL\X64\RELEASE-DLL\HOUSEHOLDERCOMPLEX.OBJ
E:\DEV\BASICOCR\GSL\SRC\GSL\1.8\GSL-1.8\VC8\LIBGSL\X64\RELEASE-DLL\HOUSEHOLDER.OBJ
E:\DEV\BASICOCR\GSL\SRC\GSL\1.8\GSL-1.8\VC8\LIBGSL\X64\RELEASE-DLL\HH.OBJ
E:\DEV\BASICOCR\GSL\SRC\GSL\1.8\GSL-1.8\VC8\LIBGSL\X64\RELEASE-DLL\HERMTD.OBJ
E:\DEV\BASICOCR\GSL\SRC\GSL\1.8\GSL-1.8\VC8\LIBGSL\X64\RELEASE-DLL\CHOLESKY.OBJ
E:\DEV\BASICOCR\GSL\SRC\GSL\1.8\GSL-1.8\VC8\LIBGSL\X64\RELEASE-DLL\BIDIAG.OBJ
E:\DEV\BASICOCR\GSL\SRC\GSL\1.8\GSL-1.8\VC8\LIBGSL\X64\RELEASE-DLL\BALANCE.OBJ
E:\DEV\BASICOCR\GSL\SRC\GSL\1.8\GSL-1.8\VC8\LIBGSL\X64\RELEASE-DLL\SPLINE.OBJ
E:\DEV\BASICOCR\GSL\SRC\GSL\1.8\GSL-1.8\VC8\LIBGSL\X64\RELEASE-DLL\CONJUGATE_FR.OBJ
E:\DEV\BASICOCR\GSL\SRC\GSL\1.8\GSL-1.8\VC8\LIBGSL\X64\RELEASE-DLL\WORK.OBJ
E:\DEV\BASICOCR\GSL\SRC\GSL\1.8\GSL-1.8\VC8\LIBGSL\X64\RELEASE-DLL\MULTILINEAR.OBJ
E:\DEV\BASICOCR\GSL\SRC\GSL\1.8\GSL-1.8\VC8\LIBGSL\X64\RELEASE-DLL\LMDER.OBJ
E:\DEV\BASICOCR\GSL\SRC\GSL\1.8\GSL-1.8\VC8\LIBGSL\X64\RELEASE-DLL\GRADIENT.OBJ
E:\DEV\BASICOCR\GSL\SRC\GSL\1.8\GSL-1.8\VC8\LIBGSL\X64\RELEASE-DLL\FDFSOLVER.OBJ
E:\DEV\BASICOCR\GSL\SRC\GSL\1.8\GSL-1.8\VC8\LIBGSL\X64\RELEASE-DLL\COVAR.OBJ
E:\DEV\BASICOCR\GSL\SRC\GSL\1.8\GSL-1.8\VC8\LIBGSL\X64\RELEASE-DLL\VEGAS.OBJ
E:\DEV\BASICOCR\GSL\SRC\GSL\1.8\GSL-1.8\VC8\LIBGSL\X64\RELEASE-DLL\PLAIN.OBJ
E:\DEV\BASICOCR\GSL\SRC\GSL\1.8\GSL-1.8\VC8\LIBGSL\X64\RELEASE-DLL\MISER.OBJ
E:\DEV\BASICOCR\GSL\SRC\GSL\1.8\GSL-1.8\VC8\LIBGSL\X64\RELEASE-DLL\GOLDEN.OBJ
E:\DEV\BASICOCR\GSL\SRC\GSL\1.8\GSL-1.8\VC8\LIBGSL\X64\RELEASE-DLL\FSOLVER.OBJ
E:\DEV\BASICOCR\GSL\SRC\GSL\1.8\GSL-1.8\VC8\LIBGSL\X64\RELEASE-DLL\CONVERGENCE.OBJ
E:\DEV\BASICOCR\GSL\SRC\GSL\1.8\GSL-1.8\VC8\LIBGSL\X64\RELEASE-DLL\BRENT.OBJ
E:\DEV\BASICOCR\GSL\SRC\GSL\1.8\GSL-1.8\VC8\LIBGSL\X64\RELEASE-DLL\BRACKETING.OBJ
E:\DEV\BASICOCR\GSL\SRC\GSL\1.8\GSL-1.8\VC8\LIBGSL\X64\RELEASE-DLL\VIEW.OBJ
E:\DEV\BASICOCR\GSL\SRC\GSL\1.8\GSL-1.8\VC8\LIBGSL\X64\RELEASE-DLL\SWAP.OBJ
E:\DEV\BASICOCR\GSL\SRC\GSL\1.8\GSL-1.8\VC8\LIBGSL\X64\RELEASE-DLL\SUBMATRIX.OBJ
E:\DEV\BASICOCR\GSL\SRC\GSL\1.8\GSL-1.8\VC8\LIBGSL\X64\RELEASE-DLL\ROWCOL.OBJ
E:\DEV\BASICOCR\GSL\SRC\GSL\1.8\GSL-1.8\VC8\LIBGSL\X64\RELEASE-DLL\PROP.OBJ
E:\DEV\BASICOCR\GSL\SRC\GSL\1.8\GSL-1.8\VC8\LIBGSL\X64\RELEASE-DLL\GEAR1.OBJ
E:\DEV\BASICOCR\GSL\SRC\GSL\1.8\GSL-1.8\VC8\LIBGSL\X64\RELEASE-DLL\EVOLVE.OBJ
E:\DEV\BASICOCR\GSL\SRC\GSL\1.8\GSL-1.8\VC8\LIBGSL\X64\RELEASE-DLL\CSTD.OBJ
E:\DEV\BASICOCR\GSL\SRC\GSL\1.8\GSL-1.8\VC8\LIBGSL\X64\RELEASE-DLL\CONTROL.OBJ
E:\DEV\BASICOCR\GSL\SRC\GSL\1.8\GSL-1.8\VC8\LIBGSL\X64\RELEASE-DLL\BSIMP.OBJ
E:\DEV\BASICOCR\GSL\SRC\GSL\1.8\GSL-1.8\VC8\LIBGSL\X64\RELEASE-DLL\NTUPLE.OBJ
E:\DEV\BASICOCR\GSL\SRC\GSL\1.8\GSL-1.8\VC8\LIBGSL\X64\RELEASE-DLL\NEWTON.OBJ
E:\DEV\BASICOCR\GSL\SRC\GSL\1.8\GSL-1.8\VC8\LIBGSL\X64\RELEASE-DLL\HYBRIDJ.OBJ
E:\DEV\BASICOCR\GSL\SRC\GSL\1.8\GSL-1.8\VC8\LIBGSL\X64\RELEASE-DLL\HYBRID.OBJ
E:\DEV\BASICOCR\GSL\SRC\GSL\1.8\GSL-1.8\VC8\LIBGSL\X64\RELEASE-DLL\GNEWTON.OBJ
E:\DEV\BASICOCR\GSL\SRC\GSL\1.8\GSL-1.8\VC8\LIBGSL\X64\RELEASE-DLL\FDJAC.OBJ
E:\DEV\BASICOCR\GSL\SRC\GSL\1.8\GSL-1.8\VC8\LIBGSL\X64\RELEASE-DLL\DNEWTON.OBJ
E:\DEV\BASICOCR\GSL\SRC\GSL\1.8\GSL-1.8\VC8\LIBGSL\X64\RELEASE-DLL\BROYDEN.OBJ
E:\DEV\BASICOCR\GSL\SRC\GSL\1.8\GSL-1.8\VC8\LIBGSL\X64\RELEASE-DLL\VECTOR_BFGS.OBJ
E:\DEV\BASICOCR\GSL\SRC\GSL\1.8\GSL-1.8\VC8\LIBGSL\X64\RELEASE-DLL\STEEPEST_DESCENT.OBJ
E:\DEV\BASICOCR\GSL\SRC\GSL\1.8\GSL-1.8\VC8\LIBGSL\X64\RELEASE-DLL\SIMPLEX.OBJ
E:\DEV\BASICOCR\GSL\SRC\GSL\1.8\GSL-1.8\VC8\LIBGSL\X64\RELEASE-DLL\FMINIMIZER.OBJ
E:\DEV\BASICOCR\GSL\SRC\GSL\1.8\GSL-1.8\VC8\LIBGSL\X64\RELEASE-DLL\FDFMINIMIZER.OBJ
E:\DEV\BASICOCR\GSL\SRC\GSL\1.8\GSL-1.8\VC8\LIBGSL\X64\RELEASE-DLL\CONJUGATE_PR.OBJ
E:\DEV\BASICOCR\GSL\SRC\GSL\1.8\GSL-1.8\VC8\LIBGSL\X64\RELEASE-DLL\ZSOLVE_QUADRATIC.OBJ
E:\DEV\BASICOCR\GSL\SRC\GSL\1.8\GSL-1.8\VC8\LIBGSL\X64\RELEASE-DLL\ZSOLVE_INIT.OBJ
E:\DEV\BASICOCR\GSL\SRC\GSL\1.8\GSL-1.8\VC8\LIBGSL\X64\RELEASE-DLL\ZSOLVE_CUBIC.OBJ
E:\DEV\BASICOCR\GSL\SRC\GSL\1.8\GSL-1.8\VC8\LIBGSL\X64\RELEASE-DLL\ZSOLVE.OBJ
E:\DEV\BASICOCR\GSL\SRC\GSL\1.8\GSL-1.8\VC8\LIBGSL\X64\RELEASE-DLL\SOLVE_QUADRATIC.OBJ
E:\DEV\BASICOCR\GSL\SRC\GSL\1.8\GSL-1.8\VC8\LIBGSL\X64\RELEASE-DLL\SOLVE_CUBIC.OBJ
E:\DEV\BASICOCR\GSL\SRC\GSL\1.8\GSL-1.8\VC8\LIBGSL\X64\RELEASE-DLL\DD.OBJ
E:\DEV\BASICOCR\GSL\SRC\GSL\1.8\GSL-1.8\VC8\LIBGSL\X64\RELEASE-DLL\PERMUTE.OBJ
E:\DEV\BASICOCR\GSL\SRC\GSL\1.8\GSL-1.8\VC8\LIBGSL\X64\RELEASE-DLL\PERMUTATION.OBJ
E:\DEV\BASICOCR\GSL\SRC\GSL\1.8\GSL-1.8\VC8\LIBGSL\X64\RELEASE-DLL\CANONICAL.OBJ
E:\DEV\BASICOCR\GSL\SRC\GSL\1.8\GSL-1.8\VC8\LIBGSL\X64\RELEASE-DLL\STEP.OBJ
E:\DEV\BASICOCR\GSL\SRC\GSL\1.8\GSL-1.8\VC8\LIBGSL\X64\RELEASE-DLL\RKF45.OBJ
E:\DEV\BASICOCR\GSL\SRC\GSL\1.8\GSL-1.8\VC8\LIBGSL\X64\RELEASE-DLL\RKCK.OBJ
E:\DEV\BASICOCR\GSL\SRC\GSL\1.8\GSL-1.8\VC8\LIBGSL\X64\RELEASE-DLL\RK8PD.OBJ
E:\DEV\BASICOCR\GSL\SRC\GSL\1.8\GSL-1.8\VC8\LIBGSL\X64\RELEASE-DLL\RK4IMP.OBJ
E:\DEV\BASICOCR\GSL\SRC\GSL\1.8\GSL-1.8\VC8\LIBGSL\X64\RELEASE-DLL\RK4.OBJ
E:\DEV\BASICOCR\GSL\SRC\GSL\1.8\GSL-1.8\VC8\LIBGSL\X64\RELEASE-DLL\RK2SIMP.OBJ
E:\DEV\BASICOCR\GSL\SRC\GSL\1.8\GSL-1.8\VC8\LIBGSL\X64\RELEASE-DLL\RK2IMP.OBJ
E:\DEV\BASICOCR\GSL\SRC\GSL\1.8\GSL-1.8\VC8\LIBGSL\X64\RELEASE-DLL\RK2.OBJ
E:\DEV\BASICOCR\GSL\SRC\GSL\1.8\GSL-1.8\VC8\LIBGSL\X64\RELEASE-DLL\GEAR2.OBJ
E:\DEV\BASICOCR\GSL\SRC\GSL\1.8\GSL-1.8\VC8\LIBGSL\X64\RELEASE-DLL\PASCAL.OBJ
E:\DEV\BASICOCR\GSL\SRC\GSL\1.8\GSL-1.8\VC8\LIBGSL\X64\RELEASE-DLL\NBINOMIAL.OBJ
E:\DEV\BASICOCR\GSL\SRC\GSL\1.8\GSL-1.8\VC8\LIBGSL\X64\RELEASE-DLL\MULTINOMIAL.OBJ
E:\DEV\BASICOCR\GSL\SRC\GSL\1.8\GSL-1.8\VC8\LIBGSL\X64\RELEASE-DLL\LOGARITHMIC.OBJ
E:\DEV\BASICOCR\GSL\SRC\GSL\1.8\GSL-1.8\VC8\LIBGSL\X64\RELEASE-DLL\LEVY.OBJ
E:\DEV\BASICOCR\GSL\SRC\GSL\1.8\GSL-1.8\VC8\LIBGSL\X64\RELEASE-DLL\LANDAU.OBJ
E:\DEV\BASICOCR\GSL\SRC\GSL\1.8\GSL-1.8\VC8\LIBGSL\X64\RELEASE-DLL\GUMBEL.OBJ
E:\DEV\BASICOCR\GSL\SRC\GSL\1.8\GSL-1.8\VC8\LIBGSL\X64\RELEASE-DLL\GEOMETRIC.OBJ
E:\DEV\BASICOCR\GSL\SRC\GSL\1.8\GSL-1.8\VC8\LIBGSL\X64\RELEASE-DLL\GAUSSZIG.OBJ
E:\DEV\BASICOCR\GSL\SRC\GSL\1.8\GSL-1.8\VC8\LIBGSL\X64\RELEASE-DLL\GAUSSTAIL.OBJ
E:\DEV\BASICOCR\GSL\SRC\GSL\1.8\GSL-1.8\VC8\LIBGSL\X64\RELEASE-DLL\ERLANG.OBJ
E:\DEV\BASICOCR\GSL\SRC\GSL\1.8\GSL-1.8\VC8\LIBGSL\X64\RELEASE-DLL\DISCRETE.OBJ
E:\DEV\BASICOCR\GSL\SRC\GSL\1.8\GSL-1.8\VC8\LIBGSL\X64\RELEASE-DLL\DIRICHLET.OBJ
E:\DEV\BASICOCR\GSL\SRC\GSL\1.8\GSL-1.8\VC8\LIBGSL\X64\RELEASE-DLL\BINOMIAL_TPE.OBJ
E:\DEV\BASICOCR\GSL\SRC\GSL\1.8\GSL-1.8\VC8\LIBGSL\X64\RELEASE-DLL\BINOMIAL.OBJ
E:\DEV\BASICOCR\GSL\SRC\GSL\1.8\GSL-1.8\VC8\LIBGSL\X64\RELEASE-DLL\BIGAUSS.OBJ
E:\DEV\BASICOCR\GSL\SRC\GSL\1.8\GSL-1.8\VC8\LIBGSL\X64\RELEASE-DLL\BERNOULLI.OBJ
E:\DEV\BASICOCR\GSL\SRC\GSL\1.8\GSL-1.8\VC8\LIBGSL\X64\RELEASE-DLL\SOBOL.OBJ
E:\DEV\BASICOCR\GSL\SRC\GSL\1.8\GSL-1.8\VC8\LIBGSL\X64\RELEASE-DLL\QRNG.OBJ
E:\DEV\BASICOCR\GSL\SRC\GSL\1.8\GSL-1.8\VC8\LIBGSL\X64\RELEASE-DLL\NIEDERREITER-2.OBJ
E:\DEV\BASICOCR\GSL\SRC\GSL\1.8\GSL-1.8\VC8\LIBGSL\X64\RELEASE-DLL\RAN1.OBJ
E:\DEV\BASICOCR\GSL\SRC\GSL\1.8\GSL-1.8\VC8\LIBGSL\X64\RELEASE-DLL\RAN0.OBJ
E:\DEV\BASICOCR\GSL\SRC\GSL\1.8\GSL-1.8\VC8\LIBGSL\X64\RELEASE-DLL\R250.OBJ
E:\DEV\BASICOCR\GSL\SRC\GSL\1.8\GSL-1.8\VC8\LIBGSL\X64\RELEASE-DLL\MT.OBJ
E:\DEV\BASICOCR\GSL\SRC\GSL\1.8\GSL-1.8\VC8\LIBGSL\X64\RELEASE-DLL\MRG.OBJ
E:\DEV\BASICOCR\GSL\SRC\GSL\1.8\GSL-1.8\VC8\LIBGSL\X64\RELEASE-DLL\MINSTD.OBJ
E:\DEV\BASICOCR\GSL\SRC\GSL\1.8\GSL-1.8\VC8\LIBGSL\X64\RELEASE-DLL\LECUYER21.OBJ
E:\DEV\BASICOCR\GSL\SRC\GSL\1.8\GSL-1.8\VC8\LIBGSL\X64\RELEASE-DLL\KNUTHRAN2.OBJ
E:\DEV\BASICOCR\GSL\SRC\GSL\1.8\GSL-1.8\VC8\LIBGSL\X64\RELEASE-DLL\KNUTHRAN.OBJ
E:\DEV\BASICOCR\GSL\SRC\GSL\1.8\GSL-1.8\VC8\LIBGSL\X64\RELEASE-DLL\GFSR4.OBJ
E:\DEV\BASICOCR\GSL\SRC\GSL\1.8\GSL-1.8\VC8\LIBGSL\X64\RELEASE-DLL\FISHMAN2X.OBJ
E:\DEV\BASICOCR\GSL\SRC\GSL\1.8\GSL-1.8\VC8\LIBGSL\X64\RELEASE-DLL\FISHMAN20.OBJ
E:\DEV\BASICOCR\GSL\SRC\GSL\1.8\GSL-1.8\VC8\LIBGSL\X64\RELEASE-DLL\FISHMAN18.OBJ
E:\DEV\BASICOCR\GSL\SRC\GSL\1.8\GSL-1.8\VC8\LIBGSL\X64\RELEASE-DLL\DEFAULT.OBJ
E:\DEV\BASICOCR\GSL\SRC\GSL\1.8\GSL-1.8\VC8\LIBGSL\X64\RELEASE-DLL\COVEYOU.OBJ
E:\DEV\BASICOCR\GSL\SRC\GSL\1.8\GSL-1.8\VC8\LIBGSL\X64\RELEASE-DLL\CMRG.OBJ
E:\DEV\BASICOCR\GSL\SRC\GSL\1.8\GSL-1.8\VC8\LIBGSL\X64\RELEASE-DLL\BOROSH13.OBJ
E:\DEV\BASICOCR\GSL\SRC\GSL\1.8\GSL-1.8\VC8\LIBGSL\X64\RELEASE-DLL\SPHERE.OBJ
E:\DEV\BASICOCR\GSL\SRC\GSL\1.8\GSL-1.8\VC8\LIBGSL\X64\RELEASE-DLL\SHUFFLE.OBJ
E:\DEV\BASICOCR\GSL\SRC\GSL\1.8\GSL-1.8\VC8\LIBGSL\X64\RELEASE-DLL\POISSON.OBJ
E:\DEV\BASICOCR\GSL\SRC\GSL\1.8\GSL-1.8\VC8\LIBGSL\X64\RELEASE-DLL\UNI32.OBJ
E:\DEV\BASICOCR\GSL\SRC\GSL\1.8\GSL-1.8\VC8\LIBGSL\X64\RELEASE-DLL\UNI.OBJ
E:\DEV\BASICOCR\GSL\SRC\GSL\1.8\GSL-1.8\VC8\LIBGSL\X64\RELEASE-DLL\TYPES.OBJ
E:\DEV\BASICOCR\GSL\SRC\GSL\1.8\GSL-1.8\VC8\LIBGSL\X64\RELEASE-DLL\TT.OBJ
E:\DEV\BASICOCR\GSL\SRC\GSL\1.8\GSL-1.8\VC8\LIBGSL\X64\RELEASE-DLL\TRANSPUTER.OBJ
E:\DEV\BASICOCR\GSL\SRC\GSL\1.8\GSL-1.8\VC8\LIBGSL\X64\RELEASE-DLL\TAUS113.OBJ
E:\DEV\BASICOCR\GSL\SRC\GSL\1.8\GSL-1.8\VC8\LIBGSL\X64\RELEASE-DLL\TAUS.OBJ
E:\DEV\BASICOCR\GSL\SRC\GSL\1.8\GSL-1.8\VC8\LIBGSL\X64\RELEASE-DLL\SLATEC.OBJ
E:\DEV\BASICOCR\GSL\SRC\GSL\1.8\GSL-1.8\VC8\LIBGSL\X64\RELEASE-DLL\RNG.OBJ
E:\DEV\BASICOCR\GSL\SRC\GSL\1.8\GSL-1.8\VC8\LIBGSL\X64\RELEASE-DLL\RANMAR.OBJ
E:\DEV\BASICOCR\GSL\SRC\GSL\1.8\GSL-1.8\VC8\LIBGSL\X64\RELEASE-DLL\RANLXS.OBJ
E:\DEV\BASICOCR\GSL\SRC\GSL\1.8\GSL-1.8\VC8\LIBGSL\X64\RELEASE-DLL\RANLXD.OBJ
E:\DEV\BASICOCR\GSL\SRC\GSL\1.8\GSL-1.8\VC8\LIBGSL\X64\RELEASE-DLL\RANLUX.OBJ
E:\DEV\BASICOCR\GSL\SRC\GSL\1.8\GSL-1.8\VC8\LIBGSL\X64\RELEASE-DLL\RANF.OBJ
E:\DEV\BASICOCR\GSL\SRC\GSL\1.8\GSL-1.8\VC8\LIBGSL\X64\RELEASE-DLL\RANDU.OBJ
E:\DEV\BASICOCR\GSL\SRC\GSL\1.8\GSL-1.8\VC8\LIBGSL\X64\RELEASE-DLL\RANDOM.OBJ
E:\DEV\BASICOCR\GSL\SRC\GSL\1.8\GSL-1.8\VC8\LIBGSL\X64\RELEASE-DLL\RAND48.OBJ
E:\DEV\BASICOCR\GSL\SRC\GSL\1.8\GSL-1.8\VC8\LIBGSL\X64\RELEASE-DLL\RAND.OBJ
E:\DEV\BASICOCR\GSL\SRC\GSL\1.8\GSL-1.8\VC8\LIBGSL\X64\RELEASE-DLL\RAN3.OBJ
E:\DEV\BASICOCR\GSL\SRC\GSL\1.8\GSL-1.8\VC8\LIBGSL\X64\RELEASE-DLL\RAN2.OBJ
E:\DEV\BASICOCR\GSL\SRC\GSL\1.8\GSL-1.8\VC8\LIBGSL\X64\RELEASE-DLL\BESSEL_I.OBJ
E:\DEV\BASICOCR\GSL\SRC\GSL\1.8\GSL-1.8\VC8\LIBGSL\X64\RELEASE-DLL\BESSEL_AMP_PHASE.OBJ
E:\DEV\BASICOCR\GSL\SRC\GSL\1.8\GSL-1.8\VC8\LIBGSL\X64\RELEASE-DLL\BESSEL.OBJ
E:\DEV\BASICOCR\GSL\SRC\GSL\1.8\GSL-1.8\VC8\LIBGSL\X64\RELEASE-DLL\ATANINT.OBJ
E:\DEV\BASICOCR\GSL\SRC\GSL\1.8\GSL-1.8\VC8\LIBGSL\X64\RELEASE-DLL\AIRY_ZERO.OBJ
E:\DEV\BASICOCR\GSL\SRC\GSL\1.8\GSL-1.8\VC8\LIBGSL\X64\RELEASE-DLL\AIRY_DER.OBJ
E:\DEV\BASICOCR\GSL\SRC\GSL\1.8\GSL-1.8\VC8\LIBGSL\X64\RELEASE-DLL\AIRY.OBJ
E:\DEV\BASICOCR\GSL\SRC\GSL\1.8\GSL-1.8\VC8\LIBGSL\X64\RELEASE-DLL\SUBSETIND.OBJ
E:\DEV\BASICOCR\GSL\SRC\GSL\1.8\GSL-1.8\VC8\LIBGSL\X64\RELEASE-DLL\SUBSET.OBJ
E:\DEV\BASICOCR\GSL\SRC\GSL\1.8\GSL-1.8\VC8\LIBGSL\X64\RELEASE-DLL\SORTVECIND.OBJ
E:\DEV\BASICOCR\GSL\SRC\GSL\1.8\GSL-1.8\VC8\LIBGSL\X64\RELEASE-DLL\SORTVEC.OBJ
E:\DEV\BASICOCR\GSL\SRC\GSL\1.8\GSL-1.8\VC8\LIBGSL\X64\RELEASE-DLL\SORTIND.OBJ
E:\DEV\BASICOCR\GSL\SRC\GSL\1.8\GSL-1.8\VC8\LIBGSL\X64\RELEASE-DLL\SIMAN.OBJ
E:\DEV\BASICOCR\GSL\SRC\GSL\1.8\GSL-1.8\VC8\LIBGSL\X64\RELEASE-DLL\STEFFENSON.OBJ
E:\DEV\BASICOCR\GSL\SRC\GSL\1.8\GSL-1.8\VC8\LIBGSL\X64\RELEASE-DLL\SECANT.OBJ
E:\DEV\BASICOCR\GSL\SRC\GSL\1.8\GSL-1.8\VC8\LIBGSL\X64\RELEASE-DLL\FALSEPOS.OBJ
E:\DEV\BASICOCR\GSL\SRC\GSL\1.8\GSL-1.8\VC8\LIBGSL\X64\RELEASE-DLL\BISECTION.OBJ
E:\DEV\BASICOCR\GSL\SRC\GSL\1.8\GSL-1.8\VC8\LIBGSL\X64\RELEASE-DLL\ZUF.OBJ
E:\DEV\BASICOCR\GSL\SRC\GSL\1.8\GSL-1.8\VC8\LIBGSL\X64\RELEASE-DLL\WATERMAN14.OBJ
E:\DEV\BASICOCR\GSL\SRC\GSL\1.8\GSL-1.8\VC8\LIBGSL\X64\RELEASE-DLL\VAX.OBJ
E:\DEV\BASICOCR\GSL\SRC\GSL\1.8\GSL-1.8\VC8\LIBGSL\X64\RELEASE-DLL\BESSEL_Y1.OBJ
E:\DEV\BASICOCR\GSL\SRC\GSL\1.8\GSL-1.8\VC8\LIBGSL\X64\RELEASE-DLL\BESSEL_Y0.OBJ
E:\DEV\BASICOCR\GSL\SRC\GSL\1.8\GSL-1.8\VC8\LIBGSL\X64\RELEASE-DLL\BESSEL_Y.OBJ
E:\DEV\BASICOCR\GSL\SRC\GSL\1.8\GSL-1.8\VC8\LIBGSL\X64\RELEASE-DLL\BESSEL_TEMME.OBJ
E:\DEV\BASICOCR\GSL\SRC\GSL\1.8\GSL-1.8\VC8\LIBGSL\X64\RELEASE-DLL\BESSEL_SEQUENCE.OBJ
E:\DEV\BASICOCR\GSL\SRC\GSL\1.8\GSL-1.8\VC8\LIBGSL\X64\RELEASE-DLL\BESSEL_OLVER.OBJ
E:\DEV\BASICOCR\GSL\SRC\GSL\1.8\GSL-1.8\VC8\LIBGSL\X64\RELEASE-DLL\BESSEL_KNU.OBJ
E:\DEV\BASICOCR\GSL\SRC\GSL\1.8\GSL-1.8\VC8\LIBGSL\X64\RELEASE-DLL\BESSEL_KN.OBJ
E:\DEV\BASICOCR\GSL\SRC\GSL\1.8\GSL-1.8\VC8\LIBGSL\X64\RELEASE-DLL\BESSEL_K1.OBJ
E:\DEV\BASICOCR\GSL\SRC\GSL\1.8\GSL-1.8\VC8\LIBGSL\X64\RELEASE-DLL\BESSEL_K0.OBJ
E:\DEV\BASICOCR\GSL\SRC\GSL\1.8\GSL-1.8\VC8\LIBGSL\X64\RELEASE-DLL\BESSEL_K.OBJ
E:\DEV\BASICOCR\GSL\SRC\GSL\1.8\GSL-1.8\VC8\LIBGSL\X64\RELEASE-DLL\BESSEL_JNU.OBJ
E:\DEV\BASICOCR\GSL\SRC\GSL\1.8\GSL-1.8\VC8\LIBGSL\X64\RELEASE-DLL\BESSEL_JN.OBJ
E:\DEV\BASICOCR\GSL\SRC\GSL\1.8\GSL-1.8\VC8\LIBGSL\X64\RELEASE-DLL\BESSEL_J1.OBJ
E:\DEV\BASICOCR\GSL\SRC\GSL\1.8\GSL-1.8\VC8\LIBGSL\X64\RELEASE-DLL\BESSEL_J0.OBJ
E:\DEV\BASICOCR\GSL\SRC\GSL\1.8\GSL-1.8\VC8\LIBGSL\X64\RELEASE-DLL\BESSEL_J.OBJ
E:\DEV\BASICOCR\GSL\SRC\GSL\1.8\GSL-1.8\VC8\LIBGSL\X64\RELEASE-DLL\BESSEL_INU.OBJ
E:\DEV\BASICOCR\GSL\SRC\GSL\1.8\GSL-1.8\VC8\LIBGSL\X64\RELEASE-DLL\BESSEL_IN.OBJ
E:\DEV\BASICOCR\GSL\SRC\GSL\1.8\GSL-1.8\VC8\LIBGSL\X64\RELEASE-DLL\BESSEL_I1.OBJ
E:\DEV\BASICOCR\GSL\SRC\GSL\1.8\GSL-1.8\VC8\LIBGSL\X64\RELEASE-DLL\BESSEL_I0.OBJ
E:\DEV\BASICOCR\GSL\SRC\GSL\1.8\GSL-1.8\VC8\LIBGSL\X64\RELEASE-DLL\GAMMA_INC.OBJ
E:\DEV\BASICOCR\GSL\SRC\GSL\1.8\GSL-1.8\VC8\LIBGSL\X64\RELEASE-DLL\FERMI_DIRAC.OBJ
E:\DEV\BASICOCR\GSL\SRC\GSL\1.8\GSL-1.8\VC8\LIBGSL\X64\RELEASE-DLL\EXPINT3.OBJ
E:\DEV\BASICOCR\GSL\SRC\GSL\1.8\GSL-1.8\VC8\LIBGSL\X64\RELEASE-DLL\EXPINT.OBJ
E:\DEV\BASICOCR\GSL\SRC\GSL\1.8\GSL-1.8\VC8\LIBGSL\X64\RELEASE-DLL\EXP.OBJ
E:\DEV\BASICOCR\GSL\SRC\GSL\1.8\GSL-1.8\VC8\LIBGSL\X64\RELEASE-DLL\ERFC.OBJ
E:\DEV\BASICOCR\GSL\SRC\GSL\1.8\GSL-1.8\VC8\LIBGSL\X64\RELEASE-DLL\ELLJAC.OBJ
E:\DEV\BASICOCR\GSL\SRC\GSL\1.8\GSL-1.8\VC8\LIBGSL\X64\RELEASE-DLL\ELLINT.OBJ
E:\DEV\BASICOCR\GSL\SRC\GSL\1.8\GSL-1.8\VC8\LIBGSL\X64\RELEASE-DLL\ELEMENTARY.OBJ
E:\DEV\BASICOCR\GSL\SRC\GSL\1.8\GSL-1.8\VC8\LIBGSL\X64\RELEASE-DLL\DILOG.OBJ
E:\DEV\BASICOCR\GSL\SRC\GSL\1.8\GSL-1.8\VC8\LIBGSL\X64\RELEASE-DLL\DEBYE.OBJ
E:\DEV\BASICOCR\GSL\SRC\GSL\1.8\GSL-1.8\VC8\LIBGSL\X64\RELEASE-DLL\DAWSON.OBJ
E:\DEV\BASICOCR\GSL\SRC\GSL\1.8\GSL-1.8\VC8\LIBGSL\X64\RELEASE-DLL\COUPLING.OBJ
E:\DEV\BASICOCR\GSL\SRC\GSL\1.8\GSL-1.8\VC8\LIBGSL\X64\RELEASE-DLL\COULOMB_BOUND.OBJ
E:\DEV\BASICOCR\GSL\SRC\GSL\1.8\GSL-1.8\VC8\LIBGSL\X64\RELEASE-DLL\COULOMB.OBJ
E:\DEV\BASICOCR\GSL\SRC\GSL\1.8\GSL-1.8\VC8\LIBGSL\X64\RELEASE-DLL\CLAUSEN.OBJ
E:\DEV\BASICOCR\GSL\SRC\GSL\1.8\GSL-1.8\VC8\LIBGSL\X64\RELEASE-DLL\BETA_INC.OBJ
E:\DEV\BASICOCR\GSL\SRC\GSL\1.8\GSL-1.8\VC8\LIBGSL\X64\RELEASE-DLL\BESSEL_ZERO.OBJ
E:\DEV\BASICOCR\GSL\SRC\GSL\1.8\GSL-1.8\VC8\LIBGSL\X64\RELEASE-DLL\BESSEL_YNU.OBJ
E:\DEV\BASICOCR\GSL\SRC\GSL\1.8\GSL-1.8\VC8\LIBGSL\X64\RELEASE-DLL\BESSEL_YN.OBJ
E:\DEV\BASICOCR\GSL\SRC\GSL\1.8\GSL-1.8\VC8\LIBGSL\X64\RELEASE-DLL\SYNCHROTRON.OBJ
E:\DEV\BASICOCR\GSL\SRC\GSL\1.8\GSL-1.8\VC8\LIBGSL\X64\RELEASE-DLL\SININT.OBJ
E:\DEV\BASICOCR\GSL\SRC\GSL\1.8\GSL-1.8\VC8\LIBGSL\X64\RELEASE-DLL\SHINT.OBJ
E:\DEV\BASICOCR\GSL\SRC\GSL\1.8\GSL-1.8\VC8\LIBGSL\X64\RELEASE-DLL\RESULT.OBJ
E:\DEV\BASICOCR\GSL\SRC\GSL\1.8\GSL-1.8\VC8\LIBGSL\X64\RELEASE-DLL\PSI.OBJ
E:\DEV\BASICOCR\GSL\SRC\GSL\1.8\GSL-1.8\VC8\LIBGSL\X64\RELEASE-DLL\POCH.OBJ
E:\DEV\BASICOCR\GSL\SRC\GSL\1.8\GSL-1.8\VC8\LIBGSL\X64\RELEASE-DLL\LOG.OBJ
E:\DEV\BASICOCR\GSL\SRC\GSL\1.8\GSL-1.8\VC8\LIBGSL\X64\RELEASE-DLL\LEGENDRE_QN.OBJ
E:\DEV\BASICOCR\GSL\SRC\GSL\1.8\GSL-1.8\VC8\LIBGSL\X64\RELEASE-DLL\LEGENDRE_POLY.OBJ
E:\DEV\BASICOCR\GSL\SRC\GSL\1.8\GSL-1.8\VC8\LIBGSL\X64\RELEASE-DLL\LEGENDRE_H3D.OBJ
E:\DEV\BASICOCR\GSL\SRC\GSL\1.8\GSL-1.8\VC8\LIBGSL\X64\RELEASE-DLL\LEGENDRE_CON.OBJ
E:\DEV\BASICOCR\GSL\SRC\GSL\1.8\GSL-1.8\VC8\LIBGSL\X64\RELEASE-DLL\LAMBERT.OBJ
E:\DEV\BASICOCR\GSL\SRC\GSL\1.8\GSL-1.8\VC8\LIBGSL\X64\RELEASE-DLL\LAGUERRE.OBJ
E:\DEV\BASICOCR\GSL\SRC\GSL\1.8\GSL-1.8\VC8\LIBGSL\X64\RELEASE-DLL\HYPERG_U.OBJ
E:\DEV\BASICOCR\GSL\SRC\GSL\1.8\GSL-1.8\VC8\LIBGSL\X64\RELEASE-DLL\HYPERG_2F1.OBJ
E:\DEV\BASICOCR\GSL\SRC\GSL\1.8\GSL-1.8\VC8\LIBGSL\X64\RELEASE-DLL\HYPERG_2F0.OBJ
E:\DEV\BASICOCR\GSL\SRC\GSL\1.8\GSL-1.8\VC8\LIBGSL\X64\RELEASE-DLL\HYPERG_1F1.OBJ
E:\DEV\BASICOCR\GSL\SRC\GSL\1.8\GSL-1.8\VC8\LIBGSL\X64\RELEASE-DLL\HYPERG_0F1.OBJ
E:\DEV\BASICOCR\GSL\SRC\GSL\1.8\GSL-1.8\VC8\LIBGSL\X64\RELEASE-DLL\HYPERG.OBJ
E:\DEV\BASICOCR\GSL\SRC\GSL\1.8\GSL-1.8\VC8\LIBGSL\X64\RELEASE-DLL\GEGENBAUER.OBJ
E:\DEV\BASICOCR\GSL\SRC\GSL\1.8\GSL-1.8\VC8\LIBGSL\X64\RELEASE-DLL\LEVIN_U.OBJ
E:\DEV\BASICOCR\GSL\SRC\GSL\1.8\GSL-1.8\VC8\LIBGSL\X64\RELEASE-DLL\WVARIANCE.OBJ
E:\DEV\BASICOCR\GSL\SRC\GSL\1.8\GSL-1.8\VC8\LIBGSL\X64\RELEASE-DLL\WSKEW.OBJ
E:\DEV\BASICOCR\GSL\SRC\GSL\1.8\GSL-1.8\VC8\LIBGSL\X64\RELEASE-DLL\WMEAN.OBJ
E:\DEV\BASICOCR\GSL\SRC\GSL\1.8\GSL-1.8\VC8\LIBGSL\X64\RELEASE-DLL\WKURTOSIS.OBJ
E:\DEV\BASICOCR\GSL\SRC\GSL\1.8\GSL-1.8\VC8\LIBGSL\X64\RELEASE-DLL\WABSDEV.OBJ
E:\DEV\BASICOCR\GSL\SRC\GSL\1.8\GSL-1.8\VC8\LIBGSL\X64\RELEASE-DLL\VARIANCE.OBJ
E:\DEV\BASICOCR\GSL\SRC\GSL\1.8\GSL-1.8\VC8\LIBGSL\X64\RELEASE-DLL\TTEST.OBJ
E:\DEV\BASICOCR\GSL\SRC\GSL\1.8\GSL-1.8\VC8\LIBGSL\X64\RELEASE-DLL\SKEW.OBJ
E:\DEV\BASICOCR\GSL\SRC\GSL\1.8\GSL-1.8\VC8\LIBGSL\X64\RELEASE-DLL\QUANTILES.OBJ
E:\DEV\BASICOCR\GSL\SRC\GSL\1.8\GSL-1.8\VC8\LIBGSL\X64\RELEASE-DLL\P_VARIANCE.OBJ
E:\DEV\BASICOCR\GSL\SRC\GSL\1.8\GSL-1.8\VC8\LIBGSL\X64\RELEASE-DLL\MEDIAN.OBJ
E:\DEV\BASICOCR\GSL\SRC\GSL\1.8\GSL-1.8\VC8\LIBGSL\X64\RELEASE-DLL\MEAN.OBJ
E:\DEV\BASICOCR\GSL\SRC\GSL\1.8\GSL-1.8\VC8\LIBGSL\X64\RELEASE-DLL\LAG1.OBJ
E:\DEV\BASICOCR\GSL\SRC\GSL\1.8\GSL-1.8\VC8\LIBGSL\X64\RELEASE-DLL\KURTOSIS.OBJ
E:\DEV\BASICOCR\GSL\SRC\GSL\1.8\GSL-1.8\VC8\LIBGSL\X64\RELEASE-DLL\COVARIANCE.OBJ
E:\DEV\BASICOCR\GSL\SRC\GSL\1.8\GSL-1.8\VC8\LIBGSL\X64\RELEASE-DLL\ABSDEV.OBJ
E:\DEV\BASICOCR\GSL\SRC\GSL\1.8\GSL-1.8\VC8\LIBGSL\X64\RELEASE-DLL\ZETA.OBJ
E:\DEV\BASICOCR\GSL\SRC\GSL\1.8\GSL-1.8\VC8\LIBGSL\X64\RELEASE-DLL\TRIG.OBJ
E:\DEV\BASICOCR\GSL\SRC\GSL\1.8\GSL-1.8\VC8\LIBGSL\X64\RELEASE-DLL\TRANSPORT.OBJ
E:\DEV\BASICOCR\GSL\SRC\GSL\1.8\GSL-1.8\VC8\LIBGSL\X64\RELEASE-DLL\BSPLINE.OBJ
E:\DEV\BASICOCR\GSL\SRC\GSL\1.8\GSL-1.8\VC8\LIBGSL\X64\RELEASE-DLL\VECTOR.OBJ
E:\DEV\BASICOCR\GSL\SRC\GSL\1.8\GSL-1.8\VC8\LIBGSL\X64\RELEASE-DLL\SUBVECTOR.OBJ
E:\DEV\BASICOCR\GSL\SRC\GSL\1.8\GSL-1.8\VC8\LIBGSL\X64\RELEASE-DLL\REIM.OBJ
E:\DEV\BASICOCR\GSL\SRC\GSL\1.8\GSL-1.8\VC8\LIBGSL\X64\RELEASE-DLL\PLACEHOLDER.OBJ
E:\DEV\BASICOCR\GSL\SRC\GSL\1.8\GSL-1.8\VC8\LIBGSL\X64\RELEASE-DLL\RESULTS.OBJ
E:\DEV\BASICOCR\GSL\SRC\GSL\1.8\GSL-1.8\VC8\LIBGSL\X64\RELEASE-DLL\PREC.OBJ
E:\DEV\BASICOCR\GSL\SRC\GSL\1.8\GSL-1.8\VC8\LIBGSL\X64\RELEASE-DLL\POW_INT.OBJ
E:\DEV\BASICOCR\GSL\SRC\GSL\1.8\GSL-1.8\VC8\LIBGSL\X64\RELEASE-DLL\LOG1P.OBJ
E:\DEV\BASICOCR\GSL\SRC\GSL\1.8\GSL-1.8\VC8\LIBGSL\X64\RELEASE-DLL\LDFREXP.OBJ
E:\DEV\BASICOCR\GSL\SRC\GSL\1.8\GSL-1.8\VC8\LIBGSL\X64\RELEASE-DLL\INVHYP.OBJ
E:\DEV\BASICOCR\GSL\SRC\GSL\1.8\GSL-1.8\VC8\LIBGSL\X64\RELEASE-DLL\INFNAN.OBJ
E:\DEV\BASICOCR\GSL\SRC\GSL\1.8\GSL-1.8\VC8\LIBGSL\X64\RELEASE-DLL\FDIV.OBJ
E:\DEV\BASICOCR\GSL\SRC\GSL\1.8\GSL-1.8\VC8\LIBGSL\X64\RELEASE-DLL\FCMP.OBJ
E:\DEV\BASICOCR\GSL\SRC\GSL\1.8\GSL-1.8\VC8\LIBGSL\X64\RELEASE-DLL\EXPM1.OBJ
E:\DEV\BASICOCR\GSL\SRC\GSL\1.8\GSL-1.8\VC8\LIBGSL\X64\RELEASE-DLL\COERCE.OBJ
E:\DEV\BASICOCR\GSL\SRC\GSL\1.8\GSL-1.8\VC8\LIBGSL\X64\RELEASE-DLL\WORK_UTRUNC.OBJ
E:\DEV\BASICOCR\GSL\SRC\GSL\1.8\GSL-1.8\VC8\LIBGSL\X64\RELEASE-DLL\WORK_U.OBJ
E:\DEV\BASICOCR\GSL\SRC\GSL\1.8\GSL-1.8\VC8\LIBGSL\X64\RELEASE-DLL\LEVIN_UTRUNC.OBJ
E:\DEV\BASICOCR\GSL\SRC\GSL\1.8\GSL-1.8\VC8\LIBGSL\X64\RELEASE-DLL\WAVELET.OBJ
E:\DEV\BASICOCR\GSL\SRC\GSL\1.8\GSL-1.8\VC8\LIBGSL\X64\RELEASE-DLL\HAAR.OBJ
E:\DEV\BASICOCR\GSL\SRC\GSL\1.8\GSL-1.8\VC8\LIBGSL\X64\RELEASE-DLL\DWT.OBJ
E:\DEV\BASICOCR\GSL\SRC\GSL\1.8\GSL-1.8\VC8\LIBGSL\X64\RELEASE-DLL\DAUBECHIES.OBJ
E:\DEV\BASICOCR\GSL\SRC\GSL\1.8\GSL-1.8\VC8\LIBGSL\X64\RELEASE-DLL\VC110.PDB
E:\DEV\BASICOCR\GSL\SRC\GSL\1.8\GSL-1.8\VC8\LIBGSL\X64\RELEASE-DLL\BINOMIAL1.OBJ
E:\DEV\BASICOCR\GSL\SRC\GSL\1.8\GSL-1.8\VC8\LIBGSL\X64\RELEASE-DLL\GEOMETRIC1.OBJ
E:\DEV\BASICOCR\GSL\SRC\GSL\1.8\GSL-1.8\VC8\LIBGSL\X64\RELEASE-DLL\NBINOMIAL1.OBJ
E:\DEV\BASICOCR\GSL\SRC\GSL\1.8\GSL-1.8\VC8\LIBGSL\X64\RELEASE-DLL\PASCAL1.OBJ
E:\DEV\BASICOCR\GSL\SRC\GSL\1.8\GSL-1.8\VC8\LIBGSL\X64\RELEASE-DLL\POISSON1.OBJ
E:\DEV\BASICOCR\GSL\SRC\GSL\1.8\GSL-1.8\VC8\LIBGSL\X64\RELEASE-DLL\INIT2.OBJ
E:\DEV\BASICOCR\GSL\SRC\GSL\1.8\GSL-1.8\VC8\LIBGSL\X64\RELEASE-DLL\FILE1.OBJ
E:\DEV\BASICOCR\GSL\SRC\GSL\1.8\GSL-1.8\VC8\LIBGSL\X64\RELEASE-DLL\INIT1.OBJ
E:\DEV\BASICOCR\GSL\SRC\GSL\1.8\GSL-1.8\VC8\LIBGSL\X64\RELEASE-DLL\DERIV1.OBJ
E:\DEV\BASICOCR\GSL\SRC\GSL\1.8\GSL-1.8\VC8\LIBGSL\X64\RELEASE-DLL\FILE2.OBJ
E:\DEV\BASICOCR\GSL\SRC\GSL\1.8\GSL-1.8\VC8\LIBGSL\X64\RELEASE-DLL\INIT3.OBJ
E:\DEV\BASICOCR\GSL\SRC\GSL\1.8\GSL-1.8\VC8\LIBGSL\X64\RELEASE-DLL\LINEAR1.OBJ
E:\DEV\BASICOCR\GSL\SRC\GSL\1.8\GSL-1.8\VC8\LIBGSL\X64\RELEASE-DLL\EXPONENTIAL2.OBJ
E:\DEV\BASICOCR\GSL\SRC\GSL\1.8\GSL-1.8\VC8\LIBGSL\X64\RELEASE-DLL\COPY1.OBJ
E:\DEV\BASICOCR\GSL\SRC\GSL\1.8\GSL-1.8\VC8\LIBGSL\X64\RELEASE-DLL\FILE3.OBJ
E:\DEV\BASICOCR\GSL\SRC\GSL\1.8\GSL-1.8\VC8\LIBGSL\X64\RELEASE-DLL\INIT4.OBJ
E:\DEV\BASICOCR\GSL\SRC\GSL\1.8\GSL-1.8\VC8\LIBGSL\X64\RELEASE-DLL\MINMAX1.OBJ
E:\DEV\BASICOCR\GSL\SRC\GSL\1.8\GSL-1.8\VC8\LIBGSL\X64\RELEASE-DLL\OPER1.OBJ
E:\DEV\BASICOCR\GSL\SRC\GSL\1.8\GSL-1.8\VC8\LIBGSL\X64\RELEASE-DLL\CONVERGENCE1.OBJ
E:\DEV\BASICOCR\GSL\SRC\GSL\1.8\GSL-1.8\VC8\LIBGSL\X64\RELEASE-DLL\FSOLVER1.OBJ
E:\DEV\BASICOCR\GSL\SRC\GSL\1.8\GSL-1.8\VC8\LIBGSL\X64\RELEASE-DLL\CONVERGENCE2.OBJ
E:\DEV\BASICOCR\GSL\SRC\GSL\1.8\GSL-1.8\VC8\LIBGSL\X64\RELEASE-DLL\DIFF1.OBJ
E:\DEV\BASICOCR\GSL\SRC\GSL\1.8\GSL-1.8\VC8\LIBGSL\X64\RELEASE-DLL\CONVERGENCE3.OBJ
E:\DEV\BASICOCR\GSL\SRC\GSL\1.8\GSL-1.8\VC8\LIBGSL\X64\RELEASE-DLL\FDFSOLVER1.OBJ
E:\DEV\BASICOCR\GSL\SRC\GSL\1.8\GSL-1.8\VC8\LIBGSL\X64\RELEASE-DLL\FSOLVER2.OBJ
E:\DEV\BASICOCR\GSL\SRC\GSL\1.8\GSL-1.8\VC8\LIBGSL\X64\RELEASE-DLL\FILE5.OBJ
E:\DEV\BASICOCR\GSL\SRC\GSL\1.8\GSL-1.8\VC8\LIBGSL\X64\RELEASE-DLL\INIT6.OBJ
E:\DEV\BASICOCR\GSL\SRC\GSL\1.8\GSL-1.8\VC8\LIBGSL\X64\RELEASE-DLL\EVAL1.OBJ
E:\DEV\BASICOCR\GSL\SRC\GSL\1.8\GSL-1.8\VC8\LIBGSL\X64\RELEASE-DLL\BETA2.OBJ
E:\DEV\BASICOCR\GSL\SRC\GSL\1.8\GSL-1.8\VC8\LIBGSL\X64\RELEASE-DLL\CAUCHY1.OBJ
E:\DEV\BASICOCR\GSL\SRC\GSL\1.8\GSL-1.8\VC8\LIBGSL\X64\RELEASE-DLL\CHISQ1.OBJ
E:\DEV\BASICOCR\GSL\SRC\GSL\1.8\GSL-1.8\VC8\LIBGSL\X64\RELEASE-DLL\EXPONENTIAL1.OBJ
E:\DEV\BASICOCR\GSL\SRC\GSL\1.8\GSL-1.8\VC8\LIBGSL\X64\RELEASE-DLL\EXPPOW1.OBJ
E:\DEV\BASICOCR\GSL\SRC\GSL\1.8\GSL-1.8\VC8\LIBGSL\X64\RELEASE-DLL\FDIST1.OBJ
E:\DEV\BASICOCR\GSL\SRC\GSL\1.8\GSL-1.8\VC8\LIBGSL\X64\RELEASE-DLL\FLAT1.OBJ
E:\DEV\BASICOCR\GSL\SRC\GSL\1.8\GSL-1.8\VC8\LIBGSL\X64\RELEASE-DLL\GAMMA2.OBJ
E:\DEV\BASICOCR\GSL\SRC\GSL\1.8\GSL-1.8\VC8\LIBGSL\X64\RELEASE-DLL\GAUSS1.OBJ
E:\DEV\BASICOCR\GSL\SRC\GSL\1.8\GSL-1.8\VC8\LIBGSL\X64\RELEASE-DLL\HYPERG1.OBJ
E:\DEV\BASICOCR\GSL\SRC\GSL\1.8\GSL-1.8\VC8\LIBGSL\X64\RELEASE-DLL\LAPLACE1.OBJ
E:\DEV\BASICOCR\GSL\SRC\GSL\1.8\GSL-1.8\VC8\LIBGSL\X64\RELEASE-DLL\LOGISTIC1.OBJ
E:\DEV\BASICOCR\GSL\SRC\GSL\1.8\GSL-1.8\VC8\LIBGSL\X64\RELEASE-DLL\LOGNORMAL1.OBJ
E:\DEV\BASICOCR\GSL\SRC\GSL\1.8\GSL-1.8\VC8\LIBGSL\X64\RELEASE-DLL\PARETO1.OBJ
E:\DEV\BASICOCR\GSL\SRC\GSL\1.8\GSL-1.8\VC8\LIBGSL\X64\RELEASE-DLL\RAYLEIGH1.OBJ
E:\DEV\BASICOCR\GSL\SRC\GSL\1.8\GSL-1.8\VC8\LIBGSL\X64\RELEASE-DLL\TDIST1.OBJ
E:\DEV\BASICOCR\GSL\SRC\GSL\1.8\GSL-1.8\VC8\LIBGSL\X64\RELEASE-DLL\WEIBULL1.OBJ
E:\DEV\BASICOCR\GSL\SRC\GSL\1.8\GSL-1.8\VC8\LIBGSL\X64\RELEASE-DLL\FILE6.OBJ
E:\DEV\BASICOCR\GSL\SRC\GSL\1.8\GSL-1.8\VC8\LIBGSL\X64\RELEASE-DLL\BRENT1.OBJ
E:\DEV\BASICOCR\GSL\SRC\GSL\1.8\GSL-1.8\VC8\LIBGSL\X64\RELEASE-DLL\CONVERGENCE4.OBJ
E:\DEV\BASICOCR\GSL\SRC\GSL\1.8\GSL-1.8\VC8\LIBGSL\X64\RELEASE-DLL\FDFSOLVER2.OBJ
E:\DEV\BASICOCR\GSL\SRC\GSL\1.8\GSL-1.8\VC8\LIBGSL\X64\RELEASE-DLL\FSOLVER3.OBJ
E:\DEV\BASICOCR\GSL\SRC\GSL\1.8\GSL-1.8\VC8\LIBGSL\X64\RELEASE-DLL\NEWTON1.OBJ
E:\DEV\BASICOCR\GSL\SRC\GSL\1.8\GSL-1.8\VC8\LIBGSL\X64\RELEASE-DLL\SORT1.OBJ
E:\DEV\BASICOCR\GSL\SRC\GSL\1.8\GSL-1.8\VC8\LIBGSL\X64\RELEASE-DLL\BETA1.OBJ
E:\DEV\BASICOCR\GSL\SRC\GSL\1.8\GSL-1.8\VC8\LIBGSL\X64\RELEASE-DLL\GAMMA1.OBJ
E:\DEV\BASICOCR\GSL\SRC\GSL\1.8\GSL-1.8\VC8\LIBGSL\X64\RELEASE-DLL\POW_INT1.OBJ
E:\DEV\BASICOCR\GSL\SRC\GSL\1.8\GSL-1.8\VC8\LIBGSL\X64\RELEASE-DLL\MINMAX3.OBJ
E:\DEV\BASICOCR\GSL\SRC\GSL\1.8\GSL-1.8\VC8\LIBGSL\X64\RELEASE-DLL\MINMAX.OBJ
E:\DEV\BASICOCR\GSL\SRC\GSL\1.8\GSL-1.8\VC8\LIBGSL\X64\RELEASE-DLL\COPY2.OBJ
E:\DEV\BASICOCR\GSL\SRC\GSL\1.8\GSL-1.8\VC8\LIBGSL\X64\RELEASE-DLL\FILE4.OBJ
E:\DEV\BASICOCR\GSL\SRC\GSL\1.8\GSL-1.8\VC8\LIBGSL\X64\RELEASE-DLL\INIT5.OBJ
E:\DEV\BASICOCR\GSL\SRC\GSL\1.8\GSL-1.8\VC8\LIBGSL\X64\RELEASE-DLL\MINMAX2.OBJ
E:\DEV\BASICOCR\GSL\SRC\GSL\1.8\GSL-1.8\VC8\LIBGSL\X64\RELEASE-DLL\OPER2.OBJ
E:\DEV\BASICOCR\GSL\SRC\GSL\1.8\GSL-1.8\VC8\LIBGSL\X64\RELEASE-DLL\PROP1.OBJ
E:\DEV\BASICOCR\GSL\SRC\GSL\1.8\GSL-1.8\VC8\LIBGSL\X64\RELEASE-DLL\SWAP1.OBJ
E:\DEV\BASICOCR\GSL\SRC\GSL\1.8\GSL-1.8\VC8\LIBGSL\X64\RELEASE-DLL\VIEW1.OBJ
E:\dev\BasicOCR\x64\Release-DLL\libgsl_dll.lib
E:\dev\BasicOCR\x64\Release-DLL\libgsl_dll.exp
E:\DEV\BASICOCR\X64\RELEASE-DLL\LIBGSL.DLL
E:\dev\BasicOCR\gsl\src\gsl\1.8\gsl-1.8\VC8\libgsl\x64\Release-DLL\absdev.obj
E:\dev\BasicOCR\gsl\src\gsl\1.8\gsl-1.8\VC8\libgsl\x64\Release-DLL\accel.obj
E:\dev\BasicOCR\gsl\src\gsl\1.8\gsl-1.8\VC8\libgsl\x64\Release-DLL\add.obj
E:\dev\BasicOCR\gsl\src\gsl\1.8\gsl-1.8\VC8\libgsl\x64\Release-DLL\add2d.obj
E:\dev\BasicOCR\gsl\src\gsl\1.8\gsl-1.8\VC8\libgsl\x64\Release-DLL\airy.obj
E:\dev\BasicOCR\gsl\src\gsl\1.8\gsl-1.8\VC8\libgsl\x64\Release-DLL\airy_der.obj
E:\dev\BasicOCR\gsl\src\gsl\1.8\gsl-1.8\VC8\libgsl\x64\Release-DLL\airy_zero.obj
E:\dev\BasicOCR\gsl\src\gsl\1.8\gsl-1.8\VC8\libgsl\x64\Release-DLL\akima.obj
E:\dev\BasicOCR\gsl\src\gsl\1.8\gsl-1.8\VC8\libgsl\x64\Release-DLL\atanint.obj
E:\dev\BasicOCR\gsl\src\gsl\1.8\gsl-1.8\VC8\libgsl\x64\Release-DLL\balance.obj
E:\dev\BasicOCR\gsl\src\gsl\1.8\gsl-1.8\VC8\libgsl\x64\Release-DLL\bernoulli.obj
E:\dev\BasicOCR\gsl\src\gsl\1.8\gsl-1.8\VC8\libgsl\x64\Release-DLL\bessel.obj
E:\dev\BasicOCR\gsl\src\gsl\1.8\gsl-1.8\VC8\libgsl\x64\Release-DLL\bessel_amp_phase.obj
E:\dev\BasicOCR\gsl\src\gsl\1.8\gsl-1.8\VC8\libgsl\x64\Release-DLL\bessel_i.obj
E:\dev\BasicOCR\gsl\src\gsl\1.8\gsl-1.8\VC8\libgsl\x64\Release-DLL\bessel_I0.obj
E:\dev\BasicOCR\gsl\src\gsl\1.8\gsl-1.8\VC8\libgsl\x64\Release-DLL\bessel_I1.obj
E:\dev\BasicOCR\gsl\src\gsl\1.8\gsl-1.8\VC8\libgsl\x64\Release-DLL\bessel_In.obj
E:\dev\BasicOCR\gsl\src\gsl\1.8\gsl-1.8\VC8\libgsl\x64\Release-DLL\bessel_Inu.obj
E:\dev\BasicOCR\gsl\src\gsl\1.8\gsl-1.8\VC8\libgsl\x64\Release-DLL\bessel_j.obj
E:\dev\BasicOCR\gsl\src\gsl\1.8\gsl-1.8\VC8\libgsl\x64\Release-DLL\bessel_J0.obj
E:\dev\BasicOCR\gsl\src\gsl\1.8\gsl-1.8\VC8\libgsl\x64\Release-DLL\bessel_J1.obj
E:\dev\BasicOCR\gsl\src\gsl\1.8\gsl-1.8\VC8\libgsl\x64\Release-DLL\bessel_Jn.obj
E:\dev\BasicOCR\gsl\src\gsl\1.8\gsl-1.8\VC8\libgsl\x64\Release-DLL\bessel_Jnu.obj
E:\dev\BasicOCR\gsl\src\gsl\1.8\gsl-1.8\VC8\libgsl\x64\Release-DLL\bessel_k.obj
E:\dev\BasicOCR\gsl\src\gsl\1.8\gsl-1.8\VC8\libgsl\x64\Release-DLL\bessel_K0.obj
E:\dev\BasicOCR\gsl\src\gsl\1.8\gsl-1.8\VC8\libgsl\x64\Release-DLL\bessel_K1.obj
E:\dev\BasicOCR\gsl\src\gsl\1.8\gsl-1.8\VC8\libgsl\x64\Release-DLL\bessel_Kn.obj
E:\dev\BasicOCR\gsl\src\gsl\1.8\gsl-1.8\VC8\libgsl\x64\Release-DLL\bessel_Knu.obj
E:\dev\BasicOCR\gsl\src\gsl\1.8\gsl-1.8\VC8\libgsl\x64\Release-DLL\bessel_olver.obj
E:\dev\BasicOCR\gsl\src\gsl\1.8\gsl-1.8\VC8\libgsl\x64\Release-DLL\bessel_sequence.obj
E:\dev\BasicOCR\gsl\src\gsl\1.8\gsl-1.8\VC8\libgsl\x64\Release-DLL\bessel_temme.obj
E:\dev\BasicOCR\gsl\src\gsl\1.8\gsl-1.8\VC8\libgsl\x64\Release-DLL\bessel_y.obj
E:\dev\BasicOCR\gsl\src\gsl\1.8\gsl-1.8\VC8\libgsl\x64\Release-DLL\bessel_Y0.obj
E:\dev\BasicOCR\gsl\src\gsl\1.8\gsl-1.8\VC8\libgsl\x64\Release-DLL\bessel_Y1.obj
E:\dev\BasicOCR\gsl\src\gsl\1.8\gsl-1.8\VC8\libgsl\x64\Release-DLL\bessel_Yn.obj
E:\dev\BasicOCR\gsl\src\gsl\1.8\gsl-1.8\VC8\libgsl\x64\Release-DLL\bessel_Ynu.obj
E:\dev\BasicOCR\gsl\src\gsl\1.8\gsl-1.8\VC8\libgsl\x64\Release-DLL\bessel_zero.obj
E:\dev\BasicOCR\gsl\src\gsl\1.8\gsl-1.8\VC8\libgsl\x64\Release-DLL\beta.obj
E:\dev\BasicOCR\gsl\src\gsl\1.8\gsl-1.8\VC8\libgsl\x64\Release-DLL\beta1.obj
E:\dev\BasicOCR\gsl\src\gsl\1.8\gsl-1.8\VC8\libgsl\x64\Release-DLL\beta2.obj
E:\dev\BasicOCR\gsl\src\gsl\1.8\gsl-1.8\VC8\libgsl\x64\Release-DLL\betainv.obj
E:\dev\BasicOCR\gsl\src\gsl\1.8\gsl-1.8\VC8\libgsl\x64\Release-DLL\beta_inc.obj
E:\dev\BasicOCR\gsl\src\gsl\1.8\gsl-1.8\VC8\libgsl\x64\Release-DLL\bidiag.obj
E:\dev\BasicOCR\gsl\src\gsl\1.8\gsl-1.8\VC8\libgsl\x64\Release-DLL\bigauss.obj
E:\dev\BasicOCR\gsl\src\gsl\1.8\gsl-1.8\VC8\libgsl\x64\Release-DLL\binomial.obj
E:\dev\BasicOCR\gsl\src\gsl\1.8\gsl-1.8\VC8\libgsl\x64\Release-DLL\binomial1.obj
E:\dev\BasicOCR\gsl\src\gsl\1.8\gsl-1.8\VC8\libgsl\x64\Release-DLL\binomial_tpe.obj
E:\dev\BasicOCR\gsl\src\gsl\1.8\gsl-1.8\VC8\libgsl\x64\Release-DLL\bisection.obj
E:\dev\BasicOCR\gsl\src\gsl\1.8\gsl-1.8\VC8\libgsl\x64\Release-DLL\blas.obj
E:\dev\BasicOCR\gsl\src\gsl\1.8\gsl-1.8\VC8\libgsl\x64\Release-DLL\block.obj
E:\dev\BasicOCR\gsl\src\gsl\1.8\gsl-1.8\VC8\libgsl\x64\Release-DLL\borosh13.obj
E:\dev\BasicOCR\gsl\src\gsl\1.8\gsl-1.8\VC8\libgsl\x64\Release-DLL\bracketing.obj
E:\dev\BasicOCR\gsl\src\gsl\1.8\gsl-1.8\VC8\libgsl\x64\Release-DLL\brent.obj
E:\dev\BasicOCR\gsl\src\gsl\1.8\gsl-1.8\VC8\libgsl\x64\Release-DLL\brent1.obj
E:\dev\BasicOCR\gsl\src\gsl\1.8\gsl-1.8\VC8\libgsl\x64\Release-DLL\broyden.obj
E:\dev\BasicOCR\gsl\src\gsl\1.8\gsl-1.8\VC8\libgsl\x64\Release-DLL\bsearch.obj
E:\dev\BasicOCR\gsl\src\gsl\1.8\gsl-1.8\VC8\libgsl\x64\Release-DLL\bsimp.obj
E:\dev\BasicOCR\gsl\src\gsl\1.8\gsl-1.8\VC8\libgsl\x64\Release-DLL\bspline.obj
E:\dev\BasicOCR\gsl\src\gsl\1.8\gsl-1.8\VC8\libgsl\x64\Release-DLL\calloc_range.obj
E:\dev\BasicOCR\gsl\src\gsl\1.8\gsl-1.8\VC8\libgsl\x64\Release-DLL\calloc_range2d.obj
E:\dev\BasicOCR\gsl\src\gsl\1.8\gsl-1.8\VC8\libgsl\x64\Release-DLL\canonical.obj
E:\dev\BasicOCR\gsl\src\gsl\1.8\gsl-1.8\VC8\libgsl\x64\Release-DLL\cauchy.obj
E:\dev\BasicOCR\gsl\src\gsl\1.8\gsl-1.8\VC8\libgsl\x64\Release-DLL\cauchy1.obj
E:\dev\BasicOCR\gsl\src\gsl\1.8\gsl-1.8\VC8\libgsl\x64\Release-DLL\cauchyinv.obj
E:\dev\BasicOCR\gsl\src\gsl\1.8\gsl-1.8\VC8\libgsl\x64\Release-DLL\caxpy.obj
E:\dev\BasicOCR\gsl\src\gsl\1.8\gsl-1.8\VC8\libgsl\x64\Release-DLL\ccopy.obj
E:\dev\BasicOCR\gsl\src\gsl\1.8\gsl-1.8\VC8\libgsl\x64\Release-DLL\cdotc_sub.obj
E:\dev\BasicOCR\gsl\src\gsl\1.8\gsl-1.8\VC8\libgsl\x64\Release-DLL\cdotu_sub.obj
E:\dev\BasicOCR\gsl\src\gsl\1.8\gsl-1.8\VC8\libgsl\x64\Release-DLL\cgbmv.obj
E:\dev\BasicOCR\gsl\src\gsl\1.8\gsl-1.8\VC8\libgsl\x64\Release-DLL\cgemm.obj
E:\dev\BasicOCR\gsl\src\gsl\1.8\gsl-1.8\VC8\libgsl\x64\Release-DLL\cgemv.obj
E:\dev\BasicOCR\gsl\src\gsl\1.8\gsl-1.8\VC8\libgsl\x64\Release-DLL\cgerc.obj
E:\dev\BasicOCR\gsl\src\gsl\1.8\gsl-1.8\VC8\libgsl\x64\Release-DLL\cgeru.obj
E:\dev\BasicOCR\gsl\src\gsl\1.8\gsl-1.8\VC8\libgsl\x64\Release-DLL\chbmv.obj
E:\dev\BasicOCR\gsl\src\gsl\1.8\gsl-1.8\VC8\libgsl\x64\Release-DLL\chemm.obj
E:\dev\BasicOCR\gsl\src\gsl\1.8\gsl-1.8\VC8\libgsl\x64\Release-DLL\chemv.obj
E:\dev\BasicOCR\gsl\src\gsl\1.8\gsl-1.8\VC8\libgsl\x64\Release-DLL\cher.obj
E:\dev\BasicOCR\gsl\src\gsl\1.8\gsl-1.8\VC8\libgsl\x64\Release-DLL\cher2.obj
E:\dev\BasicOCR\gsl\src\gsl\1.8\gsl-1.8\VC8\libgsl\x64\Release-DLL\cher2k.obj
E:\dev\BasicOCR\gsl\src\gsl\1.8\gsl-1.8\VC8\libgsl\x64\Release-DLL\cherk.obj
E:\dev\BasicOCR\gsl\src\gsl\1.8\gsl-1.8\VC8\libgsl\x64\Release-DLL\chisq.obj
E:\dev\BasicOCR\gsl\src\gsl\1.8\gsl-1.8\VC8\libgsl\x64\Release-DLL\chisq1.obj
E:\dev\BasicOCR\gsl\src\gsl\1.8\gsl-1.8\VC8\libgsl\x64\Release-DLL\chisqinv.obj
E:\dev\BasicOCR\gsl\src\gsl\1.8\gsl-1.8\VC8\libgsl\x64\Release-DLL\cholesky.obj
E:\dev\BasicOCR\gsl\src\gsl\1.8\gsl-1.8\VC8\libgsl\x64\Release-DLL\chpmv.obj
E:\dev\BasicOCR\gsl\src\gsl\1.8\gsl-1.8\VC8\libgsl\x64\Release-DLL\chpr.obj
E:\dev\BasicOCR\gsl\src\gsl\1.8\gsl-1.8\VC8\libgsl\x64\Release-DLL\chpr2.obj
E:\dev\BasicOCR\gsl\src\gsl\1.8\gsl-1.8\VC8\libgsl\x64\Release-DLL\clausen.obj
E:\dev\BasicOCR\gsl\src\gsl\1.8\gsl-1.8\VC8\libgsl\x64\Release-DLL\cmrg.obj
E:\dev\BasicOCR\gsl\src\gsl\1.8\gsl-1.8\VC8\libgsl\x64\Release-DLL\coerce.obj
E:\dev\BasicOCR\gsl\src\gsl\1.8\gsl-1.8\VC8\libgsl\x64\Release-DLL\combination.obj
E:\dev\BasicOCR\gsl\src\gsl\1.8\gsl-1.8\VC8\libgsl\x64\Release-DLL\conjugate_fr.obj
E:\dev\BasicOCR\gsl\src\gsl\1.8\gsl-1.8\VC8\libgsl\x64\Release-DLL\conjugate_pr.obj
E:\dev\BasicOCR\gsl\src\gsl\1.8\gsl-1.8\VC8\libgsl\x64\Release-DLL\control.obj
E:\dev\BasicOCR\gsl\src\gsl\1.8\gsl-1.8\VC8\libgsl\x64\Release-DLL\convergence.obj
E:\dev\BasicOCR\gsl\src\gsl\1.8\gsl-1.8\VC8\libgsl\x64\Release-DLL\convergence1.obj
E:\dev\BasicOCR\gsl\src\gsl\1.8\gsl-1.8\VC8\libgsl\x64\Release-DLL\convergence2.obj
E:\dev\BasicOCR\gsl\src\gsl\1.8\gsl-1.8\VC8\libgsl\x64\Release-DLL\convergence3.obj
E:\dev\BasicOCR\gsl\src\gsl\1.8\gsl-1.8\VC8\libgsl\x64\Release-DLL\convergence4.obj
E:\dev\BasicOCR\gsl\src\gsl\1.8\gsl-1.8\VC8\libgsl\x64\Release-DLL\copy.obj
E:\dev\BasicOCR\gsl\src\gsl\1.8\gsl-1.8\VC8\libgsl\x64\Release-DLL\copy1.obj
E:\dev\BasicOCR\gsl\src\gsl\1.8\gsl-1.8\VC8\libgsl\x64\Release-DLL\copy2.obj
E:\dev\BasicOCR\gsl\src\gsl\1.8\gsl-1.8\VC8\libgsl\x64\Release-DLL\copy2d.obj
E:\dev\BasicOCR\gsl\src\gsl\1.8\gsl-1.8\VC8\libgsl\x64\Release-DLL\coulomb.obj
E:\dev\BasicOCR\gsl\src\gsl\1.8\gsl-1.8\VC8\libgsl\x64\Release-DLL\coulomb_bound.obj
E:\dev\BasicOCR\gsl\src\gsl\1.8\gsl-1.8\VC8\libgsl\x64\Release-DLL\coupling.obj
E:\dev\BasicOCR\gsl\src\gsl\1.8\gsl-1.8\VC8\libgsl\x64\Release-DLL\covar.obj
E:\dev\BasicOCR\gsl\src\gsl\1.8\gsl-1.8\VC8\libgsl\x64\Release-DLL\covariance.obj
E:\dev\BasicOCR\gsl\src\gsl\1.8\gsl-1.8\VC8\libgsl\x64\Release-DLL\coveyou.obj
E:\dev\BasicOCR\gsl\src\gsl\1.8\gsl-1.8\VC8\libgsl\x64\Release-DLL\cscal.obj
E:\dev\BasicOCR\gsl\src\gsl\1.8\gsl-1.8\VC8\libgsl\x64\Release-DLL\cspline.obj
E:\dev\BasicOCR\gsl\src\gsl\1.8\gsl-1.8\VC8\libgsl\x64\Release-DLL\csscal.obj
E:\dev\BasicOCR\gsl\src\gsl\1.8\gsl-1.8\VC8\libgsl\x64\Release-DLL\cstd.obj
E:\dev\BasicOCR\gsl\src\gsl\1.8\gsl-1.8\VC8\libgsl\x64\Release-DLL\cswap.obj
E:\dev\BasicOCR\gsl\src\gsl\1.8\gsl-1.8\VC8\libgsl\x64\Release-DLL\csymm.obj
E:\dev\BasicOCR\gsl\src\gsl\1.8\gsl-1.8\VC8\libgsl\x64\Release-DLL\csyr2k.obj
E:\dev\BasicOCR\gsl\src\gsl\1.8\gsl-1.8\VC8\libgsl\x64\Release-DLL\csyrk.obj
E:\dev\BasicOCR\gsl\src\gsl\1.8\gsl-1.8\VC8\libgsl\x64\Release-DLL\ctbmv.obj
E:\dev\BasicOCR\gsl\src\gsl\1.8\gsl-1.8\VC8\libgsl\x64\Release-DLL\ctbsv.obj
E:\dev\BasicOCR\gsl\src\gsl\1.8\gsl-1.8\VC8\libgsl\x64\Release-DLL\ctpmv.obj
E:\dev\BasicOCR\gsl\src\gsl\1.8\gsl-1.8\VC8\libgsl\x64\Release-DLL\ctpsv.obj
E:\dev\BasicOCR\gsl\src\gsl\1.8\gsl-1.8\VC8\libgsl\x64\Release-DLL\ctrmm.obj
E:\dev\BasicOCR\gsl\src\gsl\1.8\gsl-1.8\VC8\libgsl\x64\Release-DLL\ctrmv.obj
E:\dev\BasicOCR\gsl\src\gsl\1.8\gsl-1.8\VC8\libgsl\x64\Release-DLL\ctrsm.obj
E:\dev\BasicOCR\gsl\src\gsl\1.8\gsl-1.8\VC8\libgsl\x64\Release-DLL\ctrsv.obj
E:\dev\BasicOCR\gsl\src\gsl\1.8\gsl-1.8\VC8\libgsl\x64\Release-DLL\dasum.obj
E:\dev\BasicOCR\gsl\src\gsl\1.8\gsl-1.8\VC8\libgsl\x64\Release-DLL\daubechies.obj
E:\dev\BasicOCR\gsl\src\gsl\1.8\gsl-1.8\VC8\libgsl\x64\Release-DLL\dawson.obj
E:\dev\BasicOCR\gsl\src\gsl\1.8\gsl-1.8\VC8\libgsl\x64\Release-DLL\daxpy.obj
E:\dev\BasicOCR\gsl\src\gsl\1.8\gsl-1.8\VC8\libgsl\x64\Release-DLL\dcopy.obj
E:\dev\BasicOCR\gsl\src\gsl\1.8\gsl-1.8\VC8\libgsl\x64\Release-DLL\dd.obj
E:\dev\BasicOCR\gsl\src\gsl\1.8\gsl-1.8\VC8\libgsl\x64\Release-DLL\ddot.obj
E:\dev\BasicOCR\gsl\src\gsl\1.8\gsl-1.8\VC8\libgsl\x64\Release-DLL\debye.obj
E:\dev\BasicOCR\gsl\src\gsl\1.8\gsl-1.8\VC8\libgsl\x64\Release-DLL\default.obj
E:\dev\BasicOCR\gsl\src\gsl\1.8\gsl-1.8\VC8\libgsl\x64\Release-DLL\deriv.obj
E:\dev\BasicOCR\gsl\src\gsl\1.8\gsl-1.8\VC8\libgsl\x64\Release-DLL\deriv1.obj
E:\dev\BasicOCR\gsl\src\gsl\1.8\gsl-1.8\VC8\libgsl\x64\Release-DLL\dft.obj
E:\dev\BasicOCR\gsl\src\gsl\1.8\gsl-1.8\VC8\libgsl\x64\Release-DLL\dgbmv.obj
E:\dev\BasicOCR\gsl\src\gsl\1.8\gsl-1.8\VC8\libgsl\x64\Release-DLL\dgemm.obj
E:\dev\BasicOCR\gsl\src\gsl\1.8\gsl-1.8\VC8\libgsl\x64\Release-DLL\dgemv.obj
E:\dev\BasicOCR\gsl\src\gsl\1.8\gsl-1.8\VC8\libgsl\x64\Release-DLL\dger.obj
E:\dev\BasicOCR\gsl\src\gsl\1.8\gsl-1.8\VC8\libgsl\x64\Release-DLL\dht.obj
E:\dev\BasicOCR\gsl\src\gsl\1.8\gsl-1.8\VC8\libgsl\x64\Release-DLL\diff.obj
E:\dev\BasicOCR\gsl\src\gsl\1.8\gsl-1.8\VC8\libgsl\x64\Release-DLL\diff1.obj
E:\dev\BasicOCR\gsl\src\gsl\1.8\gsl-1.8\VC8\libgsl\x64\Release-DLL\dilog.obj
E:\dev\BasicOCR\gsl\src\gsl\1.8\gsl-1.8\VC8\libgsl\x64\Release-DLL\dirichlet.obj
E:\dev\BasicOCR\gsl\src\gsl\1.8\gsl-1.8\VC8\libgsl\x64\Release-DLL\discrete.obj
E:\dev\BasicOCR\gsl\src\gsl\1.8\gsl-1.8\VC8\libgsl\x64\Release-DLL\dnewton.obj
E:\dev\BasicOCR\gsl\src\gsl\1.8\gsl-1.8\VC8\libgsl\x64\Release-DLL\dnrm2.obj
E:\dev\BasicOCR\gsl\src\gsl\1.8\gsl-1.8\VC8\libgsl\x64\Release-DLL\drot.obj
E:\dev\BasicOCR\gsl\src\gsl\1.8\gsl-1.8\VC8\libgsl\x64\Release-DLL\drotg.obj
E:\dev\BasicOCR\gsl\src\gsl\1.8\gsl-1.8\VC8\libgsl\x64\Release-DLL\drotm.obj
E:\dev\BasicOCR\gsl\src\gsl\1.8\gsl-1.8\VC8\libgsl\x64\Release-DLL\drotmg.obj
E:\dev\BasicOCR\gsl\src\gsl\1.8\gsl-1.8\VC8\libgsl\x64\Release-DLL\dsbmv.obj
E:\dev\BasicOCR\gsl\src\gsl\1.8\gsl-1.8\VC8\libgsl\x64\Release-DLL\dscal.obj
E:\dev\BasicOCR\gsl\src\gsl\1.8\gsl-1.8\VC8\libgsl\x64\Release-DLL\dsdot.obj
E:\dev\BasicOCR\gsl\src\gsl\1.8\gsl-1.8\VC8\libgsl\x64\Release-DLL\dspmv.obj
E:\dev\BasicOCR\gsl\src\gsl\1.8\gsl-1.8\VC8\libgsl\x64\Release-DLL\dspr.obj
E:\dev\BasicOCR\gsl\src\gsl\1.8\gsl-1.8\VC8\libgsl\x64\Release-DLL\dspr2.obj
E:\dev\BasicOCR\gsl\src\gsl\1.8\gsl-1.8\VC8\libgsl\x64\Release-DLL\dswap.obj
E:\dev\BasicOCR\gsl\src\gsl\1.8\gsl-1.8\VC8\libgsl\x64\Release-DLL\dsymm.obj
E:\dev\BasicOCR\gsl\src\gsl\1.8\gsl-1.8\VC8\libgsl\x64\Release-DLL\dsymv.obj
E:\dev\BasicOCR\gsl\src\gsl\1.8\gsl-1.8\VC8\libgsl\x64\Release-DLL\dsyr.obj
E:\dev\BasicOCR\gsl\src\gsl\1.8\gsl-1.8\VC8\libgsl\x64\Release-DLL\dsyr2.obj
E:\dev\BasicOCR\gsl\src\gsl\1.8\gsl-1.8\VC8\libgsl\x64\Release-DLL\dsyr2k.obj
E:\dev\BasicOCR\gsl\src\gsl\1.8\gsl-1.8\VC8\libgsl\x64\Release-DLL\dsyrk.obj
E:\dev\BasicOCR\gsl\src\gsl\1.8\gsl-1.8\VC8\libgsl\x64\Release-DLL\dtbmv.obj
E:\dev\BasicOCR\gsl\src\gsl\1.8\gsl-1.8\VC8\libgsl\x64\Release-DLL\dtbsv.obj
E:\dev\BasicOCR\gsl\src\gsl\1.8\gsl-1.8\VC8\libgsl\x64\Release-DLL\dtpmv.obj
E:\dev\BasicOCR\gsl\src\gsl\1.8\gsl-1.8\VC8\libgsl\x64\Release-DLL\dtpsv.obj
E:\dev\BasicOCR\gsl\src\gsl\1.8\gsl-1.8\VC8\libgsl\x64\Release-DLL\dtrmm.obj
E:\dev\BasicOCR\gsl\src\gsl\1.8\gsl-1.8\VC8\libgsl\x64\Release-DLL\dtrmv.obj
E:\dev\BasicOCR\gsl\src\gsl\1.8\gsl-1.8\VC8\libgsl\x64\Release-DLL\dtrsm.obj
E:\dev\BasicOCR\gsl\src\gsl\1.8\gsl-1.8\VC8\libgsl\x64\Release-DLL\dtrsv.obj
E:\dev\BasicOCR\gsl\src\gsl\1.8\gsl-1.8\VC8\libgsl\x64\Release-DLL\dwt.obj
E:\dev\BasicOCR\gsl\src\gsl\1.8\gsl-1.8\VC8\libgsl\x64\Release-DLL\dzasum.obj
E:\dev\BasicOCR\gsl\src\gsl\1.8\gsl-1.8\VC8\libgsl\x64\Release-DLL\dznrm2.obj
E:\dev\BasicOCR\gsl\src\gsl\1.8\gsl-1.8\VC8\libgsl\x64\Release-DLL\elementary.obj
E:\dev\BasicOCR\gsl\src\gsl\1.8\gsl-1.8\VC8\libgsl\x64\Release-DLL\ellint.obj
E:\dev\BasicOCR\gsl\src\gsl\1.8\gsl-1.8\VC8\libgsl\x64\Release-DLL\elljac.obj
E:\dev\BasicOCR\gsl\src\gsl\1.8\gsl-1.8\VC8\libgsl\x64\Release-DLL\env.obj
E:\dev\BasicOCR\gsl\src\gsl\1.8\gsl-1.8\VC8\libgsl\x64\Release-DLL\erfc.obj
E:\dev\BasicOCR\gsl\src\gsl\1.8\gsl-1.8\VC8\libgsl\x64\Release-DLL\erlang.obj
E:\dev\BasicOCR\gsl\src\gsl\1.8\gsl-1.8\VC8\libgsl\x64\Release-DLL\error.obj
E:\dev\BasicOCR\gsl\src\gsl\1.8\gsl-1.8\VC8\libgsl\x64\Release-DLL\eval.obj
E:\dev\BasicOCR\gsl\src\gsl\1.8\gsl-1.8\VC8\libgsl\x64\Release-DLL\eval1.obj
E:\dev\BasicOCR\gsl\src\gsl\1.8\gsl-1.8\VC8\libgsl\x64\Release-DLL\evolve.obj
E:\dev\BasicOCR\gsl\src\gsl\1.8\gsl-1.8\VC8\libgsl\x64\Release-DLL\exp.obj
E:\dev\BasicOCR\gsl\src\gsl\1.8\gsl-1.8\VC8\libgsl\x64\Release-DLL\expint.obj
E:\dev\BasicOCR\gsl\src\gsl\1.8\gsl-1.8\VC8\libgsl\x64\Release-DLL\expint3.obj
E:\dev\BasicOCR\gsl\src\gsl\1.8\gsl-1.8\VC8\libgsl\x64\Release-DLL\expm1.obj
E:\dev\BasicOCR\gsl\src\gsl\1.8\gsl-1.8\VC8\libgsl\x64\Release-DLL\exponential.obj
E:\dev\BasicOCR\gsl\src\gsl\1.8\gsl-1.8\VC8\libgsl\x64\Release-DLL\exponential1.obj
E:\dev\BasicOCR\gsl\src\gsl\1.8\gsl-1.8\VC8\libgsl\x64\Release-DLL\exponential2.obj
E:\dev\BasicOCR\gsl\src\gsl\1.8\gsl-1.8\VC8\libgsl\x64\Release-DLL\exponentialinv.obj
E:\dev\BasicOCR\gsl\src\gsl\1.8\gsl-1.8\VC8\libgsl\x64\Release-DLL\exppow.obj
E:\dev\BasicOCR\gsl\src\gsl\1.8\gsl-1.8\VC8\libgsl\x64\Release-DLL\exppow1.obj
E:\dev\BasicOCR\gsl\src\gsl\1.8\gsl-1.8\VC8\libgsl\x64\Release-DLL\falsepos.obj
E:\dev\BasicOCR\gsl\src\gsl\1.8\gsl-1.8\VC8\libgsl\x64\Release-DLL\fcmp.obj
E:\dev\BasicOCR\gsl\src\gsl\1.8\gsl-1.8\VC8\libgsl\x64\Release-DLL\fdfminimizer.obj
E:\dev\BasicOCR\gsl\src\gsl\1.8\gsl-1.8\VC8\libgsl\x64\Release-DLL\fdfsolver.obj
E:\dev\BasicOCR\gsl\src\gsl\1.8\gsl-1.8\VC8\libgsl\x64\Release-DLL\fdfsolver1.obj
E:\dev\BasicOCR\gsl\src\gsl\1.8\gsl-1.8\VC8\libgsl\x64\Release-DLL\fdfsolver2.obj
E:\dev\BasicOCR\gsl\src\gsl\1.8\gsl-1.8\VC8\libgsl\x64\Release-DLL\fdist.obj
E:\dev\BasicOCR\gsl\src\gsl\1.8\gsl-1.8\VC8\libgsl\x64\Release-DLL\fdist1.obj
E:\dev\BasicOCR\gsl\src\gsl\1.8\gsl-1.8\VC8\libgsl\x64\Release-DLL\fdistinv.obj
E:\dev\BasicOCR\gsl\src\gsl\1.8\gsl-1.8\VC8\libgsl\x64\Release-DLL\fdiv.obj
E:\dev\BasicOCR\gsl\src\gsl\1.8\gsl-1.8\VC8\libgsl\x64\Release-DLL\fdjac.obj
E:\dev\BasicOCR\gsl\src\gsl\1.8\gsl-1.8\VC8\libgsl\x64\Release-DLL\fermi_dirac.obj
E:\dev\BasicOCR\gsl\src\gsl\1.8\gsl-1.8\VC8\libgsl\x64\Release-DLL\fft.obj
E:\dev\BasicOCR\gsl\src\gsl\1.8\gsl-1.8\VC8\libgsl\x64\Release-DLL\file.obj
E:\dev\BasicOCR\gsl\src\gsl\1.8\gsl-1.8\VC8\libgsl\x64\Release-DLL\file1.obj
E:\dev\BasicOCR\gsl\src\gsl\1.8\gsl-1.8\VC8\libgsl\x64\Release-DLL\file2.obj
E:\dev\BasicOCR\gsl\src\gsl\1.8\gsl-1.8\VC8\libgsl\x64\Release-DLL\file2d.obj
E:\dev\BasicOCR\gsl\src\gsl\1.8\gsl-1.8\VC8\libgsl\x64\Release-DLL\file3.obj
E:\dev\BasicOCR\gsl\src\gsl\1.8\gsl-1.8\VC8\libgsl\x64\Release-DLL\file4.obj
E:\dev\BasicOCR\gsl\src\gsl\1.8\gsl-1.8\VC8\libgsl\x64\Release-DLL\file5.obj
E:\dev\BasicOCR\gsl\src\gsl\1.8\gsl-1.8\VC8\libgsl\x64\Release-DLL\file6.obj
E:\dev\BasicOCR\gsl\src\gsl\1.8\gsl-1.8\VC8\libgsl\x64\Release-DLL\fishman18.obj
E:\dev\BasicOCR\gsl\src\gsl\1.8\gsl-1.8\VC8\libgsl\x64\Release-DLL\fishman20.obj
E:\dev\BasicOCR\gsl\src\gsl\1.8\gsl-1.8\VC8\libgsl\x64\Release-DLL\fishman2x.obj
E:\dev\BasicOCR\gsl\src\gsl\1.8\gsl-1.8\VC8\libgsl\x64\Release-DLL\flat.obj
E:\dev\BasicOCR\gsl\src\gsl\1.8\gsl-1.8\VC8\libgsl\x64\Release-DLL\flat1.obj
E:\dev\BasicOCR\gsl\src\gsl\1.8\gsl-1.8\VC8\libgsl\x64\Release-DLL\flatinv.obj
E:\dev\BasicOCR\gsl\src\gsl\1.8\gsl-1.8\VC8\libgsl\x64\Release-DLL\fminimizer.obj
E:\dev\BasicOCR\gsl\src\gsl\1.8\gsl-1.8\VC8\libgsl\x64\Release-DLL\fp.obj
E:\dev\BasicOCR\gsl\src\gsl\1.8\gsl-1.8\VC8\libgsl\x64\Release-DLL\fsolver.obj
E:\dev\BasicOCR\gsl\src\gsl\1.8\gsl-1.8\VC8\libgsl\x64\Release-DLL\fsolver1.obj
E:\dev\BasicOCR\gsl\src\gsl\1.8\gsl-1.8\VC8\libgsl\x64\Release-DLL\fsolver2.obj
E:\dev\BasicOCR\gsl\src\gsl\1.8\gsl-1.8\VC8\libgsl\x64\Release-DLL\fsolver3.obj
E:\dev\BasicOCR\gsl\src\gsl\1.8\gsl-1.8\VC8\libgsl\x64\Release-DLL\gamma.obj
E:\dev\BasicOCR\gsl\src\gsl\1.8\gsl-1.8\VC8\libgsl\x64\Release-DLL\gamma1.obj
E:\dev\BasicOCR\gsl\src\gsl\1.8\gsl-1.8\VC8\libgsl\x64\Release-DLL\gamma2.obj
E:\dev\BasicOCR\gsl\src\gsl\1.8\gsl-1.8\VC8\libgsl\x64\Release-DLL\gammainv.obj
E:\dev\BasicOCR\gsl\src\gsl\1.8\gsl-1.8\VC8\libgsl\x64\Release-DLL\gamma_inc.obj
E:\dev\BasicOCR\gsl\src\gsl\1.8\gsl-1.8\VC8\libgsl\x64\Release-DLL\gauss.obj
E:\dev\BasicOCR\gsl\src\gsl\1.8\gsl-1.8\VC8\libgsl\x64\Release-DLL\gauss1.obj
E:\dev\BasicOCR\gsl\src\gsl\1.8\gsl-1.8\VC8\libgsl\x64\Release-DLL\gaussinv.obj
E:\dev\BasicOCR\gsl\src\gsl\1.8\gsl-1.8\VC8\libgsl\x64\Release-DLL\gausstail.obj
E:\dev\BasicOCR\gsl\src\gsl\1.8\gsl-1.8\VC8\libgsl\x64\Release-DLL\gausszig.obj
E:\dev\BasicOCR\gsl\src\gsl\1.8\gsl-1.8\VC8\libgsl\x64\Release-DLL\gear1.obj
E:\dev\BasicOCR\gsl\src\gsl\1.8\gsl-1.8\VC8\libgsl\x64\Release-DLL\gear2.obj
E:\dev\BasicOCR\gsl\src\gsl\1.8\gsl-1.8\VC8\libgsl\x64\Release-DLL\gegenbauer.obj
E:\dev\BasicOCR\gsl\src\gsl\1.8\gsl-1.8\VC8\libgsl\x64\Release-DLL\geometric.obj
E:\dev\BasicOCR\gsl\src\gsl\1.8\gsl-1.8\VC8\libgsl\x64\Release-DLL\geometric1.obj
E:\dev\BasicOCR\gsl\src\gsl\1.8\gsl-1.8\VC8\libgsl\x64\Release-DLL\get.obj
E:\dev\BasicOCR\gsl\src\gsl\1.8\gsl-1.8\VC8\libgsl\x64\Release-DLL\get2d.obj
E:\dev\BasicOCR\gsl\src\gsl\1.8\gsl-1.8\VC8\libgsl\x64\Release-DLL\getset.obj
E:\dev\BasicOCR\gsl\src\gsl\1.8\gsl-1.8\VC8\libgsl\x64\Release-DLL\gfsr4.obj
E:\dev\BasicOCR\gsl\src\gsl\1.8\gsl-1.8\VC8\libgsl\x64\Release-DLL\gnewton.obj
E:\dev\BasicOCR\gsl\src\gsl\1.8\gsl-1.8\VC8\libgsl\x64\Release-DLL\golden.obj
E:\dev\BasicOCR\gsl\src\gsl\1.8\gsl-1.8\VC8\libgsl\x64\Release-DLL\gradient.obj
E:\dev\BasicOCR\gsl\src\gsl\1.8\gsl-1.8\VC8\libgsl\x64\Release-DLL\gumbel.obj
E:\dev\BasicOCR\gsl\src\gsl\1.8\gsl-1.8\VC8\libgsl\x64\Release-DLL\gumbel1.obj
E:\dev\BasicOCR\gsl\src\gsl\1.8\gsl-1.8\VC8\libgsl\x64\Release-DLL\gumbel1inv.obj
E:\dev\BasicOCR\gsl\src\gsl\1.8\gsl-1.8\VC8\libgsl\x64\Release-DLL\gumbel2.obj
E:\dev\BasicOCR\gsl\src\gsl\1.8\gsl-1.8\VC8\libgsl\x64\Release-DLL\gumbel2inv.obj
E:\dev\BasicOCR\gsl\src\gsl\1.8\gsl-1.8\VC8\libgsl\x64\Release-DLL\haar.obj
E:\dev\BasicOCR\gsl\src\gsl\1.8\gsl-1.8\VC8\libgsl\x64\Release-DLL\herm.obj
E:\dev\BasicOCR\gsl\src\gsl\1.8\gsl-1.8\VC8\libgsl\x64\Release-DLL\hermtd.obj
E:\dev\BasicOCR\gsl\src\gsl\1.8\gsl-1.8\VC8\libgsl\x64\Release-DLL\hermv.obj
E:\dev\BasicOCR\gsl\src\gsl\1.8\gsl-1.8\VC8\libgsl\x64\Release-DLL\hh.obj
E:\dev\BasicOCR\gsl\src\gsl\1.8\gsl-1.8\VC8\libgsl\x64\Release-DLL\householder.obj
E:\dev\BasicOCR\gsl\src\gsl\1.8\gsl-1.8\VC8\libgsl\x64\Release-DLL\householdercomplex.obj
E:\dev\BasicOCR\gsl\src\gsl\1.8\gsl-1.8\VC8\libgsl\x64\Release-DLL\hybrid.obj
E:\dev\BasicOCR\gsl\src\gsl\1.8\gsl-1.8\VC8\libgsl\x64\Release-DLL\hybridj.obj
E:\dev\BasicOCR\gsl\src\gsl\1.8\gsl-1.8\VC8\libgsl\x64\Release-DLL\hyperg.obj
E:\dev\BasicOCR\gsl\src\gsl\1.8\gsl-1.8\VC8\libgsl\x64\Release-DLL\hyperg1.obj
E:\dev\BasicOCR\gsl\src\gsl\1.8\gsl-1.8\VC8\libgsl\x64\Release-DLL\hypergeometric.obj
E:\dev\BasicOCR\gsl\src\gsl\1.8\gsl-1.8\VC8\libgsl\x64\Release-DLL\hyperg_0F1.obj
E:\dev\BasicOCR\gsl\src\gsl\1.8\gsl-1.8\VC8\libgsl\x64\Release-DLL\hyperg_1F1.obj
E:\dev\BasicOCR\gsl\src\gsl\1.8\gsl-1.8\VC8\libgsl\x64\Release-DLL\hyperg_2F0.obj
E:\dev\BasicOCR\gsl\src\gsl\1.8\gsl-1.8\VC8\libgsl\x64\Release-DLL\hyperg_2F1.obj
E:\dev\BasicOCR\gsl\src\gsl\1.8\gsl-1.8\VC8\libgsl\x64\Release-DLL\hyperg_U.obj
E:\dev\BasicOCR\gsl\src\gsl\1.8\gsl-1.8\VC8\libgsl\x64\Release-DLL\hypot.obj
E:\dev\BasicOCR\gsl\src\gsl\1.8\gsl-1.8\VC8\libgsl\x64\Release-DLL\icamax.obj
E:\dev\BasicOCR\gsl\src\gsl\1.8\gsl-1.8\VC8\libgsl\x64\Release-DLL\idamax.obj
E:\dev\BasicOCR\gsl\src\gsl\1.8\gsl-1.8\VC8\libgsl\x64\Release-DLL\infnan.obj
E:\dev\BasicOCR\gsl\src\gsl\1.8\gsl-1.8\VC8\libgsl\x64\Release-DLL\init.obj
E:\dev\BasicOCR\gsl\src\gsl\1.8\gsl-1.8\VC8\libgsl\x64\Release-DLL\init1.obj
E:\dev\BasicOCR\gsl\src\gsl\1.8\gsl-1.8\VC8\libgsl\x64\Release-DLL\init2.obj
E:\dev\BasicOCR\gsl\src\gsl\1.8\gsl-1.8\VC8\libgsl\x64\Release-DLL\init2d.obj
E:\dev\BasicOCR\gsl\src\gsl\1.8\gsl-1.8\VC8\libgsl\x64\Release-DLL\init3.obj
E:\dev\BasicOCR\gsl\src\gsl\1.8\gsl-1.8\VC8\libgsl\x64\Release-DLL\init4.obj
E:\dev\BasicOCR\gsl\src\gsl\1.8\gsl-1.8\VC8\libgsl\x64\Release-DLL\init5.obj
E:\dev\BasicOCR\gsl\src\gsl\1.8\gsl-1.8\VC8\libgsl\x64\Release-DLL\init6.obj
E:\dev\BasicOCR\gsl\src\gsl\1.8\gsl-1.8\VC8\libgsl\x64\Release-DLL\integ.obj
E:\dev\BasicOCR\gsl\src\gsl\1.8\gsl-1.8\VC8\libgsl\x64\Release-DLL\interp.obj
E:\dev\BasicOCR\gsl\src\gsl\1.8\gsl-1.8\VC8\libgsl\x64\Release-DLL\invhyp.obj
E:\dev\BasicOCR\gsl\src\gsl\1.8\gsl-1.8\VC8\libgsl\x64\Release-DLL\isamax.obj
E:\dev\BasicOCR\gsl\src\gsl\1.8\gsl-1.8\VC8\libgsl\x64\Release-DLL\izamax.obj
E:\dev\BasicOCR\gsl\src\gsl\1.8\gsl-1.8\VC8\libgsl\x64\Release-DLL\jacobi.obj
E:\dev\BasicOCR\gsl\src\gsl\1.8\gsl-1.8\VC8\libgsl\x64\Release-DLL\knuthran.obj
E:\dev\BasicOCR\gsl\src\gsl\1.8\gsl-1.8\VC8\libgsl\x64\Release-DLL\knuthran2.obj
E:\dev\BasicOCR\gsl\src\gsl\1.8\gsl-1.8\VC8\libgsl\x64\Release-DLL\kurtosis.obj
E:\dev\BasicOCR\gsl\src\gsl\1.8\gsl-1.8\VC8\libgsl\x64\Release-DLL\lag1.obj
E:\dev\BasicOCR\gsl\src\gsl\1.8\gsl-1.8\VC8\libgsl\x64\Release-DLL\laguerre.obj
E:\dev\BasicOCR\gsl\src\gsl\1.8\gsl-1.8\VC8\libgsl\x64\Release-DLL\lambert.obj
E:\dev\BasicOCR\gsl\src\gsl\1.8\gsl-1.8\VC8\libgsl\x64\Release-DLL\landau.obj
E:\dev\BasicOCR\gsl\src\gsl\1.8\gsl-1.8\VC8\libgsl\x64\Release-DLL\laplace.obj
E:\dev\BasicOCR\gsl\src\gsl\1.8\gsl-1.8\VC8\libgsl\x64\Release-DLL\laplace1.obj
E:\dev\BasicOCR\gsl\src\gsl\1.8\gsl-1.8\VC8\libgsl\x64\Release-DLL\laplaceinv.obj
E:\dev\BasicOCR\gsl\src\gsl\1.8\gsl-1.8\VC8\libgsl\x64\Release-DLL\ldfrexp.obj
E:\dev\BasicOCR\gsl\src\gsl\1.8\gsl-1.8\VC8\libgsl\x64\Release-DLL\lecuyer21.obj
E:\dev\BasicOCR\gsl\src\gsl\1.8\gsl-1.8\VC8\libgsl\x64\Release-DLL\legendre_con.obj
E:\dev\BasicOCR\gsl\src\gsl\1.8\gsl-1.8\VC8\libgsl\x64\Release-DLL\legendre_H3d.obj
E:\dev\BasicOCR\gsl\src\gsl\1.8\gsl-1.8\VC8\libgsl\x64\Release-DLL\legendre_poly.obj
E:\dev\BasicOCR\gsl\src\gsl\1.8\gsl-1.8\VC8\libgsl\x64\Release-DLL\legendre_Qn.obj
E:\dev\BasicOCR\gsl\src\gsl\1.8\gsl-1.8\VC8\libgsl\x64\Release-DLL\levin_u.obj
E:\dev\BasicOCR\gsl\src\gsl\1.8\gsl-1.8\VC8\libgsl\x64\Release-DLL\levin_utrunc.obj
E:\dev\BasicOCR\gsl\src\gsl\1.8\gsl-1.8\VC8\libgsl\x64\Release-DLL\levy.obj
E:\dev\BasicOCR\gsl\src\gsl\1.8\gsl-1.8\VC8\libgsl\x64\Release-DLL\linear.obj
E:\dev\BasicOCR\gsl\src\gsl\1.8\gsl-1.8\VC8\libgsl\x64\Release-DLL\linear1.obj
E:\dev\BasicOCR\gsl\src\gsl\1.8\gsl-1.8\VC8\libgsl\x64\Release-DLL\lmder.obj
E:\dev\BasicOCR\gsl\src\gsl\1.8\gsl-1.8\VC8\libgsl\x64\Release-DLL\log.obj
E:\dev\BasicOCR\gsl\src\gsl\1.8\gsl-1.8\VC8\libgsl\x64\Release-DLL\log1p.obj
E:\dev\BasicOCR\gsl\src\gsl\1.8\gsl-1.8\VC8\libgsl\x64\Release-DLL\logarithmic.obj
E:\dev\BasicOCR\gsl\src\gsl\1.8\gsl-1.8\VC8\libgsl\x64\Release-DLL\logistic.obj
E:\dev\BasicOCR\gsl\src\gsl\1.8\gsl-1.8\VC8\libgsl\x64\Release-DLL\logistic1.obj
E:\dev\BasicOCR\gsl\src\gsl\1.8\gsl-1.8\VC8\libgsl\x64\Release-DLL\logisticinv.obj
E:\dev\BasicOCR\gsl\src\gsl\1.8\gsl-1.8\VC8\libgsl\x64\Release-DLL\lognormal.obj
E:\dev\BasicOCR\gsl\src\gsl\1.8\gsl-1.8\VC8\libgsl\x64\Release-DLL\lognormal1.obj
E:\dev\BasicOCR\gsl\src\gsl\1.8\gsl-1.8\VC8\libgsl\x64\Release-DLL\lognormalinv.obj
E:\dev\BasicOCR\gsl\src\gsl\1.8\gsl-1.8\VC8\libgsl\x64\Release-DLL\lq.obj
E:\dev\BasicOCR\gsl\src\gsl\1.8\gsl-1.8\VC8\libgsl\x64\Release-DLL\lu.obj
E:\dev\BasicOCR\gsl\src\gsl\1.8\gsl-1.8\VC8\libgsl\x64\Release-DLL\luc.obj
E:\dev\BasicOCR\gsl\src\gsl\1.8\gsl-1.8\VC8\libgsl\x64\Release-DLL\make_rep.obj
E:\dev\BasicOCR\gsl\src\gsl\1.8\gsl-1.8\VC8\libgsl\x64\Release-DLL\math.obj
E:\dev\BasicOCR\gsl\src\gsl\1.8\gsl-1.8\VC8\libgsl\x64\Release-DLL\matrix.obj
E:\dev\BasicOCR\gsl\src\gsl\1.8\gsl-1.8\VC8\libgsl\x64\Release-DLL\maxval.obj
E:\dev\BasicOCR\gsl\src\gsl\1.8\gsl-1.8\VC8\libgsl\x64\Release-DLL\maxval2d.obj
E:\dev\BasicOCR\gsl\src\gsl\1.8\gsl-1.8\VC8\libgsl\x64\Release-DLL\mean.obj
E:\dev\BasicOCR\gsl\src\gsl\1.8\gsl-1.8\VC8\libgsl\x64\Release-DLL\median.obj
E:\dev\BasicOCR\gsl\src\gsl\1.8\gsl-1.8\VC8\libgsl\x64\Release-DLL\message.obj
E:\dev\BasicOCR\gsl\src\gsl\1.8\gsl-1.8\VC8\libgsl\x64\Release-DLL\minmax.obj
E:\dev\BasicOCR\gsl\src\gsl\1.8\gsl-1.8\VC8\libgsl\x64\Release-DLL\minmax1.obj
E:\dev\BasicOCR\gsl\src\gsl\1.8\gsl-1.8\VC8\libgsl\x64\Release-DLL\minmax2.obj
E:\dev\BasicOCR\gsl\src\gsl\1.8\gsl-1.8\VC8\libgsl\x64\Release-DLL\minmax3.obj
E:\dev\BasicOCR\gsl\src\gsl\1.8\gsl-1.8\VC8\libgsl\x64\Release-DLL\minstd.obj
E:\dev\BasicOCR\gsl\src\gsl\1.8\gsl-1.8\VC8\libgsl\x64\Release-DLL\miser.obj
E:\dev\BasicOCR\gsl\src\gsl\1.8\gsl-1.8\VC8\libgsl\x64\Release-DLL\mrg.obj
E:\dev\BasicOCR\gsl\src\gsl\1.8\gsl-1.8\VC8\libgsl\x64\Release-DLL\mt.obj
E:\dev\BasicOCR\gsl\src\gsl\1.8\gsl-1.8\VC8\libgsl\x64\Release-DLL\multilinear.obj
E:\dev\BasicOCR\gsl\src\gsl\1.8\gsl-1.8\VC8\libgsl\x64\Release-DLL\multinomial.obj
E:\dev\BasicOCR\gsl\src\gsl\1.8\gsl-1.8\VC8\libgsl\x64\Release-DLL\multiply.obj
E:\dev\BasicOCR\gsl\src\gsl\1.8\gsl-1.8\VC8\libgsl\x64\Release-DLL\nbinomial.obj
E:\dev\BasicOCR\gsl\src\gsl\1.8\gsl-1.8\VC8\libgsl\x64\Release-DLL\nbinomial1.obj
E:\dev\BasicOCR\gsl\src\gsl\1.8\gsl-1.8\VC8\libgsl\x64\Release-DLL\newton.obj
E:\dev\BasicOCR\gsl\src\gsl\1.8\gsl-1.8\VC8\libgsl\x64\Release-DLL\newton1.obj
E:\dev\BasicOCR\gsl\src\gsl\1.8\gsl-1.8\VC8\libgsl\x64\Release-DLL\niederreiter-2.obj
E:\dev\BasicOCR\gsl\src\gsl\1.8\gsl-1.8\VC8\libgsl\x64\Release-DLL\ntuple.obj
E:\dev\BasicOCR\gsl\src\gsl\1.8\gsl-1.8\VC8\libgsl\x64\Release-DLL\oper.obj
E:\dev\BasicOCR\gsl\src\gsl\1.8\gsl-1.8\VC8\libgsl\x64\Release-DLL\oper1.obj
E:\dev\BasicOCR\gsl\src\gsl\1.8\gsl-1.8\VC8\libgsl\x64\Release-DLL\oper2.obj
E:\dev\BasicOCR\gsl\src\gsl\1.8\gsl-1.8\VC8\libgsl\x64\Release-DLL\oper2d.obj
E:\dev\BasicOCR\gsl\src\gsl\1.8\gsl-1.8\VC8\libgsl\x64\Release-DLL\params.obj
E:\dev\BasicOCR\gsl\src\gsl\1.8\gsl-1.8\VC8\libgsl\x64\Release-DLL\params2d.obj
E:\dev\BasicOCR\gsl\src\gsl\1.8\gsl-1.8\VC8\libgsl\x64\Release-DLL\pareto.obj
E:\dev\BasicOCR\gsl\src\gsl\1.8\gsl-1.8\VC8\libgsl\x64\Release-DLL\pareto1.obj
E:\dev\BasicOCR\gsl\src\gsl\1.8\gsl-1.8\VC8\libgsl\x64\Release-DLL\paretoinv.obj
E:\dev\BasicOCR\gsl\src\gsl\1.8\gsl-1.8\VC8\libgsl\x64\Release-DLL\pascal.obj
E:\dev\BasicOCR\gsl\src\gsl\1.8\gsl-1.8\VC8\libgsl\x64\Release-DLL\pascal1.obj
E:\dev\BasicOCR\gsl\src\gsl\1.8\gsl-1.8\VC8\libgsl\x64\Release-DLL\pdf.obj
E:\dev\BasicOCR\gsl\src\gsl\1.8\gsl-1.8\VC8\libgsl\x64\Release-DLL\pdf2d.obj
E:\dev\BasicOCR\gsl\src\gsl\1.8\gsl-1.8\VC8\libgsl\x64\Release-DLL\permutation.obj
E:\dev\BasicOCR\gsl\src\gsl\1.8\gsl-1.8\VC8\libgsl\x64\Release-DLL\permute.obj
E:\dev\BasicOCR\gsl\src\gsl\1.8\gsl-1.8\VC8\libgsl\x64\Release-DLL\placeholder.obj
E:\dev\BasicOCR\gsl\src\gsl\1.8\gsl-1.8\VC8\libgsl\x64\Release-DLL\plain.obj
E:\dev\BasicOCR\gsl\src\gsl\1.8\gsl-1.8\VC8\libgsl\x64\Release-DLL\poch.obj
E:\dev\BasicOCR\gsl\src\gsl\1.8\gsl-1.8\VC8\libgsl\x64\Release-DLL\poisson.obj
E:\dev\BasicOCR\gsl\src\gsl\1.8\gsl-1.8\VC8\libgsl\x64\Release-DLL\poisson1.obj
E:\dev\BasicOCR\gsl\src\gsl\1.8\gsl-1.8\VC8\libgsl\x64\Release-DLL\poly.obj
E:\dev\BasicOCR\gsl\src\gsl\1.8\gsl-1.8\VC8\libgsl\x64\Release-DLL\pow_int.obj
E:\dev\BasicOCR\gsl\src\gsl\1.8\gsl-1.8\VC8\libgsl\x64\Release-DLL\pow_int1.obj
E:\dev\BasicOCR\gsl\src\gsl\1.8\gsl-1.8\VC8\libgsl\x64\Release-DLL\prec.obj
E:\dev\BasicOCR\gsl\src\gsl\1.8\gsl-1.8\VC8\libgsl\x64\Release-DLL\print.obj
E:\dev\BasicOCR\gsl\src\gsl\1.8\gsl-1.8\VC8\libgsl\x64\Release-DLL\prop.obj
E:\dev\BasicOCR\gsl\src\gsl\1.8\gsl-1.8\VC8\libgsl\x64\Release-DLL\prop1.obj
E:\dev\BasicOCR\gsl\src\gsl\1.8\gsl-1.8\VC8\libgsl\x64\Release-DLL\psi.obj
E:\dev\BasicOCR\gsl\src\gsl\1.8\gsl-1.8\VC8\libgsl\x64\Release-DLL\ptlq.obj
E:\dev\BasicOCR\gsl\src\gsl\1.8\gsl-1.8\VC8\libgsl\x64\Release-DLL\p_variance.obj
E:\dev\BasicOCR\gsl\src\gsl\1.8\gsl-1.8\VC8\libgsl\x64\Release-DLL\qag.obj
E:\dev\BasicOCR\gsl\src\gsl\1.8\gsl-1.8\VC8\libgsl\x64\Release-DLL\qagp.obj
E:\dev\BasicOCR\gsl\src\gsl\1.8\gsl-1.8\VC8\libgsl\x64\Release-DLL\qags.obj
E:\dev\BasicOCR\gsl\src\gsl\1.8\gsl-1.8\VC8\libgsl\x64\Release-DLL\qawc.obj
E:\dev\BasicOCR\gsl\src\gsl\1.8\gsl-1.8\VC8\libgsl\x64\Release-DLL\qawf.obj
E:\dev\BasicOCR\gsl\src\gsl\1.8\gsl-1.8\VC8\libgsl\x64\Release-DLL\qawo.obj
E:\dev\BasicOCR\gsl\src\gsl\1.8\gsl-1.8\VC8\libgsl\x64\Release-DLL\qaws.obj
E:\dev\BasicOCR\gsl\src\gsl\1.8\gsl-1.8\VC8\libgsl\x64\Release-DLL\qcheb.obj
E:\dev\BasicOCR\gsl\src\gsl\1.8\gsl-1.8\VC8\libgsl\x64\Release-DLL\qk.obj
E:\dev\BasicOCR\gsl\src\gsl\1.8\gsl-1.8\VC8\libgsl\x64\Release-DLL\qk15.obj
E:\dev\BasicOCR\gsl\src\gsl\1.8\gsl-1.8\VC8\libgsl\x64\Release-DLL\qk21.obj
E:\dev\BasicOCR\gsl\src\gsl\1.8\gsl-1.8\VC8\libgsl\x64\Release-DLL\qk31.obj
E:\dev\BasicOCR\gsl\src\gsl\1.8\gsl-1.8\VC8\libgsl\x64\Release-DLL\qk41.obj
E:\dev\BasicOCR\gsl\src\gsl\1.8\gsl-1.8\VC8\libgsl\x64\Release-DLL\qk51.obj
E:\dev\BasicOCR\gsl\src\gsl\1.8\gsl-1.8\VC8\libgsl\x64\Release-DLL\qk61.obj
E:\dev\BasicOCR\gsl\src\gsl\1.8\gsl-1.8\VC8\libgsl\x64\Release-DLL\qmomo.obj
E:\dev\BasicOCR\gsl\src\gsl\1.8\gsl-1.8\VC8\libgsl\x64\Release-DLL\qmomof.obj
E:\dev\BasicOCR\gsl\src\gsl\1.8\gsl-1.8\VC8\libgsl\x64\Release-DLL\qng.obj
E:\dev\BasicOCR\gsl\src\gsl\1.8\gsl-1.8\VC8\libgsl\x64\Release-DLL\qr.obj
E:\dev\BasicOCR\gsl\src\gsl\1.8\gsl-1.8\VC8\libgsl\x64\Release-DLL\qrng.obj
E:\dev\BasicOCR\gsl\src\gsl\1.8\gsl-1.8\VC8\libgsl\x64\Release-DLL\qrpt.obj
E:\dev\BasicOCR\gsl\src\gsl\1.8\gsl-1.8\VC8\libgsl\x64\Release-DLL\quantiles.obj
E:\dev\BasicOCR\gsl\src\gsl\1.8\gsl-1.8\VC8\libgsl\x64\Release-DLL\r250.obj
E:\dev\BasicOCR\gsl\src\gsl\1.8\gsl-1.8\VC8\libgsl\x64\Release-DLL\ran0.obj
E:\dev\BasicOCR\gsl\src\gsl\1.8\gsl-1.8\VC8\libgsl\x64\Release-DLL\ran1.obj
E:\dev\BasicOCR\gsl\src\gsl\1.8\gsl-1.8\VC8\libgsl\x64\Release-DLL\ran2.obj
E:\dev\BasicOCR\gsl\src\gsl\1.8\gsl-1.8\VC8\libgsl\x64\Release-DLL\ran3.obj
E:\dev\BasicOCR\gsl\src\gsl\1.8\gsl-1.8\VC8\libgsl\x64\Release-DLL\rand.obj
E:\dev\BasicOCR\gsl\src\gsl\1.8\gsl-1.8\VC8\libgsl\x64\Release-DLL\rand48.obj
E:\dev\BasicOCR\gsl\src\gsl\1.8\gsl-1.8\VC8\libgsl\x64\Release-DLL\random.obj
E:\dev\BasicOCR\gsl\src\gsl\1.8\gsl-1.8\VC8\libgsl\x64\Release-DLL\randu.obj
E:\dev\BasicOCR\gsl\src\gsl\1.8\gsl-1.8\VC8\libgsl\x64\Release-DLL\ranf.obj
E:\dev\BasicOCR\gsl\src\gsl\1.8\gsl-1.8\VC8\libgsl\x64\Release-DLL\ranlux.obj
E:\dev\BasicOCR\gsl\src\gsl\1.8\gsl-1.8\VC8\libgsl\x64\Release-DLL\ranlxd.obj
E:\dev\BasicOCR\gsl\src\gsl\1.8\gsl-1.8\VC8\libgsl\x64\Release-DLL\ranlxs.obj
E:\dev\BasicOCR\gsl\src\gsl\1.8\gsl-1.8\VC8\libgsl\x64\Release-DLL\ranmar.obj
E:\dev\BasicOCR\gsl\src\gsl\1.8\gsl-1.8\VC8\libgsl\x64\Release-DLL\rayleigh.obj
E:\dev\BasicOCR\gsl\src\gsl\1.8\gsl-1.8\VC8\libgsl\x64\Release-DLL\rayleigh1.obj
E:\dev\BasicOCR\gsl\src\gsl\1.8\gsl-1.8\VC8\libgsl\x64\Release-DLL\rayleighinv.obj
E:\dev\BasicOCR\gsl\src\gsl\1.8\gsl-1.8\VC8\libgsl\x64\Release-DLL\read.obj
E:\dev\BasicOCR\gsl\src\gsl\1.8\gsl-1.8\VC8\libgsl\x64\Release-DLL\reim.obj
E:\dev\BasicOCR\gsl\src\gsl\1.8\gsl-1.8\VC8\libgsl\x64\Release-DLL\reset.obj
E:\dev\BasicOCR\gsl\src\gsl\1.8\gsl-1.8\VC8\libgsl\x64\Release-DLL\reset2d.obj
E:\dev\BasicOCR\gsl\src\gsl\1.8\gsl-1.8\VC8\libgsl\x64\Release-DLL\result.obj
E:\dev\BasicOCR\gsl\src\gsl\1.8\gsl-1.8\VC8\libgsl\x64\Release-DLL\results.obj
E:\dev\BasicOCR\gsl\src\gsl\1.8\gsl-1.8\VC8\libgsl\x64\Release-DLL\rk2.obj
E:\dev\BasicOCR\gsl\src\gsl\1.8\gsl-1.8\VC8\libgsl\x64\Release-DLL\rk2imp.obj
E:\dev\BasicOCR\gsl\src\gsl\1.8\gsl-1.8\VC8\libgsl\x64\Release-DLL\rk2simp.obj
E:\dev\BasicOCR\gsl\src\gsl\1.8\gsl-1.8\VC8\libgsl\x64\Release-DLL\rk4.obj
E:\dev\BasicOCR\gsl\src\gsl\1.8\gsl-1.8\VC8\libgsl\x64\Release-DLL\rk4imp.obj
E:\dev\BasicOCR\gsl\src\gsl\1.8\gsl-1.8\VC8\libgsl\x64\Release-DLL\rk8pd.obj
E:\dev\BasicOCR\gsl\src\gsl\1.8\gsl-1.8\VC8\libgsl\x64\Release-DLL\rkck.obj
E:\dev\BasicOCR\gsl\src\gsl\1.8\gsl-1.8\VC8\libgsl\x64\Release-DLL\rkf45.obj
E:\dev\BasicOCR\gsl\src\gsl\1.8\gsl-1.8\VC8\libgsl\x64\Release-DLL\rng.obj
E:\dev\BasicOCR\gsl\src\gsl\1.8\gsl-1.8\VC8\libgsl\x64\Release-DLL\rowcol.obj
E:\dev\BasicOCR\gsl\src\gsl\1.8\gsl-1.8\VC8\libgsl\x64\Release-DLL\sasum.obj
E:\dev\BasicOCR\gsl\src\gsl\1.8\gsl-1.8\VC8\libgsl\x64\Release-DLL\saxpy.obj
E:\dev\BasicOCR\gsl\src\gsl\1.8\gsl-1.8\VC8\libgsl\x64\Release-DLL\scasum.obj
E:\dev\BasicOCR\gsl\src\gsl\1.8\gsl-1.8\VC8\libgsl\x64\Release-DLL\scnrm2.obj
E:\dev\BasicOCR\gsl\src\gsl\1.8\gsl-1.8\VC8\libgsl\x64\Release-DLL\scopy.obj
E:\dev\BasicOCR\gsl\src\gsl\1.8\gsl-1.8\VC8\libgsl\x64\Release-DLL\sdot.obj
E:\dev\BasicOCR\gsl\src\gsl\1.8\gsl-1.8\VC8\libgsl\x64\Release-DLL\sdsdot.obj
E:\dev\BasicOCR\gsl\src\gsl\1.8\gsl-1.8\VC8\libgsl\x64\Release-DLL\secant.obj
E:\dev\BasicOCR\gsl\src\gsl\1.8\gsl-1.8\VC8\libgsl\x64\Release-DLL\sgbmv.obj
E:\dev\BasicOCR\gsl\src\gsl\1.8\gsl-1.8\VC8\libgsl\x64\Release-DLL\sgemm.obj
E:\dev\BasicOCR\gsl\src\gsl\1.8\gsl-1.8\VC8\libgsl\x64\Release-DLL\sgemv.obj
E:\dev\BasicOCR\gsl\src\gsl\1.8\gsl-1.8\VC8\libgsl\x64\Release-DLL\sger.obj
E:\dev\BasicOCR\gsl\src\gsl\1.8\gsl-1.8\VC8\libgsl\x64\Release-DLL\shint.obj
E:\dev\BasicOCR\gsl\src\gsl\1.8\gsl-1.8\VC8\libgsl\x64\Release-DLL\shuffle.obj
E:\dev\BasicOCR\gsl\src\gsl\1.8\gsl-1.8\VC8\libgsl\x64\Release-DLL\siman.obj
E:\dev\BasicOCR\gsl\src\gsl\1.8\gsl-1.8\VC8\libgsl\x64\Release-DLL\simplex.obj
E:\dev\BasicOCR\gsl\src\gsl\1.8\gsl-1.8\VC8\libgsl\x64\Release-DLL\sinint.obj
E:\dev\BasicOCR\gsl\src\gsl\1.8\gsl-1.8\VC8\libgsl\x64\Release-DLL\skew.obj
E:\dev\BasicOCR\gsl\src\gsl\1.8\gsl-1.8\VC8\libgsl\x64\Release-DLL\slatec.obj
E:\dev\BasicOCR\gsl\src\gsl\1.8\gsl-1.8\VC8\libgsl\x64\Release-DLL\snrm2.obj
E:\dev\BasicOCR\gsl\src\gsl\1.8\gsl-1.8\VC8\libgsl\x64\Release-DLL\sobol.obj
E:\dev\BasicOCR\gsl\src\gsl\1.8\gsl-1.8\VC8\libgsl\x64\Release-DLL\solve_cubic.obj
E:\dev\BasicOCR\gsl\src\gsl\1.8\gsl-1.8\VC8\libgsl\x64\Release-DLL\solve_quadratic.obj
E:\dev\BasicOCR\gsl\src\gsl\1.8\gsl-1.8\VC8\libgsl\x64\Release-DLL\sort.obj
E:\dev\BasicOCR\gsl\src\gsl\1.8\gsl-1.8\VC8\libgsl\x64\Release-DLL\sort1.obj
E:\dev\BasicOCR\gsl\src\gsl\1.8\gsl-1.8\VC8\libgsl\x64\Release-DLL\sortind.obj
E:\dev\BasicOCR\gsl\src\gsl\1.8\gsl-1.8\VC8\libgsl\x64\Release-DLL\sortvec.obj
E:\dev\BasicOCR\gsl\src\gsl\1.8\gsl-1.8\VC8\libgsl\x64\Release-DLL\sortvecind.obj
E:\dev\BasicOCR\gsl\src\gsl\1.8\gsl-1.8\VC8\libgsl\x64\Release-DLL\sphere.obj
E:\dev\BasicOCR\gsl\src\gsl\1.8\gsl-1.8\VC8\libgsl\x64\Release-DLL\spline.obj
E:\dev\BasicOCR\gsl\src\gsl\1.8\gsl-1.8\VC8\libgsl\x64\Release-DLL\srot.obj
E:\dev\BasicOCR\gsl\src\gsl\1.8\gsl-1.8\VC8\libgsl\x64\Release-DLL\srotg.obj
E:\dev\BasicOCR\gsl\src\gsl\1.8\gsl-1.8\VC8\libgsl\x64\Release-DLL\srotm.obj
E:\dev\BasicOCR\gsl\src\gsl\1.8\gsl-1.8\VC8\libgsl\x64\Release-DLL\srotmg.obj
E:\dev\BasicOCR\gsl\src\gsl\1.8\gsl-1.8\VC8\libgsl\x64\Release-DLL\ssbmv.obj
E:\dev\BasicOCR\gsl\src\gsl\1.8\gsl-1.8\VC8\libgsl\x64\Release-DLL\sscal.obj
E:\dev\BasicOCR\gsl\src\gsl\1.8\gsl-1.8\VC8\libgsl\x64\Release-DLL\sspmv.obj
E:\dev\BasicOCR\gsl\src\gsl\1.8\gsl-1.8\VC8\libgsl\x64\Release-DLL\sspr.obj
E:\dev\BasicOCR\gsl\src\gsl\1.8\gsl-1.8\VC8\libgsl\x64\Release-DLL\sspr2.obj
E:\dev\BasicOCR\gsl\src\gsl\1.8\gsl-1.8\VC8\libgsl\x64\Release-DLL\sswap.obj
E:\dev\BasicOCR\gsl\src\gsl\1.8\gsl-1.8\VC8\libgsl\x64\Release-DLL\ssymm.obj
E:\dev\BasicOCR\gsl\src\gsl\1.8\gsl-1.8\VC8\libgsl\x64\Release-DLL\ssymv.obj
E:\dev\BasicOCR\gsl\src\gsl\1.8\gsl-1.8\VC8\libgsl\x64\Release-DLL\ssyr.obj
E:\dev\BasicOCR\gsl\src\gsl\1.8\gsl-1.8\VC8\libgsl\x64\Release-DLL\ssyr2.obj
E:\dev\BasicOCR\gsl\src\gsl\1.8\gsl-1.8\VC8\libgsl\x64\Release-DLL\ssyr2k.obj
E:\dev\BasicOCR\gsl\src\gsl\1.8\gsl-1.8\VC8\libgsl\x64\Release-DLL\ssyrk.obj
E:\dev\BasicOCR\gsl\src\gsl\1.8\gsl-1.8\VC8\libgsl\x64\Release-DLL\stat.obj
E:\dev\BasicOCR\gsl\src\gsl\1.8\gsl-1.8\VC8\libgsl\x64\Release-DLL\stat2d.obj
E:\dev\BasicOCR\gsl\src\gsl\1.8\gsl-1.8\VC8\libgsl\x64\Release-DLL\stbmv.obj
E:\dev\BasicOCR\gsl\src\gsl\1.8\gsl-1.8\VC8\libgsl\x64\Release-DLL\stbsv.obj
E:\dev\BasicOCR\gsl\src\gsl\1.8\gsl-1.8\VC8\libgsl\x64\Release-DLL\steepest_descent.obj
E:\dev\BasicOCR\gsl\src\gsl\1.8\gsl-1.8\VC8\libgsl\x64\Release-DLL\steffenson.obj
E:\dev\BasicOCR\gsl\src\gsl\1.8\gsl-1.8\VC8\libgsl\x64\Release-DLL\step.obj
E:\dev\BasicOCR\gsl\src\gsl\1.8\gsl-1.8\VC8\libgsl\x64\Release-DLL\stpmv.obj
E:\dev\BasicOCR\gsl\src\gsl\1.8\gsl-1.8\VC8\libgsl\x64\Release-DLL\stpsv.obj
E:\dev\BasicOCR\gsl\src\gsl\1.8\gsl-1.8\VC8\libgsl\x64\Release-DLL\stream.obj
E:\dev\BasicOCR\gsl\src\gsl\1.8\gsl-1.8\VC8\libgsl\x64\Release-DLL\strerror.obj
E:\dev\BasicOCR\gsl\src\gsl\1.8\gsl-1.8\VC8\libgsl\x64\Release-DLL\strmm.obj
E:\dev\BasicOCR\gsl\src\gsl\1.8\gsl-1.8\VC8\libgsl\x64\Release-DLL\strmv.obj
E:\dev\BasicOCR\gsl\src\gsl\1.8\gsl-1.8\VC8\libgsl\x64\Release-DLL\strsm.obj
E:\dev\BasicOCR\gsl\src\gsl\1.8\gsl-1.8\VC8\libgsl\x64\Release-DLL\strsv.obj
E:\dev\BasicOCR\gsl\src\gsl\1.8\gsl-1.8\VC8\libgsl\x64\Release-DLL\submatrix.obj
E:\dev\BasicOCR\gsl\src\gsl\1.8\gsl-1.8\VC8\libgsl\x64\Release-DLL\subset.obj
E:\dev\BasicOCR\gsl\src\gsl\1.8\gsl-1.8\VC8\libgsl\x64\Release-DLL\subsetind.obj
E:\dev\BasicOCR\gsl\src\gsl\1.8\gsl-1.8\VC8\libgsl\x64\Release-DLL\subvector.obj
E:\dev\BasicOCR\gsl\src\gsl\1.8\gsl-1.8\VC8\libgsl\x64\Release-DLL\svd.obj
E:\dev\BasicOCR\gsl\src\gsl\1.8\gsl-1.8\VC8\libgsl\x64\Release-DLL\swap.obj
E:\dev\BasicOCR\gsl\src\gsl\1.8\gsl-1.8\VC8\libgsl\x64\Release-DLL\swap1.obj
E:\dev\BasicOCR\gsl\src\gsl\1.8\gsl-1.8\VC8\libgsl\x64\Release-DLL\symm.obj
E:\dev\BasicOCR\gsl\src\gsl\1.8\gsl-1.8\VC8\libgsl\x64\Release-DLL\symmtd.obj
E:\dev\BasicOCR\gsl\src\gsl\1.8\gsl-1.8\VC8\libgsl\x64\Release-DLL\symmv.obj
E:\dev\BasicOCR\gsl\src\gsl\1.8\gsl-1.8\VC8\libgsl\x64\Release-DLL\synchrotron.obj
E:\dev\BasicOCR\gsl\src\gsl\1.8\gsl-1.8\VC8\libgsl\x64\Release-DLL\taus.obj
E:\dev\BasicOCR\gsl\src\gsl\1.8\gsl-1.8\VC8\libgsl\x64\Release-DLL\taus113.obj
E:\dev\BasicOCR\gsl\src\gsl\1.8\gsl-1.8\VC8\libgsl\x64\Release-DLL\tdist.obj
E:\dev\BasicOCR\gsl\src\gsl\1.8\gsl-1.8\VC8\libgsl\x64\Release-DLL\tdist1.obj
E:\dev\BasicOCR\gsl\src\gsl\1.8\gsl-1.8\VC8\libgsl\x64\Release-DLL\tdistinv.obj
E:\dev\BasicOCR\gsl\src\gsl\1.8\gsl-1.8\VC8\libgsl\x64\Release-DLL\tests.obj
E:\dev\BasicOCR\gsl\src\gsl\1.8\gsl-1.8\VC8\libgsl\x64\Release-DLL\test_amax.obj
E:\dev\BasicOCR\gsl\src\gsl\1.8\gsl-1.8\VC8\libgsl\x64\Release-DLL\test_asum.obj
E:\dev\BasicOCR\gsl\src\gsl\1.8\gsl-1.8\VC8\libgsl\x64\Release-DLL\test_axpy.obj
E:\dev\BasicOCR\gsl\src\gsl\1.8\gsl-1.8\VC8\libgsl\x64\Release-DLL\test_copy.obj
E:\dev\BasicOCR\gsl\src\gsl\1.8\gsl-1.8\VC8\libgsl\x64\Release-DLL\test_dot.obj
E:\dev\BasicOCR\gsl\src\gsl\1.8\gsl-1.8\VC8\libgsl\x64\Release-DLL\test_gbmv.obj
E:\dev\BasicOCR\gsl\src\gsl\1.8\gsl-1.8\VC8\libgsl\x64\Release-DLL\test_gemm.obj
E:\dev\BasicOCR\gsl\src\gsl\1.8\gsl-1.8\VC8\libgsl\x64\Release-DLL\test_gemv.obj
E:\dev\BasicOCR\gsl\src\gsl\1.8\gsl-1.8\VC8\libgsl\x64\Release-DLL\test_ger.obj
E:\dev\BasicOCR\gsl\src\gsl\1.8\gsl-1.8\VC8\libgsl\x64\Release-DLL\test_hbmv.obj
E:\dev\BasicOCR\gsl\src\gsl\1.8\gsl-1.8\VC8\libgsl\x64\Release-DLL\test_hemm.obj
E:\dev\BasicOCR\gsl\src\gsl\1.8\gsl-1.8\VC8\libgsl\x64\Release-DLL\test_hemv.obj
E:\dev\BasicOCR\gsl\src\gsl\1.8\gsl-1.8\VC8\libgsl\x64\Release-DLL\test_her.obj
E:\dev\BasicOCR\gsl\src\gsl\1.8\gsl-1.8\VC8\libgsl\x64\Release-DLL\test_her2.obj
E:\dev\BasicOCR\gsl\src\gsl\1.8\gsl-1.8\VC8\libgsl\x64\Release-DLL\test_her2k.obj
E:\dev\BasicOCR\gsl\src\gsl\1.8\gsl-1.8\VC8\libgsl\x64\Release-DLL\test_herk.obj
E:\dev\BasicOCR\gsl\src\gsl\1.8\gsl-1.8\VC8\libgsl\x64\Release-DLL\test_hpmv.obj
E:\dev\BasicOCR\gsl\src\gsl\1.8\gsl-1.8\VC8\libgsl\x64\Release-DLL\test_hpr.obj
E:\dev\BasicOCR\gsl\src\gsl\1.8\gsl-1.8\VC8\libgsl\x64\Release-DLL\test_hpr2.obj
E:\dev\BasicOCR\gsl\src\gsl\1.8\gsl-1.8\VC8\libgsl\x64\Release-DLL\test_nrm2.obj
E:\dev\BasicOCR\gsl\src\gsl\1.8\gsl-1.8\VC8\libgsl\x64\Release-DLL\test_rot.obj
E:\dev\BasicOCR\gsl\src\gsl\1.8\gsl-1.8\VC8\libgsl\x64\Release-DLL\test_rotg.obj
E:\dev\BasicOCR\gsl\src\gsl\1.8\gsl-1.8\VC8\libgsl\x64\Release-DLL\test_rotm.obj
E:\dev\BasicOCR\gsl\src\gsl\1.8\gsl-1.8\VC8\libgsl\x64\Release-DLL\test_rotmg.obj
E:\dev\BasicOCR\gsl\src\gsl\1.8\gsl-1.8\VC8\libgsl\x64\Release-DLL\test_sbmv.obj
E:\dev\BasicOCR\gsl\src\gsl\1.8\gsl-1.8\VC8\libgsl\x64\Release-DLL\test_spmv.obj
E:\dev\BasicOCR\gsl\src\gsl\1.8\gsl-1.8\VC8\libgsl\x64\Release-DLL\test_spr.obj
E:\dev\BasicOCR\gsl\src\gsl\1.8\gsl-1.8\VC8\libgsl\x64\Release-DLL\test_spr2.obj
E:\dev\BasicOCR\gsl\src\gsl\1.8\gsl-1.8\VC8\libgsl\x64\Release-DLL\test_swap.obj
E:\dev\BasicOCR\gsl\src\gsl\1.8\gsl-1.8\VC8\libgsl\x64\Release-DLL\test_symm.obj
E:\dev\BasicOCR\gsl\src\gsl\1.8\gsl-1.8\VC8\libgsl\x64\Release-DLL\test_symv.obj
E:\dev\BasicOCR\gsl\src\gsl\1.8\gsl-1.8\VC8\libgsl\x64\Release-DLL\test_syr.obj
E:\dev\BasicOCR\gsl\src\gsl\1.8\gsl-1.8\VC8\libgsl\x64\Release-DLL\test_syr2.obj
E:\dev\BasicOCR\gsl\src\gsl\1.8\gsl-1.8\VC8\libgsl\x64\Release-DLL\test_syr2k.obj
E:\dev\BasicOCR\gsl\src\gsl\1.8\gsl-1.8\VC8\libgsl\x64\Release-DLL\test_syrk.obj
E:\dev\BasicOCR\gsl\src\gsl\1.8\gsl-1.8\VC8\libgsl\x64\Release-DLL\test_tbmv.obj
E:\dev\BasicOCR\gsl\src\gsl\1.8\gsl-1.8\VC8\libgsl\x64\Release-DLL\test_tbsv.obj
E:\dev\BasicOCR\gsl\src\gsl\1.8\gsl-1.8\VC8\libgsl\x64\Release-DLL\test_tpmv.obj
E:\dev\BasicOCR\gsl\src\gsl\1.8\gsl-1.8\VC8\libgsl\x64\Release-DLL\test_tpsv.obj
E:\dev\BasicOCR\gsl\src\gsl\1.8\gsl-1.8\VC8\libgsl\x64\Release-DLL\test_trmm.obj
E:\dev\BasicOCR\gsl\src\gsl\1.8\gsl-1.8\VC8\libgsl\x64\Release-DLL\test_trmv.obj
E:\dev\BasicOCR\gsl\src\gsl\1.8\gsl-1.8\VC8\libgsl\x64\Release-DLL\test_trsm.obj
E:\dev\BasicOCR\gsl\src\gsl\1.8\gsl-1.8\VC8\libgsl\x64\Release-DLL\test_trsv.obj
E:\dev\BasicOCR\gsl\src\gsl\1.8\gsl-1.8\VC8\libgsl\x64\Release-DLL\transport.obj
E:\dev\BasicOCR\gsl\src\gsl\1.8\gsl-1.8\VC8\libgsl\x64\Release-DLL\transputer.obj
E:\dev\BasicOCR\gsl\src\gsl\1.8\gsl-1.8\VC8\libgsl\x64\Release-DLL\tridiag.obj
E:\dev\BasicOCR\gsl\src\gsl\1.8\gsl-1.8\VC8\libgsl\x64\Release-DLL\trig.obj
E:\dev\BasicOCR\gsl\src\gsl\1.8\gsl-1.8\VC8\libgsl\x64\Release-DLL\tt.obj
E:\dev\BasicOCR\gsl\src\gsl\1.8\gsl-1.8\VC8\libgsl\x64\Release-DLL\ttest.obj
E:\dev\BasicOCR\gsl\src\gsl\1.8\gsl-1.8\VC8\libgsl\x64\Release-DLL\types.obj
E:\dev\BasicOCR\gsl\src\gsl\1.8\gsl-1.8\VC8\libgsl\x64\Release-DLL\uni.obj
E:\dev\BasicOCR\gsl\src\gsl\1.8\gsl-1.8\VC8\libgsl\x64\Release-DLL\uni32.obj
E:\dev\BasicOCR\gsl\src\gsl\1.8\gsl-1.8\VC8\libgsl\x64\Release-DLL\variance.obj
E:\dev\BasicOCR\gsl\src\gsl\1.8\gsl-1.8\VC8\libgsl\x64\Release-DLL\vax.obj
E:\dev\BasicOCR\gsl\src\gsl\1.8\gsl-1.8\VC8\libgsl\x64\Release-DLL\vector.obj
E:\dev\BasicOCR\gsl\src\gsl\1.8\gsl-1.8\VC8\libgsl\x64\Release-DLL\vector_bfgs.obj
E:\dev\BasicOCR\gsl\src\gsl\1.8\gsl-1.8\VC8\libgsl\x64\Release-DLL\vegas.obj
E:\dev\BasicOCR\gsl\src\gsl\1.8\gsl-1.8\VC8\libgsl\x64\Release-DLL\view.obj
E:\dev\BasicOCR\gsl\src\gsl\1.8\gsl-1.8\VC8\libgsl\x64\Release-DLL\view1.obj
E:\dev\BasicOCR\gsl\src\gsl\1.8\gsl-1.8\VC8\libgsl\x64\Release-DLL\wabsdev.obj
E:\dev\BasicOCR\gsl\src\gsl\1.8\gsl-1.8\VC8\libgsl\x64\Release-DLL\waterman14.obj
E:\dev\BasicOCR\gsl\src\gsl\1.8\gsl-1.8\VC8\libgsl\x64\Release-DLL\wavelet.obj
E:\dev\BasicOCR\gsl\src\gsl\1.8\gsl-1.8\VC8\libgsl\x64\Release-DLL\weibull.obj
E:\dev\BasicOCR\gsl\src\gsl\1.8\gsl-1.8\VC8\libgsl\x64\Release-DLL\weibull1.obj
E:\dev\BasicOCR\gsl\src\gsl\1.8\gsl-1.8\VC8\libgsl\x64\Release-DLL\weibullinv.obj
E:\dev\BasicOCR\gsl\src\gsl\1.8\gsl-1.8\VC8\libgsl\x64\Release-DLL\wkurtosis.obj
E:\dev\BasicOCR\gsl\src\gsl\1.8\gsl-1.8\VC8\libgsl\x64\Release-DLL\wmean.obj
E:\dev\BasicOCR\gsl\src\gsl\1.8\gsl-1.8\VC8\libgsl\x64\Release-DLL\work.obj
E:\dev\BasicOCR\gsl\src\gsl\1.8\gsl-1.8\VC8\libgsl\x64\Release-DLL\workspace.obj
E:\dev\BasicOCR\gsl\src\gsl\1.8\gsl-1.8\VC8\libgsl\x64\Release-DLL\work_u.obj
E:\dev\BasicOCR\gsl\src\gsl\1.8\gsl-1.8\VC8\libgsl\x64\Release-DLL\work_utrunc.obj
E:\dev\BasicOCR\gsl\src\gsl\1.8\gsl-1.8\VC8\libgsl\x64\Release-DLL\wskew.obj
E:\dev\BasicOCR\gsl\src\gsl\1.8\gsl-1.8\VC8\libgsl\x64\Release-DLL\wvariance.obj
E:\dev\BasicOCR\gsl\src\gsl\1.8\gsl-1.8\VC8\libgsl\x64\Release-DLL\xerbla.obj
E:\dev\BasicOCR\gsl\src\gsl\1.8\gsl-1.8\VC8\libgsl\x64\Release-DLL\zaxpy.obj
E:\dev\BasicOCR\gsl\src\gsl\1.8\gsl-1.8\VC8\libgsl\x64\Release-DLL\zcopy.obj
E:\dev\BasicOCR\gsl\src\gsl\1.8\gsl-1.8\VC8\libgsl\x64\Release-DLL\zdotc_sub.obj
E:\dev\BasicOCR\gsl\src\gsl\1.8\gsl-1.8\VC8\libgsl\x64\Release-DLL\zdotu_sub.obj
E:\dev\BasicOCR\gsl\src\gsl\1.8\gsl-1.8\VC8\libgsl\x64\Release-DLL\zdscal.obj
E:\dev\BasicOCR\gsl\src\gsl\1.8\gsl-1.8\VC8\libgsl\x64\Release-DLL\zeta.obj
E:\dev\BasicOCR\gsl\src\gsl\1.8\gsl-1.8\VC8\libgsl\x64\Release-DLL\zgbmv.obj
E:\dev\BasicOCR\gsl\src\gsl\1.8\gsl-1.8\VC8\libgsl\x64\Release-DLL\zgemm.obj
E:\dev\BasicOCR\gsl\src\gsl\1.8\gsl-1.8\VC8\libgsl\x64\Release-DLL\zgemv.obj
E:\dev\BasicOCR\gsl\src\gsl\1.8\gsl-1.8\VC8\libgsl\x64\Release-DLL\zgerc.obj
E:\dev\BasicOCR\gsl\src\gsl\1.8\gsl-1.8\VC8\libgsl\x64\Release-DLL\zgeru.obj
E:\dev\BasicOCR\gsl\src\gsl\1.8\gsl-1.8\VC8\libgsl\x64\Release-DLL\zhbmv.obj
E:\dev\BasicOCR\gsl\src\gsl\1.8\gsl-1.8\VC8\libgsl\x64\Release-DLL\zhemm.obj
E:\dev\BasicOCR\gsl\src\gsl\1.8\gsl-1.8\VC8\libgsl\x64\Release-DLL\zhemv.obj
E:\dev\BasicOCR\gsl\src\gsl\1.8\gsl-1.8\VC8\libgsl\x64\Release-DLL\zher.obj
E:\dev\BasicOCR\gsl\src\gsl\1.8\gsl-1.8\VC8\libgsl\x64\Release-DLL\zher2.obj
E:\dev\BasicOCR\gsl\src\gsl\1.8\gsl-1.8\VC8\libgsl\x64\Release-DLL\zher2k.obj
E:\dev\BasicOCR\gsl\src\gsl\1.8\gsl-1.8\VC8\libgsl\x64\Release-DLL\zherk.obj
E:\dev\BasicOCR\gsl\src\gsl\1.8\gsl-1.8\VC8\libgsl\x64\Release-DLL\zhpmv.obj
E:\dev\BasicOCR\gsl\src\gsl\1.8\gsl-1.8\VC8\libgsl\x64\Release-DLL\zhpr.obj
E:\dev\BasicOCR\gsl\src\gsl\1.8\gsl-1.8\VC8\libgsl\x64\Release-DLL\zhpr2.obj
E:\dev\BasicOCR\gsl\src\gsl\1.8\gsl-1.8\VC8\libgsl\x64\Release-DLL\zscal.obj
E:\dev\BasicOCR\gsl\src\gsl\1.8\gsl-1.8\VC8\libgsl\x64\Release-DLL\zsolve.obj
E:\dev\BasicOCR\gsl\src\gsl\1.8\gsl-1.8\VC8\libgsl\x64\Release-DLL\zsolve_cubic.obj
E:\dev\BasicOCR\gsl\src\gsl\1.8\gsl-1.8\VC8\libgsl\x64\Release-DLL\zsolve_init.obj
E:\dev\BasicOCR\gsl\src\gsl\1.8\gsl-1.8\VC8\libgsl\x64\Release-DLL\zsolve_quadratic.obj
E:\dev\BasicOCR\gsl\src\gsl\1.8\gsl-1.8\VC8\libgsl\x64\Release-DLL\zswap.obj
E:\dev\BasicOCR\gsl\src\gsl\1.8\gsl-1.8\VC8\libgsl\x64\Release-DLL\zsymm.obj
E:\dev\BasicOCR\gsl\src\gsl\1.8\gsl-1.8\VC8\libgsl\x64\Release-DLL\zsyr2k.obj
E:\dev\BasicOCR\gsl\src\gsl\1.8\gsl-1.8\VC8\libgsl\x64\Release-DLL\zsyrk.obj
E:\dev\BasicOCR\gsl\src\gsl\1.8\gsl-1.8\VC8\libgsl\x64\Release-DLL\ztbmv.obj
E:\dev\BasicOCR\gsl\src\gsl\1.8\gsl-1.8\VC8\libgsl\x64\Release-DLL\ztbsv.obj
E:\dev\BasicOCR\gsl\src\gsl\1.8\gsl-1.8\VC8\libgsl\x64\Release-DLL\ztpmv.obj
E:\dev\BasicOCR\gsl\src\gsl\1.8\gsl-1.8\VC8\libgsl\x64\Release-DLL\ztpsv.obj
E:\dev\BasicOCR\gsl\src\gsl\1.8\gsl-1.8\VC8\libgsl\x64\Release-DLL\ztrmm.obj
E:\dev\BasicOCR\gsl\src\gsl\1.8\gsl-1.8\VC8\libgsl\x64\Release-DLL\ztrmv.obj
E:\dev\BasicOCR\gsl\src\gsl\1.8\gsl-1.8\VC8\libgsl\x64\Release-DLL\ztrsm.obj
E:\dev\BasicOCR\gsl\src\gsl\1.8\gsl-1.8\VC8\libgsl\x64\Release-DLL\ztrsv.obj
E:\dev\BasicOCR\gsl\src\gsl\1.8\gsl-1.8\VC8\libgsl\x64\Release-DLL\zuf.obj
E:\dev\BasicOCR\gsl\src\gsl\1.8\gsl-1.8\VC8\libgsl\x64\Release-DLL\cl.command.1.tlog
E:\dev\BasicOCR\gsl\src\gsl\1.8\gsl-1.8\VC8\libgsl\x64\Release-DLL\CL.read.1.tlog
E:\dev\BasicOCR\gsl\src\gsl\1.8\gsl-1.8\VC8\libgsl\x64\Release-DLL\CL.write.1.tlog
E:\dev\BasicOCR\gsl\src\gsl\1.8\gsl-1.8\VC8\libgsl\x64\Release-DLL\libgsl.write.1.tlog
E:\dev\BasicOCR\gsl\src\gsl\1.8\gsl-1.8\VC8\libgsl\x64\Release-DLL\link-cvtres.read.1.tlog
E:\dev\BasicOCR\gsl\src\gsl\1.8\gsl-1.8\VC8\libgsl\x64\Release-DLL\link-cvtres.write.1.tlog
E:\dev\BasicOCR\gsl\src\gsl\1.8\gsl-1.8\VC8\libgsl\x64\Release-DLL\link-rc.read.1.tlog
E:\dev\BasicOCR\gsl\src\gsl\1.8\gsl-1.8\VC8\libgsl\x64\Release-DLL\link-rc.write.1.tlog
E:\dev\BasicOCR\gsl\src\gsl\1.8\gsl-1.8\VC8\libgsl\x64\Release-DLL\link.command.1.tlog
E:\dev\BasicOCR\gsl\src\gsl\1.8\gsl-1.8\VC8\libgsl\x64\Release-DLL\link.read.1.tlog
E:\dev\BasicOCR\gsl\src\gsl\1.8\gsl-1.8\VC8\libgsl\x64\Release-DLL\link.write.1.tlog
E:\dev\BasicOCR\gsl\src\gsl\1.8\gsl-1.8\VC8\libgsl\x64\Release-DLL\vc110.pdb
E:\dev\BasicOCR\x64\Release-DLL\libgsl.dll
