E:\DEV\BASICOCR\LIBTIFF\LIBBIGTIFF\X64\DEBUG\TIF_JPEG.OBJ
E:\DEV\BASICOCR\LIBTIFF\LIBBIGTIFF\X64\DEBUG\TIF_LUV.OBJ
E:\DEV\BASICOCR\LIBTIFF\LIBBIGTIFF\X64\DEBUG\TIF_LZW.OBJ
E:\DEV\BASICOCR\LIBTIFF\LIBBIGTIFF\X64\DEBUG\TIF_NEXT.OBJ
E:\DEV\BASICOCR\LIBTIFF\LIBBIGTIFF\X64\DEBUG\TIF_OJPEG.OBJ
E:\DEV\BASICOCR\LIBTIFF\LIBBIGTIFF\X64\DEBUG\TIF_OPEN.OBJ
E:\DEV\BASICOCR\LIBTIFF\LIBBIGTIFF\X64\DEBUG\TIF_PACKBITS.OBJ
E:\DEV\BASICOCR\LIBTIFF\LIBBIGTIFF\X64\DEBUG\TIF_PIXARLOG.OBJ
E:\DEV\BASICOCR\LIBTIFF\LIBBIGTIFF\X64\DEBUG\TIF_PREDICT.OBJ
E:\DEV\BASICOCR\LIBTIFF\LIBBIGTIFF\X64\DEBUG\TIF_PRINT.OBJ
E:\DEV\BASICOCR\LIBTIFF\LIBBIGTIFF\X64\DEBUG\TIF_READ.OBJ
E:\DEV\BASICOCR\LIBTIFF\LIBBIGTIFF\X64\DEBUG\TIF_STRIP.OBJ
E:\DEV\BASICOCR\LIBTIFF\LIBBIGTIFF\X64\DEBUG\TIF_SWAB.OBJ
E:\DEV\BASICOCR\LIBTIFF\LIBBIGTIFF\X64\DEBUG\TIF_THUNDER.OBJ
E:\DEV\BASICOCR\LIBTIFF\LIBBIGTIFF\X64\DEBUG\TIF_TILE.OBJ
E:\DEV\BASICOCR\LIBTIFF\LIBBIGTIFF\X64\DEBUG\TIF_VERSION.OBJ
E:\DEV\BASICOCR\LIBTIFF\LIBBIGTIFF\X64\DEBUG\TIF_WARNING.OBJ
E:\DEV\BASICOCR\LIBTIFF\LIBBIGTIFF\X64\DEBUG\TIF_WIN32.OBJ
E:\DEV\BASICOCR\LIBTIFF\LIBBIGTIFF\X64\DEBUG\TIF_WRITE.OBJ
E:\DEV\BASICOCR\LIBTIFF\LIBBIGTIFF\X64\DEBUG\TIF_ZIP.OBJ
E:\DEV\BASICOCR\LIBTIFF\LIBBIGTIFF\X64\DEBUG\WRGIF.OBJ
E:\DEV\BASICOCR\LIBTIFF\LIBBIGTIFF\X64\DEBUG\WRPPM.OBJ
E:\DEV\BASICOCR\LIBTIFF\LIBBIGTIFF\X64\DEBUG\WRRLE.OBJ
E:\DEV\BASICOCR\LIBTIFF\LIBBIGTIFF\X64\DEBUG\WRTARGA.OBJ
E:\DEV\BASICOCR\LIBTIFF\LIBBIGTIFF\X64\DEBUG\TIF_AUX.OBJ
E:\DEV\BASICOCR\LIBTIFF\LIBBIGTIFF\X64\DEBUG\TIF_CLOSE.OBJ
E:\DEV\BASICOCR\LIBTIFF\LIBBIGTIFF\X64\DEBUG\TIF_CODEC.OBJ
E:\DEV\BASICOCR\LIBTIFF\LIBBIGTIFF\X64\DEBUG\TIF_COLOR.OBJ
E:\DEV\BASICOCR\LIBTIFF\LIBBIGTIFF\X64\DEBUG\TIF_COMPRESS.OBJ
E:\DEV\BASICOCR\LIBTIFF\LIBBIGTIFF\X64\DEBUG\TIF_DIR.OBJ
E:\DEV\BASICOCR\LIBTIFF\LIBBIGTIFF\X64\DEBUG\TIF_DIRINFO.OBJ
E:\DEV\BASICOCR\LIBTIFF\LIBBIGTIFF\X64\DEBUG\TIF_DIRREAD.OBJ
E:\DEV\BASICOCR\LIBTIFF\LIBBIGTIFF\X64\DEBUG\TIF_DIRWRITE.OBJ
E:\DEV\BASICOCR\LIBTIFF\LIBBIGTIFF\X64\DEBUG\TIF_DUMPMODE.OBJ
E:\DEV\BASICOCR\LIBTIFF\LIBBIGTIFF\X64\DEBUG\TIF_ERROR.OBJ
E:\DEV\BASICOCR\LIBTIFF\LIBBIGTIFF\X64\DEBUG\TIF_EXTENSION.OBJ
E:\DEV\BASICOCR\LIBTIFF\LIBBIGTIFF\X64\DEBUG\TIF_FAX3.OBJ
E:\DEV\BASICOCR\LIBTIFF\LIBBIGTIFF\X64\DEBUG\TIF_FAX3SM.OBJ
E:\DEV\BASICOCR\LIBTIFF\LIBBIGTIFF\X64\DEBUG\TIF_FLUSH.OBJ
E:\DEV\BASICOCR\LIBTIFF\LIBBIGTIFF\X64\DEBUG\TIF_GETIMAGE.OBJ
E:\DEV\BASICOCR\LIBTIFF\LIBBIGTIFF\X64\DEBUG\JFDCTFST.OBJ
E:\DEV\BASICOCR\LIBTIFF\LIBBIGTIFF\X64\DEBUG\JFDCTINT.OBJ
E:\DEV\BASICOCR\LIBTIFF\LIBBIGTIFF\X64\DEBUG\JIDCTFLT.OBJ
E:\DEV\BASICOCR\LIBTIFF\LIBBIGTIFF\X64\DEBUG\JIDCTFST.OBJ
E:\DEV\BASICOCR\LIBTIFF\LIBBIGTIFF\X64\DEBUG\JIDCTINT.OBJ
E:\DEV\BASICOCR\LIBTIFF\LIBBIGTIFF\X64\DEBUG\JIDCTRED.OBJ
E:\DEV\BASICOCR\LIBTIFF\LIBBIGTIFF\X64\DEBUG\JMEMMGR.OBJ
E:\DEV\BASICOCR\LIBTIFF\LIBBIGTIFF\X64\DEBUG\JMEMNOBS.OBJ
E:\DEV\BASICOCR\LIBTIFF\LIBBIGTIFF\X64\DEBUG\JQUANT1.OBJ
E:\DEV\BASICOCR\LIBTIFF\LIBBIGTIFF\X64\DEBUG\JQUANT2.OBJ
E:\DEV\BASICOCR\LIBTIFF\LIBBIGTIFF\X64\DEBUG\JUTILS.OBJ
E:\DEV\BASICOCR\LIBTIFF\LIBBIGTIFF\X64\DEBUG\RDBMP.OBJ
E:\DEV\BASICOCR\LIBTIFF\LIBBIGTIFF\X64\DEBUG\RDCOLMAP.OBJ
E:\DEV\BASICOCR\LIBTIFF\LIBBIGTIFF\X64\DEBUG\RDGIF.OBJ
E:\DEV\BASICOCR\LIBTIFF\LIBBIGTIFF\X64\DEBUG\RDPPM.OBJ
E:\DEV\BASICOCR\LIBTIFF\LIBBIGTIFF\X64\DEBUG\RDRLE.OBJ
E:\DEV\BASICOCR\LIBTIFF\LIBBIGTIFF\X64\DEBUG\RDSWITCH.OBJ
E:\DEV\BASICOCR\LIBTIFF\LIBBIGTIFF\X64\DEBUG\RDTARGA.OBJ
E:\DEV\BASICOCR\LIBTIFF\LIBBIGTIFF\X64\DEBUG\TRANSUPP.OBJ
E:\DEV\BASICOCR\LIBTIFF\LIBBIGTIFF\X64\DEBUG\WRBMP.OBJ
E:\DEV\BASICOCR\LIBTIFF\LIBBIGTIFF\X64\DEBUG\JCTRANS.OBJ
E:\DEV\BASICOCR\LIBTIFF\LIBBIGTIFF\X64\DEBUG\JDAPIMIN.OBJ
E:\DEV\BASICOCR\LIBTIFF\LIBBIGTIFF\X64\DEBUG\JDAPISTD.OBJ
E:\DEV\BASICOCR\LIBTIFF\LIBBIGTIFF\X64\DEBUG\JDATADST.OBJ
E:\DEV\BASICOCR\LIBTIFF\LIBBIGTIFF\X64\DEBUG\JDATASRC.OBJ
E:\DEV\BASICOCR\LIBTIFF\LIBBIGTIFF\X64\DEBUG\JDCOEFCT.OBJ
E:\DEV\BASICOCR\LIBTIFF\LIBBIGTIFF\X64\DEBUG\JDCOLOR.OBJ
E:\DEV\BASICOCR\LIBTIFF\LIBBIGTIFF\X64\DEBUG\JDDCTMGR.OBJ
E:\DEV\BASICOCR\LIBTIFF\LIBBIGTIFF\X64\DEBUG\JDHUFF.OBJ
E:\DEV\BASICOCR\LIBTIFF\LIBBIGTIFF\X64\DEBUG\JDINPUT.OBJ
E:\DEV\BASICOCR\LIBTIFF\LIBBIGTIFF\X64\DEBUG\JDMAINCT.OBJ
E:\DEV\BASICOCR\LIBTIFF\LIBBIGTIFF\X64\DEBUG\JDMARKER.OBJ
E:\DEV\BASICOCR\LIBTIFF\LIBBIGTIFF\X64\DEBUG\JDMASTER.OBJ
E:\DEV\BASICOCR\LIBTIFF\LIBBIGTIFF\X64\DEBUG\JDMERGE.OBJ
E:\DEV\BASICOCR\LIBTIFF\LIBBIGTIFF\X64\DEBUG\JDPHUFF.OBJ
E:\DEV\BASICOCR\LIBTIFF\LIBBIGTIFF\X64\DEBUG\JDPOSTCT.OBJ
E:\DEV\BASICOCR\LIBTIFF\LIBBIGTIFF\X64\DEBUG\JDSAMPLE.OBJ
E:\DEV\BASICOCR\LIBTIFF\LIBBIGTIFF\X64\DEBUG\JDTRANS.OBJ
E:\DEV\BASICOCR\LIBTIFF\LIBBIGTIFF\X64\DEBUG\JERROR.OBJ
E:\DEV\BASICOCR\LIBTIFF\LIBBIGTIFF\X64\DEBUG\JFDCTFLT.OBJ
E:\DEV\BASICOCR\LIBTIFF\LIBBIGTIFF\X64\DEBUG\CDJPEG.OBJ
E:\DEV\BASICOCR\LIBTIFF\LIBBIGTIFF\X64\DEBUG\CKCONFIG.OBJ
E:\DEV\BASICOCR\LIBTIFF\LIBBIGTIFF\X64\DEBUG\JCAPIMIN.OBJ
E:\DEV\BASICOCR\LIBTIFF\LIBBIGTIFF\X64\DEBUG\JCAPISTD.OBJ
E:\DEV\BASICOCR\LIBTIFF\LIBBIGTIFF\X64\DEBUG\JCCOEFCT.OBJ
E:\DEV\BASICOCR\LIBTIFF\LIBBIGTIFF\X64\DEBUG\JCCOLOR.OBJ
E:\DEV\BASICOCR\LIBTIFF\LIBBIGTIFF\X64\DEBUG\JCDCTMGR.OBJ
E:\DEV\BASICOCR\LIBTIFF\LIBBIGTIFF\X64\DEBUG\JCHUFF.OBJ
E:\DEV\BASICOCR\LIBTIFF\LIBBIGTIFF\X64\DEBUG\JCINIT.OBJ
E:\DEV\BASICOCR\LIBTIFF\LIBBIGTIFF\X64\DEBUG\JCMAINCT.OBJ
E:\DEV\BASICOCR\LIBTIFF\LIBBIGTIFF\X64\DEBUG\JCMARKER.OBJ
E:\DEV\BASICOCR\LIBTIFF\LIBBIGTIFF\X64\DEBUG\JCMASTER.OBJ
E:\DEV\BASICOCR\LIBTIFF\LIBBIGTIFF\X64\DEBUG\JCOMAPI.OBJ
E:\DEV\BASICOCR\LIBTIFF\LIBBIGTIFF\X64\DEBUG\JCPARAM.OBJ
E:\DEV\BASICOCR\LIBTIFF\LIBBIGTIFF\X64\DEBUG\JCPHUFF.OBJ
E:\DEV\BASICOCR\LIBTIFF\LIBBIGTIFF\X64\DEBUG\JCPREPCT.OBJ
E:\DEV\BASICOCR\LIBTIFF\LIBBIGTIFF\X64\DEBUG\JCSAMPLE.OBJ
E:\DEV\BASICOCR\LIBTIFF\LIBBIGTIFF\X64\DEBUG\VC110.PDB
E:\DEV\BASICOCR\LIBTIFF\LIBBIGTIFF\X64\DEBUG\TIF_STREAM.OBJ
E:\DEV\BASICOCR\X64\DEBUG\LIBBIGTIFF.LIB
E:\dev\BasicOCR\libtiff\libbigtiff\x64\Debug\cdjpeg.obj
E:\dev\BasicOCR\libtiff\libbigtiff\x64\Debug\ckconfig.obj
E:\dev\BasicOCR\libtiff\libbigtiff\x64\Debug\jcapimin.obj
E:\dev\BasicOCR\libtiff\libbigtiff\x64\Debug\jcapistd.obj
E:\dev\BasicOCR\libtiff\libbigtiff\x64\Debug\jccoefct.obj
E:\dev\BasicOCR\libtiff\libbigtiff\x64\Debug\jccolor.obj
E:\dev\BasicOCR\libtiff\libbigtiff\x64\Debug\jcdctmgr.obj
E:\dev\BasicOCR\libtiff\libbigtiff\x64\Debug\jchuff.obj
E:\dev\BasicOCR\libtiff\libbigtiff\x64\Debug\jcinit.obj
E:\dev\BasicOCR\libtiff\libbigtiff\x64\Debug\jcmainct.obj
E:\dev\BasicOCR\libtiff\libbigtiff\x64\Debug\jcmarker.obj
E:\dev\BasicOCR\libtiff\libbigtiff\x64\Debug\jcmaster.obj
E:\dev\BasicOCR\libtiff\libbigtiff\x64\Debug\jcomapi.obj
E:\dev\BasicOCR\libtiff\libbigtiff\x64\Debug\jcparam.obj
E:\dev\BasicOCR\libtiff\libbigtiff\x64\Debug\jcphuff.obj
E:\dev\BasicOCR\libtiff\libbigtiff\x64\Debug\jcprepct.obj
E:\dev\BasicOCR\libtiff\libbigtiff\x64\Debug\jcsample.obj
E:\dev\BasicOCR\libtiff\libbigtiff\x64\Debug\jctrans.obj
E:\dev\BasicOCR\libtiff\libbigtiff\x64\Debug\jdapimin.obj
E:\dev\BasicOCR\libtiff\libbigtiff\x64\Debug\jdapistd.obj
E:\dev\BasicOCR\libtiff\libbigtiff\x64\Debug\jdatadst.obj
E:\dev\BasicOCR\libtiff\libbigtiff\x64\Debug\jdatasrc.obj
E:\dev\BasicOCR\libtiff\libbigtiff\x64\Debug\jdcoefct.obj
E:\dev\BasicOCR\libtiff\libbigtiff\x64\Debug\jdcolor.obj
E:\dev\BasicOCR\libtiff\libbigtiff\x64\Debug\jddctmgr.obj
E:\dev\BasicOCR\libtiff\libbigtiff\x64\Debug\jdhuff.obj
E:\dev\BasicOCR\libtiff\libbigtiff\x64\Debug\jdinput.obj
E:\dev\BasicOCR\libtiff\libbigtiff\x64\Debug\jdmainct.obj
E:\dev\BasicOCR\libtiff\libbigtiff\x64\Debug\jdmarker.obj
E:\dev\BasicOCR\libtiff\libbigtiff\x64\Debug\jdmaster.obj
E:\dev\BasicOCR\libtiff\libbigtiff\x64\Debug\jdmerge.obj
E:\dev\BasicOCR\libtiff\libbigtiff\x64\Debug\jdphuff.obj
E:\dev\BasicOCR\libtiff\libbigtiff\x64\Debug\jdpostct.obj
E:\dev\BasicOCR\libtiff\libbigtiff\x64\Debug\jdsample.obj
E:\dev\BasicOCR\libtiff\libbigtiff\x64\Debug\jdtrans.obj
E:\dev\BasicOCR\libtiff\libbigtiff\x64\Debug\jerror.obj
E:\dev\BasicOCR\libtiff\libbigtiff\x64\Debug\jfdctflt.obj
E:\dev\BasicOCR\libtiff\libbigtiff\x64\Debug\jfdctfst.obj
E:\dev\BasicOCR\libtiff\libbigtiff\x64\Debug\jfdctint.obj
E:\dev\BasicOCR\libtiff\libbigtiff\x64\Debug\jidctflt.obj
E:\dev\BasicOCR\libtiff\libbigtiff\x64\Debug\jidctfst.obj
E:\dev\BasicOCR\libtiff\libbigtiff\x64\Debug\jidctint.obj
E:\dev\BasicOCR\libtiff\libbigtiff\x64\Debug\jidctred.obj
E:\dev\BasicOCR\libtiff\libbigtiff\x64\Debug\jmemmgr.obj
E:\dev\BasicOCR\libtiff\libbigtiff\x64\Debug\jmemnobs.obj
E:\dev\BasicOCR\libtiff\libbigtiff\x64\Debug\jquant1.obj
E:\dev\BasicOCR\libtiff\libbigtiff\x64\Debug\jquant2.obj
E:\dev\BasicOCR\libtiff\libbigtiff\x64\Debug\jutils.obj
E:\dev\BasicOCR\libtiff\libbigtiff\x64\Debug\rdbmp.obj
E:\dev\BasicOCR\libtiff\libbigtiff\x64\Debug\rdcolmap.obj
E:\dev\BasicOCR\libtiff\libbigtiff\x64\Debug\rdgif.obj
E:\dev\BasicOCR\libtiff\libbigtiff\x64\Debug\rdppm.obj
E:\dev\BasicOCR\libtiff\libbigtiff\x64\Debug\rdrle.obj
E:\dev\BasicOCR\libtiff\libbigtiff\x64\Debug\rdswitch.obj
E:\dev\BasicOCR\libtiff\libbigtiff\x64\Debug\rdtarga.obj
E:\dev\BasicOCR\libtiff\libbigtiff\x64\Debug\tif_aux.obj
E:\dev\BasicOCR\libtiff\libbigtiff\x64\Debug\tif_close.obj
E:\dev\BasicOCR\libtiff\libbigtiff\x64\Debug\tif_codec.obj
E:\dev\BasicOCR\libtiff\libbigtiff\x64\Debug\tif_color.obj
E:\dev\BasicOCR\libtiff\libbigtiff\x64\Debug\tif_compress.obj
E:\dev\BasicOCR\libtiff\libbigtiff\x64\Debug\tif_dir.obj
E:\dev\BasicOCR\libtiff\libbigtiff\x64\Debug\tif_dirinfo.obj
E:\dev\BasicOCR\libtiff\libbigtiff\x64\Debug\tif_dirread.obj
E:\dev\BasicOCR\libtiff\libbigtiff\x64\Debug\tif_dirwrite.obj
E:\dev\BasicOCR\libtiff\libbigtiff\x64\Debug\tif_dumpmode.obj
E:\dev\BasicOCR\libtiff\libbigtiff\x64\Debug\tif_error.obj
E:\dev\BasicOCR\libtiff\libbigtiff\x64\Debug\tif_extension.obj
E:\dev\BasicOCR\libtiff\libbigtiff\x64\Debug\tif_fax3.obj
E:\dev\BasicOCR\libtiff\libbigtiff\x64\Debug\tif_fax3sm.obj
E:\dev\BasicOCR\libtiff\libbigtiff\x64\Debug\tif_flush.obj
E:\dev\BasicOCR\libtiff\libbigtiff\x64\Debug\tif_getimage.obj
E:\dev\BasicOCR\libtiff\libbigtiff\x64\Debug\tif_jpeg.obj
E:\dev\BasicOCR\libtiff\libbigtiff\x64\Debug\tif_luv.obj
E:\dev\BasicOCR\libtiff\libbigtiff\x64\Debug\tif_lzw.obj
E:\dev\BasicOCR\libtiff\libbigtiff\x64\Debug\tif_next.obj
E:\dev\BasicOCR\libtiff\libbigtiff\x64\Debug\tif_ojpeg.obj
E:\dev\BasicOCR\libtiff\libbigtiff\x64\Debug\tif_open.obj
E:\dev\BasicOCR\libtiff\libbigtiff\x64\Debug\tif_packbits.obj
E:\dev\BasicOCR\libtiff\libbigtiff\x64\Debug\tif_pixarlog.obj
E:\dev\BasicOCR\libtiff\libbigtiff\x64\Debug\tif_predict.obj
E:\dev\BasicOCR\libtiff\libbigtiff\x64\Debug\tif_print.obj
E:\dev\BasicOCR\libtiff\libbigtiff\x64\Debug\tif_read.obj
E:\dev\BasicOCR\libtiff\libbigtiff\x64\Debug\tif_stream.obj
E:\dev\BasicOCR\libtiff\libbigtiff\x64\Debug\tif_strip.obj
E:\dev\BasicOCR\libtiff\libbigtiff\x64\Debug\tif_swab.obj
E:\dev\BasicOCR\libtiff\libbigtiff\x64\Debug\tif_thunder.obj
E:\dev\BasicOCR\libtiff\libbigtiff\x64\Debug\tif_tile.obj
E:\dev\BasicOCR\libtiff\libbigtiff\x64\Debug\tif_version.obj
E:\dev\BasicOCR\libtiff\libbigtiff\x64\Debug\tif_warning.obj
E:\dev\BasicOCR\libtiff\libbigtiff\x64\Debug\tif_win32.obj
E:\dev\BasicOCR\libtiff\libbigtiff\x64\Debug\tif_write.obj
E:\dev\BasicOCR\libtiff\libbigtiff\x64\Debug\tif_zip.obj
E:\dev\BasicOCR\libtiff\libbigtiff\x64\Debug\transupp.obj
E:\dev\BasicOCR\libtiff\libbigtiff\x64\Debug\wrbmp.obj
E:\dev\BasicOCR\libtiff\libbigtiff\x64\Debug\wrgif.obj
E:\dev\BasicOCR\libtiff\libbigtiff\x64\Debug\wrppm.obj
E:\dev\BasicOCR\libtiff\libbigtiff\x64\Debug\wrrle.obj
E:\dev\BasicOCR\libtiff\libbigtiff\x64\Debug\wrtarga.obj
E:\dev\BasicOCR\libtiff\libbigtiff\x64\Debug\cl.command.1.tlog
E:\dev\BasicOCR\libtiff\libbigtiff\x64\Debug\CL.read.1.tlog
E:\dev\BasicOCR\libtiff\libbigtiff\x64\Debug\CL.write.1.tlog
E:\dev\BasicOCR\libtiff\libbigtiff\x64\Debug\Lib-link.read.1.tlog
E:\dev\BasicOCR\libtiff\libbigtiff\x64\Debug\Lib-link.write.1.tlog
E:\dev\BasicOCR\libtiff\libbigtiff\x64\Debug\lib.command.1.tlog
E:\dev\BasicOCR\libtiff\libbigtiff\x64\Debug\vc110.idb
E:\dev\BasicOCR\libtiff\libbigtiff\x64\Debug\vc110.pdb
E:\dev\BasicOCR\x64\Debug\libbigtiff.lib
