E:\DEV\OCROPUS\ZLIB\CONTRIB\VSTUDIO\VC10\X64\ZLIBDLLRELEASEWITHOUTASM\TMP\ZUTIL.OBJ
E:\DEV\OCROPUS\ZLIB\CONTRIB\VSTUDIO\VC10\X64\ZLIBDLLRELEASEWITHOUTASM\TMP\ZIP.OBJ
E:\DEV\OCROPUS\ZLIB\CONTRIB\VSTUDIO\VC10\X64\ZLIBDLLRELEASEWITHOUTASM\TMP\UNZIP.OBJ
E:\DEV\OCROPUS\ZLIB\CONTRIB\VSTUDIO\VC10\X64\ZLIBDLLRELEASEWITHOUTASM\TMP\UNCOMPR.OBJ
E:\DEV\OCROPUS\ZLIB\CONTRIB\VSTUDIO\VC10\X64\ZLIBDLLRELEASEWITHOUTASM\TMP\TREES.OBJ
E:\DEV\OCROPUS\ZLIB\CONTRIB\VSTUDIO\VC10\X64\ZLIBDLLRELEASEWITHOUTASM\TMP\IOWIN32.OBJ
E:\DEV\OCROPUS\ZLIB\CONTRIB\VSTUDIO\VC10\X64\ZLIBDLLRELEASEWITHOUTASM\TMP\IOAPI.OBJ
E:\DEV\OCROPUS\ZLIB\CONTRIB\VSTUDIO\VC10\X64\ZLIBDLLRELEASEWITHOUTASM\TMP\INFTREES.OBJ
E:\DEV\OCROPUS\ZLIB\CONTRIB\VSTUDIO\VC10\X64\ZLIBDLLRELEASEWITHOUTASM\TMP\INFLATE.OBJ
E:\DEV\OCROPUS\ZLIB\CONTRIB\VSTUDIO\VC10\X64\ZLIBDLLRELEASEWITHOUTASM\TMP\INFFAST.OBJ
E:\DEV\OCROPUS\ZLIB\CONTRIB\VSTUDIO\VC10\X64\ZLIBDLLRELEASEWITHOUTASM\TMP\INFFAS8664.OBJ
E:\DEV\OCROPUS\ZLIB\CONTRIB\VSTUDIO\VC10\X64\ZLIBDLLRELEASEWITHOUTASM\TMP\INFBACK.OBJ
E:\DEV\OCROPUS\ZLIB\CONTRIB\VSTUDIO\VC10\X64\ZLIBDLLRELEASEWITHOUTASM\TMP\GZWRITE.OBJ
E:\DEV\OCROPUS\ZLIB\CONTRIB\VSTUDIO\VC10\X64\ZLIBDLLRELEASEWITHOUTASM\TMP\GZREAD.OBJ
E:\DEV\OCROPUS\ZLIB\CONTRIB\VSTUDIO\VC10\X64\ZLIBDLLRELEASEWITHOUTASM\TMP\GZLIB.OBJ
E:\DEV\OCROPUS\ZLIB\CONTRIB\VSTUDIO\VC10\X64\ZLIBDLLRELEASEWITHOUTASM\TMP\GZCLOSE.OBJ
E:\DEV\OCROPUS\ZLIB\CONTRIB\VSTUDIO\VC10\X64\ZLIBDLLRELEASEWITHOUTASM\TMP\DEFLATE.OBJ
E:\DEV\OCROPUS\ZLIB\CONTRIB\VSTUDIO\VC10\X64\ZLIBDLLRELEASEWITHOUTASM\TMP\CRC32.OBJ
E:\DEV\OCROPUS\ZLIB\CONTRIB\VSTUDIO\VC10\X64\ZLIBDLLRELEASEWITHOUTASM\TMP\COMPRESS.OBJ
E:\DEV\OCROPUS\ZLIB\CONTRIB\VSTUDIO\VC10\X64\ZLIBDLLRELEASEWITHOUTASM\TMP\ADLER32.OBJ
E:\DEV\OCROPUS\ZLIB\CONTRIB\VSTUDIO\VC10\X64\ZLIBDLLRELEASEWITHOUTASM\VC110.PDB
E:\DEV\OCROPUS\ZLIB\CONTRIB\VSTUDIO\VC10\X64\ZLIBDLLRELEASEWITHOUTASM\ZLIBWAPI.DLL
E:\DEV\OCROPUS\ZLIB\CONTRIB\VSTUDIO\VC10\X64\ZLIBDLLRELEASEWITHOUTASM\TMP\ADLER32.COD
E:\DEV\OCROPUS\ZLIB\CONTRIB\VSTUDIO\VC10\X64\ZLIBDLLRELEASEWITHOUTASM\TMP\COMPRESS.COD
E:\DEV\OCROPUS\ZLIB\CONTRIB\VSTUDIO\VC10\X64\ZLIBDLLRELEASEWITHOUTASM\TMP\CRC32.COD
E:\DEV\OCROPUS\ZLIB\CONTRIB\VSTUDIO\VC10\X64\ZLIBDLLRELEASEWITHOUTASM\TMP\DEFLATE.COD
E:\DEV\OCROPUS\ZLIB\CONTRIB\VSTUDIO\VC10\X64\ZLIBDLLRELEASEWITHOUTASM\TMP\GZCLOSE.COD
E:\DEV\OCROPUS\ZLIB\CONTRIB\VSTUDIO\VC10\X64\ZLIBDLLRELEASEWITHOUTASM\TMP\GZLIB.COD
E:\DEV\OCROPUS\ZLIB\CONTRIB\VSTUDIO\VC10\X64\ZLIBDLLRELEASEWITHOUTASM\TMP\GZREAD.COD
E:\DEV\OCROPUS\ZLIB\CONTRIB\VSTUDIO\VC10\X64\ZLIBDLLRELEASEWITHOUTASM\TMP\GZWRITE.COD
E:\DEV\OCROPUS\ZLIB\CONTRIB\VSTUDIO\VC10\X64\ZLIBDLLRELEASEWITHOUTASM\TMP\INFBACK.COD
E:\DEV\OCROPUS\ZLIB\CONTRIB\VSTUDIO\VC10\X64\ZLIBDLLRELEASEWITHOUTASM\TMP\INFFAS8664.COD
E:\DEV\OCROPUS\ZLIB\CONTRIB\VSTUDIO\VC10\X64\ZLIBDLLRELEASEWITHOUTASM\TMP\INFFAST.COD
E:\DEV\OCROPUS\ZLIB\CONTRIB\VSTUDIO\VC10\X64\ZLIBDLLRELEASEWITHOUTASM\TMP\INFLATE.COD
E:\DEV\OCROPUS\ZLIB\CONTRIB\VSTUDIO\VC10\X64\ZLIBDLLRELEASEWITHOUTASM\TMP\INFTREES.COD
E:\DEV\OCROPUS\ZLIB\CONTRIB\VSTUDIO\VC10\X64\ZLIBDLLRELEASEWITHOUTASM\TMP\IOAPI.COD
E:\DEV\OCROPUS\ZLIB\CONTRIB\VSTUDIO\VC10\X64\ZLIBDLLRELEASEWITHOUTASM\TMP\IOWIN32.COD
E:\DEV\OCROPUS\ZLIB\CONTRIB\VSTUDIO\VC10\X64\ZLIBDLLRELEASEWITHOUTASM\TMP\TREES.COD
E:\DEV\OCROPUS\ZLIB\CONTRIB\VSTUDIO\VC10\X64\ZLIBDLLRELEASEWITHOUTASM\TMP\UNCOMPR.COD
E:\DEV\OCROPUS\ZLIB\CONTRIB\VSTUDIO\VC10\X64\ZLIBDLLRELEASEWITHOUTASM\TMP\UNZIP.COD
E:\DEV\OCROPUS\ZLIB\CONTRIB\VSTUDIO\VC10\X64\ZLIBDLLRELEASEWITHOUTASM\TMP\ZIP.COD
E:\DEV\OCROPUS\ZLIB\CONTRIB\VSTUDIO\VC10\X64\ZLIBDLLRELEASEWITHOUTASM\TMP\ZUTIL.COD
E:\DEV\OCROPUS\ZLIB\CONTRIB\VSTUDIO\VC10\X64\ZLIBDLLRELEASEWITHOUTASM\ZLIBWAPI.MAP
E:\DEV\OCROPUS\ZLIB\CONTRIB\VSTUDIO\VC10\X64\ZLIBDLLRELEASEWITHOUTASM\TMP\ZLIB.RES
E:\dev\OCRopus\zlib\contrib\vstudio\vc10\x64\ZlibDllReleaseWithoutAsm\zlibwapi.lib
E:\dev\OCRopus\zlib\contrib\vstudio\vc10\x64\ZlibDllReleaseWithoutAsm\zlibwapi.exp
E:\dev\OCRopus\zlib\contrib\vstudio\vc10\x64\ZlibDllReleaseWithoutAsm\Tmp\adler32.obj
E:\dev\OCRopus\zlib\contrib\vstudio\vc10\x64\ZlibDllReleaseWithoutAsm\Tmp\compress.obj
E:\dev\OCRopus\zlib\contrib\vstudio\vc10\x64\ZlibDllReleaseWithoutAsm\Tmp\crc32.obj
E:\dev\OCRopus\zlib\contrib\vstudio\vc10\x64\ZlibDllReleaseWithoutAsm\Tmp\deflate.obj
E:\dev\OCRopus\zlib\contrib\vstudio\vc10\x64\ZlibDllReleaseWithoutAsm\Tmp\gzclose.obj
E:\dev\OCRopus\zlib\contrib\vstudio\vc10\x64\ZlibDllReleaseWithoutAsm\Tmp\gzlib.obj
E:\dev\OCRopus\zlib\contrib\vstudio\vc10\x64\ZlibDllReleaseWithoutAsm\Tmp\gzread.obj
E:\dev\OCRopus\zlib\contrib\vstudio\vc10\x64\ZlibDllReleaseWithoutAsm\Tmp\gzwrite.obj
E:\dev\OCRopus\zlib\contrib\vstudio\vc10\x64\ZlibDllReleaseWithoutAsm\Tmp\infback.obj
E:\dev\OCRopus\zlib\contrib\vstudio\vc10\x64\ZlibDllReleaseWithoutAsm\Tmp\inffas8664.obj
E:\dev\OCRopus\zlib\contrib\vstudio\vc10\x64\ZlibDllReleaseWithoutAsm\Tmp\inffast.obj
E:\dev\OCRopus\zlib\contrib\vstudio\vc10\x64\ZlibDllReleaseWithoutAsm\Tmp\inflate.obj
E:\dev\OCRopus\zlib\contrib\vstudio\vc10\x64\ZlibDllReleaseWithoutAsm\Tmp\inftrees.obj
E:\dev\OCRopus\zlib\contrib\vstudio\vc10\x64\ZlibDllReleaseWithoutAsm\Tmp\ioapi.obj
E:\dev\OCRopus\zlib\contrib\vstudio\vc10\x64\ZlibDllReleaseWithoutAsm\Tmp\iowin32.obj
E:\dev\OCRopus\zlib\contrib\vstudio\vc10\x64\ZlibDllReleaseWithoutAsm\Tmp\trees.obj
E:\dev\OCRopus\zlib\contrib\vstudio\vc10\x64\ZlibDllReleaseWithoutAsm\Tmp\uncompr.obj
E:\dev\OCRopus\zlib\contrib\vstudio\vc10\x64\ZlibDllReleaseWithoutAsm\Tmp\unzip.obj
E:\dev\OCRopus\zlib\contrib\vstudio\vc10\x64\ZlibDllReleaseWithoutAsm\Tmp\zip.obj
E:\dev\OCRopus\zlib\contrib\vstudio\vc10\x64\ZlibDllReleaseWithoutAsm\Tmp\zutil.obj
E:\dev\OCRopus\zlib\contrib\vstudio\vc10\x64\ZlibDllReleaseWithoutAsm\Tmp\cl.command.1.tlog
E:\dev\OCRopus\zlib\contrib\vstudio\vc10\x64\ZlibDllReleaseWithoutAsm\Tmp\CL.read.1.tlog
E:\dev\OCRopus\zlib\contrib\vstudio\vc10\x64\ZlibDllReleaseWithoutAsm\Tmp\CL.write.1.tlog
E:\dev\OCRopus\zlib\contrib\vstudio\vc10\x64\ZlibDllReleaseWithoutAsm\Tmp\link-cvtres.read.1.tlog
E:\dev\OCRopus\zlib\contrib\vstudio\vc10\x64\ZlibDllReleaseWithoutAsm\Tmp\link-cvtres.write.1.tlog
E:\dev\OCRopus\zlib\contrib\vstudio\vc10\x64\ZlibDllReleaseWithoutAsm\Tmp\link.command.1.tlog
E:\dev\OCRopus\zlib\contrib\vstudio\vc10\x64\ZlibDllReleaseWithoutAsm\Tmp\link.read.1.tlog
E:\dev\OCRopus\zlib\contrib\vstudio\vc10\x64\ZlibDllReleaseWithoutAsm\Tmp\link.read.2.tlog
E:\dev\OCRopus\zlib\contrib\vstudio\vc10\x64\ZlibDllReleaseWithoutAsm\Tmp\link.read.3.tlog
E:\dev\OCRopus\zlib\contrib\vstudio\vc10\x64\ZlibDllReleaseWithoutAsm\Tmp\link.read.4.tlog
E:\dev\OCRopus\zlib\contrib\vstudio\vc10\x64\ZlibDllReleaseWithoutAsm\Tmp\link.read.5.tlog
E:\dev\OCRopus\zlib\contrib\vstudio\vc10\x64\ZlibDllReleaseWithoutAsm\Tmp\link.write.1.tlog
E:\dev\OCRopus\zlib\contrib\vstudio\vc10\x64\ZlibDllReleaseWithoutAsm\Tmp\rc.command.1.tlog
E:\dev\OCRopus\zlib\contrib\vstudio\vc10\x64\ZlibDllReleaseWithoutAsm\Tmp\rc.read.1.tlog
E:\dev\OCRopus\zlib\contrib\vstudio\vc10\x64\ZlibDllReleaseWithoutAsm\Tmp\rc.write.1.tlog
E:\dev\OCRopus\zlib\contrib\vstudio\vc10\x64\ZlibDllReleaseWithoutAsm\Tmp\zlibvc.write.1.tlog
E:\dev\OCRopus\zlib\contrib\vstudio\vc10\x64\ZlibDllReleaseWithoutAsm\Tmp\zlib.res
