E:\DEV\BASICOCR\INTERMEDIATE\ZLIBVC\WIN32\DEBUG\ZUTIL.OBJ
E:\DEV\BASICOCR\INTERMEDIATE\ZLIBVC\WIN32\DEBUG\ZIP.OBJ
E:\DEV\BASICOCR\INTERMEDIATE\ZLIBVC\WIN32\DEBUG\UNZIP.OBJ
E:\DEV\BASICOCR\INTERMEDIATE\ZLIBVC\WIN32\DEBUG\UNCOMPR.OBJ
E:\DEV\BASICOCR\INTERMEDIATE\ZLIBVC\WIN32\DEBUG\TREES.OBJ
E:\DEV\BASICOCR\INTERMEDIATE\ZLIBVC\WIN32\DEBUG\IOWIN32.OBJ
E:\DEV\BASICOCR\INTERMEDIATE\ZLIBVC\WIN32\DEBUG\IOAPI.OBJ
E:\DEV\BASICOCR\INTERMEDIATE\ZLIBVC\WIN32\DEBUG\INFTREES.OBJ
E:\DEV\BASICOCR\INTERMEDIATE\ZLIBVC\WIN32\DEBUG\INFLATE.OBJ
E:\DEV\BASICOCR\INTERMEDIATE\ZLIBVC\WIN32\DEBUG\INFFAST.OBJ
E:\DEV\BASICOCR\INTERMEDIATE\ZLIBVC\WIN32\DEBUG\INFBACK.OBJ
E:\DEV\BASICOCR\INTERMEDIATE\ZLIBVC\WIN32\DEBUG\GZWRITE.OBJ
E:\DEV\BASICOCR\INTERMEDIATE\ZLIBVC\WIN32\DEBUG\GZREAD.OBJ
E:\DEV\BASICOCR\INTERMEDIATE\ZLIBVC\WIN32\DEBUG\GZLIB.OBJ
E:\DEV\BASICOCR\INTERMEDIATE\ZLIBVC\WIN32\DEBUG\GZCLOSE.OBJ
E:\DEV\BASICOCR\INTERMEDIATE\ZLIBVC\WIN32\DEBUG\DEFLATE.OBJ
E:\DEV\BASICOCR\INTERMEDIATE\ZLIBVC\WIN32\DEBUG\CRC32.OBJ
E:\DEV\BASICOCR\INTERMEDIATE\ZLIBVC\WIN32\DEBUG\COMPRESS.OBJ
E:\DEV\BASICOCR\INTERMEDIATE\ZLIBVC\WIN32\DEBUG\ADLER32.OBJ
E:\DEV\BASICOCR\LIB\ZLIBVC\WIN32\DEBUG\VC110.PDB
E:\DEV\BASICOCR\LIB\ZLIBVC\WIN32\DEBUG\ZLIBWAPI.ILK
E:\DEV\BASICOCR\LIB\ZLIBVC\WIN32\DEBUG\ZLIBWAPI.DLL
E:\DEV\BASICOCR\LIB\ZLIBVC\WIN32\DEBUG\ZLIBWAPI.MAP
E:\DEV\BASICOCR\LIB\ZLIBVC\WIN32\DEBUG\ZLIBWAPI.PDB
E:\DEV\BASICOCR\INTERMEDIATE\ZLIBVC\WIN32\DEBUG\ZLIB.RES
E:\dev\BasicOCR\lib\zlibvc\Win32\Debug\zlibwapi.lib
E:\dev\BasicOCR\lib\zlibvc\Win32\Debug\zlibwapi.exp
E:\dev\BasicOCR\intermediate\zlibvc\Win32\Debug\adler32.obj
E:\dev\BasicOCR\intermediate\zlibvc\Win32\Debug\compress.obj
E:\dev\BasicOCR\intermediate\zlibvc\Win32\Debug\crc32.obj
E:\dev\BasicOCR\intermediate\zlibvc\Win32\Debug\deflate.obj
E:\dev\BasicOCR\intermediate\zlibvc\Win32\Debug\gzclose.obj
E:\dev\BasicOCR\intermediate\zlibvc\Win32\Debug\gzlib.obj
E:\dev\BasicOCR\intermediate\zlibvc\Win32\Debug\gzread.obj
E:\dev\BasicOCR\intermediate\zlibvc\Win32\Debug\gzwrite.obj
E:\dev\BasicOCR\intermediate\zlibvc\Win32\Debug\infback.obj
E:\dev\BasicOCR\intermediate\zlibvc\Win32\Debug\inffast.obj
E:\dev\BasicOCR\intermediate\zlibvc\Win32\Debug\inflate.obj
E:\dev\BasicOCR\intermediate\zlibvc\Win32\Debug\inftrees.obj
E:\dev\BasicOCR\intermediate\zlibvc\Win32\Debug\ioapi.obj
E:\dev\BasicOCR\intermediate\zlibvc\Win32\Debug\iowin32.obj
E:\dev\BasicOCR\intermediate\zlibvc\Win32\Debug\trees.obj
E:\dev\BasicOCR\intermediate\zlibvc\Win32\Debug\uncompr.obj
E:\dev\BasicOCR\intermediate\zlibvc\Win32\Debug\unzip.obj
E:\dev\BasicOCR\intermediate\zlibvc\Win32\Debug\zip.obj
E:\dev\BasicOCR\intermediate\zlibvc\Win32\Debug\zutil.obj
E:\dev\BasicOCR\intermediate\zlibvc\Win32\Debug\cl.command.1.tlog
E:\dev\BasicOCR\intermediate\zlibvc\Win32\Debug\CL.read.1.tlog
E:\dev\BasicOCR\intermediate\zlibvc\Win32\Debug\CL.write.1.tlog
E:\dev\BasicOCR\intermediate\zlibvc\Win32\Debug\link-cvtres.read.1.tlog
E:\dev\BasicOCR\intermediate\zlibvc\Win32\Debug\link-cvtres.write.1.tlog
E:\dev\BasicOCR\intermediate\zlibvc\Win32\Debug\link.command.1.tlog
E:\dev\BasicOCR\intermediate\zlibvc\Win32\Debug\link.read.1.tlog
E:\dev\BasicOCR\intermediate\zlibvc\Win32\Debug\link.write.1.tlog
E:\dev\BasicOCR\intermediate\zlibvc\Win32\Debug\rc.command.1.tlog
E:\dev\BasicOCR\intermediate\zlibvc\Win32\Debug\rc.read.1.tlog
E:\dev\BasicOCR\intermediate\zlibvc\Win32\Debug\rc.write.1.tlog
E:\dev\BasicOCR\intermediate\zlibvc\Win32\Debug\zlibvc.write.1.tlog
E:\dev\BasicOCR\intermediate\zlibvc\Win32\Debug\zlib.res
