Build started 6/30/2013 12:43:19 PM.
Project "E:\dev\BasicOCR\libharu\build\CMakeFiles\2.8.10.2\CompilerIdC\CompilerIdC.vcxproj" on node 2 (Build target(s)).
InitializeBuildStatus:
  Creating "Debug\CompilerIdC.unsuccessfulbuild" because "AlwaysCreate" was specified.
ClCompile:
  e:\Program Files (x86)\Microsoft Visual Studio 11.0\VC\bin\CL.exe /c /nologo /W0 /WX- /Od /Oy- /D _MBCS /Gm- /EHsc /RTC1 /MDd /GS /fp:precise /Zc:wchar_t /Zc:forScope /Fo"Debug\\" /Fd"Debug\vc110.pdb" /Gd /TC /analyze- /errorReport:prompt CMakeCCompilerId.c
  CMakeCCompilerId.c
Link:
  e:\Program Files (x86)\Microsoft Visual Studio 11.0\VC\bin\link.exe /ERRORREPORT:PROMPT /OUT:".\CompilerIdC.exe" /INCREMENTAL:NO /NOLOGO kernel32.lib user32.lib gdi32.lib winspool.lib comdlg32.lib advapi32.lib shell32.lib ole32.lib oleaut32.lib uuid.lib odbc32.lib odbccp32.lib /MANIFEST /MANIFESTUAC:"level='asInvoker' uiAccess='false'" /manifest:embed /PDB:".\CompilerIdC.pdb" /SUBSYSTEM:CONSOLE /TLBID:1 /DYNAMICBASE /NXCOMPAT /IMPLIB:".\CompilerIdC.lib" /MACHINE:X86 /SAFESEH Debug\CMakeCCompilerId.obj
  CompilerIdC.vcxproj -> E:\dev\BasicOCR\libharu\build\CMakeFiles\2.8.10.2\CompilerIdC\.\CompilerIdC.exe
PostBuildEvent:
  for %%i in (cl.exe) do @echo CMAKE_C_COMPILER=%%~$PATH:i
  :VCEnd
  CMAKE_C_COMPILER=e:\Program Files (x86)\Microsoft Visual Studio 11.0\VC\bin\cl.exe
FinalizeBuildStatus:
  Deleting file "Debug\CompilerIdC.unsuccessfulbuild".
  Touching "Debug\CompilerIdC.lastbuildstate".
Done Building Project "E:\dev\BasicOCR\libharu\build\CMakeFiles\2.8.10.2\CompilerIdC\CompilerIdC.vcxproj" (Build target(s)).

Build succeeded.

Time Elapsed 00:00:02.42
