E:\DEV\BASICOCR\OCROPUS\RELEASE\LOG-REG-DATA.OBJ
E:\DEV\BASICOCR\OCROPUS\RELEASE\GLUTILS.OBJ
E:\DEV\BASICOCR\OCROPUS\RELEASE\MAKE_MAP.OBJ
E:\DEV\BASICOCR\OCROPUS\RELEASE\DRAW_RECT.OBJ
E:\DEV\BASICOCR\OCROPUS\RELEASE\DRAW_POINT.OBJ
E:\DEV\BASICOCR\OCROPUS\RELEASE\DRAW_LINE.OBJ
E:\DEV\BASICOCR\OCROPUS\RELEASE\DINFO.OBJ
E:\DEV\BASICOCR\OCROPUS\RELEASE\CLINE.OBJ
E:\DEV\BASICOCR\OCROPUS\RELEASE\BIT_FUNC.OBJ
E:\DEV\BASICOCR\OCROPUS\RELEASE\VORONOI-PAGESEG.OBJ
E:\DEV\BASICOCR\OCROPUS\RELEASE\USAGE.OBJ
E:\DEV\BASICOCR\OCROPUS\RELEASE\SITES.OBJ
E:\DEV\BASICOCR\OCROPUS\RELEASE\OUTPUT.OBJ
E:\DEV\BASICOCR\OCROPUS\RELEASE\MEMORY.OBJ
E:\DEV\BASICOCR\OCROPUS\RELEASE\MAIN-BE.OBJ
E:\DEV\BASICOCR\OCROPUS\RELEASE\LABEL_FUNC.OBJ
E:\DEV\BASICOCR\OCROPUS\RELEASE\IMG_TO_SITE.OBJ
E:\DEV\BASICOCR\OCROPUS\RELEASE\HEAP.OBJ
E:\DEV\BASICOCR\OCROPUS\RELEASE\HASH.OBJ
E:\DEV\BASICOCR\OCROPUS\RELEASE\GEOMETRY.OBJ
E:\DEV\BASICOCR\OCROPUS\RELEASE\ERASE.OBJ
E:\DEV\BASICOCR\OCROPUS\RELEASE\EDGELIST.OBJ
E:\DEV\BASICOCR\OCROPUS\RELEASE\UTIL.OBJ
E:\DEV\BASICOCR\OCROPUS\RELEASE\VORONOI.OBJ
E:\dev\BasicOCR\ocropus\Release\bit_func.obj
E:\dev\BasicOCR\ocropus\Release\cline.obj
E:\dev\BasicOCR\ocropus\Release\dinfo.obj
E:\dev\BasicOCR\ocropus\Release\draw_line.obj
E:\dev\BasicOCR\ocropus\Release\draw_point.obj
E:\dev\BasicOCR\ocropus\Release\draw_rect.obj
E:\dev\BasicOCR\ocropus\Release\edgelist.obj
E:\dev\BasicOCR\ocropus\Release\erase.obj
E:\dev\BasicOCR\ocropus\Release\geometry.obj
E:\dev\BasicOCR\ocropus\Release\glutils.obj
E:\dev\BasicOCR\ocropus\Release\hash.obj
E:\dev\BasicOCR\ocropus\Release\heap.obj
E:\dev\BasicOCR\ocropus\Release\img_to_site.obj
E:\dev\BasicOCR\ocropus\Release\label_func.obj
E:\dev\BasicOCR\ocropus\Release\log-reg-data.obj
E:\dev\BasicOCR\ocropus\Release\main-be.obj
E:\dev\BasicOCR\ocropus\Release\make_map.obj
E:\dev\BasicOCR\ocropus\Release\memory.obj
E:\dev\BasicOCR\ocropus\Release\output.obj
E:\dev\BasicOCR\ocropus\Release\sites.obj
E:\dev\BasicOCR\ocropus\Release\usage.obj
E:\dev\BasicOCR\ocropus\Release\util.obj
E:\dev\BasicOCR\ocropus\Release\voronoi-pageseg.obj
E:\dev\BasicOCR\ocropus\Release\voronoi.obj
E:\dev\BasicOCR\ocropus\Release\cl.command.1.tlog
E:\dev\BasicOCR\ocropus\Release\CL.read.1.tlog
E:\dev\BasicOCR\ocropus\Release\CL.write.1.tlog
E:\dev\BasicOCR\ocropus\Release\vc110.pdb
