E:\DEV\OCROPUS\LIBPNG\PROJECTS\VISUALC71\WIN32_LIB_DEBUG\LIBPNG.PCH
E:\DEV\OCROPUS\LIBPNG\PROJECTS\VISUALC71\WIN32_LIB_DEBUG\PNGERROR.OBJ
E:\DEV\OCROPUS\LIBPNG\PROJECTS\VISUALC71\WIN32_LIB_DEBUG\VC110.PDB
E:\DEV\OCROPUS\LIBPNG\PROJECTS\VISUALC71\WIN32_LIB_DEBUG\PNG.OBJ
E:\DEV\OCROPUS\LIBPNG\PROJECTS\VISUALC71\WIN32_LIB_DEBUG\PNGWUTIL.OBJ
E:\DEV\OCROPUS\LIBPNG\PROJECTS\VISUALC71\WIN32_LIB_DEBUG\PNGWTRAN.OBJ
E:\DEV\OCROPUS\LIBPNG\PROJECTS\VISUALC71\WIN32_LIB_DEBUG\PNGWRITE.OBJ
E:\DEV\OCROPUS\LIBPNG\PROJECTS\VISUALC71\WIN32_LIB_DEBUG\PNGWIO.OBJ
E:\DEV\OCROPUS\LIBPNG\PROJECTS\VISUALC71\WIN32_LIB_DEBUG\PNGTRANS.OBJ
E:\DEV\OCROPUS\LIBPNG\PROJECTS\VISUALC71\WIN32_LIB_DEBUG\PNGSET.OBJ
E:\DEV\OCROPUS\LIBPNG\PROJECTS\VISUALC71\WIN32_LIB_DEBUG\PNGRUTIL.OBJ
E:\DEV\OCROPUS\LIBPNG\PROJECTS\VISUALC71\WIN32_LIB_DEBUG\PNGRTRAN.OBJ
E:\DEV\OCROPUS\LIBPNG\PROJECTS\VISUALC71\WIN32_LIB_DEBUG\PNGRIO.OBJ
E:\DEV\OCROPUS\LIBPNG\PROJECTS\VISUALC71\WIN32_LIB_DEBUG\PNGREAD.OBJ
E:\DEV\OCROPUS\LIBPNG\PROJECTS\VISUALC71\WIN32_LIB_DEBUG\PNGPREAD.OBJ
E:\DEV\OCROPUS\LIBPNG\PROJECTS\VISUALC71\WIN32_LIB_DEBUG\PNGMEM.OBJ
E:\DEV\OCROPUS\LIBPNG\PROJECTS\VISUALC71\WIN32_LIB_DEBUG\PNGGET.OBJ
E:\DEV\BASICOCR\LIBPNG\PROJECTS\VISUALC71\WIN32_LIB_DEBUG\LIBPNG.PCH
E:\DEV\BASICOCR\LIBPNG\PROJECTS\VISUALC71\WIN32_LIB_DEBUG\PNGERROR.OBJ
E:\DEV\BASICOCR\LIBPNG\PROJECTS\VISUALC71\WIN32_LIB_DEBUG\VC110.PDB
E:\DEV\BASICOCR\LIBPNG\PROJECTS\VISUALC71\WIN32_LIB_DEBUG\PNG.OBJ
E:\DEV\BASICOCR\LIBPNG\PROJECTS\VISUALC71\WIN32_LIB_DEBUG\PNGWUTIL.OBJ
E:\DEV\BASICOCR\LIBPNG\PROJECTS\VISUALC71\WIN32_LIB_DEBUG\PNGWTRAN.OBJ
E:\DEV\BASICOCR\LIBPNG\PROJECTS\VISUALC71\WIN32_LIB_DEBUG\PNGWRITE.OBJ
E:\DEV\BASICOCR\LIBPNG\PROJECTS\VISUALC71\WIN32_LIB_DEBUG\PNGWIO.OBJ
E:\DEV\BASICOCR\LIBPNG\PROJECTS\VISUALC71\WIN32_LIB_DEBUG\PNGTRANS.OBJ
E:\DEV\BASICOCR\LIBPNG\PROJECTS\VISUALC71\WIN32_LIB_DEBUG\PNGSET.OBJ
E:\DEV\BASICOCR\LIBPNG\PROJECTS\VISUALC71\WIN32_LIB_DEBUG\PNGRUTIL.OBJ
E:\DEV\BASICOCR\LIBPNG\PROJECTS\VISUALC71\WIN32_LIB_DEBUG\PNGRTRAN.OBJ
E:\DEV\BASICOCR\LIBPNG\PROJECTS\VISUALC71\WIN32_LIB_DEBUG\PNGRIO.OBJ
E:\DEV\BASICOCR\LIBPNG\PROJECTS\VISUALC71\WIN32_LIB_DEBUG\PNGREAD.OBJ
E:\DEV\BASICOCR\LIBPNG\PROJECTS\VISUALC71\WIN32_LIB_DEBUG\PNGPREAD.OBJ
E:\DEV\BASICOCR\LIBPNG\PROJECTS\VISUALC71\WIN32_LIB_DEBUG\PNGMEM.OBJ
E:\DEV\BASICOCR\LIBPNG\PROJECTS\VISUALC71\WIN32_LIB_DEBUG\PNGGET.OBJ
E:\DEV\OCROPUS\LIBPNG\PROJECTS\BUILDS\DEBUG\LIBPNG.LIB
E:\DEV\BASICOCR\LIBPNG\PROJECTS\BUILDS\DEBUG\LIBPNG.LIB
E:\dev\BasicOCR\libpng\projects\visualc71\Win32_LIB_Debug\png.obj
E:\dev\BasicOCR\libpng\projects\visualc71\Win32_LIB_Debug\pngerror.obj
E:\dev\BasicOCR\libpng\projects\visualc71\Win32_LIB_Debug\pngget.obj
E:\dev\BasicOCR\libpng\projects\visualc71\Win32_LIB_Debug\pngmem.obj
E:\dev\BasicOCR\libpng\projects\visualc71\Win32_LIB_Debug\pngpread.obj
E:\dev\BasicOCR\libpng\projects\visualc71\Win32_LIB_Debug\pngread.obj
E:\dev\BasicOCR\libpng\projects\visualc71\Win32_LIB_Debug\pngrio.obj
E:\dev\BasicOCR\libpng\projects\visualc71\Win32_LIB_Debug\pngrtran.obj
E:\dev\BasicOCR\libpng\projects\visualc71\Win32_LIB_Debug\pngrutil.obj
E:\dev\BasicOCR\libpng\projects\visualc71\Win32_LIB_Debug\pngset.obj
E:\dev\BasicOCR\libpng\projects\visualc71\Win32_LIB_Debug\pngtrans.obj
E:\dev\BasicOCR\libpng\projects\visualc71\Win32_LIB_Debug\pngwio.obj
E:\dev\BasicOCR\libpng\projects\visualc71\Win32_LIB_Debug\pngwrite.obj
E:\dev\BasicOCR\libpng\projects\visualc71\Win32_LIB_Debug\pngwtran.obj
E:\dev\BasicOCR\libpng\projects\visualc71\Win32_LIB_Debug\pngwutil.obj
E:\dev\BasicOCR\libpng\projects\visualc71\Win32_LIB_Debug\cl.command.1.tlog
E:\dev\BasicOCR\libpng\projects\visualc71\Win32_LIB_Debug\CL.read.1.tlog
E:\dev\BasicOCR\libpng\projects\visualc71\Win32_LIB_Debug\CL.write.1.tlog
E:\dev\BasicOCR\libpng\projects\visualc71\Win32_LIB_Debug\Lib-link.read.1.tlog
E:\dev\BasicOCR\libpng\projects\visualc71\Win32_LIB_Debug\Lib-link.write.1.tlog
E:\dev\BasicOCR\libpng\projects\visualc71\Win32_LIB_Debug\lib.command.1.tlog
E:\dev\BasicOCR\libpng\projects\visualc71\Win32_LIB_Debug\libpng.pch
E:\dev\BasicOCR\libpng\projects\visualc71\Win32_LIB_Debug\vc110.idb
E:\dev\BasicOCR\libpng\projects\visualc71\Win32_LIB_Debug\vc90.idb
E:\dev\BasicOCR\libpng\projects\visualc71\Win32_LIB_Debug\vc110.pdb
E:\dev\BasicOCR\libpng\projects\visualc71\Win32_LIB_Debug\vc90.pdb
