E:\DEV\BASICOCR\INTERMEDIATE\LIBBIGTIFF\WIN32\RELEASE\JDAPISTD.OBJ
E:\DEV\BASICOCR\INTERMEDIATE\LIBBIGTIFF\WIN32\RELEASE\JDAPIMIN.OBJ
E:\DEV\BASICOCR\INTERMEDIATE\LIBBIGTIFF\WIN32\RELEASE\JCTRANS.OBJ
E:\DEV\BASICOCR\INTERMEDIATE\LIBBIGTIFF\WIN32\RELEASE\JCSAMPLE.OBJ
E:\DEV\BASICOCR\INTERMEDIATE\LIBBIGTIFF\WIN32\RELEASE\JCPREPCT.OBJ
E:\DEV\BASICOCR\INTERMEDIATE\LIBBIGTIFF\WIN32\RELEASE\JCPHUFF.OBJ
E:\DEV\BASICOCR\INTERMEDIATE\LIBBIGTIFF\WIN32\RELEASE\JCPARAM.OBJ
E:\DEV\BASICOCR\INTERMEDIATE\LIBBIGTIFF\WIN32\RELEASE\JCOMAPI.OBJ
E:\DEV\BASICOCR\INTERMEDIATE\LIBBIGTIFF\WIN32\RELEASE\JCMASTER.OBJ
E:\DEV\BASICOCR\INTERMEDIATE\LIBBIGTIFF\WIN32\RELEASE\JCMARKER.OBJ
E:\DEV\BASICOCR\INTERMEDIATE\LIBBIGTIFF\WIN32\RELEASE\JCMAINCT.OBJ
E:\DEV\BASICOCR\INTERMEDIATE\LIBBIGTIFF\WIN32\RELEASE\JCINIT.OBJ
E:\DEV\BASICOCR\INTERMEDIATE\LIBBIGTIFF\WIN32\RELEASE\JCHUFF.OBJ
E:\DEV\BASICOCR\INTERMEDIATE\LIBBIGTIFF\WIN32\RELEASE\JCDCTMGR.OBJ
E:\DEV\BASICOCR\INTERMEDIATE\LIBBIGTIFF\WIN32\RELEASE\JCCOLOR.OBJ
E:\DEV\BASICOCR\INTERMEDIATE\LIBBIGTIFF\WIN32\RELEASE\JCCOEFCT.OBJ
E:\DEV\BASICOCR\INTERMEDIATE\LIBBIGTIFF\WIN32\RELEASE\JCAPISTD.OBJ
E:\DEV\BASICOCR\INTERMEDIATE\LIBBIGTIFF\WIN32\RELEASE\JCAPIMIN.OBJ
E:\DEV\BASICOCR\INTERMEDIATE\LIBBIGTIFF\WIN32\RELEASE\CKCONFIG.OBJ
E:\DEV\BASICOCR\INTERMEDIATE\LIBBIGTIFF\WIN32\RELEASE\CDJPEG.OBJ
E:\DEV\BASICOCR\INTERMEDIATE\LIBBIGTIFF\WIN32\RELEASE\JIDCTFLT.OBJ
E:\DEV\BASICOCR\INTERMEDIATE\LIBBIGTIFF\WIN32\RELEASE\JFDCTINT.OBJ
E:\DEV\BASICOCR\INTERMEDIATE\LIBBIGTIFF\WIN32\RELEASE\JFDCTFST.OBJ
E:\DEV\BASICOCR\INTERMEDIATE\LIBBIGTIFF\WIN32\RELEASE\JFDCTFLT.OBJ
E:\DEV\BASICOCR\INTERMEDIATE\LIBBIGTIFF\WIN32\RELEASE\JERROR.OBJ
E:\DEV\BASICOCR\INTERMEDIATE\LIBBIGTIFF\WIN32\RELEASE\JDTRANS.OBJ
E:\DEV\BASICOCR\INTERMEDIATE\LIBBIGTIFF\WIN32\RELEASE\JDSAMPLE.OBJ
E:\DEV\BASICOCR\INTERMEDIATE\LIBBIGTIFF\WIN32\RELEASE\JDPOSTCT.OBJ
E:\DEV\BASICOCR\INTERMEDIATE\LIBBIGTIFF\WIN32\RELEASE\JDPHUFF.OBJ
E:\DEV\BASICOCR\INTERMEDIATE\LIBBIGTIFF\WIN32\RELEASE\JDMERGE.OBJ
E:\DEV\BASICOCR\INTERMEDIATE\LIBBIGTIFF\WIN32\RELEASE\JDMASTER.OBJ
E:\DEV\BASICOCR\INTERMEDIATE\LIBBIGTIFF\WIN32\RELEASE\JDMARKER.OBJ
E:\DEV\BASICOCR\INTERMEDIATE\LIBBIGTIFF\WIN32\RELEASE\JDMAINCT.OBJ
E:\DEV\BASICOCR\INTERMEDIATE\LIBBIGTIFF\WIN32\RELEASE\JDINPUT.OBJ
E:\DEV\BASICOCR\INTERMEDIATE\LIBBIGTIFF\WIN32\RELEASE\JDHUFF.OBJ
E:\DEV\BASICOCR\INTERMEDIATE\LIBBIGTIFF\WIN32\RELEASE\JDDCTMGR.OBJ
E:\DEV\BASICOCR\INTERMEDIATE\LIBBIGTIFF\WIN32\RELEASE\JDCOLOR.OBJ
E:\DEV\BASICOCR\INTERMEDIATE\LIBBIGTIFF\WIN32\RELEASE\JDCOEFCT.OBJ
E:\DEV\BASICOCR\INTERMEDIATE\LIBBIGTIFF\WIN32\RELEASE\JDATASRC.OBJ
E:\DEV\BASICOCR\INTERMEDIATE\LIBBIGTIFF\WIN32\RELEASE\JDATADST.OBJ
E:\DEV\BASICOCR\INTERMEDIATE\LIBBIGTIFF\WIN32\RELEASE\WRRLE.OBJ
E:\DEV\BASICOCR\INTERMEDIATE\LIBBIGTIFF\WIN32\RELEASE\WRPPM.OBJ
E:\DEV\BASICOCR\INTERMEDIATE\LIBBIGTIFF\WIN32\RELEASE\WRGIF.OBJ
E:\DEV\BASICOCR\INTERMEDIATE\LIBBIGTIFF\WIN32\RELEASE\WRBMP.OBJ
E:\DEV\BASICOCR\INTERMEDIATE\LIBBIGTIFF\WIN32\RELEASE\TRANSUPP.OBJ
E:\DEV\BASICOCR\INTERMEDIATE\LIBBIGTIFF\WIN32\RELEASE\RDTARGA.OBJ
E:\DEV\BASICOCR\INTERMEDIATE\LIBBIGTIFF\WIN32\RELEASE\RDSWITCH.OBJ
E:\DEV\BASICOCR\INTERMEDIATE\LIBBIGTIFF\WIN32\RELEASE\RDRLE.OBJ
E:\DEV\BASICOCR\INTERMEDIATE\LIBBIGTIFF\WIN32\RELEASE\RDPPM.OBJ
E:\DEV\BASICOCR\INTERMEDIATE\LIBBIGTIFF\WIN32\RELEASE\RDGIF.OBJ
E:\DEV\BASICOCR\INTERMEDIATE\LIBBIGTIFF\WIN32\RELEASE\RDCOLMAP.OBJ
E:\DEV\BASICOCR\INTERMEDIATE\LIBBIGTIFF\WIN32\RELEASE\RDBMP.OBJ
E:\DEV\BASICOCR\INTERMEDIATE\LIBBIGTIFF\WIN32\RELEASE\JUTILS.OBJ
E:\DEV\BASICOCR\INTERMEDIATE\LIBBIGTIFF\WIN32\RELEASE\JQUANT2.OBJ
E:\DEV\BASICOCR\INTERMEDIATE\LIBBIGTIFF\WIN32\RELEASE\JQUANT1.OBJ
E:\DEV\BASICOCR\INTERMEDIATE\LIBBIGTIFF\WIN32\RELEASE\JMEMNOBS.OBJ
E:\DEV\BASICOCR\INTERMEDIATE\LIBBIGTIFF\WIN32\RELEASE\JMEMMGR.OBJ
E:\DEV\BASICOCR\INTERMEDIATE\LIBBIGTIFF\WIN32\RELEASE\JIDCTRED.OBJ
E:\DEV\BASICOCR\INTERMEDIATE\LIBBIGTIFF\WIN32\RELEASE\JIDCTINT.OBJ
E:\DEV\BASICOCR\INTERMEDIATE\LIBBIGTIFF\WIN32\RELEASE\JIDCTFST.OBJ
E:\DEV\BASICOCR\INTERMEDIATE\LIBBIGTIFF\WIN32\RELEASE\TIF_LZW.OBJ
E:\DEV\BASICOCR\INTERMEDIATE\LIBBIGTIFF\WIN32\RELEASE\TIF_LUV.OBJ
E:\DEV\BASICOCR\INTERMEDIATE\LIBBIGTIFF\WIN32\RELEASE\TIF_JPEG.OBJ
E:\DEV\BASICOCR\INTERMEDIATE\LIBBIGTIFF\WIN32\RELEASE\TIF_GETIMAGE.OBJ
E:\DEV\BASICOCR\INTERMEDIATE\LIBBIGTIFF\WIN32\RELEASE\TIF_FLUSH.OBJ
E:\DEV\BASICOCR\INTERMEDIATE\LIBBIGTIFF\WIN32\RELEASE\TIF_FAX3SM.OBJ
E:\DEV\BASICOCR\INTERMEDIATE\LIBBIGTIFF\WIN32\RELEASE\TIF_FAX3.OBJ
E:\DEV\BASICOCR\INTERMEDIATE\LIBBIGTIFF\WIN32\RELEASE\TIF_EXTENSION.OBJ
E:\DEV\BASICOCR\INTERMEDIATE\LIBBIGTIFF\WIN32\RELEASE\TIF_ERROR.OBJ
E:\DEV\BASICOCR\INTERMEDIATE\LIBBIGTIFF\WIN32\RELEASE\TIF_DUMPMODE.OBJ
E:\DEV\BASICOCR\INTERMEDIATE\LIBBIGTIFF\WIN32\RELEASE\TIF_DIRWRITE.OBJ
E:\DEV\BASICOCR\INTERMEDIATE\LIBBIGTIFF\WIN32\RELEASE\TIF_DIRREAD.OBJ
E:\DEV\BASICOCR\INTERMEDIATE\LIBBIGTIFF\WIN32\RELEASE\TIF_DIRINFO.OBJ
E:\DEV\BASICOCR\INTERMEDIATE\LIBBIGTIFF\WIN32\RELEASE\TIF_DIR.OBJ
E:\DEV\BASICOCR\INTERMEDIATE\LIBBIGTIFF\WIN32\RELEASE\TIF_COMPRESS.OBJ
E:\DEV\BASICOCR\INTERMEDIATE\LIBBIGTIFF\WIN32\RELEASE\TIF_COLOR.OBJ
E:\DEV\BASICOCR\INTERMEDIATE\LIBBIGTIFF\WIN32\RELEASE\TIF_CODEC.OBJ
E:\DEV\BASICOCR\INTERMEDIATE\LIBBIGTIFF\WIN32\RELEASE\TIF_CLOSE.OBJ
E:\DEV\BASICOCR\INTERMEDIATE\LIBBIGTIFF\WIN32\RELEASE\TIF_AUX.OBJ
E:\DEV\BASICOCR\INTERMEDIATE\LIBBIGTIFF\WIN32\RELEASE\WRTARGA.OBJ
E:\DEV\BASICOCR\INTERMEDIATE\LIBBIGTIFF\WIN32\RELEASE\TIF_ZIP.OBJ
E:\DEV\BASICOCR\INTERMEDIATE\LIBBIGTIFF\WIN32\RELEASE\TIF_WRITE.OBJ
E:\DEV\BASICOCR\INTERMEDIATE\LIBBIGTIFF\WIN32\RELEASE\TIF_WIN32.OBJ
E:\DEV\BASICOCR\INTERMEDIATE\LIBBIGTIFF\WIN32\RELEASE\TIF_WARNING.OBJ
E:\DEV\BASICOCR\INTERMEDIATE\LIBBIGTIFF\WIN32\RELEASE\TIF_VERSION.OBJ
E:\DEV\BASICOCR\INTERMEDIATE\LIBBIGTIFF\WIN32\RELEASE\TIF_TILE.OBJ
E:\DEV\BASICOCR\INTERMEDIATE\LIBBIGTIFF\WIN32\RELEASE\TIF_THUNDER.OBJ
E:\DEV\BASICOCR\INTERMEDIATE\LIBBIGTIFF\WIN32\RELEASE\TIF_SWAB.OBJ
E:\DEV\BASICOCR\INTERMEDIATE\LIBBIGTIFF\WIN32\RELEASE\TIF_STRIP.OBJ
E:\DEV\BASICOCR\INTERMEDIATE\LIBBIGTIFF\WIN32\RELEASE\TIF_READ.OBJ
E:\DEV\BASICOCR\INTERMEDIATE\LIBBIGTIFF\WIN32\RELEASE\TIF_PRINT.OBJ
E:\DEV\BASICOCR\INTERMEDIATE\LIBBIGTIFF\WIN32\RELEASE\TIF_PREDICT.OBJ
E:\DEV\BASICOCR\INTERMEDIATE\LIBBIGTIFF\WIN32\RELEASE\TIF_PIXARLOG.OBJ
E:\DEV\BASICOCR\INTERMEDIATE\LIBBIGTIFF\WIN32\RELEASE\TIF_PACKBITS.OBJ
E:\DEV\BASICOCR\INTERMEDIATE\LIBBIGTIFF\WIN32\RELEASE\TIF_OPEN.OBJ
E:\DEV\BASICOCR\INTERMEDIATE\LIBBIGTIFF\WIN32\RELEASE\TIF_OJPEG.OBJ
E:\DEV\BASICOCR\INTERMEDIATE\LIBBIGTIFF\WIN32\RELEASE\TIF_NEXT.OBJ
E:\DEV\BASICOCR\INTERMEDIATE\LIBBIGTIFF\WIN32\RELEASE\VC110.PDB
E:\DEV\BASICOCR\INTERMEDIATE\LIBBIGTIFF\WIN32\RELEASE\TIF_STREAM.OBJ
E:\DEV\BASICOCR\LIB\LIBBIGTIFF\WIN32\RELEASE\LIBBIGTIFF.LIB
E:\dev\BasicOCR\intermediate\libbigtiff\Win32\Release\cdjpeg.obj
E:\dev\BasicOCR\intermediate\libbigtiff\Win32\Release\ckconfig.obj
E:\dev\BasicOCR\intermediate\libbigtiff\Win32\Release\jcapimin.obj
E:\dev\BasicOCR\intermediate\libbigtiff\Win32\Release\jcapistd.obj
E:\dev\BasicOCR\intermediate\libbigtiff\Win32\Release\jccoefct.obj
E:\dev\BasicOCR\intermediate\libbigtiff\Win32\Release\jccolor.obj
E:\dev\BasicOCR\intermediate\libbigtiff\Win32\Release\jcdctmgr.obj
E:\dev\BasicOCR\intermediate\libbigtiff\Win32\Release\jchuff.obj
E:\dev\BasicOCR\intermediate\libbigtiff\Win32\Release\jcinit.obj
E:\dev\BasicOCR\intermediate\libbigtiff\Win32\Release\jcmainct.obj
E:\dev\BasicOCR\intermediate\libbigtiff\Win32\Release\jcmarker.obj
E:\dev\BasicOCR\intermediate\libbigtiff\Win32\Release\jcmaster.obj
E:\dev\BasicOCR\intermediate\libbigtiff\Win32\Release\jcomapi.obj
E:\dev\BasicOCR\intermediate\libbigtiff\Win32\Release\jcparam.obj
E:\dev\BasicOCR\intermediate\libbigtiff\Win32\Release\jcphuff.obj
E:\dev\BasicOCR\intermediate\libbigtiff\Win32\Release\jcprepct.obj
E:\dev\BasicOCR\intermediate\libbigtiff\Win32\Release\jcsample.obj
E:\dev\BasicOCR\intermediate\libbigtiff\Win32\Release\jctrans.obj
E:\dev\BasicOCR\intermediate\libbigtiff\Win32\Release\jdapimin.obj
E:\dev\BasicOCR\intermediate\libbigtiff\Win32\Release\jdapistd.obj
E:\dev\BasicOCR\intermediate\libbigtiff\Win32\Release\jdatadst.obj
E:\dev\BasicOCR\intermediate\libbigtiff\Win32\Release\jdatasrc.obj
E:\dev\BasicOCR\intermediate\libbigtiff\Win32\Release\jdcoefct.obj
E:\dev\BasicOCR\intermediate\libbigtiff\Win32\Release\jdcolor.obj
E:\dev\BasicOCR\intermediate\libbigtiff\Win32\Release\jddctmgr.obj
E:\dev\BasicOCR\intermediate\libbigtiff\Win32\Release\jdhuff.obj
E:\dev\BasicOCR\intermediate\libbigtiff\Win32\Release\jdinput.obj
E:\dev\BasicOCR\intermediate\libbigtiff\Win32\Release\jdmainct.obj
E:\dev\BasicOCR\intermediate\libbigtiff\Win32\Release\jdmarker.obj
E:\dev\BasicOCR\intermediate\libbigtiff\Win32\Release\jdmaster.obj
E:\dev\BasicOCR\intermediate\libbigtiff\Win32\Release\jdmerge.obj
E:\dev\BasicOCR\intermediate\libbigtiff\Win32\Release\jdphuff.obj
E:\dev\BasicOCR\intermediate\libbigtiff\Win32\Release\jdpostct.obj
E:\dev\BasicOCR\intermediate\libbigtiff\Win32\Release\jdsample.obj
E:\dev\BasicOCR\intermediate\libbigtiff\Win32\Release\jdtrans.obj
E:\dev\BasicOCR\intermediate\libbigtiff\Win32\Release\jerror.obj
E:\dev\BasicOCR\intermediate\libbigtiff\Win32\Release\jfdctflt.obj
E:\dev\BasicOCR\intermediate\libbigtiff\Win32\Release\jfdctfst.obj
E:\dev\BasicOCR\intermediate\libbigtiff\Win32\Release\jfdctint.obj
E:\dev\BasicOCR\intermediate\libbigtiff\Win32\Release\jidctflt.obj
E:\dev\BasicOCR\intermediate\libbigtiff\Win32\Release\jidctfst.obj
E:\dev\BasicOCR\intermediate\libbigtiff\Win32\Release\jidctint.obj
E:\dev\BasicOCR\intermediate\libbigtiff\Win32\Release\jidctred.obj
E:\dev\BasicOCR\intermediate\libbigtiff\Win32\Release\jmemmgr.obj
E:\dev\BasicOCR\intermediate\libbigtiff\Win32\Release\jmemnobs.obj
E:\dev\BasicOCR\intermediate\libbigtiff\Win32\Release\jquant1.obj
E:\dev\BasicOCR\intermediate\libbigtiff\Win32\Release\jquant2.obj
E:\dev\BasicOCR\intermediate\libbigtiff\Win32\Release\jutils.obj
E:\dev\BasicOCR\intermediate\libbigtiff\Win32\Release\rdbmp.obj
E:\dev\BasicOCR\intermediate\libbigtiff\Win32\Release\rdcolmap.obj
E:\dev\BasicOCR\intermediate\libbigtiff\Win32\Release\rdgif.obj
E:\dev\BasicOCR\intermediate\libbigtiff\Win32\Release\rdppm.obj
E:\dev\BasicOCR\intermediate\libbigtiff\Win32\Release\rdrle.obj
E:\dev\BasicOCR\intermediate\libbigtiff\Win32\Release\rdswitch.obj
E:\dev\BasicOCR\intermediate\libbigtiff\Win32\Release\rdtarga.obj
E:\dev\BasicOCR\intermediate\libbigtiff\Win32\Release\tif_aux.obj
E:\dev\BasicOCR\intermediate\libbigtiff\Win32\Release\tif_close.obj
E:\dev\BasicOCR\intermediate\libbigtiff\Win32\Release\tif_codec.obj
E:\dev\BasicOCR\intermediate\libbigtiff\Win32\Release\tif_color.obj
E:\dev\BasicOCR\intermediate\libbigtiff\Win32\Release\tif_compress.obj
E:\dev\BasicOCR\intermediate\libbigtiff\Win32\Release\tif_dir.obj
E:\dev\BasicOCR\intermediate\libbigtiff\Win32\Release\tif_dirinfo.obj
E:\dev\BasicOCR\intermediate\libbigtiff\Win32\Release\tif_dirread.obj
E:\dev\BasicOCR\intermediate\libbigtiff\Win32\Release\tif_dirwrite.obj
E:\dev\BasicOCR\intermediate\libbigtiff\Win32\Release\tif_dumpmode.obj
E:\dev\BasicOCR\intermediate\libbigtiff\Win32\Release\tif_error.obj
E:\dev\BasicOCR\intermediate\libbigtiff\Win32\Release\tif_extension.obj
E:\dev\BasicOCR\intermediate\libbigtiff\Win32\Release\tif_fax3.obj
E:\dev\BasicOCR\intermediate\libbigtiff\Win32\Release\tif_fax3sm.obj
E:\dev\BasicOCR\intermediate\libbigtiff\Win32\Release\tif_flush.obj
E:\dev\BasicOCR\intermediate\libbigtiff\Win32\Release\tif_getimage.obj
E:\dev\BasicOCR\intermediate\libbigtiff\Win32\Release\tif_jpeg.obj
E:\dev\BasicOCR\intermediate\libbigtiff\Win32\Release\tif_luv.obj
E:\dev\BasicOCR\intermediate\libbigtiff\Win32\Release\tif_lzw.obj
E:\dev\BasicOCR\intermediate\libbigtiff\Win32\Release\tif_next.obj
E:\dev\BasicOCR\intermediate\libbigtiff\Win32\Release\tif_ojpeg.obj
E:\dev\BasicOCR\intermediate\libbigtiff\Win32\Release\tif_open.obj
E:\dev\BasicOCR\intermediate\libbigtiff\Win32\Release\tif_packbits.obj
E:\dev\BasicOCR\intermediate\libbigtiff\Win32\Release\tif_pixarlog.obj
E:\dev\BasicOCR\intermediate\libbigtiff\Win32\Release\tif_predict.obj
E:\dev\BasicOCR\intermediate\libbigtiff\Win32\Release\tif_print.obj
E:\dev\BasicOCR\intermediate\libbigtiff\Win32\Release\tif_read.obj
E:\dev\BasicOCR\intermediate\libbigtiff\Win32\Release\tif_stream.obj
E:\dev\BasicOCR\intermediate\libbigtiff\Win32\Release\tif_strip.obj
E:\dev\BasicOCR\intermediate\libbigtiff\Win32\Release\tif_swab.obj
E:\dev\BasicOCR\intermediate\libbigtiff\Win32\Release\tif_thunder.obj
E:\dev\BasicOCR\intermediate\libbigtiff\Win32\Release\tif_tile.obj
E:\dev\BasicOCR\intermediate\libbigtiff\Win32\Release\tif_version.obj
E:\dev\BasicOCR\intermediate\libbigtiff\Win32\Release\tif_warning.obj
E:\dev\BasicOCR\intermediate\libbigtiff\Win32\Release\tif_win32.obj
E:\dev\BasicOCR\intermediate\libbigtiff\Win32\Release\tif_write.obj
E:\dev\BasicOCR\intermediate\libbigtiff\Win32\Release\tif_zip.obj
E:\dev\BasicOCR\intermediate\libbigtiff\Win32\Release\transupp.obj
E:\dev\BasicOCR\intermediate\libbigtiff\Win32\Release\wrbmp.obj
E:\dev\BasicOCR\intermediate\libbigtiff\Win32\Release\wrgif.obj
E:\dev\BasicOCR\intermediate\libbigtiff\Win32\Release\wrppm.obj
E:\dev\BasicOCR\intermediate\libbigtiff\Win32\Release\wrrle.obj
E:\dev\BasicOCR\intermediate\libbigtiff\Win32\Release\wrtarga.obj
E:\dev\BasicOCR\intermediate\libbigtiff\Win32\Release\cl.command.1.tlog
E:\dev\BasicOCR\intermediate\libbigtiff\Win32\Release\CL.read.1.tlog
E:\dev\BasicOCR\intermediate\libbigtiff\Win32\Release\CL.write.1.tlog
E:\dev\BasicOCR\intermediate\libbigtiff\Win32\Release\Lib-link.read.1.tlog
E:\dev\BasicOCR\intermediate\libbigtiff\Win32\Release\Lib-link.write.1.tlog
E:\dev\BasicOCR\intermediate\libbigtiff\Win32\Release\lib.command.1.tlog
E:\dev\BasicOCR\intermediate\libbigtiff\Win32\Release\vc110.pdb
E:\dev\BasicOCR\lib\libbigtiff\Win32\Release\libbigtiff.lib
