E:\DEV\BASICOCR\INTERMEDIATE\WIN32\RELEASE\HARU\HPDF_FONTDEF.OBJ
E:\DEV\BASICOCR\INTERMEDIATE\WIN32\RELEASE\HARU\HPDF_ENCRYPTDICT.OBJ
E:\DEV\BASICOCR\INTERMEDIATE\WIN32\RELEASE\HARU\HPDF_ENCRYPT.OBJ
E:\DEV\BASICOCR\INTERMEDIATE\WIN32\RELEASE\HARU\HPDF_BINARY.OBJ
E:\DEV\BASICOCR\INTERMEDIATE\WIN32\RELEASE\HARU\HPDF_STRING.OBJ
E:\DEV\BASICOCR\INTERMEDIATE\WIN32\RELEASE\HARU\HPDF_ENCODER.OBJ
E:\DEV\BASICOCR\INTERMEDIATE\WIN32\RELEASE\HARU\HPDF_XREF.OBJ
E:\DEV\BASICOCR\INTERMEDIATE\WIN32\RELEASE\HARU\HPDF_DICT.OBJ
E:\DEV\BASICOCR\INTERMEDIATE\WIN32\RELEASE\HARU\HPDF_ARRAY.OBJ
E:\DEV\BASICOCR\INTERMEDIATE\WIN32\RELEASE\HARU\HPDF_NAME.OBJ
E:\DEV\BASICOCR\INTERMEDIATE\WIN32\RELEASE\HARU\HPDF_REAL.OBJ
E:\DEV\BASICOCR\INTERMEDIATE\WIN32\RELEASE\HARU\HPDF_NUMBER.OBJ
E:\DEV\BASICOCR\INTERMEDIATE\WIN32\RELEASE\HARU\HPDF_BOOLEAN.OBJ
E:\DEV\BASICOCR\INTERMEDIATE\WIN32\RELEASE\HARU\HPDF_NULL.OBJ
E:\DEV\BASICOCR\INTERMEDIATE\WIN32\RELEASE\HARU\HPDF_OBJECTS.OBJ
E:\DEV\BASICOCR\INTERMEDIATE\WIN32\RELEASE\HARU\HPDF_STREAMS.OBJ
E:\DEV\BASICOCR\INTERMEDIATE\WIN32\RELEASE\HARU\HPDF_LIST.OBJ
E:\DEV\BASICOCR\INTERMEDIATE\WIN32\RELEASE\HARU\HPDF_MMGR.OBJ
E:\DEV\BASICOCR\INTERMEDIATE\WIN32\RELEASE\HARU\HPDF_ERROR.OBJ
E:\DEV\BASICOCR\INTERMEDIATE\WIN32\RELEASE\HARU\HPDF_UTILS.OBJ
E:\DEV\BASICOCR\INTERMEDIATE\WIN32\RELEASE\HARU\HPDF_ENCODER_JP.OBJ
E:\DEV\BASICOCR\INTERMEDIATE\WIN32\RELEASE\HARU\HPDF_IMAGE.OBJ
E:\DEV\BASICOCR\INTERMEDIATE\WIN32\RELEASE\HARU\HPDF_OUTLINE.OBJ
E:\DEV\BASICOCR\INTERMEDIATE\WIN32\RELEASE\HARU\HPDF_ANNOTATION.OBJ
E:\DEV\BASICOCR\INTERMEDIATE\WIN32\RELEASE\HARU\HPDF_DESTINATION.OBJ
E:\DEV\BASICOCR\INTERMEDIATE\WIN32\RELEASE\HARU\HPDF_PAGE_OPERATOR.OBJ
E:\DEV\BASICOCR\INTERMEDIATE\WIN32\RELEASE\HARU\HPDF_PAGES.OBJ
E:\DEV\BASICOCR\INTERMEDIATE\WIN32\RELEASE\HARU\HPDF_GSTATE.OBJ
E:\DEV\BASICOCR\INTERMEDIATE\WIN32\RELEASE\HARU\HPDF_PAGE_LABEL.OBJ
E:\DEV\BASICOCR\INTERMEDIATE\WIN32\RELEASE\HARU\HPDF_CATALOG.OBJ
E:\DEV\BASICOCR\INTERMEDIATE\WIN32\RELEASE\HARU\HPDF_INFO.OBJ
E:\DEV\BASICOCR\INTERMEDIATE\WIN32\RELEASE\HARU\HPDF_DOC.OBJ
E:\DEV\BASICOCR\INTERMEDIATE\WIN32\RELEASE\HARU\HPDF_FONT_CID.OBJ
E:\DEV\BASICOCR\INTERMEDIATE\WIN32\RELEASE\HARU\HPDF_FONT_TT.OBJ
E:\DEV\BASICOCR\INTERMEDIATE\WIN32\RELEASE\HARU\HPDF_FONT_TYPE1.OBJ
E:\DEV\BASICOCR\INTERMEDIATE\WIN32\RELEASE\HARU\HPDF_FONT.OBJ
E:\DEV\BASICOCR\INTERMEDIATE\WIN32\RELEASE\HARU\HPDF_FONTDEF_CID.OBJ
E:\DEV\BASICOCR\INTERMEDIATE\WIN32\RELEASE\HARU\HPDF_FONTDEF_BASE14.OBJ
E:\DEV\BASICOCR\INTERMEDIATE\WIN32\RELEASE\HARU\HPDF_FONTDEF_TYPE1.OBJ
E:\DEV\BASICOCR\INTERMEDIATE\WIN32\RELEASE\HARU\HPDF_FONTDEF_TT.OBJ
E:\DEV\BASICOCR\INTERMEDIATE\WIN32\RELEASE\HARU\HPDF_EXT_GSTATE.OBJ
E:\DEV\BASICOCR\INTERMEDIATE\WIN32\RELEASE\HARU\HPDF_DOC_PNG.OBJ
E:\DEV\BASICOCR\INTERMEDIATE\WIN32\RELEASE\HARU\HPDF_IMAGE_PNG.OBJ
E:\DEV\BASICOCR\INTERMEDIATE\WIN32\RELEASE\HARU\HPDF_FONTDEF_CNT.OBJ
E:\DEV\BASICOCR\INTERMEDIATE\WIN32\RELEASE\HARU\HPDF_FONTDEF_CNS.OBJ
E:\DEV\BASICOCR\INTERMEDIATE\WIN32\RELEASE\HARU\HPDF_FONTDEF_KR.OBJ
E:\DEV\BASICOCR\INTERMEDIATE\WIN32\RELEASE\HARU\HPDF_FONTDEF_JP.OBJ
E:\DEV\BASICOCR\INTERMEDIATE\WIN32\RELEASE\HARU\HPDF_ENCODER_CNT.OBJ
E:\DEV\BASICOCR\INTERMEDIATE\WIN32\RELEASE\HARU\HPDF_ENCODER_CNS.OBJ
E:\DEV\BASICOCR\INTERMEDIATE\WIN32\RELEASE\HARU\HPDF_ENCODER_KR.OBJ
E:\DEV\BASICOCR\LIBHARU\BUILD\SRC\CMAKEFILES\GENERATE.STAMP
E:\dev\BasicOCR\lib\haru\Win32\Release\haru.lib
E:\dev\BasicOCR\lib\haru\Win32\Release\haru.exp
E:\DEV\BASICOCR\BASICOCRGUI\BIN\RELEASE\HARU.DLL
E:\dev\BasicOCR\intermediate\Win32\Release\haru\hpdf_annotation.obj
E:\dev\BasicOCR\intermediate\Win32\Release\haru\hpdf_array.obj
E:\dev\BasicOCR\intermediate\Win32\Release\haru\hpdf_binary.obj
E:\dev\BasicOCR\intermediate\Win32\Release\haru\hpdf_boolean.obj
E:\dev\BasicOCR\intermediate\Win32\Release\haru\hpdf_catalog.obj
E:\dev\BasicOCR\intermediate\Win32\Release\haru\hpdf_destination.obj
E:\dev\BasicOCR\intermediate\Win32\Release\haru\hpdf_dict.obj
E:\dev\BasicOCR\intermediate\Win32\Release\haru\hpdf_doc.obj
E:\dev\BasicOCR\intermediate\Win32\Release\haru\hpdf_doc_png.obj
E:\dev\BasicOCR\intermediate\Win32\Release\haru\hpdf_encoder.obj
E:\dev\BasicOCR\intermediate\Win32\Release\haru\hpdf_encoder_cns.obj
E:\dev\BasicOCR\intermediate\Win32\Release\haru\hpdf_encoder_cnt.obj
E:\dev\BasicOCR\intermediate\Win32\Release\haru\hpdf_encoder_jp.obj
E:\dev\BasicOCR\intermediate\Win32\Release\haru\hpdf_encoder_kr.obj
E:\dev\BasicOCR\intermediate\Win32\Release\haru\hpdf_encrypt.obj
E:\dev\BasicOCR\intermediate\Win32\Release\haru\hpdf_encryptdict.obj
E:\dev\BasicOCR\intermediate\Win32\Release\haru\hpdf_error.obj
E:\dev\BasicOCR\intermediate\Win32\Release\haru\hpdf_ext_gstate.obj
E:\dev\BasicOCR\intermediate\Win32\Release\haru\hpdf_font.obj
E:\dev\BasicOCR\intermediate\Win32\Release\haru\hpdf_fontdef.obj
E:\dev\BasicOCR\intermediate\Win32\Release\haru\hpdf_fontdef_base14.obj
E:\dev\BasicOCR\intermediate\Win32\Release\haru\hpdf_fontdef_cid.obj
E:\dev\BasicOCR\intermediate\Win32\Release\haru\hpdf_fontdef_cns.obj
E:\dev\BasicOCR\intermediate\Win32\Release\haru\hpdf_fontdef_cnt.obj
E:\dev\BasicOCR\intermediate\Win32\Release\haru\hpdf_fontdef_jp.obj
E:\dev\BasicOCR\intermediate\Win32\Release\haru\hpdf_fontdef_kr.obj
E:\dev\BasicOCR\intermediate\Win32\Release\haru\hpdf_fontdef_tt.obj
E:\dev\BasicOCR\intermediate\Win32\Release\haru\hpdf_fontdef_type1.obj
E:\dev\BasicOCR\intermediate\Win32\Release\haru\hpdf_font_cid.obj
E:\dev\BasicOCR\intermediate\Win32\Release\haru\hpdf_font_tt.obj
E:\dev\BasicOCR\intermediate\Win32\Release\haru\hpdf_font_type1.obj
E:\dev\BasicOCR\intermediate\Win32\Release\haru\hpdf_gstate.obj
E:\dev\BasicOCR\intermediate\Win32\Release\haru\hpdf_image.obj
E:\dev\BasicOCR\intermediate\Win32\Release\haru\hpdf_image_png.obj
E:\dev\BasicOCR\intermediate\Win32\Release\haru\hpdf_info.obj
E:\dev\BasicOCR\intermediate\Win32\Release\haru\hpdf_list.obj
E:\dev\BasicOCR\intermediate\Win32\Release\haru\hpdf_mmgr.obj
E:\dev\BasicOCR\intermediate\Win32\Release\haru\hpdf_name.obj
E:\dev\BasicOCR\intermediate\Win32\Release\haru\hpdf_null.obj
E:\dev\BasicOCR\intermediate\Win32\Release\haru\hpdf_number.obj
E:\dev\BasicOCR\intermediate\Win32\Release\haru\hpdf_objects.obj
E:\dev\BasicOCR\intermediate\Win32\Release\haru\hpdf_outline.obj
E:\dev\BasicOCR\intermediate\Win32\Release\haru\hpdf_pages.obj
E:\dev\BasicOCR\intermediate\Win32\Release\haru\hpdf_page_label.obj
E:\dev\BasicOCR\intermediate\Win32\Release\haru\hpdf_page_operator.obj
E:\dev\BasicOCR\intermediate\Win32\Release\haru\hpdf_real.obj
E:\dev\BasicOCR\intermediate\Win32\Release\haru\hpdf_streams.obj
E:\dev\BasicOCR\intermediate\Win32\Release\haru\hpdf_string.obj
E:\dev\BasicOCR\intermediate\Win32\Release\haru\hpdf_utils.obj
E:\dev\BasicOCR\intermediate\Win32\Release\haru\hpdf_xref.obj
E:\dev\BasicOCR\intermediate\Win32\Release\haru\cl.command.1.tlog
E:\dev\BasicOCR\intermediate\Win32\Release\haru\CL.read.1.tlog
E:\dev\BasicOCR\intermediate\Win32\Release\haru\CL.write.1.tlog
E:\dev\BasicOCR\intermediate\Win32\Release\haru\custombuild.command.1.tlog
E:\dev\BasicOCR\intermediate\Win32\Release\haru\custombuild.read.1.tlog
E:\dev\BasicOCR\intermediate\Win32\Release\haru\custombuild.write.1.tlog
E:\dev\BasicOCR\intermediate\Win32\Release\haru\haru.write.1.tlog
E:\dev\BasicOCR\intermediate\Win32\Release\haru\link-cvtres.read.1.tlog
E:\dev\BasicOCR\intermediate\Win32\Release\haru\link-cvtres.write.1.tlog
E:\dev\BasicOCR\intermediate\Win32\Release\haru\link-rc.read.1.tlog
E:\dev\BasicOCR\intermediate\Win32\Release\haru\link-rc.write.1.tlog
E:\dev\BasicOCR\intermediate\Win32\Release\haru\link.command.1.tlog
E:\dev\BasicOCR\intermediate\Win32\Release\haru\link.read.1.tlog
E:\dev\BasicOCR\intermediate\Win32\Release\haru\link.write.1.tlog
E:\dev\BasicOCR\\BasicOCRGUI\bin\Release\haru.dll
