E:\DEV\BASICOCR\INTERMEDIATE\WIN32\RELEASE\OCROPUS\OCR-DETECT-PARAGRAPHS.OBJ
E:\DEV\BASICOCR\INTERMEDIATE\WIN32\RELEASE\OCROPUS\OCR-DETECT-COLUMNS.OBJ
E:\DEV\BASICOCR\INTERMEDIATE\WIN32\RELEASE\OCROPUS\OCR-DESKEW-RAST.OBJ
E:\DEV\BASICOCR\INTERMEDIATE\WIN32\RELEASE\OCROPUS\OCR-CTEXTLINE-RAST.OBJ
E:\DEV\BASICOCR\INTERMEDIATE\WIN32\RELEASE\OCROPUS\OCR-CTEXTLINE-RAST-EXTENDED.OBJ
E:\DEV\BASICOCR\INTERMEDIATE\WIN32\RELEASE\OCROPUS\OCR-COLOR-ENCODE-LAYOUT.OBJ
E:\DEV\BASICOCR\INTERMEDIATE\WIN32\RELEASE\OCROPUS\OCR-CLASSIFY-ZONES.OBJ
E:\DEV\BASICOCR\INTERMEDIATE\WIN32\RELEASE\OCROPUS\OCR-CHAR-STATS.OBJ
E:\DEV\BASICOCR\INTERMEDIATE\WIN32\RELEASE\OCROPUS\LOG-REG-DATA.OBJ
E:\DEV\BASICOCR\INTERMEDIATE\WIN32\RELEASE\OCROPUS\LINE-INFO.OBJ
E:\DEV\BASICOCR\INTERMEDIATE\WIN32\RELEASE\OCROPUS\OCR-COMMANDS.OBJ
E:\DEV\BASICOCR\INTERMEDIATE\WIN32\RELEASE\OCROPUS\OCR-BINARIZE-SAUVOLA.OBJ
E:\DEV\BASICOCR\INTERMEDIATE\WIN32\RELEASE\OCROPUS\OCR-BINARIZE-RANGE.OBJ
E:\DEV\BASICOCR\INTERMEDIATE\WIN32\RELEASE\OCROPUS\OCR-BINARIZE-OTSU.OBJ
E:\DEV\BASICOCR\INTERMEDIATE\WIN32\RELEASE\OCROPUS\MAIN-OCR-BINARIZE-SAUVOLA.OBJ
E:\DEV\BASICOCR\INTERMEDIATE\WIN32\RELEASE\OCROPUS\MAIN-OCR-BINARIZE-OTSU.OBJ
E:\DEV\BASICOCR\INTERMEDIATE\WIN32\RELEASE\OCROPUS\SEG-CUTS-MAIN.OBJ
E:\DEV\BASICOCR\INTERMEDIATE\WIN32\RELEASE\OCROPUS\OCROPUS-GROUP.OBJ
E:\DEV\BASICOCR\INTERMEDIATE\WIN32\RELEASE\OCROPUS\OCROPUS.OBJ
E:\DEV\BASICOCR\INTERMEDIATE\WIN32\RELEASE\OCROPUS\OCR-DISTANCE.OBJ
E:\DEV\BASICOCR\INTERMEDIATE\WIN32\RELEASE\OCROPUS\OCR-CSEG-PROJECTION.OBJ
E:\DEV\BASICOCR\INTERMEDIATE\WIN32\RELEASE\OCROPUS\OCR-CSEG-CCS.OBJ
E:\DEV\BASICOCR\INTERMEDIATE\WIN32\RELEASE\OCROPUS\OCR-TEXT-IMAGE-SEG-LEPTONICA.OBJ
E:\DEV\BASICOCR\INTERMEDIATE\WIN32\RELEASE\OCROPUS\OCR-WORD-SEGMENTATION.OBJ
E:\DEV\BASICOCR\INTERMEDIATE\WIN32\RELEASE\OCROPUS\OCR-WHITESPACE-COVER.OBJ
E:\DEV\BASICOCR\INTERMEDIATE\WIN32\RELEASE\OCROPUS\OCR-VISUALIZE-LAYOUT-RAST.OBJ
E:\DEV\BASICOCR\INTERMEDIATE\WIN32\RELEASE\OCROPUS\OCR-TEXT-IMAGE-SEG.OBJ
E:\DEV\BASICOCR\INTERMEDIATE\WIN32\RELEASE\OCROPUS\OCR-SEGMENTATIONS.OBJ
E:\DEV\BASICOCR\INTERMEDIATE\WIN32\RELEASE\OCROPUS\OCR-READING-ORDER.OBJ
E:\DEV\BASICOCR\INTERMEDIATE\WIN32\RELEASE\OCROPUS\OCR-PAGESEG-XYCUT.OBJ
E:\DEV\BASICOCR\INTERMEDIATE\WIN32\RELEASE\OCROPUS\OCR-PAGESEG-WCUTS.OBJ
E:\DEV\BASICOCR\INTERMEDIATE\WIN32\RELEASE\OCROPUS\OCR-PAGEFRAME-RAST.OBJ
E:\DEV\BASICOCR\INTERMEDIATE\WIN32\RELEASE\OCROPUS\OCR-NOISEFILTER.OBJ
E:\DEV\BASICOCR\INTERMEDIATE\WIN32\RELEASE\OCROPUS\OCR-LAYOUT-SMEAR.OBJ
E:\DEV\BASICOCR\INTERMEDIATE\WIN32\RELEASE\OCROPUS\OCR-LAYOUT-RAST.OBJ
E:\DEV\BASICOCR\INTERMEDIATE\WIN32\RELEASE\OCROPUS\OCR-LAYOUT-1CP.OBJ
E:\DEV\BASICOCR\INTERMEDIATE\WIN32\RELEASE\OCROPUS\OCR-EXTRACT-RULINGS.OBJ
E:\DEV\BASICOCR\INTERMEDIATE\WIN32\RELEASE\OCROPUS\OCR-EXTRACT-GUTTERS.OBJ
E:\DEV\BASICOCR\INTERMEDIATE\WIN32\RELEASE\OCROPUS\OCR-DOC-CLEAN.OBJ
E:\DEV\BASICOCR\INTERMEDIATE\WIN32\RELEASE\OCROPUS\OCR-DOC-CLEAN-CONCOMP.OBJ
E:\DEV\BASICOCR\INTERMEDIATE\WIN32\RELEASE\OCROPUS\EDITDIST.OBJ
E:\DEV\BASICOCR\INTERMEDIATE\WIN32\RELEASE\OCROPUS\DIDEGRADE.OBJ
E:\DEV\BASICOCR\INTERMEDIATE\WIN32\RELEASE\OCROPUS\COMPONENTS.OBJ
E:\DEV\BASICOCR\INTERMEDIATE\WIN32\RELEASE\OCROPUS\TESSERACT.OBJ
E:\DEV\BASICOCR\INTERMEDIATE\WIN32\RELEASE\OCROPUS\OCROFST-UTIL.OBJ
E:\DEV\BASICOCR\INTERMEDIATE\WIN32\RELEASE\OCROPUS\OCROFST-IO.OBJ
E:\DEV\BASICOCR\INTERMEDIATE\WIN32\RELEASE\OCROPUS\OCROFST-IMPL.OBJ
E:\DEV\BASICOCR\INTERMEDIATE\WIN32\RELEASE\OCROPUS\OCROFST-HEAP.OBJ
E:\DEV\BASICOCR\INTERMEDIATE\WIN32\RELEASE\OCROPUS\LATTICE.OBJ
E:\DEV\BASICOCR\INTERMEDIATE\WIN32\RELEASE\OCROPUS\BEAM-SEARCH.OBJ
E:\DEV\BASICOCR\INTERMEDIATE\WIN32\RELEASE\OCROPUS\A-STAR.OBJ
E:\DEV\BASICOCR\INTERMEDIATE\WIN32\RELEASE\OCROPUS\LINEREC.OBJ
E:\DEV\BASICOCR\INTERMEDIATE\WIN32\RELEASE\OCROPUS\GLUTILS.OBJ
E:\DEV\BASICOCR\INTERMEDIATE\WIN32\RELEASE\OCROPUS\GLFMAPS.OBJ
E:\DEV\BASICOCR\INTERMEDIATE\WIN32\RELEASE\OCROPUS\GLCUTS.OBJ
E:\DEV\BASICOCR\INTERMEDIATE\WIN32\RELEASE\OCROPUS\GLCLASS.OBJ
E:\DEV\BASICOCR\INTERMEDIATE\WIN32\RELEASE\OCROPUS\SEG-SKEL.OBJ
E:\DEV\BASICOCR\INTERMEDIATE\WIN32\RELEASE\OCROPUS\SEG-EVAL.OBJ
E:\DEV\BASICOCR\INTERMEDIATE\WIN32\RELEASE\OCROPUS\SEG-CUTS.OBJ
E:\DEV\BASICOCR\INTERMEDIATE\WIN32\RELEASE\OCROPUS\SEG-CCS.OBJ
E:\DEV\BASICOCR\INTERMEDIATE\WIN32\RELEASE\OCROPUS\MAKE_MAP.OBJ
E:\DEV\BASICOCR\INTERMEDIATE\WIN32\RELEASE\OCROPUS\DRAW_RECT.OBJ
E:\DEV\BASICOCR\INTERMEDIATE\WIN32\RELEASE\OCROPUS\DRAW_POINT.OBJ
E:\DEV\BASICOCR\INTERMEDIATE\WIN32\RELEASE\OCROPUS\DRAW_LINE.OBJ
E:\DEV\BASICOCR\INTERMEDIATE\WIN32\RELEASE\OCROPUS\DINFO.OBJ
E:\DEV\BASICOCR\INTERMEDIATE\WIN32\RELEASE\OCROPUS\CLINE.OBJ
E:\DEV\BASICOCR\INTERMEDIATE\WIN32\RELEASE\OCROPUS\BIT_FUNC.OBJ
E:\DEV\BASICOCR\INTERMEDIATE\WIN32\RELEASE\OCROPUS\XML-ENTITIES.OBJ
E:\DEV\BASICOCR\INTERMEDIATE\WIN32\RELEASE\OCROPUS\TEST-SEG-CUTS.OBJ
E:\DEV\BASICOCR\INTERMEDIATE\WIN32\RELEASE\OCROPUS\TEST-OCR-UTILS.OBJ
E:\DEV\BASICOCR\INTERMEDIATE\WIN32\RELEASE\OCROPUS\TEST-NARRAY-IO.OBJ
E:\DEV\BASICOCR\INTERMEDIATE\WIN32\RELEASE\OCROPUS\TEST-BINARIZE-SAUVOLA.OBJ
E:\DEV\BASICOCR\INTERMEDIATE\WIN32\RELEASE\OCROPUS\SYSUTIL.OBJ
E:\DEV\BASICOCR\INTERMEDIATE\WIN32\RELEASE\OCROPUS\RESOURCE-PATH.OBJ
E:\DEV\BASICOCR\INTERMEDIATE\WIN32\RELEASE\OCROPUS\PAGESEGS.OBJ
E:\DEV\BASICOCR\INTERMEDIATE\WIN32\RELEASE\OCROPUS\OCR-UTILS.OBJ
E:\DEV\BASICOCR\INTERMEDIATE\WIN32\RELEASE\OCROPUS\NARRAY-IO.OBJ
E:\DEV\BASICOCR\INTERMEDIATE\WIN32\RELEASE\OCROPUS\LOGGER.OBJ
E:\DEV\BASICOCR\INTERMEDIATE\WIN32\RELEASE\OCROPUS\LINESEGS.OBJ
E:\DEV\BASICOCR\INTERMEDIATE\WIN32\RELEASE\OCROPUS\INIT-OCROPUS.OBJ
E:\DEV\BASICOCR\INTERMEDIATE\WIN32\RELEASE\OCROPUS\VORONOI-PAGESEG.OBJ
E:\DEV\BASICOCR\INTERMEDIATE\WIN32\RELEASE\OCROPUS\VORONOI-OCROPUS.OBJ
E:\DEV\BASICOCR\INTERMEDIATE\WIN32\RELEASE\OCROPUS\USAGE.OBJ
E:\DEV\BASICOCR\INTERMEDIATE\WIN32\RELEASE\OCROPUS\SITES.OBJ
E:\DEV\BASICOCR\INTERMEDIATE\WIN32\RELEASE\OCROPUS\READ_IMAGE.OBJ
E:\DEV\BASICOCR\INTERMEDIATE\WIN32\RELEASE\OCROPUS\OUTPUT.OBJ
E:\DEV\BASICOCR\INTERMEDIATE\WIN32\RELEASE\OCROPUS\MEMORY.OBJ
E:\DEV\BASICOCR\INTERMEDIATE\WIN32\RELEASE\OCROPUS\MAIN-VORONOI-OCROPUS.OBJ
E:\DEV\BASICOCR\INTERMEDIATE\WIN32\RELEASE\OCROPUS\MAIN-BE.OBJ
E:\DEV\BASICOCR\INTERMEDIATE\WIN32\RELEASE\OCROPUS\LABEL_FUNC.OBJ
E:\DEV\BASICOCR\INTERMEDIATE\WIN32\RELEASE\OCROPUS\IMG_TO_SITE.OBJ
E:\DEV\BASICOCR\INTERMEDIATE\WIN32\RELEASE\OCROPUS\HEAP.OBJ
E:\DEV\BASICOCR\INTERMEDIATE\WIN32\RELEASE\OCROPUS\HASH.OBJ
E:\DEV\BASICOCR\INTERMEDIATE\WIN32\RELEASE\OCROPUS\GEOMETRY.OBJ
E:\DEV\BASICOCR\INTERMEDIATE\WIN32\RELEASE\OCROPUS\ERASE.OBJ
E:\DEV\BASICOCR\INTERMEDIATE\WIN32\RELEASE\OCROPUS\EDGELIST.OBJ
E:\DEV\BASICOCR\INTERMEDIATE\WIN32\RELEASE\OCROPUS\WRITE_IMAGE.OBJ
E:\DEV\BASICOCR\INTERMEDIATE\WIN32\RELEASE\OCROPUS\UTIL.OBJ
E:\DEV\BASICOCR\INTERMEDIATE\WIN32\RELEASE\OCROPUS\VORONOI.OBJ
E:\DEV\BASICOCR\INTERMEDIATE\WIN32\RELEASE\OCROPUS\VC110.PDB
E:\DEV\BASICOCR\LIB\OCROPUS\WIN32\RELEASE\OCROPUS.LIB
E:\dev\BasicOCR\intermediate\Win32\Release\ocropus\a-star.obj
E:\dev\BasicOCR\intermediate\Win32\Release\ocropus\beam-search.obj
E:\dev\BasicOCR\intermediate\Win32\Release\ocropus\bit_func.obj
E:\dev\BasicOCR\intermediate\Win32\Release\ocropus\cline.obj
E:\dev\BasicOCR\intermediate\Win32\Release\ocropus\components.obj
E:\dev\BasicOCR\intermediate\Win32\Release\ocropus\didegrade.obj
E:\dev\BasicOCR\intermediate\Win32\Release\ocropus\dinfo.obj
E:\dev\BasicOCR\intermediate\Win32\Release\ocropus\draw_line.obj
E:\dev\BasicOCR\intermediate\Win32\Release\ocropus\draw_point.obj
E:\dev\BasicOCR\intermediate\Win32\Release\ocropus\draw_rect.obj
E:\dev\BasicOCR\intermediate\Win32\Release\ocropus\edgelist.obj
E:\dev\BasicOCR\intermediate\Win32\Release\ocropus\editdist.obj
E:\dev\BasicOCR\intermediate\Win32\Release\ocropus\erase.obj
E:\dev\BasicOCR\intermediate\Win32\Release\ocropus\geometry.obj
E:\dev\BasicOCR\intermediate\Win32\Release\ocropus\glclass.obj
E:\dev\BasicOCR\intermediate\Win32\Release\ocropus\glcuts.obj
E:\dev\BasicOCR\intermediate\Win32\Release\ocropus\glfmaps.obj
E:\dev\BasicOCR\intermediate\Win32\Release\ocropus\glutils.obj
E:\dev\BasicOCR\intermediate\Win32\Release\ocropus\hash.obj
E:\dev\BasicOCR\intermediate\Win32\Release\ocropus\heap.obj
E:\dev\BasicOCR\intermediate\Win32\Release\ocropus\img_to_site.obj
E:\dev\BasicOCR\intermediate\Win32\Release\ocropus\init-ocropus.obj
E:\dev\BasicOCR\intermediate\Win32\Release\ocropus\label_func.obj
E:\dev\BasicOCR\intermediate\Win32\Release\ocropus\lattice.obj
E:\dev\BasicOCR\intermediate\Win32\Release\ocropus\line-info.obj
E:\dev\BasicOCR\intermediate\Win32\Release\ocropus\linerec.obj
E:\dev\BasicOCR\intermediate\Win32\Release\ocropus\linesegs.obj
E:\dev\BasicOCR\intermediate\Win32\Release\ocropus\log-reg-data.obj
E:\dev\BasicOCR\intermediate\Win32\Release\ocropus\logger.obj
E:\dev\BasicOCR\intermediate\Win32\Release\ocropus\main-be.obj
E:\dev\BasicOCR\intermediate\Win32\Release\ocropus\main-ocr-binarize-otsu.obj
E:\dev\BasicOCR\intermediate\Win32\Release\ocropus\main-ocr-binarize-sauvola.obj
E:\dev\BasicOCR\intermediate\Win32\Release\ocropus\main-voronoi-ocropus.obj
E:\dev\BasicOCR\intermediate\Win32\Release\ocropus\make_map.obj
E:\dev\BasicOCR\intermediate\Win32\Release\ocropus\memory.obj
E:\dev\BasicOCR\intermediate\Win32\Release\ocropus\narray-io.obj
E:\dev\BasicOCR\intermediate\Win32\Release\ocropus\ocr-binarize-otsu.obj
E:\dev\BasicOCR\intermediate\Win32\Release\ocropus\ocr-binarize-range.obj
E:\dev\BasicOCR\intermediate\Win32\Release\ocropus\ocr-binarize-sauvola.obj
E:\dev\BasicOCR\intermediate\Win32\Release\ocropus\ocr-char-stats.obj
E:\dev\BasicOCR\intermediate\Win32\Release\ocropus\ocr-classify-zones.obj
E:\dev\BasicOCR\intermediate\Win32\Release\ocropus\ocr-color-encode-layout.obj
E:\dev\BasicOCR\intermediate\Win32\Release\ocropus\ocr-commands.obj
E:\dev\BasicOCR\intermediate\Win32\Release\ocropus\ocr-cseg-ccs.obj
E:\dev\BasicOCR\intermediate\Win32\Release\ocropus\ocr-cseg-projection.obj
E:\dev\BasicOCR\intermediate\Win32\Release\ocropus\ocr-ctextline-rast-extended.obj
E:\dev\BasicOCR\intermediate\Win32\Release\ocropus\ocr-ctextline-rast.obj
E:\dev\BasicOCR\intermediate\Win32\Release\ocropus\ocr-deskew-rast.obj
E:\dev\BasicOCR\intermediate\Win32\Release\ocropus\ocr-detect-columns.obj
E:\dev\BasicOCR\intermediate\Win32\Release\ocropus\ocr-detect-paragraphs.obj
E:\dev\BasicOCR\intermediate\Win32\Release\ocropus\ocr-distance.obj
E:\dev\BasicOCR\intermediate\Win32\Release\ocropus\ocr-doc-clean-concomp.obj
E:\dev\BasicOCR\intermediate\Win32\Release\ocropus\ocr-doc-clean.obj
E:\dev\BasicOCR\intermediate\Win32\Release\ocropus\ocr-extract-gutters.obj
E:\dev\BasicOCR\intermediate\Win32\Release\ocropus\ocr-extract-rulings.obj
E:\dev\BasicOCR\intermediate\Win32\Release\ocropus\ocr-layout-1cp.obj
E:\dev\BasicOCR\intermediate\Win32\Release\ocropus\ocr-layout-rast.obj
E:\dev\BasicOCR\intermediate\Win32\Release\ocropus\ocr-layout-smear.obj
E:\dev\BasicOCR\intermediate\Win32\Release\ocropus\ocr-noisefilter.obj
E:\dev\BasicOCR\intermediate\Win32\Release\ocropus\ocr-pageframe-rast.obj
E:\dev\BasicOCR\intermediate\Win32\Release\ocropus\ocr-pageseg-wcuts.obj
E:\dev\BasicOCR\intermediate\Win32\Release\ocropus\ocr-pageseg-xycut.obj
E:\dev\BasicOCR\intermediate\Win32\Release\ocropus\ocr-reading-order.obj
E:\dev\BasicOCR\intermediate\Win32\Release\ocropus\ocr-segmentations.obj
E:\dev\BasicOCR\intermediate\Win32\Release\ocropus\ocr-text-image-seg-leptonica.obj
E:\dev\BasicOCR\intermediate\Win32\Release\ocropus\ocr-text-image-seg.obj
E:\dev\BasicOCR\intermediate\Win32\Release\ocropus\ocr-utils.obj
E:\dev\BasicOCR\intermediate\Win32\Release\ocropus\ocr-visualize-layout-rast.obj
E:\dev\BasicOCR\intermediate\Win32\Release\ocropus\ocr-whitespace-cover.obj
E:\dev\BasicOCR\intermediate\Win32\Release\ocropus\ocr-word-segmentation.obj
E:\dev\BasicOCR\intermediate\Win32\Release\ocropus\ocrofst-heap.obj
E:\dev\BasicOCR\intermediate\Win32\Release\ocropus\ocrofst-impl.obj
E:\dev\BasicOCR\intermediate\Win32\Release\ocropus\ocrofst-io.obj
E:\dev\BasicOCR\intermediate\Win32\Release\ocropus\ocrofst-util.obj
E:\dev\BasicOCR\intermediate\Win32\Release\ocropus\ocropus-group.obj
E:\dev\BasicOCR\intermediate\Win32\Release\ocropus\ocropus.obj
E:\dev\BasicOCR\intermediate\Win32\Release\ocropus\output.obj
E:\dev\BasicOCR\intermediate\Win32\Release\ocropus\pagesegs.obj
E:\dev\BasicOCR\intermediate\Win32\Release\ocropus\read_image.obj
E:\dev\BasicOCR\intermediate\Win32\Release\ocropus\resource-path.obj
E:\dev\BasicOCR\intermediate\Win32\Release\ocropus\seg-ccs.obj
E:\dev\BasicOCR\intermediate\Win32\Release\ocropus\seg-cuts-main.obj
E:\dev\BasicOCR\intermediate\Win32\Release\ocropus\seg-cuts.obj
E:\dev\BasicOCR\intermediate\Win32\Release\ocropus\seg-eval.obj
E:\dev\BasicOCR\intermediate\Win32\Release\ocropus\seg-skel.obj
E:\dev\BasicOCR\intermediate\Win32\Release\ocropus\sites.obj
E:\dev\BasicOCR\intermediate\Win32\Release\ocropus\sysutil.obj
E:\dev\BasicOCR\intermediate\Win32\Release\ocropus\tesseract.obj
E:\dev\BasicOCR\intermediate\Win32\Release\ocropus\test-binarize-sauvola.obj
E:\dev\BasicOCR\intermediate\Win32\Release\ocropus\test-narray-io.obj
E:\dev\BasicOCR\intermediate\Win32\Release\ocropus\test-ocr-utils.obj
E:\dev\BasicOCR\intermediate\Win32\Release\ocropus\test-seg-cuts.obj
E:\dev\BasicOCR\intermediate\Win32\Release\ocropus\usage.obj
E:\dev\BasicOCR\intermediate\Win32\Release\ocropus\util.obj
E:\dev\BasicOCR\intermediate\Win32\Release\ocropus\voronoi-ocropus.obj
E:\dev\BasicOCR\intermediate\Win32\Release\ocropus\voronoi-pageseg.obj
E:\dev\BasicOCR\intermediate\Win32\Release\ocropus\voronoi.obj
E:\dev\BasicOCR\intermediate\Win32\Release\ocropus\write_image.obj
E:\dev\BasicOCR\intermediate\Win32\Release\ocropus\xml-entities.obj
E:\dev\BasicOCR\intermediate\Win32\Release\ocropus\cl.command.1.tlog
E:\dev\BasicOCR\intermediate\Win32\Release\ocropus\CL.read.1.tlog
E:\dev\BasicOCR\intermediate\Win32\Release\ocropus\CL.write.1.tlog
E:\dev\BasicOCR\intermediate\Win32\Release\ocropus\Lib-link.read.1.tlog
E:\dev\BasicOCR\intermediate\Win32\Release\ocropus\Lib-link.write.1.tlog
E:\dev\BasicOCR\intermediate\Win32\Release\ocropus\lib.command.1.tlog
E:\dev\BasicOCR\intermediate\Win32\Release\ocropus\vc110.pdb
E:\dev\BasicOCR\lib\ocropus\Win32\Release\ocropus.lib
