E:\DEV\BASICOCR\TESSERACT\TESS.DEBUG\TESSERACT.PCH
E:\DEV\BASICOCR\TESSERACT\TESS.DEBUG\WIN32\MFCPCH.OBJ
E:\DEV\BASICOCR\TESSERACT\TESS.DEBUG\WIN32\VC110.PDB
E:\DEV\BASICOCR\TESSERACT\TESS.DEBUG\WIN32\TESSEDIT.OBJ
E:\DEV\BASICOCR\TESSERACT\TESS.DEBUG\WIN32\TESSBOX.OBJ
E:\DEV\BASICOCR\TESSERACT\TESS.DEBUG\WIN32\SCALEIMG.OBJ
E:\DEV\BASICOCR\TESSERACT\TESS.DEBUG\WIN32\REJECT.OBJ
E:\DEV\BASICOCR\TESSERACT\TESS.DEBUG\WIN32\PAIRCMP.OBJ
E:\DEV\BASICOCR\TESSERACT\TESS.DEBUG\WIN32\PAGEWALK.OBJ
E:\DEV\BASICOCR\TESSERACT\TESS.DEBUG\WIN32\OUTPUT.OBJ
E:\DEV\BASICOCR\TESSERACT\TESS.DEBUG\WIN32\MATMATCH.OBJ
E:\DEV\BASICOCR\TESSERACT\TESS.DEBUG\WIN32\IMGSCALE.OBJ
E:\DEV\BASICOCR\TESSERACT\TESS.DEBUG\WIN32\FIXXHT.OBJ
E:\DEV\BASICOCR\TESSERACT\TESS.DEBUG\WIN32\FIXSPACE.OBJ
E:\DEV\BASICOCR\TESSERACT\TESS.DEBUG\WIN32\EXPANDBLOB.OBJ
E:\DEV\BASICOCR\TESSERACT\TESS.DEBUG\WIN32\DOCQUAL.OBJ
E:\DEV\BASICOCR\TESSERACT\TESS.DEBUG\WIN32\CONTROL.OBJ
E:\DEV\BASICOCR\TESSERACT\TESS.DEBUG\WIN32\CHARSAMPLE.OBJ
E:\DEV\BASICOCR\TESSERACT\TESS.DEBUG\WIN32\CHARCUT.OBJ
E:\DEV\BASICOCR\TESSERACT\TESS.DEBUG\WIN32\CALLNET.OBJ
E:\DEV\BASICOCR\TESSERACT\TESS.DEBUG\WIN32\BLOBCMP.OBJ
E:\DEV\BASICOCR\TESSERACT\TESS.DEBUG\WIN32\APPLYBOX.OBJ
E:\DEV\BASICOCR\TESSERACT\TESS.DEBUG\WIN32\ADAPTIONS.OBJ
E:\DEV\BASICOCR\TESSERACT\TESS.DEBUG\WIN32\PDBLOCK.OBJ
E:\DEV\BASICOCR\TESSERACT\TESS.DEBUG\WIN32\PAGERES.OBJ
E:\DEV\BASICOCR\TESSERACT\TESS.DEBUG\WIN32\PAGEBLK.OBJ
E:\DEV\BASICOCR\TESSERACT\TESS.DEBUG\WIN32\OCRROW.OBJ
E:\DEV\BASICOCR\TESSERACT\TESS.DEBUG\WIN32\OCRBLOCK.OBJ
E:\DEV\BASICOCR\TESSERACT\TESS.DEBUG\WIN32\NORMALIS.OBJ
E:\DEV\BASICOCR\TESSERACT\TESS.DEBUG\WIN32\MOD128.OBJ
E:\DEV\BASICOCR\TESSERACT\TESS.DEBUG\WIN32\LMEDSQ.OBJ
E:\DEV\BASICOCR\TESSERACT\TESS.DEBUG\WIN32\LINLSQ.OBJ
E:\DEV\BASICOCR\TESSERACT\TESS.DEBUG\WIN32\LABLS.OBJ
E:\DEV\BASICOCR\TESSERACT\TESS.DEBUG\WIN32\GENBLOB.OBJ
E:\DEV\BASICOCR\TESSERACT\TESS.DEBUG\WIN32\COUTLN.OBJ
E:\DEV\BASICOCR\TESSERACT\TESS.DEBUG\WIN32\CALLCPP.OBJ
E:\DEV\BASICOCR\TESSERACT\TESS.DEBUG\WIN32\BLREAD.OBJ
E:\DEV\BASICOCR\TESSERACT\TESS.DEBUG\WIN32\BLOBS.OBJ
E:\DEV\BASICOCR\TESSERACT\TESS.DEBUG\WIN32\BLOBBOX.OBJ
E:\DEV\BASICOCR\TESSERACT\TESS.DEBUG\WIN32\WERDIT.OBJ
E:\DEV\BASICOCR\TESSERACT\TESS.DEBUG\WIN32\TSTRUCT.OBJ
E:\DEV\BASICOCR\TESSERACT\TESS.DEBUG\WIN32\TFACEPP.OBJ
E:\DEV\BASICOCR\TESSERACT\TESS.DEBUG\WIN32\TESSVARS.OBJ
E:\DEV\BASICOCR\TESSERACT\TESS.DEBUG\WIN32\BITS16.OBJ
E:\DEV\BASICOCR\TESSERACT\TESS.DEBUG\WIN32\BASEDIR.OBJ
E:\DEV\BASICOCR\TESSERACT\TESS.DEBUG\WIN32\WERD.OBJ
E:\DEV\BASICOCR\TESSERACT\TESS.DEBUG\WIN32\VECFUNCS.OBJ
E:\DEV\BASICOCR\TESSERACT\TESS.DEBUG\WIN32\TXTREGN.OBJ
E:\DEV\BASICOCR\TESSERACT\TESS.DEBUG\WIN32\STEPBLOB.OBJ
E:\DEV\BASICOCR\TESSERACT\TESS.DEBUG\WIN32\STATISTC.OBJ
E:\DEV\BASICOCR\TESSERACT\TESS.DEBUG\WIN32\RWPOLY.OBJ
E:\DEV\BASICOCR\TESSERACT\TESS.DEBUG\WIN32\REJCTMAP.OBJ
E:\DEV\BASICOCR\TESSERACT\TESS.DEBUG\WIN32\RECT.OBJ
E:\DEV\BASICOCR\TESSERACT\TESS.DEBUG\WIN32\RATNGS.OBJ
E:\DEV\BASICOCR\TESSERACT\TESS.DEBUG\WIN32\QUSPLINE.OBJ
E:\DEV\BASICOCR\TESSERACT\TESS.DEBUG\WIN32\QUADRATC.OBJ
E:\DEV\BASICOCR\TESSERACT\TESS.DEBUG\WIN32\QUADLSQ.OBJ
E:\DEV\BASICOCR\TESSERACT\TESS.DEBUG\WIN32\POUTLINE.OBJ
E:\DEV\BASICOCR\TESSERACT\TESS.DEBUG\WIN32\POLYVERT.OBJ
E:\DEV\BASICOCR\TESSERACT\TESS.DEBUG\WIN32\POLYBLOB.OBJ
E:\DEV\BASICOCR\TESSERACT\TESS.DEBUG\WIN32\POLYBLK.OBJ
E:\DEV\BASICOCR\TESSERACT\TESS.DEBUG\WIN32\POLYAPRX.OBJ
E:\DEV\BASICOCR\TESSERACT\TESS.DEBUG\WIN32\POINTS.OBJ
E:\DEV\BASICOCR\TESSERACT\TESS.DEBUG\WIN32\IMGIO.OBJ
E:\DEV\BASICOCR\TESSERACT\TESS.DEBUG\WIN32\IMGBMP.OBJ
E:\DEV\BASICOCR\TESSERACT\TESS.DEBUG\WIN32\BITSTRM.OBJ
E:\DEV\BASICOCR\TESSERACT\TESS.DEBUG\WIN32\VARABLE.OBJ
E:\DEV\BASICOCR\TESSERACT\TESS.DEBUG\WIN32\TPRINTF.OBJ
E:\DEV\BASICOCR\TESSERACT\TESS.DEBUG\WIN32\TESSOPT.OBJ
E:\DEV\BASICOCR\TESSERACT\TESS.DEBUG\WIN32\STRNGS.OBJ
E:\DEV\BASICOCR\TESSERACT\TESS.DEBUG\WIN32\SERIALIS.OBJ
E:\DEV\BASICOCR\TESSERACT\TESS.DEBUG\WIN32\OCRSHELL.OBJ
E:\DEV\BASICOCR\TESSERACT\TESS.DEBUG\WIN32\MEMRY.OBJ
E:\DEV\BASICOCR\TESSERACT\TESS.DEBUG\WIN32\MEMBLK.OBJ
E:\DEV\BASICOCR\TESSERACT\TESS.DEBUG\WIN32\MAINBLK.OBJ
E:\DEV\BASICOCR\TESSERACT\TESS.DEBUG\WIN32\HASHFN.OBJ
E:\DEV\BASICOCR\TESSERACT\TESS.DEBUG\WIN32\GLOBALOC.OBJ
E:\DEV\BASICOCR\TESSERACT\TESS.DEBUG\WIN32\ERRCODE.OBJ
E:\DEV\BASICOCR\TESSERACT\TESS.DEBUG\WIN32\ELST2.OBJ
E:\DEV\BASICOCR\TESSERACT\TESS.DEBUG\WIN32\ELST.OBJ
E:\DEV\BASICOCR\TESSERACT\TESS.DEBUG\WIN32\DEBUGWIN.OBJ
E:\DEV\BASICOCR\TESSERACT\TESS.DEBUG\WIN32\CLST.OBJ
E:\DEV\BASICOCR\TESSERACT\TESS.DEBUG\WIN32\BOXREAD.OBJ
E:\DEV\BASICOCR\TESSERACT\TESS.DEBUG\WIN32\UNDERLIN.OBJ
E:\DEV\BASICOCR\TESSERACT\TESS.DEBUG\WIN32\TOVARS.OBJ
E:\DEV\BASICOCR\TESSERACT\TESS.DEBUG\WIN32\TOSPACE.OBJ
E:\DEV\BASICOCR\TESSERACT\TESS.DEBUG\WIN32\TORDMAIN.OBJ
E:\DEV\BASICOCR\TESSERACT\TESS.DEBUG\WIN32\TOPITCH.OBJ
E:\DEV\BASICOCR\TESSERACT\TESS.DEBUG\WIN32\SORTFLTS.OBJ
E:\DEV\BASICOCR\TESSERACT\TESS.DEBUG\WIN32\SCANEDG.OBJ
E:\DEV\BASICOCR\TESSERACT\TESS.DEBUG\WIN32\PITSYNC1.OBJ
E:\DEV\BASICOCR\TESSERACT\TESS.DEBUG\WIN32\PITHSYNC.OBJ
E:\DEV\BASICOCR\TESSERACT\TESS.DEBUG\WIN32\OLDBASEL.OBJ
E:\DEV\BASICOCR\TESSERACT\TESS.DEBUG\WIN32\MAKEROW.OBJ
E:\DEV\BASICOCR\TESSERACT\TESS.DEBUG\WIN32\GAP_MAP.OBJ
E:\DEV\BASICOCR\TESSERACT\TESS.DEBUG\WIN32\FPCHOP.OBJ
E:\DEV\BASICOCR\TESSERACT\TESS.DEBUG\WIN32\EDGLOOP.OBJ
E:\DEV\BASICOCR\TESSERACT\TESS.DEBUG\WIN32\EDGBLOB.OBJ
E:\DEV\BASICOCR\TESSERACT\TESS.DEBUG\WIN32\DRAWTORD.OBJ
E:\DEV\BASICOCR\TESSERACT\TESS.DEBUG\WIN32\DRAWEDG.OBJ
E:\DEV\BASICOCR\TESSERACT\TESS.DEBUG\WIN32\BLKOCC.OBJ
E:\DEV\BASICOCR\TESSERACT\TESS.DEBUG\WIN32\IMGTIFF.OBJ
E:\DEV\BASICOCR\TESSERACT\TESS.DEBUG\WIN32\IMGS.OBJ
E:\DEV\BASICOCR\TESSERACT\TESS.DEBUG\WIN32\WORDSEG.OBJ
E:\DEV\BASICOCR\TESSERACT\TESS.DEBUG\WIN32\FXDEFS.OBJ
E:\DEV\BASICOCR\TESSERACT\TESS.DEBUG\WIN32\FPOINT.OBJ
E:\DEV\BASICOCR\TESSERACT\TESS.DEBUG\WIN32\FLOAT2INT.OBJ
E:\DEV\BASICOCR\TESSERACT\TESS.DEBUG\WIN32\FLEXFX.OBJ
E:\DEV\BASICOCR\TESSERACT\TESS.DEBUG\WIN32\FEATDEFS.OBJ
E:\DEV\BASICOCR\TESSERACT\TESS.DEBUG\WIN32\EXTRACT.OBJ
E:\DEV\BASICOCR\TESSERACT\TESS.DEBUG\WIN32\CUTOFFS.OBJ
E:\DEV\BASICOCR\TESSERACT\TESS.DEBUG\WIN32\CLUSTTOOL.OBJ
E:\DEV\BASICOCR\TESSERACT\TESS.DEBUG\WIN32\CLUSTER.OBJ
E:\DEV\BASICOCR\TESSERACT\TESS.DEBUG\WIN32\CHARTONAME.OBJ
E:\DEV\BASICOCR\TESSERACT\TESS.DEBUG\WIN32\BLOBCLASS.OBJ
E:\DEV\BASICOCR\TESSERACT\TESS.DEBUG\WIN32\BASELINE.OBJ
E:\DEV\BASICOCR\TESSERACT\TESS.DEBUG\WIN32\ADAPTMATCH.OBJ
E:\DEV\BASICOCR\TESSERACT\TESS.DEBUG\WIN32\ADAPTIVE.OBJ
E:\DEV\BASICOCR\TESSERACT\TESS.DEBUG\WIN32\UNICHARSET.OBJ
E:\DEV\BASICOCR\TESSERACT\TESS.DEBUG\WIN32\UNICHARMAP.OBJ
E:\DEV\BASICOCR\TESSERACT\TESS.DEBUG\WIN32\UNICHAR.OBJ
E:\DEV\BASICOCR\TESSERACT\TESS.DEBUG\WIN32\VARABLED.OBJ
E:\DEV\BASICOCR\TESSERACT\TESS.DEBUG\WIN32\PGEDIT.OBJ
E:\DEV\BASICOCR\TESSERACT\TESS.DEBUG\WIN32\BASEAPI.OBJ
E:\DEV\BASICOCR\TESSERACT\TESS.DEBUG\WIN32\CUTIL.OBJ
E:\DEV\BASICOCR\TESSERACT\TESS.DEBUG\WIN32\BITVEC.OBJ
E:\DEV\BASICOCR\TESSERACT\TESS.DEBUG\WIN32\XFORM2D.OBJ
E:\DEV\BASICOCR\TESSERACT\TESS.DEBUG\WIN32\SPECKLE.OBJ
E:\DEV\BASICOCR\TESSERACT\TESS.DEBUG\WIN32\SIGMENU.OBJ
E:\DEV\BASICOCR\TESSERACT\TESS.DEBUG\WIN32\PROTOS.OBJ
E:\DEV\BASICOCR\TESSERACT\TESS.DEBUG\WIN32\PICOFEAT.OBJ
E:\DEV\BASICOCR\TESSERACT\TESS.DEBUG\WIN32\OUTFEAT.OBJ
E:\DEV\BASICOCR\TESSERACT\TESS.DEBUG\WIN32\OCRFEATURES.OBJ
E:\DEV\BASICOCR\TESSERACT\TESS.DEBUG\WIN32\NORMMATCH.OBJ
E:\DEV\BASICOCR\TESSERACT\TESS.DEBUG\WIN32\NORMFEAT.OBJ
E:\DEV\BASICOCR\TESSERACT\TESS.DEBUG\WIN32\MFX.OBJ
E:\DEV\BASICOCR\TESSERACT\TESS.DEBUG\WIN32\MFOUTLINE.OBJ
E:\DEV\BASICOCR\TESSERACT\TESS.DEBUG\WIN32\MFDEFS.OBJ
E:\DEV\BASICOCR\TESSERACT\TESS.DEBUG\WIN32\MF.OBJ
E:\DEV\BASICOCR\TESSERACT\TESS.DEBUG\WIN32\KDTREE.OBJ
E:\DEV\BASICOCR\TESSERACT\TESS.DEBUG\WIN32\INTPROTO.OBJ
E:\DEV\BASICOCR\TESSERACT\TESS.DEBUG\WIN32\INTMATCHER.OBJ
E:\DEV\BASICOCR\TESSERACT\TESS.DEBUG\WIN32\INTFX.OBJ
E:\DEV\BASICOCR\TESSERACT\TESS.DEBUG\WIN32\HIDEEDGE.OBJ
E:\DEV\BASICOCR\TESSERACT\TESS.DEBUG\WIN32\PERMNUM.OBJ
E:\DEV\BASICOCR\TESSERACT\TESS.DEBUG\WIN32\PERMNGRAM.OBJ
E:\DEV\BASICOCR\TESSERACT\TESS.DEBUG\WIN32\PERMDAWG.OBJ
E:\DEV\BASICOCR\TESSERACT\TESS.DEBUG\WIN32\HYPHEN.OBJ
E:\DEV\BASICOCR\TESSERACT\TESS.DEBUG\WIN32\DAWG.OBJ
E:\DEV\BASICOCR\TESSERACT\TESS.DEBUG\WIN32\CONTEXT.OBJ
E:\DEV\BASICOCR\TESSERACT\TESS.DEBUG\WIN32\CHOICES.OBJ
E:\DEV\BASICOCR\TESSERACT\TESS.DEBUG\WIN32\VARIABLES.OBJ
E:\DEV\BASICOCR\TESSERACT\TESS.DEBUG\WIN32\TORDVARS.OBJ
E:\DEV\BASICOCR\TESSERACT\TESS.DEBUG\WIN32\TESSARRAY.OBJ
E:\DEV\BASICOCR\TESSERACT\TESS.DEBUG\WIN32\STRUCTURES.OBJ
E:\DEV\BASICOCR\TESSERACT\TESS.DEBUG\WIN32\OLDLIST.OBJ
E:\DEV\BASICOCR\TESSERACT\TESS.DEBUG\WIN32\OLDHEAP.OBJ
E:\DEV\BASICOCR\TESSERACT\TESS.DEBUG\WIN32\LISTIO.OBJ
E:\DEV\BASICOCR\TESSERACT\TESS.DEBUG\WIN32\GLOBALS.OBJ
E:\DEV\BASICOCR\TESSERACT\TESS.DEBUG\WIN32\FREELIST.OBJ
E:\DEV\BASICOCR\TESSERACT\TESS.DEBUG\WIN32\EMALLOC.OBJ
E:\DEV\BASICOCR\TESSERACT\TESS.DEBUG\WIN32\EFIO.OBJ
E:\DEV\BASICOCR\TESSERACT\TESS.DEBUG\WIN32\DEBUG.OBJ
E:\DEV\BASICOCR\TESSERACT\TESS.DEBUG\WIN32\DANERROR.OBJ
E:\DEV\BASICOCR\TESSERACT\TESS.DEBUG\WIN32\GRADECHOP.OBJ
E:\DEV\BASICOCR\TESSERACT\TESS.DEBUG\WIN32\FINDSEAM.OBJ
E:\DEV\BASICOCR\TESSERACT\TESS.DEBUG\WIN32\DRAWFX.OBJ
E:\DEV\BASICOCR\TESSERACT\TESS.DEBUG\WIN32\DJMENUS.OBJ
E:\DEV\BASICOCR\TESSERACT\TESS.DEBUG\WIN32\CLOSED.OBJ
E:\DEV\BASICOCR\TESSERACT\TESS.DEBUG\WIN32\CHOPPER.OBJ
E:\DEV\BASICOCR\TESSERACT\TESS.DEBUG\WIN32\CHOP.OBJ
E:\DEV\BASICOCR\TESSERACT\TESS.DEBUG\WIN32\BESTFIRST.OBJ
E:\DEV\BASICOCR\TESSERACT\TESS.DEBUG\WIN32\BADWORDS.OBJ
E:\DEV\BASICOCR\TESSERACT\TESS.DEBUG\WIN32\ASSOCIATE.OBJ
E:\DEV\BASICOCR\TESSERACT\TESS.DEBUG\WIN32\SVUTIL.OBJ
E:\DEV\BASICOCR\TESSERACT\TESS.DEBUG\WIN32\SVMNODE.OBJ
E:\DEV\BASICOCR\TESSERACT\TESS.DEBUG\WIN32\SCROLLVIEW.OBJ
E:\DEV\BASICOCR\TESSERACT\TESS.DEBUG\WIN32\SVSHOWIM.OBJ
E:\DEV\BASICOCR\TESSERACT\TESS.DEBUG\WIN32\LEPTONICA_PAGESEG_INTERFACE.OBJ
E:\DEV\BASICOCR\TESSERACT\TESS.DEBUG\WIN32\LEPTONICA_PAGESEG.OBJ
E:\DEV\BASICOCR\TESSERACT\TESS.DEBUG\WIN32\TRIE.OBJ
E:\DEV\BASICOCR\TESSERACT\TESS.DEBUG\WIN32\STOPPER.OBJ
E:\DEV\BASICOCR\TESSERACT\TESS.DEBUG\WIN32\STATES.OBJ
E:\DEV\BASICOCR\TESSERACT\TESS.DEBUG\WIN32\PERMUTE.OBJ
E:\DEV\BASICOCR\TESSERACT\TESS.DEBUG\WIN32\WORDCLASS.OBJ
E:\DEV\BASICOCR\TESSERACT\TESS.DEBUG\WIN32\TFACE.OBJ
E:\DEV\BASICOCR\TESSERACT\TESS.DEBUG\WIN32\TESSINIT.OBJ
E:\DEV\BASICOCR\TESSERACT\TESS.DEBUG\WIN32\TALLY.OBJ
E:\DEV\BASICOCR\TESSERACT\TESS.DEBUG\WIN32\SPLIT.OBJ
E:\DEV\BASICOCR\TESSERACT\TESS.DEBUG\WIN32\SEAM.OBJ
E:\DEV\BASICOCR\TESSERACT\TESS.DEBUG\WIN32\RENDER.OBJ
E:\DEV\BASICOCR\TESSERACT\TESS.DEBUG\WIN32\PLOTSEG.OBJ
E:\DEV\BASICOCR\TESSERACT\TESS.DEBUG\WIN32\PLOTEDGES.OBJ
E:\DEV\BASICOCR\TESSERACT\TESS.DEBUG\WIN32\PIECES.OBJ
E:\DEV\BASICOCR\TESSERACT\TESS.DEBUG\WIN32\OUTLINES.OBJ
E:\DEV\BASICOCR\TESSERACT\TESS.DEBUG\WIN32\OLUTIL.OBJ
E:\DEV\BASICOCR\TESSERACT\TESS.DEBUG\WIN32\MSMENUS.OBJ
E:\DEV\BASICOCR\TESSERACT\TESS.DEBUG\WIN32\MFVARS.OBJ
E:\DEV\BASICOCR\TESSERACT\TESS.DEBUG\WIN32\METRICS.OBJ
E:\DEV\BASICOCR\TESSERACT\TESS.DEBUG\WIN32\MATRIX.OBJ
E:\DEV\BASICOCR\TESSERACT\TESS.DEBUG\WIN32\MATCHTAB.OBJ
E:\DEV\BASICOCR\TESSERACT\TESS.DEBUG\WIN32\MAKECHOP.OBJ
E:\DEV\BASICOCR\TESSERACT\TESS.DEBUG\WIN32\HEURISTIC.OBJ
E:\DEV\BASICOCR\TESSERACT\TESS.DEBUG\WIN32\PAGESEG.OBJ
E:\DEV\BASICOCR\TESSERACT\TESS.DEBUG\WIN32\.NETFRAMEWORK,VERSION=V4.0.ASSEMBLYATTRIBUTES.OBJ
E:\DEV\BASICOCR\TESSERACT\TESS.DEBUG\WIN32\
E:\DEV\BASICOCR\LIB\TESSERACT\WIN32\DEBUG\TESSERACT.LIB
E:\dev\BasicOCR\intermediate\tesseract\Win32\Debug\tesseract\cl.command.1.tlog
E:\dev\BasicOCR\intermediate\tesseract\Win32\Debug\tesseract\CL.read.1.tlog
E:\dev\BasicOCR\intermediate\tesseract\Win32\Debug\tesseract\CL.write.1.tlog
E:\dev\BasicOCR\intermediate\tesseract\Win32\Debug\tesseract\Lib-link.read.1.tlog
E:\dev\BasicOCR\intermediate\tesseract\Win32\Debug\tesseract\Lib-link.write.1.tlog
E:\dev\BasicOCR\intermediate\tesseract\Win32\Debug\tesseract\lib.command.1.tlog
E:\dev\BasicOCR\intermediate\tesseract\Win32\Debug\tesseract\metagen.read.1.tlog
E:\dev\BasicOCR\intermediate\tesseract\Win32\Debug\tesseract\metagen.write.1.tlog
E:\dev\BasicOCR\intermediate\tesseract\Win32\Debug\tesseract\RSAENH.DLL.bi
E:\dev\BasicOCR\intermediate\tesseract\Win32\Debug\tesseract\TZRES.DLL.bi
E:\dev\BasicOCR\lib\tesseract\Win32\Debug\tesseract.lib
