E:\DEV\BASICOCR\INTERMEDIATE\ZLIBVC\WIN32\RELEASEWITHOUTASM\ZUTIL.OBJ
E:\DEV\BASICOCR\INTERMEDIATE\ZLIBVC\WIN32\RELEASEWITHOUTASM\ZIP.OBJ
E:\DEV\BASICOCR\INTERMEDIATE\ZLIBVC\WIN32\RELEASEWITHOUTASM\UNZIP.OBJ
E:\DEV\BASICOCR\INTERMEDIATE\ZLIBVC\WIN32\RELEASEWITHOUTASM\UNCOMPR.OBJ
E:\DEV\BASICOCR\INTERMEDIATE\ZLIBVC\WIN32\RELEASEWITHOUTASM\TREES.OBJ
E:\DEV\BASICOCR\INTERMEDIATE\ZLIBVC\WIN32\RELEASEWITHOUTASM\IOWIN32.OBJ
E:\DEV\BASICOCR\INTERMEDIATE\ZLIBVC\WIN32\RELEASEWITHOUTASM\IOAPI.OBJ
E:\DEV\BASICOCR\INTERMEDIATE\ZLIBVC\WIN32\RELEASEWITHOUTASM\INFTREES.OBJ
E:\DEV\BASICOCR\INTERMEDIATE\ZLIBVC\WIN32\RELEASEWITHOUTASM\INFLATE.OBJ
E:\DEV\BASICOCR\INTERMEDIATE\ZLIBVC\WIN32\RELEASEWITHOUTASM\INFFAST.OBJ
E:\DEV\BASICOCR\INTERMEDIATE\ZLIBVC\WIN32\RELEASEWITHOUTASM\INFBACK.OBJ
E:\DEV\BASICOCR\INTERMEDIATE\ZLIBVC\WIN32\RELEASEWITHOUTASM\GZWRITE.OBJ
E:\DEV\BASICOCR\INTERMEDIATE\ZLIBVC\WIN32\RELEASEWITHOUTASM\GZREAD.OBJ
E:\DEV\BASICOCR\INTERMEDIATE\ZLIBVC\WIN32\RELEASEWITHOUTASM\GZLIB.OBJ
E:\DEV\BASICOCR\INTERMEDIATE\ZLIBVC\WIN32\RELEASEWITHOUTASM\GZCLOSE.OBJ
E:\DEV\BASICOCR\INTERMEDIATE\ZLIBVC\WIN32\RELEASEWITHOUTASM\DEFLATE.OBJ
E:\DEV\BASICOCR\INTERMEDIATE\ZLIBVC\WIN32\RELEASEWITHOUTASM\CRC32.OBJ
E:\DEV\BASICOCR\INTERMEDIATE\ZLIBVC\WIN32\RELEASEWITHOUTASM\COMPRESS.OBJ
E:\DEV\BASICOCR\INTERMEDIATE\ZLIBVC\WIN32\RELEASEWITHOUTASM\ADLER32.OBJ
E:\DEV\BASICOCR\LIB\ZLIBVC\WIN32\RELEASEWITHOUTASM\VC110.PDB
E:\DEV\BASICOCR\LIB\ZLIBVC\WIN32\RELEASEWITHOUTASM\ZLIBVC.LIB
E:\DEV\BASICOCR\INTERMEDIATE\ZLIBVC\WIN32\RELEASEWITHOUTASM\ZLIB.RES
E:\dev\BasicOCR\intermediate\zlibvc\Win32\ReleaseWithoutAsm\adler32.obj
E:\dev\BasicOCR\intermediate\zlibvc\Win32\ReleaseWithoutAsm\compress.obj
E:\dev\BasicOCR\intermediate\zlibvc\Win32\ReleaseWithoutAsm\crc32.obj
E:\dev\BasicOCR\intermediate\zlibvc\Win32\ReleaseWithoutAsm\deflate.obj
E:\dev\BasicOCR\intermediate\zlibvc\Win32\ReleaseWithoutAsm\gzclose.obj
E:\dev\BasicOCR\intermediate\zlibvc\Win32\ReleaseWithoutAsm\gzlib.obj
E:\dev\BasicOCR\intermediate\zlibvc\Win32\ReleaseWithoutAsm\gzread.obj
E:\dev\BasicOCR\intermediate\zlibvc\Win32\ReleaseWithoutAsm\gzwrite.obj
E:\dev\BasicOCR\intermediate\zlibvc\Win32\ReleaseWithoutAsm\infback.obj
E:\dev\BasicOCR\intermediate\zlibvc\Win32\ReleaseWithoutAsm\inffast.obj
E:\dev\BasicOCR\intermediate\zlibvc\Win32\ReleaseWithoutAsm\inflate.obj
E:\dev\BasicOCR\intermediate\zlibvc\Win32\ReleaseWithoutAsm\inftrees.obj
E:\dev\BasicOCR\intermediate\zlibvc\Win32\ReleaseWithoutAsm\ioapi.obj
E:\dev\BasicOCR\intermediate\zlibvc\Win32\ReleaseWithoutAsm\iowin32.obj
E:\dev\BasicOCR\intermediate\zlibvc\Win32\ReleaseWithoutAsm\trees.obj
E:\dev\BasicOCR\intermediate\zlibvc\Win32\ReleaseWithoutAsm\uncompr.obj
E:\dev\BasicOCR\intermediate\zlibvc\Win32\ReleaseWithoutAsm\unzip.obj
E:\dev\BasicOCR\intermediate\zlibvc\Win32\ReleaseWithoutAsm\zip.obj
E:\dev\BasicOCR\intermediate\zlibvc\Win32\ReleaseWithoutAsm\zutil.obj
E:\dev\BasicOCR\intermediate\zlibvc\Win32\ReleaseWithoutAsm\cl.command.1.tlog
E:\dev\BasicOCR\intermediate\zlibvc\Win32\ReleaseWithoutAsm\CL.read.1.tlog
E:\dev\BasicOCR\intermediate\zlibvc\Win32\ReleaseWithoutAsm\CL.write.1.tlog
E:\dev\BasicOCR\intermediate\zlibvc\Win32\ReleaseWithoutAsm\Lib-link-cvtres.read.1.tlog
E:\dev\BasicOCR\intermediate\zlibvc\Win32\ReleaseWithoutAsm\Lib-link-cvtres.write.1.tlog
E:\dev\BasicOCR\intermediate\zlibvc\Win32\ReleaseWithoutAsm\Lib-link.read.1.tlog
E:\dev\BasicOCR\intermediate\zlibvc\Win32\ReleaseWithoutAsm\Lib-link.write.1.tlog
E:\dev\BasicOCR\intermediate\zlibvc\Win32\ReleaseWithoutAsm\lib.command.1.tlog
E:\dev\BasicOCR\intermediate\zlibvc\Win32\ReleaseWithoutAsm\rc.command.1.tlog
E:\dev\BasicOCR\intermediate\zlibvc\Win32\ReleaseWithoutAsm\rc.read.1.tlog
E:\dev\BasicOCR\intermediate\zlibvc\Win32\ReleaseWithoutAsm\rc.write.1.tlog
E:\dev\BasicOCR\intermediate\zlibvc\Win32\ReleaseWithoutAsm\zlib.res
E:\dev\BasicOCR\lib\zlibvc\Win32\ReleaseWithoutAsm\zlibvc.lib
