E:\DEV\BASICOCR\INTERMEDIATE\IULIB\WIN32\DEBUG\IULIB\IMGBITS.OBJ
E:\DEV\BASICOCR\INTERMEDIATE\IULIB\WIN32\DEBUG\IULIB\IMGTRACE.OBJ
E:\DEV\BASICOCR\INTERMEDIATE\IULIB\WIN32\DEBUG\IULIB\IMGTHIN.OBJ
E:\DEV\BASICOCR\INTERMEDIATE\IULIB\WIN32\DEBUG\IULIB\IMGRESCALE.OBJ
E:\DEV\BASICOCR\INTERMEDIATE\IULIB\WIN32\DEBUG\IULIB\IMGOPS.OBJ
E:\DEV\BASICOCR\INTERMEDIATE\IULIB\WIN32\DEBUG\IULIB\IMGMORPH.OBJ
E:\DEV\BASICOCR\INTERMEDIATE\IULIB\WIN32\DEBUG\IULIB\IMGMISC.OBJ
E:\DEV\BASICOCR\INTERMEDIATE\IULIB\WIN32\DEBUG\IULIB\IMGMAP.OBJ
E:\DEV\BASICOCR\INTERMEDIATE\IULIB\WIN32\DEBUG\IULIB\IMGLABELS.OBJ
E:\DEV\BASICOCR\INTERMEDIATE\IULIB\WIN32\DEBUG\IULIB\IMGGRAYMORPH.OBJ
E:\DEV\BASICOCR\INTERMEDIATE\IULIB\WIN32\DEBUG\IULIB\IMGGAUSS.OBJ
E:\DEV\BASICOCR\INTERMEDIATE\IULIB\WIN32\DEBUG\IULIB\IMGFILTERS.OBJ
E:\DEV\BASICOCR\INTERMEDIATE\IULIB\WIN32\DEBUG\IULIB\IMGEDGES.OBJ
E:\DEV\BASICOCR\INTERMEDIATE\IULIB\WIN32\DEBUG\IULIB\IMGBRUSHFIRE.OBJ
E:\DEV\BASICOCR\INTERMEDIATE\IULIB\WIN32\DEBUG\IULIB\IO_TIFF.OBJ
E:\DEV\BASICOCR\INTERMEDIATE\IULIB\WIN32\DEBUG\IULIB\IO_PNG.OBJ
E:\DEV\BASICOCR\INTERMEDIATE\IULIB\WIN32\DEBUG\IULIB\IO_PBM.OBJ
E:\DEV\BASICOCR\INTERMEDIATE\IULIB\WIN32\DEBUG\IULIB\IO_JPEG.OBJ
E:\DEV\BASICOCR\INTERMEDIATE\IULIB\WIN32\DEBUG\IULIB\IMGIO.OBJ
E:\DEV\BASICOCR\INTERMEDIATE\IULIB\WIN32\DEBUG\IULIB\AUTOINVERT.OBJ
E:\DEV\BASICOCR\INTERMEDIATE\IULIB\WIN32\DEBUG\IULIB\COMPONENTS.OBJ
E:\DEV\BASICOCR\INTERMEDIATE\IULIB\WIN32\DEBUG\IULIB\DGRAPHICS_NOSDL.OBJ
E:\DEV\BASICOCR\INTERMEDIATE\IULIB\WIN32\DEBUG\IULIB\IMGRLE.OBJ
E:\DEV\BASICOCR\INTERMEDIATE\IULIB\WIN32\DEBUG\IULIB\IMGBTHIN.OBJ
E:\DEV\BASICOCR\INTERMEDIATE\IULIB\WIN32\DEBUG\IULIB\IMGBSMP.OBJ
E:\DEV\BASICOCR\INTERMEDIATE\IULIB\WIN32\DEBUG\IULIB\IMGBLIT_C.OBJ
E:\DEV\BASICOCR\INTERMEDIATE\IULIB\WIN32\DEBUG\IULIB\IMGBLIT.OBJ
E:\DEV\BASICOCR\LIB\IULIB\WIN32\DEBUG\IULIB.PDB
E:\DEV\BASICOCR\LIB\IULIB\WIN32\DEBUG\IULIB.LIB
E:\dev\BasicOCR\intermediate\iulib\Win32\Debug\iulib\autoinvert.obj
E:\dev\BasicOCR\intermediate\iulib\Win32\Debug\iulib\components.obj
E:\dev\BasicOCR\intermediate\iulib\Win32\Debug\iulib\dgraphics_nosdl.obj
E:\dev\BasicOCR\intermediate\iulib\Win32\Debug\iulib\imgbits.obj
E:\dev\BasicOCR\intermediate\iulib\Win32\Debug\iulib\imgblit.obj
E:\dev\BasicOCR\intermediate\iulib\Win32\Debug\iulib\imgblit_c.obj
E:\dev\BasicOCR\intermediate\iulib\Win32\Debug\iulib\imgbrushfire.obj
E:\dev\BasicOCR\intermediate\iulib\Win32\Debug\iulib\imgbsmp.obj
E:\dev\BasicOCR\intermediate\iulib\Win32\Debug\iulib\imgbthin.obj
E:\dev\BasicOCR\intermediate\iulib\Win32\Debug\iulib\imgedges.obj
E:\dev\BasicOCR\intermediate\iulib\Win32\Debug\iulib\imgfilters.obj
E:\dev\BasicOCR\intermediate\iulib\Win32\Debug\iulib\imggauss.obj
E:\dev\BasicOCR\intermediate\iulib\Win32\Debug\iulib\imggraymorph.obj
E:\dev\BasicOCR\intermediate\iulib\Win32\Debug\iulib\imgio.obj
E:\dev\BasicOCR\intermediate\iulib\Win32\Debug\iulib\imglabels.obj
E:\dev\BasicOCR\intermediate\iulib\Win32\Debug\iulib\imgmap.obj
E:\dev\BasicOCR\intermediate\iulib\Win32\Debug\iulib\imgmisc.obj
E:\dev\BasicOCR\intermediate\iulib\Win32\Debug\iulib\imgmorph.obj
E:\dev\BasicOCR\intermediate\iulib\Win32\Debug\iulib\imgops.obj
E:\dev\BasicOCR\intermediate\iulib\Win32\Debug\iulib\imgrescale.obj
E:\dev\BasicOCR\intermediate\iulib\Win32\Debug\iulib\imgrle.obj
E:\dev\BasicOCR\intermediate\iulib\Win32\Debug\iulib\imgthin.obj
E:\dev\BasicOCR\intermediate\iulib\Win32\Debug\iulib\imgtrace.obj
E:\dev\BasicOCR\intermediate\iulib\Win32\Debug\iulib\io_jpeg.obj
E:\dev\BasicOCR\intermediate\iulib\Win32\Debug\iulib\io_pbm.obj
E:\dev\BasicOCR\intermediate\iulib\Win32\Debug\iulib\io_png.obj
E:\dev\BasicOCR\intermediate\iulib\Win32\Debug\iulib\io_tiff.obj
E:\dev\BasicOCR\intermediate\iulib\Win32\Debug\iulib\cl.command.1.tlog
E:\dev\BasicOCR\intermediate\iulib\Win32\Debug\iulib\CL.read.1.tlog
E:\dev\BasicOCR\intermediate\iulib\Win32\Debug\iulib\CL.write.1.tlog
E:\dev\BasicOCR\intermediate\iulib\Win32\Debug\iulib\Lib-link.read.1.tlog
E:\dev\BasicOCR\intermediate\iulib\Win32\Debug\iulib\Lib-link.write.1.tlog
E:\dev\BasicOCR\intermediate\iulib\Win32\Debug\iulib\lib.command.1.tlog
E:\dev\BasicOCR\lib\iulib\Win32\Debug\iulib.pdb
E:\dev\BasicOCR\lib\iulib\Win32\Debug\iulib.lib
