E:\DEV\BASICOCR\INTERMEDIATE\LIBPNG\WIN32\LIB DEBUG\LIBPNG.PCH
E:\DEV\BASICOCR\INTERMEDIATE\LIBPNG\WIN32\LIB DEBUG\PNGERROR.OBJ
E:\DEV\BASICOCR\INTERMEDIATE\LIBPNG\WIN32\LIB DEBUG\VC110.PDB
E:\DEV\BASICOCR\INTERMEDIATE\LIBPNG\WIN32\LIB DEBUG\PNG.OBJ
E:\DEV\BASICOCR\INTERMEDIATE\LIBPNG\WIN32\LIB DEBUG\PNGWUTIL.OBJ
E:\DEV\BASICOCR\INTERMEDIATE\LIBPNG\WIN32\LIB DEBUG\PNGWTRAN.OBJ
E:\DEV\BASICOCR\INTERMEDIATE\LIBPNG\WIN32\LIB DEBUG\PNGWRITE.OBJ
E:\DEV\BASICOCR\INTERMEDIATE\LIBPNG\WIN32\LIB DEBUG\PNGWIO.OBJ
E:\DEV\BASICOCR\INTERMEDIATE\LIBPNG\WIN32\LIB DEBUG\PNGTRANS.OBJ
E:\DEV\BASICOCR\INTERMEDIATE\LIBPNG\WIN32\LIB DEBUG\PNGSET.OBJ
E:\DEV\BASICOCR\INTERMEDIATE\LIBPNG\WIN32\LIB DEBUG\PNGRUTIL.OBJ
E:\DEV\BASICOCR\INTERMEDIATE\LIBPNG\WIN32\LIB DEBUG\PNGRTRAN.OBJ
E:\DEV\BASICOCR\INTERMEDIATE\LIBPNG\WIN32\LIB DEBUG\PNGRIO.OBJ
E:\DEV\BASICOCR\INTERMEDIATE\LIBPNG\WIN32\LIB DEBUG\PNGREAD.OBJ
E:\DEV\BASICOCR\INTERMEDIATE\LIBPNG\WIN32\LIB DEBUG\PNGPREAD.OBJ
E:\DEV\BASICOCR\INTERMEDIATE\LIBPNG\WIN32\LIB DEBUG\PNGMEM.OBJ
E:\DEV\BASICOCR\INTERMEDIATE\LIBPNG\WIN32\LIB DEBUG\PNGGET.OBJ
E:\DEV\BASICOCR\LIB\LIBPNG\WIN32\LIB DEBUG\LIBPNG.LIB
E:\dev\BasicOCR\intermediate\libpng\Win32\LIB Debug\png.obj
E:\dev\BasicOCR\intermediate\libpng\Win32\LIB Debug\pngerror.obj
E:\dev\BasicOCR\intermediate\libpng\Win32\LIB Debug\pngget.obj
E:\dev\BasicOCR\intermediate\libpng\Win32\LIB Debug\pngmem.obj
E:\dev\BasicOCR\intermediate\libpng\Win32\LIB Debug\pngpread.obj
E:\dev\BasicOCR\intermediate\libpng\Win32\LIB Debug\pngread.obj
E:\dev\BasicOCR\intermediate\libpng\Win32\LIB Debug\pngrio.obj
E:\dev\BasicOCR\intermediate\libpng\Win32\LIB Debug\pngrtran.obj
E:\dev\BasicOCR\intermediate\libpng\Win32\LIB Debug\pngrutil.obj
E:\dev\BasicOCR\intermediate\libpng\Win32\LIB Debug\pngset.obj
E:\dev\BasicOCR\intermediate\libpng\Win32\LIB Debug\pngtrans.obj
E:\dev\BasicOCR\intermediate\libpng\Win32\LIB Debug\pngwio.obj
E:\dev\BasicOCR\intermediate\libpng\Win32\LIB Debug\pngwrite.obj
E:\dev\BasicOCR\intermediate\libpng\Win32\LIB Debug\pngwtran.obj
E:\dev\BasicOCR\intermediate\libpng\Win32\LIB Debug\pngwutil.obj
E:\dev\BasicOCR\intermediate\libpng\Win32\LIB Debug\cl.command.1.tlog
E:\dev\BasicOCR\intermediate\libpng\Win32\LIB Debug\CL.read.1.tlog
E:\dev\BasicOCR\intermediate\libpng\Win32\LIB Debug\CL.write.1.tlog
E:\dev\BasicOCR\intermediate\libpng\Win32\LIB Debug\Lib-link.read.1.tlog
E:\dev\BasicOCR\intermediate\libpng\Win32\LIB Debug\Lib-link.write.1.tlog
E:\dev\BasicOCR\intermediate\libpng\Win32\LIB Debug\lib.command.1.tlog
E:\dev\BasicOCR\intermediate\libpng\Win32\LIB Debug\libpng.pch
E:\dev\BasicOCR\intermediate\libpng\Win32\LIB Debug\vc110.idb
E:\dev\BasicOCR\intermediate\libpng\Win32\LIB Debug\vc110.pdb
E:\dev\BasicOCR\lib\libpng\Win32\LIB Debug\libpng.lib
