E:\DEV\BASICOCR\LIBPNG\PROJECTS\VISUALC71\WIN32_LIB_RELEASE\LIBPNG.PCH
E:\DEV\BASICOCR\LIBPNG\PROJECTS\VISUALC71\WIN32_LIB_RELEASE\PNGERROR.OBJ
E:\DEV\BASICOCR\LIBPNG\PROJECTS\VISUALC71\WIN32_LIB_RELEASE\VC110.PDB
E:\DEV\BASICOCR\LIBPNG\PROJECTS\VISUALC71\WIN32_LIB_RELEASE\PNG.OBJ
E:\DEV\BASICOCR\LIBPNG\PROJECTS\VISUALC71\WIN32_LIB_RELEASE\PNGWUTIL.OBJ
E:\DEV\BASICOCR\LIBPNG\PROJECTS\VISUALC71\WIN32_LIB_RELEASE\PNGWTRAN.OBJ
E:\DEV\BASICOCR\LIBPNG\PROJECTS\VISUALC71\WIN32_LIB_RELEASE\PNGWRITE.OBJ
E:\DEV\BASICOCR\LIBPNG\PROJECTS\VISUALC71\WIN32_LIB_RELEASE\PNGWIO.OBJ
E:\DEV\BASICOCR\LIBPNG\PROJECTS\VISUALC71\WIN32_LIB_RELEASE\PNGTRANS.OBJ
E:\DEV\BASICOCR\LIBPNG\PROJECTS\VISUALC71\WIN32_LIB_RELEASE\PNGSET.OBJ
E:\DEV\BASICOCR\LIBPNG\PROJECTS\VISUALC71\WIN32_LIB_RELEASE\PNGRUTIL.OBJ
E:\DEV\BASICOCR\LIBPNG\PROJECTS\VISUALC71\WIN32_LIB_RELEASE\PNGRTRAN.OBJ
E:\DEV\BASICOCR\LIBPNG\PROJECTS\VISUALC71\WIN32_LIB_RELEASE\PNGRIO.OBJ
E:\DEV\BASICOCR\LIBPNG\PROJECTS\VISUALC71\WIN32_LIB_RELEASE\PNGREAD.OBJ
E:\DEV\BASICOCR\LIBPNG\PROJECTS\VISUALC71\WIN32_LIB_RELEASE\PNGPREAD.OBJ
E:\DEV\BASICOCR\LIBPNG\PROJECTS\VISUALC71\WIN32_LIB_RELEASE\PNGMEM.OBJ
E:\DEV\BASICOCR\LIBPNG\PROJECTS\VISUALC71\WIN32_LIB_RELEASE\PNGGET.OBJ
E:\DEV\BASICOCR\LIBPNG\PROJECTS\VISUALC71\WIN32_LIB_RELEASE\LIBPNG.LIB
E:\dev\BasicOCR\libpng\projects\visualc71\Win32_LIB_Release\png.obj
E:\dev\BasicOCR\libpng\projects\visualc71\Win32_LIB_Release\pngerror.obj
E:\dev\BasicOCR\libpng\projects\visualc71\Win32_LIB_Release\pngget.obj
E:\dev\BasicOCR\libpng\projects\visualc71\Win32_LIB_Release\pngmem.obj
E:\dev\BasicOCR\libpng\projects\visualc71\Win32_LIB_Release\pngpread.obj
E:\dev\BasicOCR\libpng\projects\visualc71\Win32_LIB_Release\pngread.obj
E:\dev\BasicOCR\libpng\projects\visualc71\Win32_LIB_Release\pngrio.obj
E:\dev\BasicOCR\libpng\projects\visualc71\Win32_LIB_Release\pngrtran.obj
E:\dev\BasicOCR\libpng\projects\visualc71\Win32_LIB_Release\pngrutil.obj
E:\dev\BasicOCR\libpng\projects\visualc71\Win32_LIB_Release\pngset.obj
E:\dev\BasicOCR\libpng\projects\visualc71\Win32_LIB_Release\pngtrans.obj
E:\dev\BasicOCR\libpng\projects\visualc71\Win32_LIB_Release\pngwio.obj
E:\dev\BasicOCR\libpng\projects\visualc71\Win32_LIB_Release\pngwrite.obj
E:\dev\BasicOCR\libpng\projects\visualc71\Win32_LIB_Release\pngwtran.obj
E:\dev\BasicOCR\libpng\projects\visualc71\Win32_LIB_Release\pngwutil.obj
E:\dev\BasicOCR\libpng\projects\visualc71\Win32_LIB_Release\cl.command.1.tlog
E:\dev\BasicOCR\libpng\projects\visualc71\Win32_LIB_Release\CL.read.1.tlog
E:\dev\BasicOCR\libpng\projects\visualc71\Win32_LIB_Release\CL.write.1.tlog
E:\dev\BasicOCR\libpng\projects\visualc71\Win32_LIB_Release\Lib-link.read.1.tlog
E:\dev\BasicOCR\libpng\projects\visualc71\Win32_LIB_Release\Lib-link.write.1.tlog
E:\dev\BasicOCR\libpng\projects\visualc71\Win32_LIB_Release\lib.command.1.tlog
E:\dev\BasicOCR\libpng\projects\visualc71\Win32_LIB_Release\libpng.pch
E:\dev\BasicOCR\libpng\projects\visualc71\Win32_LIB_Release\vc110.pdb
E:\dev\BasicOCR\libpng\projects\visualc71\.\Win32_LIB_Release\libpng.lib
