Build started 10/5/2012 1:10:18 PM.
     1>Project "E:\dev\OCRopus\iulib\iulib.vcxproj" on node 2 (Build target(s)).
     1>InitializeBuildStatus:
         Creating "x64\Debug\iulib.unsuccessfulbuild" because "AlwaysCreate" was specified.
       ClCompile:
         e:\Program Files (x86)\Microsoft Visual Studio 11.0\VC\bin\x86_amd64\CL.exe /c /I./ /I./imgio /I./colib /I./vidio /I./utils /I./imgbits /I./imglib /I./components /I"../SDL-1.2.14/include" /I../tre/include/tre /I"C:\dev\OCR\OCRopus\libtiff\tiff-4.0\libtiff" /I../zlib/ /I../libpng/ /I../libjpeg/include /Zi /nologo /W1 /WX- /Od /Ot /D _WIN64 /D _MBCS /Gm- /EHsc /MDd /GS /fp:precise /Zc:wchar_t /Zc:forScope /Fo"x64\Debug\\" /Fd"C:\dev\OCR\OCRopus\builds\Debug\\iulib.pdb" /Gd /TP /errorReport:prompt imgio\autoinvert.cc imgio\imgio.cc imgio\io_jpeg.cc imgio\io_pbm.cc imgio\io_png.cc imgio\io_tiff.cc imglib\imgbrushfire.cc imglib\imgedges.cc imglib\imgfilters.cc imglib\imggauss.cc imglib\imggraymorph.cc imglib\imglabels.cc imglib\imgmap.cc imglib\imgmisc.cc imglib\imgmorph.cc imglib\imgops.cc imglib\imgrescale.cc imglib\imgthin.cc imglib\imgtrace.cc imgbits\imgbits.cc imgbits\imgblit.cc imgbits\imgblit_c.cc imgbits\imgbsmp.cc imgbits\imgbthin.cc imgbits\imgrle.cc "imgbits\test-simple.cc" utils\dgraphics_nosdl.cc components\components.cc
         autoinvert.cc
     1>c1xx : fatal error C1083: Cannot open source file: 'imgio\autoinvert.cc': No such file or directory
         imgio.cc
     1>c1xx : fatal error C1083: Cannot open source file: 'imgio\imgio.cc': No such file or directory
         io_jpeg.cc
     1>c1xx : fatal error C1083: Cannot open source file: 'imgio\io_jpeg.cc': No such file or directory
         io_pbm.cc
     1>c1xx : fatal error C1083: Cannot open source file: 'imgio\io_pbm.cc': No such file or directory
         io_png.cc
     1>c1xx : fatal error C1083: Cannot open source file: 'imgio\io_png.cc': No such file or directory
         io_tiff.cc
     1>c1xx : fatal error C1083: Cannot open source file: 'imgio\io_tiff.cc': No such file or directory
         imgbrushfire.cc
     1>c1xx : fatal error C1083: Cannot open source file: 'imglib\imgbrushfire.cc': No such file or directory
         imgedges.cc
     1>c1xx : fatal error C1083: Cannot open source file: 'imglib\imgedges.cc': No such file or directory
         imgfilters.cc
     1>c1xx : fatal error C1083: Cannot open source file: 'imglib\imgfilters.cc': No such file or directory
         imggauss.cc
     1>c1xx : fatal error C1083: Cannot open source file: 'imglib\imggauss.cc': No such file or directory
         imggraymorph.cc
     1>c1xx : fatal error C1083: Cannot open source file: 'imglib\imggraymorph.cc': No such file or directory
         imglabels.cc
     1>c1xx : fatal error C1083: Cannot open source file: 'imglib\imglabels.cc': No such file or directory
         imgmap.cc
     1>c1xx : fatal error C1083: Cannot open source file: 'imglib\imgmap.cc': No such file or directory
         imgmisc.cc
     1>c1xx : fatal error C1083: Cannot open source file: 'imglib\imgmisc.cc': No such file or directory
         imgmorph.cc
     1>c1xx : fatal error C1083: Cannot open source file: 'imglib\imgmorph.cc': No such file or directory
         imgops.cc
     1>c1xx : fatal error C1083: Cannot open source file: 'imglib\imgops.cc': No such file or directory
         imgrescale.cc
     1>c1xx : fatal error C1083: Cannot open source file: 'imglib\imgrescale.cc': No such file or directory
         imgthin.cc
     1>c1xx : fatal error C1083: Cannot open source file: 'imglib\imgthin.cc': No such file or directory
         imgtrace.cc
     1>c1xx : fatal error C1083: Cannot open source file: 'imglib\imgtrace.cc': No such file or directory
         imgbits.cc
     1>c1xx : fatal error C1083: Cannot open source file: 'imgbits\imgbits.cc': No such file or directory
         Generating Code...
         Compiling...
         imgblit.cc
     1>c1xx : fatal error C1083: Cannot open source file: 'imgbits\imgblit.cc': No such file or directory
         imgblit_c.cc
     1>c1xx : fatal error C1083: Cannot open source file: 'imgbits\imgblit_c.cc': No such file or directory
         imgbsmp.cc
     1>c1xx : fatal error C1083: Cannot open source file: 'imgbits\imgbsmp.cc': No such file or directory
         imgbthin.cc
     1>c1xx : fatal error C1083: Cannot open source file: 'imgbits\imgbthin.cc': No such file or directory
         imgrle.cc
     1>c1xx : fatal error C1083: Cannot open source file: 'imgbits\imgrle.cc': No such file or directory
         test-simple.cc
     1>c1xx : fatal error C1083: Cannot open source file: 'imgbits\test-simple.cc': No such file or directory
         dgraphics_nosdl.cc
     1>c1xx : fatal error C1083: Cannot open source file: 'utils\dgraphics_nosdl.cc': No such file or directory
         components.cc
     1>c1xx : fatal error C1083: Cannot open source file: 'components\components.cc': No such file or directory
         Generating Code...
     1>Done Building Project "E:\dev\OCRopus\iulib\iulib.vcxproj" (Build target(s)) -- FAILED.

Build FAILED.

Time Elapsed 00:00:00.28
