Build started 10/8/2012 7:48:49 PM.
     1>Project "E:\dev\BasicOCR\gsl\src\gsl\1.8\gsl-1.8\VC8\libgsl\libgsl.vcxproj" on node 2 (Build target(s)).
     1>InitializeBuildStatus:
         Touching "x64\Debug-DLL\libgsl.unsuccessfulbuild".
       PreBuildEvent:
         if not exist .\..\..\config.h goto COPY_CONFIG_H
         
         fc .\..\config.h.msvc .\..\..\config.h
         if NOT ERRORLEVEL 1 goto EXIT_BAT
         
         :COPY_CONFIG_H
         if exist .\..\..\config.h del .\..\..\config.h
         copy .\..\config.h.msvc .\..\..\config.h
         goto EXIT_BAT
         
         :EXIT_BAT
         
         :VCEnd
         Comparing files .\..\config.h.msvc and .\..\..\CONFIG.H
         FC: no differences encountered
         
       ClCompile:
         All outputs are up-to-date.
         All outputs are up-to-date.
         All outputs are up-to-date.
         All outputs are up-to-date.
         All outputs are up-to-date.
         All outputs are up-to-date.
         All outputs are up-to-date.
         All outputs are up-to-date.
         All outputs are up-to-date.
         All outputs are up-to-date.
         All outputs are up-to-date.
         All outputs are up-to-date.
         All outputs are up-to-date.
         All outputs are up-to-date.
         All outputs are up-to-date.
         All outputs are up-to-date.
         All outputs are up-to-date.
         All outputs are up-to-date.
         All outputs are up-to-date.
         All outputs are up-to-date.
         All outputs are up-to-date.
         All outputs are up-to-date.
         All outputs are up-to-date.
         All outputs are up-to-date.
         All outputs are up-to-date.
         All outputs are up-to-date.
         All outputs are up-to-date.
         All outputs are up-to-date.
         All outputs are up-to-date.
         All outputs are up-to-date.
         All outputs are up-to-date.
         All outputs are up-to-date.
         All outputs are up-to-date.
         All outputs are up-to-date.
         All outputs are up-to-date.
         All outputs are up-to-date.
         All outputs are up-to-date.
         All outputs are up-to-date.
         All outputs are up-to-date.
         All outputs are up-to-date.
         All outputs are up-to-date.
         All outputs are up-to-date.
         All outputs are up-to-date.
         All outputs are up-to-date.
         All outputs are up-to-date.
         All outputs are up-to-date.
         All outputs are up-to-date.
         All outputs are up-to-date.
         All outputs are up-to-date.
         All outputs are up-to-date.
         All outputs are up-to-date.
         All outputs are up-to-date.
         All outputs are up-to-date.
         All outputs are up-to-date.
         All outputs are up-to-date.
         All outputs are up-to-date.
         All outputs are up-to-date.
         All outputs are up-to-date.
         All outputs are up-to-date.
         All outputs are up-to-date.
         All outputs are up-to-date.
         All outputs are up-to-date.
         All outputs are up-to-date.
         All outputs are up-to-date.
         All outputs are up-to-date.
         All outputs are up-to-date.
     1>E:\Program Files (x86)\MSBuild\Microsoft.Cpp\v4.0\V110\Microsoft.CppBuild.targets(1137,5): warning MSB8012: TargetPath(E:\dev\BasicOCR\lib\libgsl\x64\Debug-DLL\libgsl.dll) does not match the Linker's OutputFile property value (E:\dev\BasicOCR\lib\libgsl\x64\Debug-DLL\libgsl_d.dll). This may cause your project to build incorrectly. To correct this, please make sure that $(OutDir), $(TargetName) and $(TargetExt) property values match the value specified in %(Link.OutputFile).
     1>E:\Program Files (x86)\MSBuild\Microsoft.Cpp\v4.0\V110\Microsoft.CppBuild.targets(1139,5): warning MSB8012: TargetName(libgsl) does not match the Linker's OutputFile property value (libgsl_d). This may cause your project to build incorrectly. To correct this, please make sure that $(OutDir), $(TargetName) and $(TargetExt) property values match the value specified in %(Link.OutputFile).
       Link:
         e:\Program Files (x86)\Microsoft Visual Studio 11.0\VC\bin\x86_amd64\link.exe /ERRORREPORT:PROMPT /OUT:"E:\dev\BasicOCR\lib\libgsl\x64\Debug-DLL\libgsl_d.dll" /NOLOGO kernel32.lib user32.lib gdi32.lib winspool.lib comdlg32.lib advapi32.lib shell32.lib ole32.lib oleaut32.lib uuid.lib odbc32.lib odbccp32.lib /MANIFEST /MANIFESTUAC:"level='asInvoker' uiAccess='false'" /manifest:embed /PDB:"E:\dev\BasicOCR\lib\libgsl\x64\Debug-DLL\libgsl.pdb" /TLBID:1 /DYNAMICBASE:NO /IMPLIB:"E:\dev\BasicOCR\lib\libgsl\x64\Debug-DLL\libgsl_dll_d.lib" /MACHINE:X64 /DLL "x64\Debug-DLL\blas.obj"
         "x64\Debug-DLL\block.obj"
         "x64\Debug-DLL\file.obj"
         "x64\Debug-DLL\init.obj"
         "x64\Debug-DLL\caxpy.obj"
         "x64\Debug-DLL\ccopy.obj"
         "x64\Debug-DLL\cdotc_sub.obj"
         "x64\Debug-DLL\cdotu_sub.obj"
         "x64\Debug-DLL\cgbmv.obj"
         "x64\Debug-DLL\cgemm.obj"
         "x64\Debug-DLL\cgemv.obj"
         "x64\Debug-DLL\cgerc.obj"
         "x64\Debug-DLL\cgeru.obj"
         "x64\Debug-DLL\chbmv.obj"
         "x64\Debug-DLL\chemm.obj"
         "x64\Debug-DLL\chemv.obj"
         "x64\Debug-DLL\cher.obj"
         "x64\Debug-DLL\cher2.obj"
         "x64\Debug-DLL\cher2k.obj"
         "x64\Debug-DLL\cherk.obj"
         "x64\Debug-DLL\chpmv.obj"
         "x64\Debug-DLL\chpr.obj"
         "x64\Debug-DLL\chpr2.obj"
         "x64\Debug-DLL\cscal.obj"
         "x64\Debug-DLL\csscal.obj"
         "x64\Debug-DLL\cswap.obj"
         "x64\Debug-DLL\csymm.obj"
         "x64\Debug-DLL\csyr2k.obj"
         "x64\Debug-DLL\csyrk.obj"
         "x64\Debug-DLL\ctbmv.obj"
         "x64\Debug-DLL\ctbsv.obj"
         "x64\Debug-DLL\ctpmv.obj"
         "x64\Debug-DLL\ctpsv.obj"
         "x64\Debug-DLL\ctrmm.obj"
         "x64\Debug-DLL\ctrmv.obj"
         "x64\Debug-DLL\ctrsm.obj"
         "x64\Debug-DLL\ctrsv.obj"
         "x64\Debug-DLL\dasum.obj"
         "x64\Debug-DLL\daxpy.obj"
         "x64\Debug-DLL\dcopy.obj"
         "x64\Debug-DLL\ddot.obj"
         "x64\Debug-DLL\dgbmv.obj"
         "x64\Debug-DLL\dgemm.obj"
         "x64\Debug-DLL\dgemv.obj"
         "x64\Debug-DLL\dger.obj"
         "x64\Debug-DLL\dnrm2.obj"
         "x64\Debug-DLL\drot.obj"
         "x64\Debug-DLL\drotg.obj"
         "x64\Debug-DLL\drotm.obj"
         "x64\Debug-DLL\drotmg.obj"
         "x64\Debug-DLL\dsbmv.obj"
         "x64\Debug-DLL\dscal.obj"
         "x64\Debug-DLL\dsdot.obj"
         "x64\Debug-DLL\dspmv.obj"
         "x64\Debug-DLL\dspr.obj"
         "x64\Debug-DLL\dspr2.obj"
         "x64\Debug-DLL\dswap.obj"
         "x64\Debug-DLL\dsymm.obj"
         "x64\Debug-DLL\dsymv.obj"
         "x64\Debug-DLL\dsyr.obj"
         "x64\Debug-DLL\dsyr2.obj"
         "x64\Debug-DLL\dsyr2k.obj"
         "x64\Debug-DLL\dsyrk.obj"
         "x64\Debug-DLL\dtbmv.obj"
         "x64\Debug-DLL\dtbsv.obj"
         "x64\Debug-DLL\dtpmv.obj"
         "x64\Debug-DLL\dtpsv.obj"
         "x64\Debug-DLL\dtrmm.obj"
         "x64\Debug-DLL\dtrmv.obj"
         "x64\Debug-DLL\dtrsm.obj"
         "x64\Debug-DLL\dtrsv.obj"
         "x64\Debug-DLL\dzasum.obj"
         "x64\Debug-DLL\dznrm2.obj"
         "x64\Debug-DLL\hypot.obj"
         "x64\Debug-DLL\icamax.obj"
         "x64\Debug-DLL\idamax.obj"
         "x64\Debug-DLL\isamax.obj"
         "x64\Debug-DLL\izamax.obj"
         "x64\Debug-DLL\sasum.obj"
         "x64\Debug-DLL\saxpy.obj"
         "x64\Debug-DLL\scasum.obj"
         "x64\Debug-DLL\scnrm2.obj"
         "x64\Debug-DLL\scopy.obj"
         "x64\Debug-DLL\sdot.obj"
         "x64\Debug-DLL\sdsdot.obj"
         "x64\Debug-DLL\sgbmv.obj"
         "x64\Debug-DLL\sgemm.obj"
         "x64\Debug-DLL\sgemv.obj"
         "x64\Debug-DLL\sger.obj"
         "x64\Debug-DLL\snrm2.obj"
         "x64\Debug-DLL\srot.obj"
         "x64\Debug-DLL\srotg.obj"
         "x64\Debug-DLL\srotm.obj"
         "x64\Debug-DLL\srotmg.obj"
         "x64\Debug-DLL\ssbmv.obj"
         "x64\Debug-DLL\sscal.obj"
         "x64\Debug-DLL\sspmv.obj"
         "x64\Debug-DLL\sspr.obj"
         "x64\Debug-DLL\sspr2.obj"
         "x64\Debug-DLL\sswap.obj"
         "x64\Debug-DLL\ssymm.obj"
         "x64\Debug-DLL\ssymv.obj"
         "x64\Debug-DLL\ssyr.obj"
         "x64\Debug-DLL\ssyr2.obj"
         "x64\Debug-DLL\ssyr2k.obj"
         "x64\Debug-DLL\ssyrk.obj"
         "x64\Debug-DLL\stbmv.obj"
         "x64\Debug-DLL\stbsv.obj"
         "x64\Debug-DLL\stpmv.obj"
         "x64\Debug-DLL\stpsv.obj"
         "x64\Debug-DLL\strmm.obj"
         "x64\Debug-DLL\strmv.obj"
         "x64\Debug-DLL\strsm.obj"
         "x64\Debug-DLL\strsv.obj"
         "x64\Debug-DLL\tests.obj"
         "x64\Debug-DLL\test_amax.obj"
         "x64\Debug-DLL\test_asum.obj"
         "x64\Debug-DLL\test_axpy.obj"
         "x64\Debug-DLL\test_copy.obj"
         "x64\Debug-DLL\test_dot.obj"
         "x64\Debug-DLL\test_gbmv.obj"
         "x64\Debug-DLL\test_gemm.obj"
         "x64\Debug-DLL\test_gemv.obj"
         "x64\Debug-DLL\test_ger.obj"
         "x64\Debug-DLL\test_hbmv.obj"
         "x64\Debug-DLL\test_hemm.obj"
         "x64\Debug-DLL\test_hemv.obj"
         "x64\Debug-DLL\test_her.obj"
         "x64\Debug-DLL\test_her2.obj"
         "x64\Debug-DLL\test_her2k.obj"
         "x64\Debug-DLL\test_herk.obj"
         "x64\Debug-DLL\test_hpmv.obj"
         "x64\Debug-DLL\test_hpr.obj"
         "x64\Debug-DLL\test_hpr2.obj"
         "x64\Debug-DLL\test_nrm2.obj"
         "x64\Debug-DLL\test_rot.obj"
         "x64\Debug-DLL\test_rotg.obj"
         "x64\Debug-DLL\test_rotm.obj"
         "x64\Debug-DLL\test_rotmg.obj"
         "x64\Debug-DLL\test_sbmv.obj"
         "x64\Debug-DLL\test_spmv.obj"
         "x64\Debug-DLL\test_spr.obj"
         "x64\Debug-DLL\test_spr2.obj"
         "x64\Debug-DLL\test_swap.obj"
         "x64\Debug-DLL\test_symm.obj"
         "x64\Debug-DLL\test_symv.obj"
         "x64\Debug-DLL\test_syr.obj"
         "x64\Debug-DLL\test_syr2.obj"
         "x64\Debug-DLL\test_syr2k.obj"
         "x64\Debug-DLL\test_syrk.obj"
         "x64\Debug-DLL\test_tbmv.obj"
         "x64\Debug-DLL\test_tbsv.obj"
         "x64\Debug-DLL\test_tpmv.obj"
         "x64\Debug-DLL\test_tpsv.obj"
         "x64\Debug-DLL\test_trmm.obj"
         "x64\Debug-DLL\test_trmv.obj"
         "x64\Debug-DLL\test_trsm.obj"
         "x64\Debug-DLL\test_trsv.obj"
         "x64\Debug-DLL\xerbla.obj"
         "x64\Debug-DLL\zaxpy.obj"
         "x64\Debug-DLL\zcopy.obj"
         "x64\Debug-DLL\zdotc_sub.obj"
         "x64\Debug-DLL\zdotu_sub.obj"
         "x64\Debug-DLL\zdscal.obj"
         "x64\Debug-DLL\zgbmv.obj"
         "x64\Debug-DLL\zgemm.obj"
         "x64\Debug-DLL\zgemv.obj"
         "x64\Debug-DLL\zgerc.obj"
         "x64\Debug-DLL\zgeru.obj"
         "x64\Debug-DLL\zhbmv.obj"
         "x64\Debug-DLL\zhemm.obj"
         "x64\Debug-DLL\zhemv.obj"
         "x64\Debug-DLL\zher.obj"
         "x64\Debug-DLL\zher2.obj"
         "x64\Debug-DLL\zher2k.obj"
         "x64\Debug-DLL\zherk.obj"
         "x64\Debug-DLL\zhpmv.obj"
         "x64\Debug-DLL\zhpr.obj"
         "x64\Debug-DLL\zhpr2.obj"
         "x64\Debug-DLL\zscal.obj"
         "x64\Debug-DLL\zswap.obj"
         "x64\Debug-DLL\zsymm.obj"
         "x64\Debug-DLL\zsyr2k.obj"
         "x64\Debug-DLL\zsyrk.obj"
         "x64\Debug-DLL\ztbmv.obj"
         "x64\Debug-DLL\ztbsv.obj"
         "x64\Debug-DLL\ztpmv.obj"
         "x64\Debug-DLL\ztpsv.obj"
         "x64\Debug-DLL\ztrmm.obj"
         "x64\Debug-DLL\ztrmv.obj"
         "x64\Debug-DLL\ztrsm.obj"
         "x64\Debug-DLL\ztrsv.obj"
         "x64\Debug-DLL\beta.obj"
         "x64\Debug-DLL\betainv.obj"
         "x64\Debug-DLL\cauchy.obj"
         "x64\Debug-DLL\cauchyinv.obj"
         "x64\Debug-DLL\chisq.obj"
         "x64\Debug-DLL\chisqinv.obj"
         "x64\Debug-DLL\exponential.obj"
         "x64\Debug-DLL\exponentialinv.obj"
         "x64\Debug-DLL\exppow.obj"
         "x64\Debug-DLL\fdist.obj"
         "x64\Debug-DLL\fdistinv.obj"
         "x64\Debug-DLL\flat.obj"
         "x64\Debug-DLL\flatinv.obj"
         "x64\Debug-DLL\gamma.obj"
         "x64\Debug-DLL\gammainv.obj"
         "x64\Debug-DLL\gauss.obj"
         "x64\Debug-DLL\gaussinv.obj"
         "x64\Debug-DLL\gumbel1.obj"
         "x64\Debug-DLL\gumbel1inv.obj"
         "x64\Debug-DLL\gumbel2.obj"
         "x64\Debug-DLL\gumbel2inv.obj"
         "x64\Debug-DLL\hypergeometric.obj"
         "x64\Debug-DLL\laplace.obj"
         "x64\Debug-DLL\laplaceinv.obj"
         "x64\Debug-DLL\logistic.obj"
         "x64\Debug-DLL\logisticinv.obj"
         "x64\Debug-DLL\lognormal.obj"
         "x64\Debug-DLL\lognormalinv.obj"
         "x64\Debug-DLL\pareto.obj"
         "x64\Debug-DLL\paretoinv.obj"
         "x64\Debug-DLL\rayleigh.obj"
         "x64\Debug-DLL\rayleighinv.obj"
         "x64\Debug-DLL\tdist.obj"
         "x64\Debug-DLL\tdistinv.obj"
         "x64\Debug-DLL\weibull.obj"
         "x64\Debug-DLL\weibullinv.obj"
         "x64\Debug-DLL\deriv.obj"
         "x64\Debug-DLL\eval.obj"
         "x64\Debug-DLL\integ.obj"
         "x64\Debug-DLL\combination.obj"
         "x64\Debug-DLL\math.obj"
         "x64\Debug-DLL\dht.obj"
         "x64\Debug-DLL\diff.obj"
         "x64\Debug-DLL\herm.obj"
         "x64\Debug-DLL\hermv.obj"
         "x64\Debug-DLL\jacobi.obj"
         "x64\Debug-DLL\sort.obj"
         "x64\Debug-DLL\symm.obj"
         "x64\Debug-DLL\symmv.obj"
         "x64\Debug-DLL\error.obj"
         "x64\Debug-DLL\message.obj"
         "x64\Debug-DLL\stream.obj"
         "x64\Debug-DLL\strerror.obj"
         "x64\Debug-DLL\dft.obj"
         "x64\Debug-DLL\fft.obj"
         "x64\Debug-DLL\linear.obj"
         "x64\Debug-DLL\add.obj"
         "x64\Debug-DLL\add2d.obj"
         "x64\Debug-DLL\calloc_range.obj"
         "x64\Debug-DLL\calloc_range2d.obj"
         "x64\Debug-DLL\copy.obj"
         "x64\Debug-DLL\copy2d.obj"
         "x64\Debug-DLL\file2d.obj"
         "x64\Debug-DLL\get.obj"
         "x64\Debug-DLL\get2d.obj"
         "x64\Debug-DLL\init2d.obj"
         "x64\Debug-DLL\maxval.obj"
         "x64\Debug-DLL\maxval2d.obj"
         "x64\Debug-DLL\oper.obj"
         "x64\Debug-DLL\oper2d.obj"
         "x64\Debug-DLL\params.obj"
         "x64\Debug-DLL\params2d.obj"
         "x64\Debug-DLL\pdf.obj"
         "x64\Debug-DLL\pdf2d.obj"
         "x64\Debug-DLL\reset.obj"
         "x64\Debug-DLL\reset2d.obj"
         "x64\Debug-DLL\stat.obj"
         "x64\Debug-DLL\stat2d.obj"
         "x64\Debug-DLL\env.obj"
         "x64\Debug-DLL\fp.obj"
         "x64\Debug-DLL\make_rep.obj"
         "x64\Debug-DLL\print.obj"
         "x64\Debug-DLL\read.obj"
         "x64\Debug-DLL\qag.obj"
         "x64\Debug-DLL\qagp.obj"
         "x64\Debug-DLL\qags.obj"
         "x64\Debug-DLL\qawc.obj"
         "x64\Debug-DLL\qawf.obj"
         "x64\Debug-DLL\qawo.obj"
         "x64\Debug-DLL\qaws.obj"
         "x64\Debug-DLL\qcheb.obj"
         "x64\Debug-DLL\qk.obj"
         "x64\Debug-DLL\qk15.obj"
         "x64\Debug-DLL\qk21.obj"
         "x64\Debug-DLL\qk31.obj"
         "x64\Debug-DLL\qk41.obj"
         "x64\Debug-DLL\qk51.obj"
         "x64\Debug-DLL\qk61.obj"
         "x64\Debug-DLL\qmomo.obj"
         "x64\Debug-DLL\qmomof.obj"
         "x64\Debug-DLL\qng.obj"
         "x64\Debug-DLL\workspace.obj"
         "x64\Debug-DLL\accel.obj"
         "x64\Debug-DLL\akima.obj"
         "x64\Debug-DLL\bsearch.obj"
         "x64\Debug-DLL\cspline.obj"
         "x64\Debug-DLL\interp.obj"
         "x64\Debug-DLL\poly.obj"
         "x64\Debug-DLL\spline.obj"
         "x64\Debug-DLL\balance.obj"
         "x64\Debug-DLL\bidiag.obj"
         "x64\Debug-DLL\cholesky.obj"
         "x64\Debug-DLL\hermtd.obj"
         "x64\Debug-DLL\hh.obj"
         "x64\Debug-DLL\householder.obj"
         "x64\Debug-DLL\householdercomplex.obj"
         "x64\Debug-DLL\lq.obj"
         "x64\Debug-DLL\lu.obj"
         "x64\Debug-DLL\luc.obj"
         "x64\Debug-DLL\multiply.obj"
         "x64\Debug-DLL\ptlq.obj"
         "x64\Debug-DLL\qr.obj"
         "x64\Debug-DLL\qrpt.obj"
         "x64\Debug-DLL\svd.obj"
         "x64\Debug-DLL\symmtd.obj"
         "x64\Debug-DLL\tridiag.obj"
         "x64\Debug-DLL\getset.obj"
         "x64\Debug-DLL\matrix.obj"
         "x64\Debug-DLL\prop.obj"
         "x64\Debug-DLL\rowcol.obj"
         "x64\Debug-DLL\submatrix.obj"
         "x64\Debug-DLL\swap.obj"
         "x64\Debug-DLL\view.obj"
         "x64\Debug-DLL\bracketing.obj"
         "x64\Debug-DLL\brent.obj"
         "x64\Debug-DLL\convergence.obj"
         "x64\Debug-DLL\fsolver.obj"
         "x64\Debug-DLL\golden.obj"
         "x64\Debug-DLL\miser.obj"
         "x64\Debug-DLL\plain.obj"
         "x64\Debug-DLL\vegas.obj"
         "x64\Debug-DLL\covar.obj"
         "x64\Debug-DLL\fdfsolver.obj"
         "x64\Debug-DLL\gradient.obj"
         "x64\Debug-DLL\lmder.obj"
         "x64\Debug-DLL\multilinear.obj"
         "x64\Debug-DLL\work.obj"
         "x64\Debug-DLL\conjugate_fr.obj"
         "x64\Debug-DLL\conjugate_pr.obj"
         "x64\Debug-DLL\fdfminimizer.obj"
         "x64\Debug-DLL\fminimizer.obj"
         "x64\Debug-DLL\simplex.obj"
         "x64\Debug-DLL\steepest_descent.obj"
         "x64\Debug-DLL\vector_bfgs.obj"
         "x64\Debug-DLL\broyden.obj"
         "x64\Debug-DLL\dnewton.obj"
         "x64\Debug-DLL\fdjac.obj"
         "x64\Debug-DLL\gnewton.obj"
         "x64\Debug-DLL\hybrid.obj"
         "x64\Debug-DLL\hybridj.obj"
         "x64\Debug-DLL\newton.obj"
         "x64\Debug-DLL\ntuple.obj"
         "x64\Debug-DLL\bsimp.obj"
         "x64\Debug-DLL\control.obj"
         "x64\Debug-DLL\cscal.obj"
         "x64\Debug-DLL\cstd.obj"
         "x64\Debug-DLL\evolve.obj"
         "x64\Debug-DLL\gear1.obj"
         "x64\Debug-DLL\gear2.obj"
         "x64\Debug-DLL\rk2.obj"
         "x64\Debug-DLL\rk2imp.obj"
         "x64\Debug-DLL\rk2simp.obj"
         "x64\Debug-DLL\rk4.obj"
         "x64\Debug-DLL\rk4imp.obj"
         "x64\Debug-DLL\rk8pd.obj"
         "x64\Debug-DLL\rkck.obj"
         "x64\Debug-DLL\rkf45.obj"
         "x64\Debug-DLL\step.obj"
         "x64\Debug-DLL\canonical.obj"
         "x64\Debug-DLL\permutation.obj"
         "x64\Debug-DLL\permute.obj"
         "x64\Debug-DLL\dd.obj"
         "x64\Debug-DLL\solve_cubic.obj"
         "x64\Debug-DLL\solve_quadratic.obj"
         "x64\Debug-DLL\zsolve.obj"
         "x64\Debug-DLL\zsolve_cubic.obj"
         "x64\Debug-DLL\zsolve_init.obj"
         "x64\Debug-DLL\zsolve_quadratic.obj"
         "x64\Debug-DLL\niederreiter-2.obj"
         "x64\Debug-DLL\qrng.obj"
         "x64\Debug-DLL\sobol.obj"
         "x64\Debug-DLL\bernoulli.obj"
         "x64\Debug-DLL\bigauss.obj"
         "x64\Debug-DLL\binomial.obj"
         "x64\Debug-DLL\binomial_tpe.obj"
         "x64\Debug-DLL\dirichlet.obj"
         "x64\Debug-DLL\discrete.obj"
         "x64\Debug-DLL\erlang.obj"
         "x64\Debug-DLL\gausstail.obj"
         "x64\Debug-DLL\gausszig.obj"
         "x64\Debug-DLL\geometric.obj"
         "x64\Debug-DLL\gumbel.obj"
         "x64\Debug-DLL\landau.obj"
         "x64\Debug-DLL\levy.obj"
         "x64\Debug-DLL\logarithmic.obj"
         "x64\Debug-DLL\multinomial.obj"
         "x64\Debug-DLL\nbinomial.obj"
         "x64\Debug-DLL\pascal.obj"
         "x64\Debug-DLL\poisson.obj"
         "x64\Debug-DLL\shuffle.obj"
         "x64\Debug-DLL\sphere.obj"
         "x64\Debug-DLL\borosh13.obj"
         "x64\Debug-DLL\cmrg.obj"
         "x64\Debug-DLL\coveyou.obj"
         "x64\Debug-DLL\default.obj"
         "x64\Debug-DLL\fishman18.obj"
         "x64\Debug-DLL\fishman20.obj"
         "x64\Debug-DLL\fishman2x.obj"
         "x64\Debug-DLL\gfsr4.obj"
         "x64\Debug-DLL\knuthran.obj"
         "x64\Debug-DLL\knuthran2.obj"
         "x64\Debug-DLL\lecuyer21.obj"
         "x64\Debug-DLL\minstd.obj"
         "x64\Debug-DLL\mrg.obj"
         "x64\Debug-DLL\mt.obj"
         "x64\Debug-DLL\r250.obj"
         "x64\Debug-DLL\ran0.obj"
         "x64\Debug-DLL\ran1.obj"
         "x64\Debug-DLL\ran2.obj"
         "x64\Debug-DLL\ran3.obj"
         "x64\Debug-DLL\rand.obj"
         "x64\Debug-DLL\rand48.obj"
         "x64\Debug-DLL\random.obj"
         "x64\Debug-DLL\randu.obj"
         "x64\Debug-DLL\ranf.obj"
         "x64\Debug-DLL\ranlux.obj"
         "x64\Debug-DLL\ranlxd.obj"
         "x64\Debug-DLL\ranlxs.obj"
         "x64\Debug-DLL\ranmar.obj"
         "x64\Debug-DLL\rng.obj"
         "x64\Debug-DLL\slatec.obj"
         "x64\Debug-DLL\taus.obj"
         "x64\Debug-DLL\taus113.obj"
         "x64\Debug-DLL\transputer.obj"
         "x64\Debug-DLL\tt.obj"
         "x64\Debug-DLL\types.obj"
         "x64\Debug-DLL\uni.obj"
         "x64\Debug-DLL\uni32.obj"
         "x64\Debug-DLL\vax.obj"
         "x64\Debug-DLL\waterman14.obj"
         "x64\Debug-DLL\zuf.obj"
         "x64\Debug-DLL\bisection.obj"
         "x64\Debug-DLL\falsepos.obj"
         "x64\Debug-DLL\secant.obj"
         "x64\Debug-DLL\steffenson.obj"
         "x64\Debug-DLL\siman.obj"
         "x64\Debug-DLL\sortind.obj"
         "x64\Debug-DLL\sortvec.obj"
         "x64\Debug-DLL\sortvecind.obj"
         "x64\Debug-DLL\subset.obj"
         "x64\Debug-DLL\subsetind.obj"
         "x64\Debug-DLL\airy.obj"
         "x64\Debug-DLL\airy_der.obj"
         "x64\Debug-DLL\airy_zero.obj"
         "x64\Debug-DLL\atanint.obj"
         "x64\Debug-DLL\bessel.obj"
         "x64\Debug-DLL\bessel_amp_phase.obj"
         "x64\Debug-DLL\bessel_i.obj"
         "x64\Debug-DLL\bessel_I0.obj"
         "x64\Debug-DLL\bessel_I1.obj"
         "x64\Debug-DLL\bessel_In.obj"
         "x64\Debug-DLL\bessel_Inu.obj"
         "x64\Debug-DLL\bessel_j.obj"
         "x64\Debug-DLL\bessel_J0.obj"
         "x64\Debug-DLL\bessel_J1.obj"
         "x64\Debug-DLL\bessel_Jn.obj"
         "x64\Debug-DLL\bessel_Jnu.obj"
         "x64\Debug-DLL\bessel_k.obj"
         "x64\Debug-DLL\bessel_K0.obj"
         "x64\Debug-DLL\bessel_K1.obj"
         "x64\Debug-DLL\bessel_Kn.obj"
         "x64\Debug-DLL\bessel_Knu.obj"
         "x64\Debug-DLL\bessel_olver.obj"
         "x64\Debug-DLL\bessel_sequence.obj"
         "x64\Debug-DLL\bessel_temme.obj"
         "x64\Debug-DLL\bessel_y.obj"
         "x64\Debug-DLL\bessel_Y0.obj"
         "x64\Debug-DLL\bessel_Y1.obj"
         "x64\Debug-DLL\bessel_Yn.obj"
         "x64\Debug-DLL\bessel_Ynu.obj"
         "x64\Debug-DLL\bessel_zero.obj"
         "x64\Debug-DLL\beta_inc.obj"
         "x64\Debug-DLL\clausen.obj"
         "x64\Debug-DLL\coulomb.obj"
         "x64\Debug-DLL\coulomb_bound.obj"
         "x64\Debug-DLL\coupling.obj"
         "x64\Debug-DLL\dawson.obj"
         "x64\Debug-DLL\debye.obj"
         "x64\Debug-DLL\dilog.obj"
         "x64\Debug-DLL\elementary.obj"
         "x64\Debug-DLL\ellint.obj"
         "x64\Debug-DLL\elljac.obj"
         "x64\Debug-DLL\erfc.obj"
         "x64\Debug-DLL\exp.obj"
         "x64\Debug-DLL\expint.obj"
         "x64\Debug-DLL\expint3.obj"
         "x64\Debug-DLL\fermi_dirac.obj"
         "x64\Debug-DLL\gamma_inc.obj"
         "x64\Debug-DLL\gegenbauer.obj"
         "x64\Debug-DLL\hyperg.obj"
         "x64\Debug-DLL\hyperg_0F1.obj"
         "x64\Debug-DLL\hyperg_1F1.obj"
         "x64\Debug-DLL\hyperg_2F0.obj"
         "x64\Debug-DLL\hyperg_2F1.obj"
         "x64\Debug-DLL\hyperg_U.obj"
         "x64\Debug-DLL\laguerre.obj"
         "x64\Debug-DLL\lambert.obj"
         "x64\Debug-DLL\legendre_con.obj"
         "x64\Debug-DLL\legendre_H3d.obj"
         "x64\Debug-DLL\legendre_poly.obj"
         "x64\Debug-DLL\legendre_Qn.obj"
         "x64\Debug-DLL\log.obj"
         "x64\Debug-DLL\poch.obj"
         "x64\Debug-DLL\psi.obj"
         "x64\Debug-DLL\result.obj"
         "x64\Debug-DLL\shint.obj"
         "x64\Debug-DLL\sinint.obj"
         "x64\Debug-DLL\synchrotron.obj"
         "x64\Debug-DLL\transport.obj"
         "x64\Debug-DLL\trig.obj"
         "x64\Debug-DLL\zeta.obj"
         "x64\Debug-DLL\absdev.obj"
         "x64\Debug-DLL\covariance.obj"
         "x64\Debug-DLL\kurtosis.obj"
         "x64\Debug-DLL\lag1.obj"
         "x64\Debug-DLL\mean.obj"
         "x64\Debug-DLL\median.obj"
         "x64\Debug-DLL\p_variance.obj"
         "x64\Debug-DLL\quantiles.obj"
         "x64\Debug-DLL\skew.obj"
         "x64\Debug-DLL\ttest.obj"
         "x64\Debug-DLL\variance.obj"
         "x64\Debug-DLL\wabsdev.obj"
         "x64\Debug-DLL\wkurtosis.obj"
         "x64\Debug-DLL\wmean.obj"
         "x64\Debug-DLL\wskew.obj"
         "x64\Debug-DLL\wvariance.obj"
         "x64\Debug-DLL\levin_u.obj"
         "x64\Debug-DLL\levin_utrunc.obj"
         "x64\Debug-DLL\work_u.obj"
         "x64\Debug-DLL\work_utrunc.obj"
         "x64\Debug-DLL\coerce.obj"
         "x64\Debug-DLL\expm1.obj"
         "x64\Debug-DLL\fcmp.obj"
         "x64\Debug-DLL\fdiv.obj"
         "x64\Debug-DLL\hypot.obj"
         "x64\Debug-DLL\infnan.obj"
         "x64\Debug-DLL\invhyp.obj"
         "x64\Debug-DLL\ldfrexp.obj"
         "x64\Debug-DLL\log1p.obj"
         "x64\Debug-DLL\minmax.obj"
         "x64\Debug-DLL\pow_int.obj"
         "x64\Debug-DLL\prec.obj"
         "x64\Debug-DLL\results.obj"
         "x64\Debug-DLL\placeholder.obj"
         "x64\Debug-DLL\reim.obj"
         "x64\Debug-DLL\subvector.obj"
         "x64\Debug-DLL\vector.obj"
         "x64\Debug-DLL\bspline.obj"
         "x64\Debug-DLL\daubechies.obj"
         "x64\Debug-DLL\dwt.obj"
         "x64\Debug-DLL\haar.obj"
         "x64\Debug-DLL\wavelet.obj"
         "x64\Debug-DLL\binomial1.obj"
         "x64\Debug-DLL\geometric1.obj"
         "x64\Debug-DLL\nbinomial1.obj"
         "x64\Debug-DLL\pascal1.obj"
         "x64\Debug-DLL\poisson1.obj"
         "x64\Debug-DLL\init2.obj"
         "x64\Debug-DLL\file1.obj"
         "x64\Debug-DLL\init1.obj"
         "x64\Debug-DLL\deriv1.obj"
         "x64\Debug-DLL\file2.obj"
         "x64\Debug-DLL\init3.obj"
         "x64\Debug-DLL\linear1.obj"
         "x64\Debug-DLL\exponential2.obj"
         "x64\Debug-DLL\copy1.obj"
         "x64\Debug-DLL\file3.obj"
         "x64\Debug-DLL\init4.obj"
         "x64\Debug-DLL\minmax1.obj"
         "x64\Debug-DLL\oper1.obj"
         "x64\Debug-DLL\convergence1.obj"
         "x64\Debug-DLL\fsolver1.obj"
         "x64\Debug-DLL\convergence2.obj"
         "x64\Debug-DLL\diff1.obj"
         "x64\Debug-DLL\convergence3.obj"
         "x64\Debug-DLL\fdfsolver1.obj"
         "x64\Debug-DLL\fsolver2.obj"
         "x64\Debug-DLL\file5.obj"
         "x64\Debug-DLL\init6.obj"
         "x64\Debug-DLL\eval1.obj"
         "x64\Debug-DLL\beta2.obj"
         "x64\Debug-DLL\cauchy1.obj"
         "x64\Debug-DLL\chisq1.obj"
         "x64\Debug-DLL\exponential1.obj"
         "x64\Debug-DLL\exppow1.obj"
         "x64\Debug-DLL\fdist1.obj"
         "x64\Debug-DLL\flat1.obj"
         "x64\Debug-DLL\gamma2.obj"
         "x64\Debug-DLL\gauss1.obj"
         "x64\Debug-DLL\hyperg1.obj"
         "x64\Debug-DLL\laplace1.obj"
         "x64\Debug-DLL\logistic1.obj"
         "x64\Debug-DLL\lognormal1.obj"
         "x64\Debug-DLL\pareto1.obj"
         "x64\Debug-DLL\rayleigh1.obj"
         "x64\Debug-DLL\tdist1.obj"
         "x64\Debug-DLL\weibull1.obj"
         "x64\Debug-DLL\file6.obj"
         "x64\Debug-DLL\brent1.obj"
         "x64\Debug-DLL\convergence4.obj"
         "x64\Debug-DLL\fdfsolver2.obj"
         "x64\Debug-DLL\fsolver3.obj"
         "x64\Debug-DLL\newton1.obj"
         "x64\Debug-DLL\sort1.obj"
         "x64\Debug-DLL\beta1.obj"
         "x64\Debug-DLL\gamma1.obj"
         "x64\Debug-DLL\pow_int1.obj"
         "x64\Debug-DLL\minmax3.obj"
         "x64\Debug-DLL\copy2.obj"
         "x64\Debug-DLL\file4.obj"
         "x64\Debug-DLL\init5.obj"
         "x64\Debug-DLL\minmax2.obj"
         "x64\Debug-DLL\oper2.obj"
         "x64\Debug-DLL\prop1.obj"
         "x64\Debug-DLL\swap1.obj"
         "x64\Debug-DLL\view1.obj"
     1>x64\Debug-DLL\cscal.obj : warning LNK4042: object specified more than once; extras ignored
     1>x64\Debug-DLL\hypot.obj : warning LNK4042: object specified more than once; extras ignored
            Creating library E:\dev\BasicOCR\lib\libgsl\x64\Debug-DLL\libgsl_dll_d.lib and object E:\dev\BasicOCR\lib\libgsl\x64\Debug-DLL\libgsl_dll_d.exp
         libgsl.vcxproj -> E:\dev\BasicOCR\lib\libgsl\x64\Debug-DLL\libgsl.dll
       FinalizeBuildStatus:
         Deleting file "x64\Debug-DLL\libgsl.unsuccessfulbuild".
         Touching "x64\Debug-DLL\libgsl.lastbuildstate".
     1>Done Building Project "E:\dev\BasicOCR\gsl\src\gsl\1.8\gsl-1.8\VC8\libgsl\libgsl.vcxproj" (Build target(s)).

Build succeeded.

Time Elapsed 00:00:01.11
