E:\DEV\BASICOCR\INTERMEDIATE\LIBBIGTIFF\WIN32\DEBUG\TIF_JPEG.OBJ
E:\DEV\BASICOCR\INTERMEDIATE\LIBBIGTIFF\WIN32\DEBUG\TIF_LUV.OBJ
E:\DEV\BASICOCR\INTERMEDIATE\LIBBIGTIFF\WIN32\DEBUG\TIF_LZW.OBJ
E:\DEV\BASICOCR\INTERMEDIATE\LIBBIGTIFF\WIN32\DEBUG\TIF_NEXT.OBJ
E:\DEV\BASICOCR\INTERMEDIATE\LIBBIGTIFF\WIN32\DEBUG\TIF_OJPEG.OBJ
E:\DEV\BASICOCR\INTERMEDIATE\LIBBIGTIFF\WIN32\DEBUG\TIF_OPEN.OBJ
E:\DEV\BASICOCR\INTERMEDIATE\LIBBIGTIFF\WIN32\DEBUG\TIF_PACKBITS.OBJ
E:\DEV\BASICOCR\INTERMEDIATE\LIBBIGTIFF\WIN32\DEBUG\TIF_PIXARLOG.OBJ
E:\DEV\BASICOCR\INTERMEDIATE\LIBBIGTIFF\WIN32\DEBUG\TIF_PREDICT.OBJ
E:\DEV\BASICOCR\INTERMEDIATE\LIBBIGTIFF\WIN32\DEBUG\TIF_PRINT.OBJ
E:\DEV\BASICOCR\INTERMEDIATE\LIBBIGTIFF\WIN32\DEBUG\TIF_READ.OBJ
E:\DEV\BASICOCR\INTERMEDIATE\LIBBIGTIFF\WIN32\DEBUG\TIF_STRIP.OBJ
E:\DEV\BASICOCR\INTERMEDIATE\LIBBIGTIFF\WIN32\DEBUG\TIF_SWAB.OBJ
E:\DEV\BASICOCR\INTERMEDIATE\LIBBIGTIFF\WIN32\DEBUG\TIF_THUNDER.OBJ
E:\DEV\BASICOCR\INTERMEDIATE\LIBBIGTIFF\WIN32\DEBUG\TIF_TILE.OBJ
E:\DEV\BASICOCR\INTERMEDIATE\LIBBIGTIFF\WIN32\DEBUG\TIF_VERSION.OBJ
E:\DEV\BASICOCR\INTERMEDIATE\LIBBIGTIFF\WIN32\DEBUG\TIF_WARNING.OBJ
E:\DEV\BASICOCR\INTERMEDIATE\LIBBIGTIFF\WIN32\DEBUG\TIF_WIN32.OBJ
E:\DEV\BASICOCR\INTERMEDIATE\LIBBIGTIFF\WIN32\DEBUG\TIF_WRITE.OBJ
E:\DEV\BASICOCR\INTERMEDIATE\LIBBIGTIFF\WIN32\DEBUG\TIF_ZIP.OBJ
E:\DEV\BASICOCR\INTERMEDIATE\LIBBIGTIFF\WIN32\DEBUG\WRGIF.OBJ
E:\DEV\BASICOCR\INTERMEDIATE\LIBBIGTIFF\WIN32\DEBUG\WRPPM.OBJ
E:\DEV\BASICOCR\INTERMEDIATE\LIBBIGTIFF\WIN32\DEBUG\WRRLE.OBJ
E:\DEV\BASICOCR\INTERMEDIATE\LIBBIGTIFF\WIN32\DEBUG\WRTARGA.OBJ
E:\DEV\BASICOCR\INTERMEDIATE\LIBBIGTIFF\WIN32\DEBUG\TIF_AUX.OBJ
E:\DEV\BASICOCR\INTERMEDIATE\LIBBIGTIFF\WIN32\DEBUG\TIF_CLOSE.OBJ
E:\DEV\BASICOCR\INTERMEDIATE\LIBBIGTIFF\WIN32\DEBUG\TIF_CODEC.OBJ
E:\DEV\BASICOCR\INTERMEDIATE\LIBBIGTIFF\WIN32\DEBUG\TIF_COLOR.OBJ
E:\DEV\BASICOCR\INTERMEDIATE\LIBBIGTIFF\WIN32\DEBUG\TIF_COMPRESS.OBJ
E:\DEV\BASICOCR\INTERMEDIATE\LIBBIGTIFF\WIN32\DEBUG\TIF_DIR.OBJ
E:\DEV\BASICOCR\INTERMEDIATE\LIBBIGTIFF\WIN32\DEBUG\TIF_DIRINFO.OBJ
E:\DEV\BASICOCR\INTERMEDIATE\LIBBIGTIFF\WIN32\DEBUG\TIF_DIRREAD.OBJ
E:\DEV\BASICOCR\INTERMEDIATE\LIBBIGTIFF\WIN32\DEBUG\TIF_DIRWRITE.OBJ
E:\DEV\BASICOCR\INTERMEDIATE\LIBBIGTIFF\WIN32\DEBUG\TIF_DUMPMODE.OBJ
E:\DEV\BASICOCR\INTERMEDIATE\LIBBIGTIFF\WIN32\DEBUG\TIF_ERROR.OBJ
E:\DEV\BASICOCR\INTERMEDIATE\LIBBIGTIFF\WIN32\DEBUG\TIF_EXTENSION.OBJ
E:\DEV\BASICOCR\INTERMEDIATE\LIBBIGTIFF\WIN32\DEBUG\TIF_FAX3.OBJ
E:\DEV\BASICOCR\INTERMEDIATE\LIBBIGTIFF\WIN32\DEBUG\TIF_FAX3SM.OBJ
E:\DEV\BASICOCR\INTERMEDIATE\LIBBIGTIFF\WIN32\DEBUG\TIF_FLUSH.OBJ
E:\DEV\BASICOCR\INTERMEDIATE\LIBBIGTIFF\WIN32\DEBUG\TIF_GETIMAGE.OBJ
E:\DEV\BASICOCR\INTERMEDIATE\LIBBIGTIFF\WIN32\DEBUG\JFDCTFST.OBJ
E:\DEV\BASICOCR\INTERMEDIATE\LIBBIGTIFF\WIN32\DEBUG\JFDCTINT.OBJ
E:\DEV\BASICOCR\INTERMEDIATE\LIBBIGTIFF\WIN32\DEBUG\JIDCTFLT.OBJ
E:\DEV\BASICOCR\INTERMEDIATE\LIBBIGTIFF\WIN32\DEBUG\JIDCTFST.OBJ
E:\DEV\BASICOCR\INTERMEDIATE\LIBBIGTIFF\WIN32\DEBUG\JIDCTINT.OBJ
E:\DEV\BASICOCR\INTERMEDIATE\LIBBIGTIFF\WIN32\DEBUG\JIDCTRED.OBJ
E:\DEV\BASICOCR\INTERMEDIATE\LIBBIGTIFF\WIN32\DEBUG\JMEMMGR.OBJ
E:\DEV\BASICOCR\INTERMEDIATE\LIBBIGTIFF\WIN32\DEBUG\JMEMNOBS.OBJ
E:\DEV\BASICOCR\INTERMEDIATE\LIBBIGTIFF\WIN32\DEBUG\JQUANT1.OBJ
E:\DEV\BASICOCR\INTERMEDIATE\LIBBIGTIFF\WIN32\DEBUG\JQUANT2.OBJ
E:\DEV\BASICOCR\INTERMEDIATE\LIBBIGTIFF\WIN32\DEBUG\JUTILS.OBJ
E:\DEV\BASICOCR\INTERMEDIATE\LIBBIGTIFF\WIN32\DEBUG\RDBMP.OBJ
E:\DEV\BASICOCR\INTERMEDIATE\LIBBIGTIFF\WIN32\DEBUG\RDCOLMAP.OBJ
E:\DEV\BASICOCR\INTERMEDIATE\LIBBIGTIFF\WIN32\DEBUG\RDGIF.OBJ
E:\DEV\BASICOCR\INTERMEDIATE\LIBBIGTIFF\WIN32\DEBUG\RDPPM.OBJ
E:\DEV\BASICOCR\INTERMEDIATE\LIBBIGTIFF\WIN32\DEBUG\RDRLE.OBJ
E:\DEV\BASICOCR\INTERMEDIATE\LIBBIGTIFF\WIN32\DEBUG\RDSWITCH.OBJ
E:\DEV\BASICOCR\INTERMEDIATE\LIBBIGTIFF\WIN32\DEBUG\RDTARGA.OBJ
E:\DEV\BASICOCR\INTERMEDIATE\LIBBIGTIFF\WIN32\DEBUG\TRANSUPP.OBJ
E:\DEV\BASICOCR\INTERMEDIATE\LIBBIGTIFF\WIN32\DEBUG\WRBMP.OBJ
E:\DEV\BASICOCR\INTERMEDIATE\LIBBIGTIFF\WIN32\DEBUG\JCTRANS.OBJ
E:\DEV\BASICOCR\INTERMEDIATE\LIBBIGTIFF\WIN32\DEBUG\JDAPIMIN.OBJ
E:\DEV\BASICOCR\INTERMEDIATE\LIBBIGTIFF\WIN32\DEBUG\JDAPISTD.OBJ
E:\DEV\BASICOCR\INTERMEDIATE\LIBBIGTIFF\WIN32\DEBUG\JDATADST.OBJ
E:\DEV\BASICOCR\INTERMEDIATE\LIBBIGTIFF\WIN32\DEBUG\JDATASRC.OBJ
E:\DEV\BASICOCR\INTERMEDIATE\LIBBIGTIFF\WIN32\DEBUG\JDCOEFCT.OBJ
E:\DEV\BASICOCR\INTERMEDIATE\LIBBIGTIFF\WIN32\DEBUG\JDCOLOR.OBJ
E:\DEV\BASICOCR\INTERMEDIATE\LIBBIGTIFF\WIN32\DEBUG\JDDCTMGR.OBJ
E:\DEV\BASICOCR\INTERMEDIATE\LIBBIGTIFF\WIN32\DEBUG\JDHUFF.OBJ
E:\DEV\BASICOCR\INTERMEDIATE\LIBBIGTIFF\WIN32\DEBUG\JDINPUT.OBJ
E:\DEV\BASICOCR\INTERMEDIATE\LIBBIGTIFF\WIN32\DEBUG\JDMAINCT.OBJ
E:\DEV\BASICOCR\INTERMEDIATE\LIBBIGTIFF\WIN32\DEBUG\JDMARKER.OBJ
E:\DEV\BASICOCR\INTERMEDIATE\LIBBIGTIFF\WIN32\DEBUG\JDMASTER.OBJ
E:\DEV\BASICOCR\INTERMEDIATE\LIBBIGTIFF\WIN32\DEBUG\JDMERGE.OBJ
E:\DEV\BASICOCR\INTERMEDIATE\LIBBIGTIFF\WIN32\DEBUG\JDPHUFF.OBJ
E:\DEV\BASICOCR\INTERMEDIATE\LIBBIGTIFF\WIN32\DEBUG\JDPOSTCT.OBJ
E:\DEV\BASICOCR\INTERMEDIATE\LIBBIGTIFF\WIN32\DEBUG\JDSAMPLE.OBJ
E:\DEV\BASICOCR\INTERMEDIATE\LIBBIGTIFF\WIN32\DEBUG\JDTRANS.OBJ
E:\DEV\BASICOCR\INTERMEDIATE\LIBBIGTIFF\WIN32\DEBUG\JERROR.OBJ
E:\DEV\BASICOCR\INTERMEDIATE\LIBBIGTIFF\WIN32\DEBUG\JFDCTFLT.OBJ
E:\DEV\BASICOCR\INTERMEDIATE\LIBBIGTIFF\WIN32\DEBUG\CDJPEG.OBJ
E:\DEV\BASICOCR\INTERMEDIATE\LIBBIGTIFF\WIN32\DEBUG\CKCONFIG.OBJ
E:\DEV\BASICOCR\INTERMEDIATE\LIBBIGTIFF\WIN32\DEBUG\JCAPIMIN.OBJ
E:\DEV\BASICOCR\INTERMEDIATE\LIBBIGTIFF\WIN32\DEBUG\JCAPISTD.OBJ
E:\DEV\BASICOCR\INTERMEDIATE\LIBBIGTIFF\WIN32\DEBUG\JCCOEFCT.OBJ
E:\DEV\BASICOCR\INTERMEDIATE\LIBBIGTIFF\WIN32\DEBUG\JCCOLOR.OBJ
E:\DEV\BASICOCR\INTERMEDIATE\LIBBIGTIFF\WIN32\DEBUG\JCDCTMGR.OBJ
E:\DEV\BASICOCR\INTERMEDIATE\LIBBIGTIFF\WIN32\DEBUG\JCHUFF.OBJ
E:\DEV\BASICOCR\INTERMEDIATE\LIBBIGTIFF\WIN32\DEBUG\JCINIT.OBJ
E:\DEV\BASICOCR\INTERMEDIATE\LIBBIGTIFF\WIN32\DEBUG\JCMAINCT.OBJ
E:\DEV\BASICOCR\INTERMEDIATE\LIBBIGTIFF\WIN32\DEBUG\JCMARKER.OBJ
E:\DEV\BASICOCR\INTERMEDIATE\LIBBIGTIFF\WIN32\DEBUG\JCMASTER.OBJ
E:\DEV\BASICOCR\INTERMEDIATE\LIBBIGTIFF\WIN32\DEBUG\JCOMAPI.OBJ
E:\DEV\BASICOCR\INTERMEDIATE\LIBBIGTIFF\WIN32\DEBUG\JCPARAM.OBJ
E:\DEV\BASICOCR\INTERMEDIATE\LIBBIGTIFF\WIN32\DEBUG\JCPHUFF.OBJ
E:\DEV\BASICOCR\INTERMEDIATE\LIBBIGTIFF\WIN32\DEBUG\JCPREPCT.OBJ
E:\DEV\BASICOCR\INTERMEDIATE\LIBBIGTIFF\WIN32\DEBUG\JCSAMPLE.OBJ
E:\DEV\BASICOCR\INTERMEDIATE\LIBBIGTIFF\WIN32\DEBUG\VC110.PDB
E:\DEV\BASICOCR\INTERMEDIATE\LIBBIGTIFF\WIN32\DEBUG\TIF_STREAM.OBJ
E:\DEV\BASICOCR\LIB\LIBBIGTIFF\WIN32\DEBUG\LIBBIGTIFF.LIB
E:\dev\BasicOCR\intermediate\libbigtiff\Win32\Debug\cdjpeg.obj
E:\dev\BasicOCR\intermediate\libbigtiff\Win32\Debug\ckconfig.obj
E:\dev\BasicOCR\intermediate\libbigtiff\Win32\Debug\jcapimin.obj
E:\dev\BasicOCR\intermediate\libbigtiff\Win32\Debug\jcapistd.obj
E:\dev\BasicOCR\intermediate\libbigtiff\Win32\Debug\jccoefct.obj
E:\dev\BasicOCR\intermediate\libbigtiff\Win32\Debug\jccolor.obj
E:\dev\BasicOCR\intermediate\libbigtiff\Win32\Debug\jcdctmgr.obj
E:\dev\BasicOCR\intermediate\libbigtiff\Win32\Debug\jchuff.obj
E:\dev\BasicOCR\intermediate\libbigtiff\Win32\Debug\jcinit.obj
E:\dev\BasicOCR\intermediate\libbigtiff\Win32\Debug\jcmainct.obj
E:\dev\BasicOCR\intermediate\libbigtiff\Win32\Debug\jcmarker.obj
E:\dev\BasicOCR\intermediate\libbigtiff\Win32\Debug\jcmaster.obj
E:\dev\BasicOCR\intermediate\libbigtiff\Win32\Debug\jcomapi.obj
E:\dev\BasicOCR\intermediate\libbigtiff\Win32\Debug\jcparam.obj
E:\dev\BasicOCR\intermediate\libbigtiff\Win32\Debug\jcphuff.obj
E:\dev\BasicOCR\intermediate\libbigtiff\Win32\Debug\jcprepct.obj
E:\dev\BasicOCR\intermediate\libbigtiff\Win32\Debug\jcsample.obj
E:\dev\BasicOCR\intermediate\libbigtiff\Win32\Debug\jctrans.obj
E:\dev\BasicOCR\intermediate\libbigtiff\Win32\Debug\jdapimin.obj
E:\dev\BasicOCR\intermediate\libbigtiff\Win32\Debug\jdapistd.obj
E:\dev\BasicOCR\intermediate\libbigtiff\Win32\Debug\jdatadst.obj
E:\dev\BasicOCR\intermediate\libbigtiff\Win32\Debug\jdatasrc.obj
E:\dev\BasicOCR\intermediate\libbigtiff\Win32\Debug\jdcoefct.obj
E:\dev\BasicOCR\intermediate\libbigtiff\Win32\Debug\jdcolor.obj
E:\dev\BasicOCR\intermediate\libbigtiff\Win32\Debug\jddctmgr.obj
E:\dev\BasicOCR\intermediate\libbigtiff\Win32\Debug\jdhuff.obj
E:\dev\BasicOCR\intermediate\libbigtiff\Win32\Debug\jdinput.obj
E:\dev\BasicOCR\intermediate\libbigtiff\Win32\Debug\jdmainct.obj
E:\dev\BasicOCR\intermediate\libbigtiff\Win32\Debug\jdmarker.obj
E:\dev\BasicOCR\intermediate\libbigtiff\Win32\Debug\jdmaster.obj
E:\dev\BasicOCR\intermediate\libbigtiff\Win32\Debug\jdmerge.obj
E:\dev\BasicOCR\intermediate\libbigtiff\Win32\Debug\jdphuff.obj
E:\dev\BasicOCR\intermediate\libbigtiff\Win32\Debug\jdpostct.obj
E:\dev\BasicOCR\intermediate\libbigtiff\Win32\Debug\jdsample.obj
E:\dev\BasicOCR\intermediate\libbigtiff\Win32\Debug\jdtrans.obj
E:\dev\BasicOCR\intermediate\libbigtiff\Win32\Debug\jerror.obj
E:\dev\BasicOCR\intermediate\libbigtiff\Win32\Debug\jfdctflt.obj
E:\dev\BasicOCR\intermediate\libbigtiff\Win32\Debug\jfdctfst.obj
E:\dev\BasicOCR\intermediate\libbigtiff\Win32\Debug\jfdctint.obj
E:\dev\BasicOCR\intermediate\libbigtiff\Win32\Debug\jidctflt.obj
E:\dev\BasicOCR\intermediate\libbigtiff\Win32\Debug\jidctfst.obj
E:\dev\BasicOCR\intermediate\libbigtiff\Win32\Debug\jidctint.obj
E:\dev\BasicOCR\intermediate\libbigtiff\Win32\Debug\jidctred.obj
E:\dev\BasicOCR\intermediate\libbigtiff\Win32\Debug\jmemmgr.obj
E:\dev\BasicOCR\intermediate\libbigtiff\Win32\Debug\jmemnobs.obj
E:\dev\BasicOCR\intermediate\libbigtiff\Win32\Debug\jquant1.obj
E:\dev\BasicOCR\intermediate\libbigtiff\Win32\Debug\jquant2.obj
E:\dev\BasicOCR\intermediate\libbigtiff\Win32\Debug\jutils.obj
E:\dev\BasicOCR\intermediate\libbigtiff\Win32\Debug\rdbmp.obj
E:\dev\BasicOCR\intermediate\libbigtiff\Win32\Debug\rdcolmap.obj
E:\dev\BasicOCR\intermediate\libbigtiff\Win32\Debug\rdgif.obj
E:\dev\BasicOCR\intermediate\libbigtiff\Win32\Debug\rdppm.obj
E:\dev\BasicOCR\intermediate\libbigtiff\Win32\Debug\rdrle.obj
E:\dev\BasicOCR\intermediate\libbigtiff\Win32\Debug\rdswitch.obj
E:\dev\BasicOCR\intermediate\libbigtiff\Win32\Debug\rdtarga.obj
E:\dev\BasicOCR\intermediate\libbigtiff\Win32\Debug\tif_aux.obj
E:\dev\BasicOCR\intermediate\libbigtiff\Win32\Debug\tif_close.obj
E:\dev\BasicOCR\intermediate\libbigtiff\Win32\Debug\tif_codec.obj
E:\dev\BasicOCR\intermediate\libbigtiff\Win32\Debug\tif_color.obj
E:\dev\BasicOCR\intermediate\libbigtiff\Win32\Debug\tif_compress.obj
E:\dev\BasicOCR\intermediate\libbigtiff\Win32\Debug\tif_dir.obj
E:\dev\BasicOCR\intermediate\libbigtiff\Win32\Debug\tif_dirinfo.obj
E:\dev\BasicOCR\intermediate\libbigtiff\Win32\Debug\tif_dirread.obj
E:\dev\BasicOCR\intermediate\libbigtiff\Win32\Debug\tif_dirwrite.obj
E:\dev\BasicOCR\intermediate\libbigtiff\Win32\Debug\tif_dumpmode.obj
E:\dev\BasicOCR\intermediate\libbigtiff\Win32\Debug\tif_error.obj
E:\dev\BasicOCR\intermediate\libbigtiff\Win32\Debug\tif_extension.obj
E:\dev\BasicOCR\intermediate\libbigtiff\Win32\Debug\tif_fax3.obj
E:\dev\BasicOCR\intermediate\libbigtiff\Win32\Debug\tif_fax3sm.obj
E:\dev\BasicOCR\intermediate\libbigtiff\Win32\Debug\tif_flush.obj
E:\dev\BasicOCR\intermediate\libbigtiff\Win32\Debug\tif_getimage.obj
E:\dev\BasicOCR\intermediate\libbigtiff\Win32\Debug\tif_jpeg.obj
E:\dev\BasicOCR\intermediate\libbigtiff\Win32\Debug\tif_luv.obj
E:\dev\BasicOCR\intermediate\libbigtiff\Win32\Debug\tif_lzw.obj
E:\dev\BasicOCR\intermediate\libbigtiff\Win32\Debug\tif_next.obj
E:\dev\BasicOCR\intermediate\libbigtiff\Win32\Debug\tif_ojpeg.obj
E:\dev\BasicOCR\intermediate\libbigtiff\Win32\Debug\tif_open.obj
E:\dev\BasicOCR\intermediate\libbigtiff\Win32\Debug\tif_packbits.obj
E:\dev\BasicOCR\intermediate\libbigtiff\Win32\Debug\tif_pixarlog.obj
E:\dev\BasicOCR\intermediate\libbigtiff\Win32\Debug\tif_predict.obj
E:\dev\BasicOCR\intermediate\libbigtiff\Win32\Debug\tif_print.obj
E:\dev\BasicOCR\intermediate\libbigtiff\Win32\Debug\tif_read.obj
E:\dev\BasicOCR\intermediate\libbigtiff\Win32\Debug\tif_stream.obj
E:\dev\BasicOCR\intermediate\libbigtiff\Win32\Debug\tif_strip.obj
E:\dev\BasicOCR\intermediate\libbigtiff\Win32\Debug\tif_swab.obj
E:\dev\BasicOCR\intermediate\libbigtiff\Win32\Debug\tif_thunder.obj
E:\dev\BasicOCR\intermediate\libbigtiff\Win32\Debug\tif_tile.obj
E:\dev\BasicOCR\intermediate\libbigtiff\Win32\Debug\tif_version.obj
E:\dev\BasicOCR\intermediate\libbigtiff\Win32\Debug\tif_warning.obj
E:\dev\BasicOCR\intermediate\libbigtiff\Win32\Debug\tif_win32.obj
E:\dev\BasicOCR\intermediate\libbigtiff\Win32\Debug\tif_write.obj
E:\dev\BasicOCR\intermediate\libbigtiff\Win32\Debug\tif_zip.obj
E:\dev\BasicOCR\intermediate\libbigtiff\Win32\Debug\transupp.obj
E:\dev\BasicOCR\intermediate\libbigtiff\Win32\Debug\wrbmp.obj
E:\dev\BasicOCR\intermediate\libbigtiff\Win32\Debug\wrgif.obj
E:\dev\BasicOCR\intermediate\libbigtiff\Win32\Debug\wrppm.obj
E:\dev\BasicOCR\intermediate\libbigtiff\Win32\Debug\wrrle.obj
E:\dev\BasicOCR\intermediate\libbigtiff\Win32\Debug\wrtarga.obj
E:\dev\BasicOCR\intermediate\libbigtiff\Win32\Debug\cl.command.1.tlog
E:\dev\BasicOCR\intermediate\libbigtiff\Win32\Debug\CL.read.1.tlog
E:\dev\BasicOCR\intermediate\libbigtiff\Win32\Debug\CL.write.1.tlog
E:\dev\BasicOCR\intermediate\libbigtiff\Win32\Debug\Lib-link.read.1.tlog
E:\dev\BasicOCR\intermediate\libbigtiff\Win32\Debug\Lib-link.write.1.tlog
E:\dev\BasicOCR\intermediate\libbigtiff\Win32\Debug\lib.command.1.tlog
E:\dev\BasicOCR\intermediate\libbigtiff\Win32\Debug\vc110.idb
E:\dev\BasicOCR\intermediate\libbigtiff\Win32\Debug\vc110.pdb
E:\dev\BasicOCR\lib\libbigtiff\Win32\Debug\libbigtiff.lib
