E:\DEV\OCROPUS\UNIXEM\BUILD\VC71\DEBUG\VC110.PDB
E:\DEV\BASICOCR\UNIXEM\BUILD\VC71\DEBUG\UNISTD.OBJ
E:\DEV\BASICOCR\UNIXEM\BUILD\VC71\DEBUG\TIME.OBJ
E:\DEV\BASICOCR\UNIXEM\BUILD\VC71\DEBUG\GLOB.OBJ
E:\DEV\BASICOCR\UNIXEM\BUILD\VC71\DEBUG\DIRENT.OBJ
E:\DEV\BASICOCR\UNIXEM\BUILD\VC71\DEBUG\VC110.PDB
E:\DEV\OCROPUS\UNIXEM\LIB\UNIXEM_VC71.DEBUG.LIB
E:\DEV\BASICOCR\UNIXEM\LIB\UNIXEM_VC71.DEBUG.LIB
E:\dev\BasicOCR\unixem\build\vc71\Debug\dirent.obj
E:\dev\BasicOCR\unixem\build\vc71\Debug\glob.obj
E:\dev\BasicOCR\unixem\build\vc71\Debug\time.obj
E:\dev\BasicOCR\unixem\build\vc71\Debug\unistd.obj
E:\dev\BasicOCR\unixem\build\vc71\Debug\cl.command.1.tlog
E:\dev\BasicOCR\unixem\build\vc71\Debug\CL.read.1.tlog
E:\dev\BasicOCR\unixem\build\vc71\Debug\CL.write.1.tlog
E:\dev\BasicOCR\unixem\build\vc71\Debug\Lib-link.read.1.tlog
E:\dev\BasicOCR\unixem\build\vc71\Debug\Lib-link.write.1.tlog
E:\dev\BasicOCR\unixem\build\vc71\Debug\lib.command.1.tlog
E:\dev\BasicOCR\unixem\build\vc71\Debug\vc110.idb
E:\dev\BasicOCR\unixem\build\vc71\Debug\vc90.idb
E:\dev\BasicOCR\unixem\build\vc71\Debug\vc110.pdb
E:\dev\BasicOCR\unixem\build\vc71\Debug\vc90.pdb
