E:\DEV\BASICOCR\INTERMEDIATE\WIN32\DEBUG\OCROPUS\OCR-DETECT-PARAGRAPHS.OBJ
E:\DEV\BASICOCR\INTERMEDIATE\WIN32\DEBUG\OCROPUS\OCR-DETECT-PARAGRAPHS.COD
E:\DEV\BASICOCR\INTERMEDIATE\WIN32\DEBUG\OCROPUS\OCR-DETECT-COLUMNS.OBJ
E:\DEV\BASICOCR\INTERMEDIATE\WIN32\DEBUG\OCROPUS\OCR-DETECT-COLUMNS.COD
E:\DEV\BASICOCR\INTERMEDIATE\WIN32\DEBUG\OCROPUS\OCR-DESKEW-RAST.OBJ
E:\DEV\BASICOCR\INTERMEDIATE\WIN32\DEBUG\OCROPUS\OCR-DESKEW-RAST.COD
E:\DEV\BASICOCR\INTERMEDIATE\WIN32\DEBUG\OCROPUS\OCR-CTEXTLINE-RAST.OBJ
E:\DEV\BASICOCR\INTERMEDIATE\WIN32\DEBUG\OCROPUS\OCR-CTEXTLINE-RAST.COD
E:\DEV\BASICOCR\INTERMEDIATE\WIN32\DEBUG\OCROPUS\OCR-CTEXTLINE-RAST-EXTENDED.OBJ
E:\DEV\BASICOCR\INTERMEDIATE\WIN32\DEBUG\OCROPUS\OCR-CTEXTLINE-RAST-EXTENDED.COD
E:\DEV\BASICOCR\INTERMEDIATE\WIN32\DEBUG\OCROPUS\OCR-COLOR-ENCODE-LAYOUT.OBJ
E:\DEV\BASICOCR\INTERMEDIATE\WIN32\DEBUG\OCROPUS\OCR-COLOR-ENCODE-LAYOUT.COD
E:\DEV\BASICOCR\INTERMEDIATE\WIN32\DEBUG\OCROPUS\OCR-CLASSIFY-ZONES.OBJ
E:\DEV\BASICOCR\INTERMEDIATE\WIN32\DEBUG\OCROPUS\OCR-CLASSIFY-ZONES.COD
E:\DEV\BASICOCR\INTERMEDIATE\WIN32\DEBUG\OCROPUS\OCR-CHAR-STATS.OBJ
E:\DEV\BASICOCR\INTERMEDIATE\WIN32\DEBUG\OCROPUS\OCR-CHAR-STATS.COD
E:\DEV\BASICOCR\INTERMEDIATE\WIN32\DEBUG\OCROPUS\LOG-REG-DATA.OBJ
E:\DEV\BASICOCR\INTERMEDIATE\WIN32\DEBUG\OCROPUS\LOG-REG-DATA.COD
E:\DEV\BASICOCR\INTERMEDIATE\WIN32\DEBUG\OCROPUS\LINE-INFO.OBJ
E:\DEV\BASICOCR\INTERMEDIATE\WIN32\DEBUG\OCROPUS\LINE-INFO.COD
E:\DEV\BASICOCR\INTERMEDIATE\WIN32\DEBUG\OCROPUS\OCR-COMMANDS.OBJ
E:\DEV\BASICOCR\INTERMEDIATE\WIN32\DEBUG\OCROPUS\OCR-COMMANDS.COD
E:\DEV\BASICOCR\INTERMEDIATE\WIN32\DEBUG\OCROPUS\OCR-BINARIZE-SAUVOLA.OBJ
E:\DEV\BASICOCR\INTERMEDIATE\WIN32\DEBUG\OCROPUS\OCR-BINARIZE-SAUVOLA.COD
E:\DEV\BASICOCR\INTERMEDIATE\WIN32\DEBUG\OCROPUS\OCR-BINARIZE-RANGE.OBJ
E:\DEV\BASICOCR\INTERMEDIATE\WIN32\DEBUG\OCROPUS\OCR-BINARIZE-RANGE.COD
E:\DEV\BASICOCR\INTERMEDIATE\WIN32\DEBUG\OCROPUS\OCR-BINARIZE-OTSU.OBJ
E:\DEV\BASICOCR\INTERMEDIATE\WIN32\DEBUG\OCROPUS\OCR-BINARIZE-OTSU.COD
E:\DEV\BASICOCR\INTERMEDIATE\WIN32\DEBUG\OCROPUS\MAIN-OCR-BINARIZE-SAUVOLA.OBJ
E:\DEV\BASICOCR\INTERMEDIATE\WIN32\DEBUG\OCROPUS\MAIN-OCR-BINARIZE-SAUVOLA.COD
E:\DEV\BASICOCR\INTERMEDIATE\WIN32\DEBUG\OCROPUS\MAIN-OCR-BINARIZE-OTSU.OBJ
E:\DEV\BASICOCR\INTERMEDIATE\WIN32\DEBUG\OCROPUS\MAIN-OCR-BINARIZE-OTSU.COD
E:\DEV\BASICOCR\INTERMEDIATE\WIN32\DEBUG\OCROPUS\SEG-CUTS-MAIN.OBJ
E:\DEV\BASICOCR\INTERMEDIATE\WIN32\DEBUG\OCROPUS\SEG-CUTS-MAIN.COD
E:\DEV\BASICOCR\INTERMEDIATE\WIN32\DEBUG\OCROPUS\OCROPUS-GROUP.OBJ
E:\DEV\BASICOCR\INTERMEDIATE\WIN32\DEBUG\OCROPUS\OCROPUS-GROUP.COD
E:\DEV\BASICOCR\INTERMEDIATE\WIN32\DEBUG\OCROPUS\OCROPUS.OBJ
E:\DEV\BASICOCR\INTERMEDIATE\WIN32\DEBUG\OCROPUS\OCROPUS.COD
E:\DEV\BASICOCR\INTERMEDIATE\WIN32\DEBUG\OCROPUS\OCR-DISTANCE.OBJ
E:\DEV\BASICOCR\INTERMEDIATE\WIN32\DEBUG\OCROPUS\OCR-DISTANCE.COD
E:\DEV\BASICOCR\INTERMEDIATE\WIN32\DEBUG\OCROPUS\OCR-CSEG-PROJECTION.OBJ
E:\DEV\BASICOCR\INTERMEDIATE\WIN32\DEBUG\OCROPUS\OCR-CSEG-PROJECTION.COD
E:\DEV\BASICOCR\INTERMEDIATE\WIN32\DEBUG\OCROPUS\OCR-CSEG-CCS.OBJ
E:\DEV\BASICOCR\INTERMEDIATE\WIN32\DEBUG\OCROPUS\OCR-CSEG-CCS.COD
E:\DEV\BASICOCR\INTERMEDIATE\WIN32\DEBUG\OCROPUS\OCR-TEXT-IMAGE-SEG-LEPTONICA.OBJ
E:\DEV\BASICOCR\INTERMEDIATE\WIN32\DEBUG\OCROPUS\OCR-TEXT-IMAGE-SEG-LEPTONICA.COD
E:\DEV\BASICOCR\INTERMEDIATE\WIN32\DEBUG\OCROPUS\OCR-WORD-SEGMENTATION.OBJ
E:\DEV\BASICOCR\INTERMEDIATE\WIN32\DEBUG\OCROPUS\OCR-WORD-SEGMENTATION.COD
E:\DEV\BASICOCR\INTERMEDIATE\WIN32\DEBUG\OCROPUS\OCR-WHITESPACE-COVER.OBJ
E:\DEV\BASICOCR\INTERMEDIATE\WIN32\DEBUG\OCROPUS\OCR-WHITESPACE-COVER.COD
E:\DEV\BASICOCR\INTERMEDIATE\WIN32\DEBUG\OCROPUS\OCR-VISUALIZE-LAYOUT-RAST.OBJ
E:\DEV\BASICOCR\INTERMEDIATE\WIN32\DEBUG\OCROPUS\OCR-VISUALIZE-LAYOUT-RAST.COD
E:\DEV\BASICOCR\INTERMEDIATE\WIN32\DEBUG\OCROPUS\OCR-TEXT-IMAGE-SEG.OBJ
E:\DEV\BASICOCR\INTERMEDIATE\WIN32\DEBUG\OCROPUS\OCR-TEXT-IMAGE-SEG.COD
E:\DEV\BASICOCR\INTERMEDIATE\WIN32\DEBUG\OCROPUS\OCR-SEGMENTATIONS.OBJ
E:\DEV\BASICOCR\INTERMEDIATE\WIN32\DEBUG\OCROPUS\OCR-SEGMENTATIONS.COD
E:\DEV\BASICOCR\INTERMEDIATE\WIN32\DEBUG\OCROPUS\OCR-READING-ORDER.OBJ
E:\DEV\BASICOCR\INTERMEDIATE\WIN32\DEBUG\OCROPUS\OCR-READING-ORDER.COD
E:\DEV\BASICOCR\INTERMEDIATE\WIN32\DEBUG\OCROPUS\OCR-PAGESEG-XYCUT.OBJ
E:\DEV\BASICOCR\INTERMEDIATE\WIN32\DEBUG\OCROPUS\OCR-PAGESEG-XYCUT.COD
E:\DEV\BASICOCR\INTERMEDIATE\WIN32\DEBUG\OCROPUS\OCR-PAGESEG-WCUTS.OBJ
E:\DEV\BASICOCR\INTERMEDIATE\WIN32\DEBUG\OCROPUS\OCR-PAGESEG-WCUTS.COD
E:\DEV\BASICOCR\INTERMEDIATE\WIN32\DEBUG\OCROPUS\OCR-PAGEFRAME-RAST.OBJ
E:\DEV\BASICOCR\INTERMEDIATE\WIN32\DEBUG\OCROPUS\OCR-PAGEFRAME-RAST.COD
E:\DEV\BASICOCR\INTERMEDIATE\WIN32\DEBUG\OCROPUS\OCR-NOISEFILTER.OBJ
E:\DEV\BASICOCR\INTERMEDIATE\WIN32\DEBUG\OCROPUS\OCR-NOISEFILTER.COD
E:\DEV\BASICOCR\INTERMEDIATE\WIN32\DEBUG\OCROPUS\OCR-LAYOUT-SMEAR.OBJ
E:\DEV\BASICOCR\INTERMEDIATE\WIN32\DEBUG\OCROPUS\OCR-LAYOUT-SMEAR.COD
E:\DEV\BASICOCR\INTERMEDIATE\WIN32\DEBUG\OCROPUS\OCR-LAYOUT-RAST.OBJ
E:\DEV\BASICOCR\INTERMEDIATE\WIN32\DEBUG\OCROPUS\OCR-LAYOUT-RAST.COD
E:\DEV\BASICOCR\INTERMEDIATE\WIN32\DEBUG\OCROPUS\OCR-LAYOUT-1CP.OBJ
E:\DEV\BASICOCR\INTERMEDIATE\WIN32\DEBUG\OCROPUS\OCR-LAYOUT-1CP.COD
E:\DEV\BASICOCR\INTERMEDIATE\WIN32\DEBUG\OCROPUS\OCR-EXTRACT-RULINGS.OBJ
E:\DEV\BASICOCR\INTERMEDIATE\WIN32\DEBUG\OCROPUS\OCR-EXTRACT-RULINGS.COD
E:\DEV\BASICOCR\INTERMEDIATE\WIN32\DEBUG\OCROPUS\OCR-EXTRACT-GUTTERS.OBJ
E:\DEV\BASICOCR\INTERMEDIATE\WIN32\DEBUG\OCROPUS\OCR-EXTRACT-GUTTERS.COD
E:\DEV\BASICOCR\INTERMEDIATE\WIN32\DEBUG\OCROPUS\OCR-DOC-CLEAN.OBJ
E:\DEV\BASICOCR\INTERMEDIATE\WIN32\DEBUG\OCROPUS\OCR-DOC-CLEAN.COD
E:\DEV\BASICOCR\INTERMEDIATE\WIN32\DEBUG\OCROPUS\OCR-DOC-CLEAN-CONCOMP.OBJ
E:\DEV\BASICOCR\INTERMEDIATE\WIN32\DEBUG\OCROPUS\OCR-DOC-CLEAN-CONCOMP.COD
E:\DEV\BASICOCR\INTERMEDIATE\WIN32\DEBUG\OCROPUS\LOGGER.OBJ
E:\DEV\BASICOCR\INTERMEDIATE\WIN32\DEBUG\OCROPUS\LOGGER.COD
E:\DEV\BASICOCR\INTERMEDIATE\WIN32\DEBUG\OCROPUS\LINESEGS.OBJ
E:\DEV\BASICOCR\INTERMEDIATE\WIN32\DEBUG\OCROPUS\LINESEGS.COD
E:\DEV\BASICOCR\INTERMEDIATE\WIN32\DEBUG\OCROPUS\EDITDIST.OBJ
E:\DEV\BASICOCR\INTERMEDIATE\WIN32\DEBUG\OCROPUS\EDITDIST.COD
E:\DEV\BASICOCR\INTERMEDIATE\WIN32\DEBUG\OCROPUS\DIDEGRADE.OBJ
E:\DEV\BASICOCR\INTERMEDIATE\WIN32\DEBUG\OCROPUS\DIDEGRADE.COD
E:\DEV\BASICOCR\INTERMEDIATE\WIN32\DEBUG\OCROPUS\OCROFST-UTIL.OBJ
E:\DEV\BASICOCR\INTERMEDIATE\WIN32\DEBUG\OCROPUS\OCROFST-UTIL.COD
E:\DEV\BASICOCR\INTERMEDIATE\WIN32\DEBUG\OCROPUS\OCROFST-IO.OBJ
E:\DEV\BASICOCR\INTERMEDIATE\WIN32\DEBUG\OCROPUS\OCROFST-IO.COD
E:\DEV\BASICOCR\INTERMEDIATE\WIN32\DEBUG\OCROPUS\OCROFST-IMPL.OBJ
E:\DEV\BASICOCR\INTERMEDIATE\WIN32\DEBUG\OCROPUS\OCROFST-IMPL.COD
E:\DEV\BASICOCR\INTERMEDIATE\WIN32\DEBUG\OCROPUS\OCROFST-HEAP.OBJ
E:\DEV\BASICOCR\INTERMEDIATE\WIN32\DEBUG\OCROPUS\OCROFST-HEAP.COD
E:\DEV\BASICOCR\INTERMEDIATE\WIN32\DEBUG\OCROPUS\LATTICE.OBJ
E:\DEV\BASICOCR\INTERMEDIATE\WIN32\DEBUG\OCROPUS\LATTICE.COD
E:\DEV\BASICOCR\INTERMEDIATE\WIN32\DEBUG\OCROPUS\BEAM-SEARCH.OBJ
E:\DEV\BASICOCR\INTERMEDIATE\WIN32\DEBUG\OCROPUS\BEAM-SEARCH.COD
E:\DEV\BASICOCR\INTERMEDIATE\WIN32\DEBUG\OCROPUS\A-STAR.OBJ
E:\DEV\BASICOCR\INTERMEDIATE\WIN32\DEBUG\OCROPUS\A-STAR.COD
E:\DEV\BASICOCR\INTERMEDIATE\WIN32\DEBUG\OCROPUS\LINEREC.OBJ
E:\DEV\BASICOCR\INTERMEDIATE\WIN32\DEBUG\OCROPUS\LINEREC.COD
E:\DEV\BASICOCR\INTERMEDIATE\WIN32\DEBUG\OCROPUS\GLUTILS.OBJ
E:\DEV\BASICOCR\INTERMEDIATE\WIN32\DEBUG\OCROPUS\GLUTILS.COD
E:\DEV\BASICOCR\INTERMEDIATE\WIN32\DEBUG\OCROPUS\GLFMAPS.OBJ
E:\DEV\BASICOCR\INTERMEDIATE\WIN32\DEBUG\OCROPUS\GLFMAPS.COD
E:\DEV\BASICOCR\INTERMEDIATE\WIN32\DEBUG\OCROPUS\GLCUTS.OBJ
E:\DEV\BASICOCR\INTERMEDIATE\WIN32\DEBUG\OCROPUS\GLCUTS.COD
E:\DEV\BASICOCR\INTERMEDIATE\WIN32\DEBUG\OCROPUS\GLCLASS.OBJ
E:\DEV\BASICOCR\INTERMEDIATE\WIN32\DEBUG\OCROPUS\GLCLASS.COD
E:\DEV\BASICOCR\INTERMEDIATE\WIN32\DEBUG\OCROPUS\SEG-SKEL.OBJ
E:\DEV\BASICOCR\INTERMEDIATE\WIN32\DEBUG\OCROPUS\SEG-SKEL.COD
E:\DEV\BASICOCR\INTERMEDIATE\WIN32\DEBUG\OCROPUS\SEG-EVAL.OBJ
E:\DEV\BASICOCR\INTERMEDIATE\WIN32\DEBUG\OCROPUS\SEG-EVAL.COD
E:\DEV\BASICOCR\INTERMEDIATE\WIN32\DEBUG\OCROPUS\SEG-CUTS.OBJ
E:\DEV\BASICOCR\INTERMEDIATE\WIN32\DEBUG\OCROPUS\SEG-CUTS.COD
E:\DEV\BASICOCR\INTERMEDIATE\WIN32\DEBUG\OCROPUS\SEG-CCS.OBJ
E:\DEV\BASICOCR\INTERMEDIATE\WIN32\DEBUG\OCROPUS\SEG-CCS.COD
E:\DEV\BASICOCR\INTERMEDIATE\WIN32\DEBUG\OCROPUS\WRITE_IMAGE.OBJ
E:\DEV\BASICOCR\INTERMEDIATE\WIN32\DEBUG\OCROPUS\WRITE_IMAGE.COD
E:\DEV\BASICOCR\INTERMEDIATE\WIN32\DEBUG\OCROPUS\UTIL.OBJ
E:\DEV\BASICOCR\INTERMEDIATE\WIN32\DEBUG\OCROPUS\UTIL.COD
E:\DEV\BASICOCR\INTERMEDIATE\WIN32\DEBUG\OCROPUS\READ_IMAGE.OBJ
E:\DEV\BASICOCR\INTERMEDIATE\WIN32\DEBUG\OCROPUS\READ_IMAGE.COD
E:\DEV\BASICOCR\INTERMEDIATE\WIN32\DEBUG\OCROPUS\MAKE_MAP.OBJ
E:\DEV\BASICOCR\INTERMEDIATE\WIN32\DEBUG\OCROPUS\MAKE_MAP.COD
E:\DEV\BASICOCR\INTERMEDIATE\WIN32\DEBUG\OCROPUS\DRAW_RECT.OBJ
E:\DEV\BASICOCR\INTERMEDIATE\WIN32\DEBUG\OCROPUS\DRAW_RECT.COD
E:\DEV\BASICOCR\INTERMEDIATE\WIN32\DEBUG\OCROPUS\DRAW_POINT.OBJ
E:\DEV\BASICOCR\INTERMEDIATE\WIN32\DEBUG\OCROPUS\DRAW_POINT.COD
E:\DEV\BASICOCR\INTERMEDIATE\WIN32\DEBUG\OCROPUS\DRAW_LINE.OBJ
E:\DEV\BASICOCR\INTERMEDIATE\WIN32\DEBUG\OCROPUS\DRAW_LINE.COD
E:\DEV\BASICOCR\INTERMEDIATE\WIN32\DEBUG\OCROPUS\DINFO.OBJ
E:\DEV\BASICOCR\INTERMEDIATE\WIN32\DEBUG\OCROPUS\DINFO.COD
E:\DEV\BASICOCR\INTERMEDIATE\WIN32\DEBUG\OCROPUS\CLINE.OBJ
E:\DEV\BASICOCR\INTERMEDIATE\WIN32\DEBUG\OCROPUS\CLINE.COD
E:\DEV\BASICOCR\INTERMEDIATE\WIN32\DEBUG\OCROPUS\BIT_FUNC.OBJ
E:\DEV\BASICOCR\INTERMEDIATE\WIN32\DEBUG\OCROPUS\BIT_FUNC.COD
E:\DEV\BASICOCR\INTERMEDIATE\WIN32\DEBUG\OCROPUS\XML-ENTITIES.OBJ
E:\DEV\BASICOCR\INTERMEDIATE\WIN32\DEBUG\OCROPUS\XML-ENTITIES.COD
E:\DEV\BASICOCR\INTERMEDIATE\WIN32\DEBUG\OCROPUS\TEST-SEG-CUTS.OBJ
E:\DEV\BASICOCR\INTERMEDIATE\WIN32\DEBUG\OCROPUS\TEST-SEG-CUTS.COD
E:\DEV\BASICOCR\INTERMEDIATE\WIN32\DEBUG\OCROPUS\TEST-OCR-UTILS.OBJ
E:\DEV\BASICOCR\INTERMEDIATE\WIN32\DEBUG\OCROPUS\TEST-OCR-UTILS.COD
E:\DEV\BASICOCR\INTERMEDIATE\WIN32\DEBUG\OCROPUS\TEST-NARRAY-IO.OBJ
E:\DEV\BASICOCR\INTERMEDIATE\WIN32\DEBUG\OCROPUS\TEST-NARRAY-IO.COD
E:\DEV\BASICOCR\INTERMEDIATE\WIN32\DEBUG\OCROPUS\TEST-BINARIZE-SAUVOLA.OBJ
E:\DEV\BASICOCR\INTERMEDIATE\WIN32\DEBUG\OCROPUS\TEST-BINARIZE-SAUVOLA.COD
E:\DEV\BASICOCR\INTERMEDIATE\WIN32\DEBUG\OCROPUS\SYSUTIL.OBJ
E:\DEV\BASICOCR\INTERMEDIATE\WIN32\DEBUG\OCROPUS\SYSUTIL.COD
E:\DEV\BASICOCR\INTERMEDIATE\WIN32\DEBUG\OCROPUS\RESOURCE-PATH.OBJ
E:\DEV\BASICOCR\INTERMEDIATE\WIN32\DEBUG\OCROPUS\RESOURCE-PATH.COD
E:\DEV\BASICOCR\INTERMEDIATE\WIN32\DEBUG\OCROPUS\PAGESEGS.OBJ
E:\DEV\BASICOCR\INTERMEDIATE\WIN32\DEBUG\OCROPUS\PAGESEGS.COD
E:\DEV\BASICOCR\INTERMEDIATE\WIN32\DEBUG\OCROPUS\OCR-UTILS.OBJ
E:\DEV\BASICOCR\INTERMEDIATE\WIN32\DEBUG\OCROPUS\OCR-UTILS.COD
E:\DEV\BASICOCR\INTERMEDIATE\WIN32\DEBUG\OCROPUS\NARRAY-IO.OBJ
E:\DEV\BASICOCR\INTERMEDIATE\WIN32\DEBUG\OCROPUS\NARRAY-IO.COD
E:\DEV\BASICOCR\INTERMEDIATE\WIN32\DEBUG\OCROPUS\VORONOI.OBJ
E:\DEV\BASICOCR\INTERMEDIATE\WIN32\DEBUG\OCROPUS\VORONOI.COD
E:\DEV\BASICOCR\INTERMEDIATE\WIN32\DEBUG\OCROPUS\VORONOI-PAGESEG.OBJ
E:\DEV\BASICOCR\INTERMEDIATE\WIN32\DEBUG\OCROPUS\VORONOI-PAGESEG.COD
E:\DEV\BASICOCR\INTERMEDIATE\WIN32\DEBUG\OCROPUS\VORONOI-OCROPUS.OBJ
E:\DEV\BASICOCR\INTERMEDIATE\WIN32\DEBUG\OCROPUS\VORONOI-OCROPUS.COD
E:\DEV\BASICOCR\INTERMEDIATE\WIN32\DEBUG\OCROPUS\USAGE.OBJ
E:\DEV\BASICOCR\INTERMEDIATE\WIN32\DEBUG\OCROPUS\USAGE.COD
E:\DEV\BASICOCR\INTERMEDIATE\WIN32\DEBUG\OCROPUS\SITES.OBJ
E:\DEV\BASICOCR\INTERMEDIATE\WIN32\DEBUG\OCROPUS\SITES.COD
E:\DEV\BASICOCR\INTERMEDIATE\WIN32\DEBUG\OCROPUS\OUTPUT.OBJ
E:\DEV\BASICOCR\INTERMEDIATE\WIN32\DEBUG\OCROPUS\OUTPUT.COD
E:\DEV\BASICOCR\INTERMEDIATE\WIN32\DEBUG\OCROPUS\MEMORY.OBJ
E:\DEV\BASICOCR\INTERMEDIATE\WIN32\DEBUG\OCROPUS\MEMORY.COD
E:\DEV\BASICOCR\INTERMEDIATE\WIN32\DEBUG\OCROPUS\MAIN-VORONOI-OCROPUS.OBJ
E:\DEV\BASICOCR\INTERMEDIATE\WIN32\DEBUG\OCROPUS\MAIN-VORONOI-OCROPUS.COD
E:\DEV\BASICOCR\INTERMEDIATE\WIN32\DEBUG\OCROPUS\MAIN-BE.OBJ
E:\DEV\BASICOCR\INTERMEDIATE\WIN32\DEBUG\OCROPUS\MAIN-BE.COD
E:\DEV\BASICOCR\INTERMEDIATE\WIN32\DEBUG\OCROPUS\LABEL_FUNC.OBJ
E:\DEV\BASICOCR\INTERMEDIATE\WIN32\DEBUG\OCROPUS\LABEL_FUNC.COD
E:\DEV\BASICOCR\INTERMEDIATE\WIN32\DEBUG\OCROPUS\IMG_TO_SITE.OBJ
E:\DEV\BASICOCR\INTERMEDIATE\WIN32\DEBUG\OCROPUS\IMG_TO_SITE.COD
E:\DEV\BASICOCR\INTERMEDIATE\WIN32\DEBUG\OCROPUS\HEAP.OBJ
E:\DEV\BASICOCR\INTERMEDIATE\WIN32\DEBUG\OCROPUS\HEAP.COD
E:\DEV\BASICOCR\INTERMEDIATE\WIN32\DEBUG\OCROPUS\HASH.OBJ
E:\DEV\BASICOCR\INTERMEDIATE\WIN32\DEBUG\OCROPUS\HASH.COD
E:\DEV\BASICOCR\INTERMEDIATE\WIN32\DEBUG\OCROPUS\GEOMETRY.OBJ
E:\DEV\BASICOCR\INTERMEDIATE\WIN32\DEBUG\OCROPUS\GEOMETRY.COD
E:\DEV\BASICOCR\INTERMEDIATE\WIN32\DEBUG\OCROPUS\ERASE.OBJ
E:\DEV\BASICOCR\INTERMEDIATE\WIN32\DEBUG\OCROPUS\ERASE.COD
E:\DEV\BASICOCR\INTERMEDIATE\WIN32\DEBUG\OCROPUS\EDGELIST.OBJ
E:\DEV\BASICOCR\INTERMEDIATE\WIN32\DEBUG\OCROPUS\EDGELIST.COD
E:\DEV\BASICOCR\LIB\OCROPUS\WIN32\DEBUG\OCROPUS.PDB
E:\DEV\BASICOCR\INTERMEDIATE\WIN32\DEBUG\OCROPUS\INIT-OCROPUS.OBJ
E:\DEV\BASICOCR\INTERMEDIATE\WIN32\DEBUG\OCROPUS\INIT-OCROPUS.COD
E:\DEV\BASICOCR\INTERMEDIATE\WIN32\DEBUG\OCROPUS\COMPONENTS.OBJ
E:\DEV\BASICOCR\INTERMEDIATE\WIN32\DEBUG\OCROPUS\COMPONENTS.COD
E:\DEV\BASICOCR\INTERMEDIATE\WIN32\DEBUG\OCROPUS\TESSERACT.OBJ
E:\DEV\BASICOCR\INTERMEDIATE\WIN32\DEBUG\OCROPUS\TESSERACT.COD
E:\DEV\BASICOCR\LIB\OCROPUS\WIN32\DEBUG\OCROPUS.LIB
E:\dev\BasicOCR\intermediate\Win32\Debug\ocropus\a-star.obj
E:\dev\BasicOCR\intermediate\Win32\Debug\ocropus\beam-search.obj
E:\dev\BasicOCR\intermediate\Win32\Debug\ocropus\bit_func.obj
E:\dev\BasicOCR\intermediate\Win32\Debug\ocropus\cline.obj
E:\dev\BasicOCR\intermediate\Win32\Debug\ocropus\components.obj
E:\dev\BasicOCR\intermediate\Win32\Debug\ocropus\didegrade.obj
E:\dev\BasicOCR\intermediate\Win32\Debug\ocropus\dinfo.obj
E:\dev\BasicOCR\intermediate\Win32\Debug\ocropus\draw_line.obj
E:\dev\BasicOCR\intermediate\Win32\Debug\ocropus\draw_point.obj
E:\dev\BasicOCR\intermediate\Win32\Debug\ocropus\draw_rect.obj
E:\dev\BasicOCR\intermediate\Win32\Debug\ocropus\edgelist.obj
E:\dev\BasicOCR\intermediate\Win32\Debug\ocropus\editdist.obj
E:\dev\BasicOCR\intermediate\Win32\Debug\ocropus\erase.obj
E:\dev\BasicOCR\intermediate\Win32\Debug\ocropus\geometry.obj
E:\dev\BasicOCR\intermediate\Win32\Debug\ocropus\glclass.obj
E:\dev\BasicOCR\intermediate\Win32\Debug\ocropus\glcuts.obj
E:\dev\BasicOCR\intermediate\Win32\Debug\ocropus\glfmaps.obj
E:\dev\BasicOCR\intermediate\Win32\Debug\ocropus\glutils.obj
E:\dev\BasicOCR\intermediate\Win32\Debug\ocropus\hash.obj
E:\dev\BasicOCR\intermediate\Win32\Debug\ocropus\heap.obj
E:\dev\BasicOCR\intermediate\Win32\Debug\ocropus\img_to_site.obj
E:\dev\BasicOCR\intermediate\Win32\Debug\ocropus\init-ocropus.obj
E:\dev\BasicOCR\intermediate\Win32\Debug\ocropus\label_func.obj
E:\dev\BasicOCR\intermediate\Win32\Debug\ocropus\lattice.obj
E:\dev\BasicOCR\intermediate\Win32\Debug\ocropus\line-info.obj
E:\dev\BasicOCR\intermediate\Win32\Debug\ocropus\linerec.obj
E:\dev\BasicOCR\intermediate\Win32\Debug\ocropus\linesegs.obj
E:\dev\BasicOCR\intermediate\Win32\Debug\ocropus\log-reg-data.obj
E:\dev\BasicOCR\intermediate\Win32\Debug\ocropus\logger.obj
E:\dev\BasicOCR\intermediate\Win32\Debug\ocropus\main-be.obj
E:\dev\BasicOCR\intermediate\Win32\Debug\ocropus\main-ocr-binarize-otsu.obj
E:\dev\BasicOCR\intermediate\Win32\Debug\ocropus\main-ocr-binarize-sauvola.obj
E:\dev\BasicOCR\intermediate\Win32\Debug\ocropus\main-voronoi-ocropus.obj
E:\dev\BasicOCR\intermediate\Win32\Debug\ocropus\make_map.obj
E:\dev\BasicOCR\intermediate\Win32\Debug\ocropus\memory.obj
E:\dev\BasicOCR\intermediate\Win32\Debug\ocropus\narray-io.obj
E:\dev\BasicOCR\intermediate\Win32\Debug\ocropus\ocr-binarize-otsu.obj
E:\dev\BasicOCR\intermediate\Win32\Debug\ocropus\ocr-binarize-range.obj
E:\dev\BasicOCR\intermediate\Win32\Debug\ocropus\ocr-binarize-sauvola.obj
E:\dev\BasicOCR\intermediate\Win32\Debug\ocropus\ocr-char-stats.obj
E:\dev\BasicOCR\intermediate\Win32\Debug\ocropus\ocr-classify-zones.obj
E:\dev\BasicOCR\intermediate\Win32\Debug\ocropus\ocr-color-encode-layout.obj
E:\dev\BasicOCR\intermediate\Win32\Debug\ocropus\ocr-commands.obj
E:\dev\BasicOCR\intermediate\Win32\Debug\ocropus\ocr-cseg-ccs.obj
E:\dev\BasicOCR\intermediate\Win32\Debug\ocropus\ocr-cseg-projection.obj
E:\dev\BasicOCR\intermediate\Win32\Debug\ocropus\ocr-ctextline-rast-extended.obj
E:\dev\BasicOCR\intermediate\Win32\Debug\ocropus\ocr-ctextline-rast.obj
E:\dev\BasicOCR\intermediate\Win32\Debug\ocropus\ocr-deskew-rast.obj
E:\dev\BasicOCR\intermediate\Win32\Debug\ocropus\ocr-detect-columns.obj
E:\dev\BasicOCR\intermediate\Win32\Debug\ocropus\ocr-detect-paragraphs.obj
E:\dev\BasicOCR\intermediate\Win32\Debug\ocropus\ocr-distance.obj
E:\dev\BasicOCR\intermediate\Win32\Debug\ocropus\ocr-doc-clean-concomp.obj
E:\dev\BasicOCR\intermediate\Win32\Debug\ocropus\ocr-doc-clean.obj
E:\dev\BasicOCR\intermediate\Win32\Debug\ocropus\ocr-extract-gutters.obj
E:\dev\BasicOCR\intermediate\Win32\Debug\ocropus\ocr-extract-rulings.obj
E:\dev\BasicOCR\intermediate\Win32\Debug\ocropus\ocr-layout-1cp.obj
E:\dev\BasicOCR\intermediate\Win32\Debug\ocropus\ocr-layout-rast.obj
E:\dev\BasicOCR\intermediate\Win32\Debug\ocropus\ocr-layout-smear.obj
E:\dev\BasicOCR\intermediate\Win32\Debug\ocropus\ocr-noisefilter.obj
E:\dev\BasicOCR\intermediate\Win32\Debug\ocropus\ocr-pageframe-rast.obj
E:\dev\BasicOCR\intermediate\Win32\Debug\ocropus\ocr-pageseg-wcuts.obj
E:\dev\BasicOCR\intermediate\Win32\Debug\ocropus\ocr-pageseg-xycut.obj
E:\dev\BasicOCR\intermediate\Win32\Debug\ocropus\ocr-reading-order.obj
E:\dev\BasicOCR\intermediate\Win32\Debug\ocropus\ocr-segmentations.obj
E:\dev\BasicOCR\intermediate\Win32\Debug\ocropus\ocr-text-image-seg-leptonica.obj
E:\dev\BasicOCR\intermediate\Win32\Debug\ocropus\ocr-text-image-seg.obj
E:\dev\BasicOCR\intermediate\Win32\Debug\ocropus\ocr-utils.obj
E:\dev\BasicOCR\intermediate\Win32\Debug\ocropus\ocr-visualize-layout-rast.obj
E:\dev\BasicOCR\intermediate\Win32\Debug\ocropus\ocr-whitespace-cover.obj
E:\dev\BasicOCR\intermediate\Win32\Debug\ocropus\ocr-word-segmentation.obj
E:\dev\BasicOCR\intermediate\Win32\Debug\ocropus\ocrofst-heap.obj
E:\dev\BasicOCR\intermediate\Win32\Debug\ocropus\ocrofst-impl.obj
E:\dev\BasicOCR\intermediate\Win32\Debug\ocropus\ocrofst-io.obj
E:\dev\BasicOCR\intermediate\Win32\Debug\ocropus\ocrofst-util.obj
E:\dev\BasicOCR\intermediate\Win32\Debug\ocropus\ocropus-group.obj
E:\dev\BasicOCR\intermediate\Win32\Debug\ocropus\ocropus.obj
E:\dev\BasicOCR\intermediate\Win32\Debug\ocropus\output.obj
E:\dev\BasicOCR\intermediate\Win32\Debug\ocropus\pagesegs.obj
E:\dev\BasicOCR\intermediate\Win32\Debug\ocropus\read_image.obj
E:\dev\BasicOCR\intermediate\Win32\Debug\ocropus\resource-path.obj
E:\dev\BasicOCR\intermediate\Win32\Debug\ocropus\seg-ccs.obj
E:\dev\BasicOCR\intermediate\Win32\Debug\ocropus\seg-cuts-main.obj
E:\dev\BasicOCR\intermediate\Win32\Debug\ocropus\seg-cuts.obj
E:\dev\BasicOCR\intermediate\Win32\Debug\ocropus\seg-eval.obj
E:\dev\BasicOCR\intermediate\Win32\Debug\ocropus\seg-skel.obj
E:\dev\BasicOCR\intermediate\Win32\Debug\ocropus\sites.obj
E:\dev\BasicOCR\intermediate\Win32\Debug\ocropus\sysutil.obj
E:\dev\BasicOCR\intermediate\Win32\Debug\ocropus\tesseract.obj
E:\dev\BasicOCR\intermediate\Win32\Debug\ocropus\test-binarize-sauvola.obj
E:\dev\BasicOCR\intermediate\Win32\Debug\ocropus\test-narray-io.obj
E:\dev\BasicOCR\intermediate\Win32\Debug\ocropus\test-ocr-utils.obj
E:\dev\BasicOCR\intermediate\Win32\Debug\ocropus\test-seg-cuts.obj
E:\dev\BasicOCR\intermediate\Win32\Debug\ocropus\usage.obj
E:\dev\BasicOCR\intermediate\Win32\Debug\ocropus\util.obj
E:\dev\BasicOCR\intermediate\Win32\Debug\ocropus\voronoi-ocropus.obj
E:\dev\BasicOCR\intermediate\Win32\Debug\ocropus\voronoi-pageseg.obj
E:\dev\BasicOCR\intermediate\Win32\Debug\ocropus\voronoi.obj
E:\dev\BasicOCR\intermediate\Win32\Debug\ocropus\write_image.obj
E:\dev\BasicOCR\intermediate\Win32\Debug\ocropus\xml-entities.obj
E:\dev\BasicOCR\intermediate\Win32\Debug\ocropus\cl.command.1.tlog
E:\dev\BasicOCR\intermediate\Win32\Debug\ocropus\CL.read.1.tlog
E:\dev\BasicOCR\intermediate\Win32\Debug\ocropus\CL.read.2.tlog
E:\dev\BasicOCR\intermediate\Win32\Debug\ocropus\CL.read.3.tlog
E:\dev\BasicOCR\intermediate\Win32\Debug\ocropus\CL.read.4.tlog
E:\dev\BasicOCR\intermediate\Win32\Debug\ocropus\CL.read.5.tlog
E:\dev\BasicOCR\intermediate\Win32\Debug\ocropus\CL.write.1.tlog
E:\dev\BasicOCR\intermediate\Win32\Debug\ocropus\Lib-link.read.1.tlog
E:\dev\BasicOCR\intermediate\Win32\Debug\ocropus\Lib-link.write.1.tlog
E:\dev\BasicOCR\intermediate\Win32\Debug\ocropus\lib.command.1.tlog
E:\dev\BasicOCR\lib\ocropus\Win32\Debug\ocropus.pdb
E:\dev\BasicOCR\lib\ocropus\Win32\Debug\ocropus.lib
