E:\DEV\OCROPUS\ZLIB\CONTRIB\VSTUDIO\VC10\X64\ZLIBDLLDEBUG\TMP\ZUTIL.OBJ
E:\DEV\OCROPUS\ZLIB\CONTRIB\VSTUDIO\VC10\X64\ZLIBDLLDEBUG\TMP\ZIP.OBJ
E:\DEV\OCROPUS\ZLIB\CONTRIB\VSTUDIO\VC10\X64\ZLIBDLLDEBUG\TMP\UNZIP.OBJ
E:\DEV\OCROPUS\ZLIB\CONTRIB\VSTUDIO\VC10\X64\ZLIBDLLDEBUG\TMP\UNCOMPR.OBJ
E:\DEV\OCROPUS\ZLIB\CONTRIB\VSTUDIO\VC10\X64\ZLIBDLLDEBUG\TMP\TREES.OBJ
E:\DEV\OCROPUS\ZLIB\CONTRIB\VSTUDIO\VC10\X64\ZLIBDLLDEBUG\TMP\IOWIN32.OBJ
E:\DEV\OCROPUS\ZLIB\CONTRIB\VSTUDIO\VC10\X64\ZLIBDLLDEBUG\TMP\IOAPI.OBJ
E:\DEV\OCROPUS\ZLIB\CONTRIB\VSTUDIO\VC10\X64\ZLIBDLLDEBUG\TMP\INFTREES.OBJ
E:\DEV\OCROPUS\ZLIB\CONTRIB\VSTUDIO\VC10\X64\ZLIBDLLDEBUG\TMP\INFLATE.OBJ
E:\DEV\OCROPUS\ZLIB\CONTRIB\VSTUDIO\VC10\X64\ZLIBDLLDEBUG\TMP\INFFAST.OBJ
E:\DEV\OCROPUS\ZLIB\CONTRIB\VSTUDIO\VC10\X64\ZLIBDLLDEBUG\TMP\INFFAS8664.OBJ
E:\DEV\OCROPUS\ZLIB\CONTRIB\VSTUDIO\VC10\X64\ZLIBDLLDEBUG\TMP\INFBACK.OBJ
E:\DEV\OCROPUS\ZLIB\CONTRIB\VSTUDIO\VC10\X64\ZLIBDLLDEBUG\TMP\GZWRITE.OBJ
E:\DEV\OCROPUS\ZLIB\CONTRIB\VSTUDIO\VC10\X64\ZLIBDLLDEBUG\TMP\GZREAD.OBJ
E:\DEV\OCROPUS\ZLIB\CONTRIB\VSTUDIO\VC10\X64\ZLIBDLLDEBUG\TMP\GZLIB.OBJ
E:\DEV\OCROPUS\ZLIB\CONTRIB\VSTUDIO\VC10\X64\ZLIBDLLDEBUG\TMP\GZCLOSE.OBJ
E:\DEV\OCROPUS\ZLIB\CONTRIB\VSTUDIO\VC10\X64\ZLIBDLLDEBUG\TMP\DEFLATE.OBJ
E:\DEV\OCROPUS\ZLIB\CONTRIB\VSTUDIO\VC10\X64\ZLIBDLLDEBUG\TMP\CRC32.OBJ
E:\DEV\OCROPUS\ZLIB\CONTRIB\VSTUDIO\VC10\X64\ZLIBDLLDEBUG\TMP\COMPRESS.OBJ
E:\DEV\OCROPUS\ZLIB\CONTRIB\VSTUDIO\VC10\X64\ZLIBDLLDEBUG\TMP\ADLER32.OBJ
E:\DEV\OCROPUS\ZLIB\CONTRIB\VSTUDIO\VC10\X64\ZLIBDLLDEBUG\VC110.PDB
E:\DEV\OCROPUS\ZLIB\CONTRIB\VSTUDIO\VC10\X64\ZLIBDLLDEBUG\TMP\ZLIB.RES
E:\dev\OCRopus\zlib\contrib\vstudio\vc10\x64\ZlibDllDebug\Tmp\adler32.obj
E:\dev\OCRopus\zlib\contrib\vstudio\vc10\x64\ZlibDllDebug\Tmp\compress.obj
E:\dev\OCRopus\zlib\contrib\vstudio\vc10\x64\ZlibDllDebug\Tmp\crc32.obj
E:\dev\OCRopus\zlib\contrib\vstudio\vc10\x64\ZlibDllDebug\Tmp\deflate.obj
E:\dev\OCRopus\zlib\contrib\vstudio\vc10\x64\ZlibDllDebug\Tmp\gzclose.obj
E:\dev\OCRopus\zlib\contrib\vstudio\vc10\x64\ZlibDllDebug\Tmp\gzlib.obj
E:\dev\OCRopus\zlib\contrib\vstudio\vc10\x64\ZlibDllDebug\Tmp\gzread.obj
E:\dev\OCRopus\zlib\contrib\vstudio\vc10\x64\ZlibDllDebug\Tmp\gzwrite.obj
E:\dev\OCRopus\zlib\contrib\vstudio\vc10\x64\ZlibDllDebug\Tmp\infback.obj
E:\dev\OCRopus\zlib\contrib\vstudio\vc10\x64\ZlibDllDebug\Tmp\inffas8664.obj
E:\dev\OCRopus\zlib\contrib\vstudio\vc10\x64\ZlibDllDebug\Tmp\inffast.obj
E:\dev\OCRopus\zlib\contrib\vstudio\vc10\x64\ZlibDllDebug\Tmp\inflate.obj
E:\dev\OCRopus\zlib\contrib\vstudio\vc10\x64\ZlibDllDebug\Tmp\inftrees.obj
E:\dev\OCRopus\zlib\contrib\vstudio\vc10\x64\ZlibDllDebug\Tmp\ioapi.obj
E:\dev\OCRopus\zlib\contrib\vstudio\vc10\x64\ZlibDllDebug\Tmp\iowin32.obj
E:\dev\OCRopus\zlib\contrib\vstudio\vc10\x64\ZlibDllDebug\Tmp\trees.obj
E:\dev\OCRopus\zlib\contrib\vstudio\vc10\x64\ZlibDllDebug\Tmp\uncompr.obj
E:\dev\OCRopus\zlib\contrib\vstudio\vc10\x64\ZlibDllDebug\Tmp\unzip.obj
E:\dev\OCRopus\zlib\contrib\vstudio\vc10\x64\ZlibDllDebug\Tmp\zip.obj
E:\dev\OCRopus\zlib\contrib\vstudio\vc10\x64\ZlibDllDebug\Tmp\zutil.obj
E:\dev\OCRopus\zlib\contrib\vstudio\vc10\x64\ZlibDllDebug\Tmp\cl.command.1.tlog
E:\dev\OCRopus\zlib\contrib\vstudio\vc10\x64\ZlibDllDebug\Tmp\CL.read.1.tlog
E:\dev\OCRopus\zlib\contrib\vstudio\vc10\x64\ZlibDllDebug\Tmp\CL.write.1.tlog
E:\dev\OCRopus\zlib\contrib\vstudio\vc10\x64\ZlibDllDebug\Tmp\link.command.1.tlog
E:\dev\OCRopus\zlib\contrib\vstudio\vc10\x64\ZlibDllDebug\Tmp\link.read.1.tlog
E:\dev\OCRopus\zlib\contrib\vstudio\vc10\x64\ZlibDllDebug\Tmp\link.write.1.tlog
E:\dev\OCRopus\zlib\contrib\vstudio\vc10\x64\ZlibDllDebug\Tmp\rc.command.1.tlog
E:\dev\OCRopus\zlib\contrib\vstudio\vc10\x64\ZlibDllDebug\Tmp\rc.read.1.tlog
E:\dev\OCRopus\zlib\contrib\vstudio\vc10\x64\ZlibDllDebug\Tmp\rc.write.1.tlog
E:\dev\OCRopus\zlib\contrib\vstudio\vc10\x64\ZlibDllDebug\Tmp\zlib.res
