Build started 10/5/2012 11:23:21 PM.
     1>Project "E:\dev\OCRopus\zlib\contrib\vstudio\vc10\zlibvc.vcxproj" on node 2 (Build target(s)).
     1>InitializeBuildStatus:
         Touching "x64\ZlibDllDebug\Tmp\zlibvc.unsuccessfulbuild".
       ClCompile:
         All outputs are up-to-date.
       ResourceCompile:
         All outputs are up-to-date.
     1>E:\Program Files (x86)\MSBuild\Microsoft.Cpp\v4.0\V110\Microsoft.CppBuild.targets(1137,5): warning MSB8012: TargetPath(E:\dev\OCRopus\zlib\contrib\vstudio\vc10\x64\ZlibDllDebug\zlibvc.dll) does not match the Linker's OutputFile property value (E:\dev\OCRopus\zlib\contrib\vstudio\vc10\x64\ZlibDllDebug\zlibwapi.dll). This may cause your project to build incorrectly. To correct this, please make sure that $(OutDir), $(TargetName) and $(TargetExt) property values match the value specified in %(Link.OutputFile).
     1>E:\Program Files (x86)\MSBuild\Microsoft.Cpp\v4.0\V110\Microsoft.CppBuild.targets(1139,5): warning MSB8012: TargetName(zlibvc) does not match the Linker's OutputFile property value (zlibwapi). This may cause your project to build incorrectly. To correct this, please make sure that $(OutDir), $(TargetName) and $(TargetExt) property values match the value specified in %(Link.OutputFile).
       Link:
         e:\Program Files (x86)\Microsoft Visual Studio 11.0\VC\bin\x86_amd64\link.exe /ERRORREPORT:PROMPT /OUT:"x64\ZlibDllDebug\zlibwapi.dll" /INCREMENTAL /NOLOGO ..\..\masmx64\gvmat64.obj ..\..\masmx64\inffasx64.obj kernel32.lib user32.lib gdi32.lib winspool.lib comdlg32.lib advapi32.lib shell32.lib ole32.lib oleaut32.lib uuid.lib odbc32.lib odbccp32.lib /DEF:".\zlibvc.def" /MANIFEST:NO /DEBUG /PDB:"x64\ZlibDllDebug\zlibwapi.pdb" /MAP:"x64\ZlibDllDebug\zlibwapi.map" /SUBSYSTEM:WINDOWS /TLBID:1 /DYNAMICBASE /NXCOMPAT /IMPLIB:"x64\ZlibDllDebug\zlibwapi.lib" /MACHINE:X64 /DLL x64\ZlibDllDebug\Tmp\zlib.res
         x64\ZlibDllDebug\Tmp\adler32.obj
         x64\ZlibDllDebug\Tmp\compress.obj
         x64\ZlibDllDebug\Tmp\crc32.obj
         x64\ZlibDllDebug\Tmp\deflate.obj
         x64\ZlibDllDebug\Tmp\gzclose.obj
         x64\ZlibDllDebug\Tmp\gzlib.obj
         x64\ZlibDllDebug\Tmp\gzread.obj
         x64\ZlibDllDebug\Tmp\gzwrite.obj
         x64\ZlibDllDebug\Tmp\infback.obj
         x64\ZlibDllDebug\Tmp\inffas8664.obj
         x64\ZlibDllDebug\Tmp\inffast.obj
         x64\ZlibDllDebug\Tmp\inflate.obj
         x64\ZlibDllDebug\Tmp\inftrees.obj
         x64\ZlibDllDebug\Tmp\ioapi.obj
         x64\ZlibDllDebug\Tmp\iowin32.obj
         x64\ZlibDllDebug\Tmp\trees.obj
         x64\ZlibDllDebug\Tmp\uncompr.obj
         x64\ZlibDllDebug\Tmp\unzip.obj
         x64\ZlibDllDebug\Tmp\zip.obj
         x64\ZlibDllDebug\Tmp\zutil.obj
     1>LINK : fatal error LNK1104: cannot open file '..\..\masmx64\gvmat64.obj'
     1>Done Building Project "E:\dev\OCRopus\zlib\contrib\vstudio\vc10\zlibvc.vcxproj" (Build target(s)) -- FAILED.

Build FAILED.

Time Elapsed 00:00:00.08
