E:\DEV\BASICOCR\BASICOCR\RELEASE\BASICOCR.PCH
E:\DEV\BASICOCR\BASICOCR\RELEASE\STDAFX.OBJ
E:\DEV\BASICOCR\BASICOCR\RELEASE\VC110.PDB
E:\DEV\BASICOCR\BASICOCR\RELEASE\BASICOCR.OBJ
E:\DEV\BASICOCR\BASICOCR\RELEASE\CWORD.OBJ
E:\DEV\BASICOCR\BASICOCR\RELEASE\CTESSERACTBASE.OBJ
E:\DEV\BASICOCR\BASICOCR\RELEASE\CPARAGRAPH.OBJ
E:\DEV\BASICOCR\BASICOCR\RELEASE\CLINE.OBJ
E:\DEV\BASICOCR\BASICOCR\RELEASE\CDOCUMENT.OBJ
E:\DEV\BASICOCR\BASICOCR\RELEASE\CDOCOBJECT.OBJ
E:\DEV\BASICOCR\BASICOCR\RELEASE\CCOLUMN.OBJ
E:\DEV\BASICOCR\BASICOCR\RELEASE\CCHARACTER.OBJ
E:\DEV\BASICOCR\BASICOCR\RELEASE\ASSEMBLYINFO.OBJ
E:\DEV\BASICOCR\BASICOCR\RELEASE\.NETFRAMEWORK,VERSION=V4.0.ASSEMBLYATTRIBUTES.OBJ
E:\DEV\BASICOCR\RELEASE\BASICOCR.DLL
E:\DEV\BASICOCR\INTERMEDIATE\ZLIBVC\WIN32\RELEASEWITHOUTASM\INFLATE.COD
E:\DEV\BASICOCR\INTERMEDIATE\ZLIBVC\WIN32\RELEASEWITHOUTASM\DEFLATE.COD
E:\DEV\BASICOCR\INTERMEDIATE\ZLIBVC\WIN32\RELEASEWITHOUTASM\CRC32.COD
E:\DEV\BASICOCR\INTERMEDIATE\ZLIBVC\WIN32\RELEASEWITHOUTASM\ADLER32.COD
E:\DEV\BASICOCR\INTERMEDIATE\ZLIBVC\WIN32\RELEASEWITHOUTASM\INFFAST.COD
E:\DEV\BASICOCR\INTERMEDIATE\ZLIBVC\WIN32\RELEASEWITHOUTASM\ZUTIL.COD
E:\DEV\BASICOCR\INTERMEDIATE\ZLIBVC\WIN32\RELEASEWITHOUTASM\INFTREES.COD
E:\DEV\BASICOCR\INTERMEDIATE\ZLIBVC\WIN32\RELEASEWITHOUTASM\TREES.COD
E:\DEV\BASICOCR\RELEASE\BASICOCR.PDB
E:\DEV\BASICOCR\BASICOCR\RELEASE\APP.RES
E:\dev\BasicOCR\BasicOCR\Release\SimpleOCR.vcxprojResolveAssemblyReference.cache
E:\dev\BasicOCR\BasicOCR\Release\.NETFramework,Version=v4.0.AssemblyAttributes.obj
E:\dev\BasicOCR\BasicOCR\Release\AssemblyInfo.obj
E:\dev\BasicOCR\BasicOCR\Release\BasicOCR.obj
E:\dev\BasicOCR\BasicOCR\Release\CCharacter.obj
E:\dev\BasicOCR\BasicOCR\Release\CColumn.obj
E:\dev\BasicOCR\BasicOCR\Release\CDocObject.obj
E:\dev\BasicOCR\BasicOCR\Release\CDocument.obj
E:\dev\BasicOCR\BasicOCR\Release\CLine.obj
E:\dev\BasicOCR\BasicOCR\Release\CParagraph.obj
E:\dev\BasicOCR\BasicOCR\Release\CTesseractBase.obj
E:\dev\BasicOCR\BasicOCR\Release\CWord.obj
E:\dev\BasicOCR\BasicOCR\Release\Stdafx.obj
E:\dev\BasicOCR\BasicOCR\Release\cl.command.1.tlog
E:\dev\BasicOCR\BasicOCR\Release\CL.read.1.tlog
E:\dev\BasicOCR\BasicOCR\Release\CL.write.1.tlog
E:\dev\BasicOCR\BasicOCR\Release\link-cvtres.read.1.tlog
E:\dev\BasicOCR\BasicOCR\Release\link-cvtres.write.1.tlog
E:\dev\BasicOCR\BasicOCR\Release\link-rc.read.1.tlog
E:\dev\BasicOCR\BasicOCR\Release\link-rc.write.1.tlog
E:\dev\BasicOCR\BasicOCR\Release\link.command.1.tlog
E:\dev\BasicOCR\BasicOCR\Release\link.read.1.tlog
E:\dev\BasicOCR\BasicOCR\Release\link.read.2.tlog
E:\dev\BasicOCR\BasicOCR\Release\link.read.3.tlog
E:\dev\BasicOCR\BasicOCR\Release\link.read.4.tlog
E:\dev\BasicOCR\BasicOCR\Release\link.read.5.tlog
E:\dev\BasicOCR\BasicOCR\Release\link.write.1.tlog
E:\dev\BasicOCR\BasicOCR\Release\metagen.read.1.tlog
E:\dev\BasicOCR\BasicOCR\Release\metagen.write.1.tlog
E:\dev\BasicOCR\BasicOCR\Release\rc.command.1.tlog
E:\dev\BasicOCR\BasicOCR\Release\rc.read.1.tlog
E:\dev\BasicOCR\BasicOCR\Release\rc.write.1.tlog
E:\dev\BasicOCR\BasicOCR\Release\app.res
E:\dev\BasicOCR\BasicOCR\Release\BasicOCR.pch
E:\dev\BasicOCR\BasicOCR\Release\vc110.pdb
E:\dev\BasicOCR\BasicOCR\Release\RSAENH.DLL.bi
E:\dev\BasicOCR\BasicOCR\Release\TZRES.DLL.bi
E:\dev\BasicOCR\Release\BasicOCR.pdb
E:\dev\BasicOCR\Release\BasicOCR.dll
