E:\DEV\BASICOCR\INTERMEDIATE\IULIB\WIN32\RELEASE\IULIB\IMGBITS.OBJ
E:\DEV\BASICOCR\INTERMEDIATE\IULIB\WIN32\RELEASE\IULIB\IMGTRACE.OBJ
E:\DEV\BASICOCR\INTERMEDIATE\IULIB\WIN32\RELEASE\IULIB\IMGTHIN.OBJ
E:\DEV\BASICOCR\INTERMEDIATE\IULIB\WIN32\RELEASE\IULIB\IMGRESCALE.OBJ
E:\DEV\BASICOCR\INTERMEDIATE\IULIB\WIN32\RELEASE\IULIB\IMGOPS.OBJ
E:\DEV\BASICOCR\INTERMEDIATE\IULIB\WIN32\RELEASE\IULIB\IMGMORPH.OBJ
E:\DEV\BASICOCR\INTERMEDIATE\IULIB\WIN32\RELEASE\IULIB\IMGMISC.OBJ
E:\DEV\BASICOCR\INTERMEDIATE\IULIB\WIN32\RELEASE\IULIB\IMGMAP.OBJ
E:\DEV\BASICOCR\INTERMEDIATE\IULIB\WIN32\RELEASE\IULIB\IMGLABELS.OBJ
E:\DEV\BASICOCR\INTERMEDIATE\IULIB\WIN32\RELEASE\IULIB\IMGGRAYMORPH.OBJ
E:\DEV\BASICOCR\INTERMEDIATE\IULIB\WIN32\RELEASE\IULIB\IMGGAUSS.OBJ
E:\DEV\BASICOCR\INTERMEDIATE\IULIB\WIN32\RELEASE\IULIB\IMGFILTERS.OBJ
E:\DEV\BASICOCR\INTERMEDIATE\IULIB\WIN32\RELEASE\IULIB\IMGEDGES.OBJ
E:\DEV\BASICOCR\INTERMEDIATE\IULIB\WIN32\RELEASE\IULIB\IMGBRUSHFIRE.OBJ
E:\DEV\BASICOCR\INTERMEDIATE\IULIB\WIN32\RELEASE\IULIB\IO_TIFF.OBJ
E:\DEV\BASICOCR\INTERMEDIATE\IULIB\WIN32\RELEASE\IULIB\IO_PNG.OBJ
E:\DEV\BASICOCR\INTERMEDIATE\IULIB\WIN32\RELEASE\IULIB\IO_PBM.OBJ
E:\DEV\BASICOCR\INTERMEDIATE\IULIB\WIN32\RELEASE\IULIB\IO_JPEG.OBJ
E:\DEV\BASICOCR\INTERMEDIATE\IULIB\WIN32\RELEASE\IULIB\IMGIO.OBJ
E:\DEV\BASICOCR\INTERMEDIATE\IULIB\WIN32\RELEASE\IULIB\AUTOINVERT.OBJ
E:\DEV\BASICOCR\INTERMEDIATE\IULIB\WIN32\RELEASE\IULIB\COMPONENTS.OBJ
E:\DEV\BASICOCR\INTERMEDIATE\IULIB\WIN32\RELEASE\IULIB\DGRAPHICS_NOSDL.OBJ
E:\DEV\BASICOCR\INTERMEDIATE\IULIB\WIN32\RELEASE\IULIB\IMGRLE.OBJ
E:\DEV\BASICOCR\INTERMEDIATE\IULIB\WIN32\RELEASE\IULIB\IMGBTHIN.OBJ
E:\DEV\BASICOCR\INTERMEDIATE\IULIB\WIN32\RELEASE\IULIB\IMGBSMP.OBJ
E:\DEV\BASICOCR\INTERMEDIATE\IULIB\WIN32\RELEASE\IULIB\IMGBLIT_C.OBJ
E:\DEV\BASICOCR\INTERMEDIATE\IULIB\WIN32\RELEASE\IULIB\IMGBLIT.OBJ
E:\DEV\BASICOCR\INTERMEDIATE\IULIB\WIN32\RELEASE\IULIB\VC110.PDB
E:\DEV\BASICOCR\LIB\IULIB\WIN32\RELEASE\IULIB.LIB
E:\dev\BasicOCR\intermediate\iulib\Win32\Release\iulib\iulib.vcxprojResolveAssemblyReference.cache
E:\dev\BasicOCR\intermediate\iulib\Win32\Release\iulib\autoinvert.obj
E:\dev\BasicOCR\intermediate\iulib\Win32\Release\iulib\components.obj
E:\dev\BasicOCR\intermediate\iulib\Win32\Release\iulib\dgraphics_nosdl.obj
E:\dev\BasicOCR\intermediate\iulib\Win32\Release\iulib\imgbits.obj
E:\dev\BasicOCR\intermediate\iulib\Win32\Release\iulib\imgblit.obj
E:\dev\BasicOCR\intermediate\iulib\Win32\Release\iulib\imgblit_c.obj
E:\dev\BasicOCR\intermediate\iulib\Win32\Release\iulib\imgbrushfire.obj
E:\dev\BasicOCR\intermediate\iulib\Win32\Release\iulib\imgbsmp.obj
E:\dev\BasicOCR\intermediate\iulib\Win32\Release\iulib\imgbthin.obj
E:\dev\BasicOCR\intermediate\iulib\Win32\Release\iulib\imgedges.obj
E:\dev\BasicOCR\intermediate\iulib\Win32\Release\iulib\imgfilters.obj
E:\dev\BasicOCR\intermediate\iulib\Win32\Release\iulib\imggauss.obj
E:\dev\BasicOCR\intermediate\iulib\Win32\Release\iulib\imggraymorph.obj
E:\dev\BasicOCR\intermediate\iulib\Win32\Release\iulib\imgio.obj
E:\dev\BasicOCR\intermediate\iulib\Win32\Release\iulib\imglabels.obj
E:\dev\BasicOCR\intermediate\iulib\Win32\Release\iulib\imgmap.obj
E:\dev\BasicOCR\intermediate\iulib\Win32\Release\iulib\imgmisc.obj
E:\dev\BasicOCR\intermediate\iulib\Win32\Release\iulib\imgmorph.obj
E:\dev\BasicOCR\intermediate\iulib\Win32\Release\iulib\imgops.obj
E:\dev\BasicOCR\intermediate\iulib\Win32\Release\iulib\imgrescale.obj
E:\dev\BasicOCR\intermediate\iulib\Win32\Release\iulib\imgrle.obj
E:\dev\BasicOCR\intermediate\iulib\Win32\Release\iulib\imgthin.obj
E:\dev\BasicOCR\intermediate\iulib\Win32\Release\iulib\imgtrace.obj
E:\dev\BasicOCR\intermediate\iulib\Win32\Release\iulib\io_jpeg.obj
E:\dev\BasicOCR\intermediate\iulib\Win32\Release\iulib\io_pbm.obj
E:\dev\BasicOCR\intermediate\iulib\Win32\Release\iulib\io_png.obj
E:\dev\BasicOCR\intermediate\iulib\Win32\Release\iulib\io_tiff.obj
E:\dev\BasicOCR\intermediate\iulib\Win32\Release\iulib\cl.command.1.tlog
E:\dev\BasicOCR\intermediate\iulib\Win32\Release\iulib\CL.read.1.tlog
E:\dev\BasicOCR\intermediate\iulib\Win32\Release\iulib\CL.write.1.tlog
E:\dev\BasicOCR\intermediate\iulib\Win32\Release\iulib\Lib-link.read.1.tlog
E:\dev\BasicOCR\intermediate\iulib\Win32\Release\iulib\Lib-link.write.1.tlog
E:\dev\BasicOCR\intermediate\iulib\Win32\Release\iulib\lib.command.1.tlog
E:\dev\BasicOCR\intermediate\iulib\Win32\Release\iulib\vc110.pdb
E:\dev\BasicOCR\lib\iulib\Win32\Release\iulib.lib
