E:\DEV\BASICOCR\LIBPNG\PROJECTS\VISUALC71\X64\LIB RELEASE\LIBPNG.PCH
E:\DEV\BASICOCR\LIBPNG\PROJECTS\VISUALC71\X64\LIB RELEASE\PNGERROR.OBJ
E:\DEV\BASICOCR\LIBPNG\PROJECTS\VISUALC71\X64\LIB RELEASE\VC110.PDB
E:\DEV\BASICOCR\LIBPNG\PROJECTS\VISUALC71\X64\LIB RELEASE\PNG.OBJ
E:\DEV\BASICOCR\LIBPNG\PROJECTS\VISUALC71\X64\LIB RELEASE\PNGWUTIL.OBJ
E:\DEV\BASICOCR\LIBPNG\PROJECTS\VISUALC71\X64\LIB RELEASE\PNGWTRAN.OBJ
E:\DEV\BASICOCR\LIBPNG\PROJECTS\VISUALC71\X64\LIB RELEASE\PNGWRITE.OBJ
E:\DEV\BASICOCR\LIBPNG\PROJECTS\VISUALC71\X64\LIB RELEASE\PNGWIO.OBJ
E:\DEV\BASICOCR\LIBPNG\PROJECTS\VISUALC71\X64\LIB RELEASE\PNGTRANS.OBJ
E:\DEV\BASICOCR\LIBPNG\PROJECTS\VISUALC71\X64\LIB RELEASE\PNGSET.OBJ
E:\DEV\BASICOCR\LIBPNG\PROJECTS\VISUALC71\X64\LIB RELEASE\PNGRUTIL.OBJ
E:\DEV\BASICOCR\LIBPNG\PROJECTS\VISUALC71\X64\LIB RELEASE\PNGRTRAN.OBJ
E:\DEV\BASICOCR\LIBPNG\PROJECTS\VISUALC71\X64\LIB RELEASE\PNGRIO.OBJ
E:\DEV\BASICOCR\LIBPNG\PROJECTS\VISUALC71\X64\LIB RELEASE\PNGREAD.OBJ
E:\DEV\BASICOCR\LIBPNG\PROJECTS\VISUALC71\X64\LIB RELEASE\PNGPREAD.OBJ
E:\DEV\BASICOCR\LIBPNG\PROJECTS\VISUALC71\X64\LIB RELEASE\PNGMEM.OBJ
E:\DEV\BASICOCR\LIBPNG\PROJECTS\VISUALC71\X64\LIB RELEASE\PNGGET.OBJ
E:\DEV\BASICOCR\LIBPNG\BUILDS\RELEASE\LIBPNG.LIB
E:\dev\BasicOCR\libpng\projects\visualc71\x64\LIB Release\png.obj
E:\dev\BasicOCR\libpng\projects\visualc71\x64\LIB Release\pngerror.obj
E:\dev\BasicOCR\libpng\projects\visualc71\x64\LIB Release\pngget.obj
E:\dev\BasicOCR\libpng\projects\visualc71\x64\LIB Release\pngmem.obj
E:\dev\BasicOCR\libpng\projects\visualc71\x64\LIB Release\pngpread.obj
E:\dev\BasicOCR\libpng\projects\visualc71\x64\LIB Release\pngread.obj
E:\dev\BasicOCR\libpng\projects\visualc71\x64\LIB Release\pngrio.obj
E:\dev\BasicOCR\libpng\projects\visualc71\x64\LIB Release\pngrtran.obj
E:\dev\BasicOCR\libpng\projects\visualc71\x64\LIB Release\pngrutil.obj
E:\dev\BasicOCR\libpng\projects\visualc71\x64\LIB Release\pngset.obj
E:\dev\BasicOCR\libpng\projects\visualc71\x64\LIB Release\pngtrans.obj
E:\dev\BasicOCR\libpng\projects\visualc71\x64\LIB Release\pngwio.obj
E:\dev\BasicOCR\libpng\projects\visualc71\x64\LIB Release\pngwrite.obj
E:\dev\BasicOCR\libpng\projects\visualc71\x64\LIB Release\pngwtran.obj
E:\dev\BasicOCR\libpng\projects\visualc71\x64\LIB Release\pngwutil.obj
E:\dev\BasicOCR\libpng\projects\visualc71\x64\LIB Release\cl.command.1.tlog
E:\dev\BasicOCR\libpng\projects\visualc71\x64\LIB Release\CL.read.1.tlog
E:\dev\BasicOCR\libpng\projects\visualc71\x64\LIB Release\CL.write.1.tlog
E:\dev\BasicOCR\libpng\projects\visualc71\x64\LIB Release\Lib-link.3288.read.1.tlog
E:\dev\BasicOCR\libpng\projects\visualc71\x64\LIB Release\Lib-link.3288.write.1.tlog
E:\dev\BasicOCR\libpng\projects\visualc71\x64\LIB Release\Lib-link.read.1.tlog
E:\dev\BasicOCR\libpng\projects\visualc71\x64\LIB Release\Lib-link.write.1.tlog
E:\dev\BasicOCR\libpng\projects\visualc71\x64\LIB Release\lib.command.1.tlog
E:\dev\BasicOCR\libpng\projects\visualc71\x64\LIB Release\libpng.pch
E:\dev\BasicOCR\libpng\projects\visualc71\x64\LIB Release\vc90.idb
E:\dev\BasicOCR\libpng\projects\visualc71\x64\LIB Release\vc110.pdb
