E:\DEV\BASICOCR\INTERMEDIATE\BASICOCR\WIN32\DEBUG\BASICOCR.PCH
E:\DEV\BASICOCR\INTERMEDIATE\BASICOCR\WIN32\DEBUG\STDAFX.OBJ
E:\DEV\BASICOCR\BUILDS\DEBUG\SIMPLEOCR.PDB
E:\DEV\BASICOCR\INTERMEDIATE\BASICOCR\WIN32\DEBUG\BASICOCR.OBJ
E:\DEV\BASICOCR\INTERMEDIATE\BASICOCR\WIN32\DEBUG\CWORD.OBJ
E:\DEV\BASICOCR\INTERMEDIATE\BASICOCR\WIN32\DEBUG\CTESSERACTBASE.OBJ
E:\DEV\BASICOCR\INTERMEDIATE\BASICOCR\WIN32\DEBUG\CPARAGRAPH.OBJ
E:\DEV\BASICOCR\INTERMEDIATE\BASICOCR\WIN32\DEBUG\CLINE.OBJ
E:\DEV\BASICOCR\INTERMEDIATE\BASICOCR\WIN32\DEBUG\CDOCUMENT.OBJ
E:\DEV\BASICOCR\INTERMEDIATE\BASICOCR\WIN32\DEBUG\CDOCOBJECT.OBJ
E:\DEV\BASICOCR\INTERMEDIATE\BASICOCR\WIN32\DEBUG\CCOLUMN.OBJ
E:\DEV\BASICOCR\INTERMEDIATE\BASICOCR\WIN32\DEBUG\CCHARACTER.OBJ
E:\DEV\BASICOCR\INTERMEDIATE\BASICOCR\WIN32\DEBUG\ASSEMBLYINFO.OBJ
E:\DEV\BASICOCR\INTERMEDIATE\BASICOCR\WIN32\DEBUG\.NETFRAMEWORK,VERSION=V4.0.ASSEMBLYATTRIBUTES.OBJ
E:\DEV\BASICOCR\BUILDS\DEBUG\BASICOCR.ILK
E:\DEV\BASICOCR\BUILDS\DEBUG\BASICOCR.DLL
E:\DEV\BASICOCR\INTERMEDIATE\ZLIBVC\WIN32\RELEASEWITHOUTASM\DEFLATE.COD
E:\DEV\BASICOCR\INTERMEDIATE\ZLIBVC\WIN32\RELEASEWITHOUTASM\INFLATE.COD
E:\DEV\BASICOCR\INTERMEDIATE\ZLIBVC\WIN32\RELEASEWITHOUTASM\CRC32.COD
E:\DEV\BASICOCR\INTERMEDIATE\ZLIBVC\WIN32\RELEASEWITHOUTASM\TREES.COD
E:\DEV\BASICOCR\INTERMEDIATE\ZLIBVC\WIN32\RELEASEWITHOUTASM\ADLER32.COD
E:\DEV\BASICOCR\INTERMEDIATE\ZLIBVC\WIN32\RELEASEWITHOUTASM\ZUTIL.COD
E:\DEV\BASICOCR\INTERMEDIATE\ZLIBVC\WIN32\RELEASEWITHOUTASM\INFFAST.COD
E:\DEV\BASICOCR\INTERMEDIATE\ZLIBVC\WIN32\RELEASEWITHOUTASM\INFTREES.COD
E:\DEV\BASICOCR\BUILDS\DEBUG\BASICOCR.PDB
E:\DEV\BASICOCR\INTERMEDIATE\BASICOCR\WIN32\DEBUG\APP.RES
E:\dev\BasicOCR\intermediate\BasicOCR\Win32\Debug\SimpleOCR.vcxprojResolveAssemblyReference.cache
E:\dev\BasicOCR\intermediate\BasicOCR\Win32\Debug\.NETFramework,Version=v4.0.AssemblyAttributes.obj
E:\dev\BasicOCR\intermediate\BasicOCR\Win32\Debug\AssemblyInfo.obj
E:\dev\BasicOCR\intermediate\BasicOCR\Win32\Debug\BasicOCR.obj
E:\dev\BasicOCR\intermediate\BasicOCR\Win32\Debug\CCharacter.obj
E:\dev\BasicOCR\intermediate\BasicOCR\Win32\Debug\CColumn.obj
E:\dev\BasicOCR\intermediate\BasicOCR\Win32\Debug\CDocObject.obj
E:\dev\BasicOCR\intermediate\BasicOCR\Win32\Debug\CDocument.obj
E:\dev\BasicOCR\intermediate\BasicOCR\Win32\Debug\CLine.obj
E:\dev\BasicOCR\intermediate\BasicOCR\Win32\Debug\CParagraph.obj
E:\dev\BasicOCR\intermediate\BasicOCR\Win32\Debug\CTesseractBase.obj
E:\dev\BasicOCR\intermediate\BasicOCR\Win32\Debug\CWord.obj
E:\dev\BasicOCR\intermediate\BasicOCR\Win32\Debug\Stdafx.obj
E:\dev\BasicOCR\intermediate\BasicOCR\Win32\Debug\cl.command.1.tlog
E:\dev\BasicOCR\intermediate\BasicOCR\Win32\Debug\CL.read.1.tlog
E:\dev\BasicOCR\intermediate\BasicOCR\Win32\Debug\CL.write.1.tlog
E:\dev\BasicOCR\intermediate\BasicOCR\Win32\Debug\link.1052.5688-cvtres.read.1.tlog
E:\dev\BasicOCR\intermediate\BasicOCR\Win32\Debug\link.1052.5688-cvtres.write.1.tlog
E:\dev\BasicOCR\intermediate\BasicOCR\Win32\Debug\link.1052.5688-rc.read.1.tlog
E:\dev\BasicOCR\intermediate\BasicOCR\Win32\Debug\link.1052.5688-rc.write.1.tlog
E:\dev\BasicOCR\intermediate\BasicOCR\Win32\Debug\link.1052.5688.read.1.tlog
E:\dev\BasicOCR\intermediate\BasicOCR\Win32\Debug\link.1052.5688.read.2.tlog
E:\dev\BasicOCR\intermediate\BasicOCR\Win32\Debug\link.1052.5688.read.3.tlog
E:\dev\BasicOCR\intermediate\BasicOCR\Win32\Debug\link.1052.5688.read.4.tlog
E:\dev\BasicOCR\intermediate\BasicOCR\Win32\Debug\link.1052.5688.read.5.tlog
E:\dev\BasicOCR\intermediate\BasicOCR\Win32\Debug\link.1052.5688.write.1.tlog
E:\dev\BasicOCR\intermediate\BasicOCR\Win32\Debug\link.1052.read.1.tlog
E:\dev\BasicOCR\intermediate\BasicOCR\Win32\Debug\link.1052.write.1.tlog
E:\dev\BasicOCR\intermediate\BasicOCR\Win32\Debug\link.1248.6484-cvtres.read.1.tlog
E:\dev\BasicOCR\intermediate\BasicOCR\Win32\Debug\link.1248.6484-cvtres.write.1.tlog
E:\dev\BasicOCR\intermediate\BasicOCR\Win32\Debug\link.1248.6484-rc.read.1.tlog
E:\dev\BasicOCR\intermediate\BasicOCR\Win32\Debug\link.1248.6484-rc.write.1.tlog
E:\dev\BasicOCR\intermediate\BasicOCR\Win32\Debug\link.1248.6484.read.1.tlog
E:\dev\BasicOCR\intermediate\BasicOCR\Win32\Debug\link.1248.6484.read.2.tlog
E:\dev\BasicOCR\intermediate\BasicOCR\Win32\Debug\link.1248.6484.read.3.tlog
E:\dev\BasicOCR\intermediate\BasicOCR\Win32\Debug\link.1248.6484.read.4.tlog
E:\dev\BasicOCR\intermediate\BasicOCR\Win32\Debug\link.1248.6484.read.5.tlog
E:\dev\BasicOCR\intermediate\BasicOCR\Win32\Debug\link.1248.6484.write.1.tlog
E:\dev\BasicOCR\intermediate\BasicOCR\Win32\Debug\link.1248.read.1.tlog
E:\dev\BasicOCR\intermediate\BasicOCR\Win32\Debug\link.1248.write.1.tlog
E:\dev\BasicOCR\intermediate\BasicOCR\Win32\Debug\link.4348.5092-cvtres.read.1.tlog
E:\dev\BasicOCR\intermediate\BasicOCR\Win32\Debug\link.4348.5092-cvtres.write.1.tlog
E:\dev\BasicOCR\intermediate\BasicOCR\Win32\Debug\link.4348.5092-rc.read.1.tlog
E:\dev\BasicOCR\intermediate\BasicOCR\Win32\Debug\link.4348.5092-rc.write.1.tlog
E:\dev\BasicOCR\intermediate\BasicOCR\Win32\Debug\link.4348.5092.read.1.tlog
E:\dev\BasicOCR\intermediate\BasicOCR\Win32\Debug\link.4348.5092.read.2.tlog
E:\dev\BasicOCR\intermediate\BasicOCR\Win32\Debug\link.4348.5092.read.3.tlog
E:\dev\BasicOCR\intermediate\BasicOCR\Win32\Debug\link.4348.5092.read.4.tlog
E:\dev\BasicOCR\intermediate\BasicOCR\Win32\Debug\link.4348.5092.read.5.tlog
E:\dev\BasicOCR\intermediate\BasicOCR\Win32\Debug\link.4348.5092.write.1.tlog
E:\dev\BasicOCR\intermediate\BasicOCR\Win32\Debug\link.4348.read.1.tlog
E:\dev\BasicOCR\intermediate\BasicOCR\Win32\Debug\link.4348.write.1.tlog
E:\dev\BasicOCR\intermediate\BasicOCR\Win32\Debug\link.4704.5424-cvtres.read.1.tlog
E:\dev\BasicOCR\intermediate\BasicOCR\Win32\Debug\link.4704.5424-cvtres.write.1.tlog
E:\dev\BasicOCR\intermediate\BasicOCR\Win32\Debug\link.4704.5424-rc.read.1.tlog
E:\dev\BasicOCR\intermediate\BasicOCR\Win32\Debug\link.4704.5424-rc.write.1.tlog
E:\dev\BasicOCR\intermediate\BasicOCR\Win32\Debug\link.4704.5424.read.1.tlog
E:\dev\BasicOCR\intermediate\BasicOCR\Win32\Debug\link.4704.5424.read.2.tlog
E:\dev\BasicOCR\intermediate\BasicOCR\Win32\Debug\link.4704.5424.read.3.tlog
E:\dev\BasicOCR\intermediate\BasicOCR\Win32\Debug\link.4704.5424.read.4.tlog
E:\dev\BasicOCR\intermediate\BasicOCR\Win32\Debug\link.4704.5424.read.5.tlog
E:\dev\BasicOCR\intermediate\BasicOCR\Win32\Debug\link.4704.5424.write.1.tlog
E:\dev\BasicOCR\intermediate\BasicOCR\Win32\Debug\link.4704.read.1.tlog
E:\dev\BasicOCR\intermediate\BasicOCR\Win32\Debug\link.4704.write.1.tlog
E:\dev\BasicOCR\intermediate\BasicOCR\Win32\Debug\link.4892.6860-cvtres.read.1.tlog
E:\dev\BasicOCR\intermediate\BasicOCR\Win32\Debug\link.4892.6860-cvtres.write.1.tlog
E:\dev\BasicOCR\intermediate\BasicOCR\Win32\Debug\link.4892.6860-rc.read.1.tlog
E:\dev\BasicOCR\intermediate\BasicOCR\Win32\Debug\link.4892.6860-rc.write.1.tlog
E:\dev\BasicOCR\intermediate\BasicOCR\Win32\Debug\link.4892.6860.read.1.tlog
E:\dev\BasicOCR\intermediate\BasicOCR\Win32\Debug\link.4892.6860.read.2.tlog
E:\dev\BasicOCR\intermediate\BasicOCR\Win32\Debug\link.4892.6860.read.3.tlog
E:\dev\BasicOCR\intermediate\BasicOCR\Win32\Debug\link.4892.6860.read.4.tlog
E:\dev\BasicOCR\intermediate\BasicOCR\Win32\Debug\link.4892.6860.read.5.tlog
E:\dev\BasicOCR\intermediate\BasicOCR\Win32\Debug\link.4892.6860.write.1.tlog
E:\dev\BasicOCR\intermediate\BasicOCR\Win32\Debug\link.4892.read.1.tlog
E:\dev\BasicOCR\intermediate\BasicOCR\Win32\Debug\link.4892.write.1.tlog
E:\dev\BasicOCR\intermediate\BasicOCR\Win32\Debug\link.5460.6888-cvtres.read.1.tlog
E:\dev\BasicOCR\intermediate\BasicOCR\Win32\Debug\link.5460.6888-cvtres.write.1.tlog
E:\dev\BasicOCR\intermediate\BasicOCR\Win32\Debug\link.5460.6888-rc.read.1.tlog
E:\dev\BasicOCR\intermediate\BasicOCR\Win32\Debug\link.5460.6888-rc.write.1.tlog
E:\dev\BasicOCR\intermediate\BasicOCR\Win32\Debug\link.5460.6888.read.1.tlog
E:\dev\BasicOCR\intermediate\BasicOCR\Win32\Debug\link.5460.6888.read.2.tlog
E:\dev\BasicOCR\intermediate\BasicOCR\Win32\Debug\link.5460.6888.read.3.tlog
E:\dev\BasicOCR\intermediate\BasicOCR\Win32\Debug\link.5460.6888.read.4.tlog
E:\dev\BasicOCR\intermediate\BasicOCR\Win32\Debug\link.5460.6888.read.5.tlog
E:\dev\BasicOCR\intermediate\BasicOCR\Win32\Debug\link.5460.6888.write.1.tlog
E:\dev\BasicOCR\intermediate\BasicOCR\Win32\Debug\link.5460.read.1.tlog
E:\dev\BasicOCR\intermediate\BasicOCR\Win32\Debug\link.5460.write.1.tlog
E:\dev\BasicOCR\intermediate\BasicOCR\Win32\Debug\link.5632.3100-cvtres.read.1.tlog
E:\dev\BasicOCR\intermediate\BasicOCR\Win32\Debug\link.5632.3100-cvtres.write.1.tlog
E:\dev\BasicOCR\intermediate\BasicOCR\Win32\Debug\link.5632.3100-rc.read.1.tlog
E:\dev\BasicOCR\intermediate\BasicOCR\Win32\Debug\link.5632.3100-rc.write.1.tlog
E:\dev\BasicOCR\intermediate\BasicOCR\Win32\Debug\link.5632.3100.read.1.tlog
E:\dev\BasicOCR\intermediate\BasicOCR\Win32\Debug\link.5632.3100.read.2.tlog
E:\dev\BasicOCR\intermediate\BasicOCR\Win32\Debug\link.5632.3100.read.3.tlog
E:\dev\BasicOCR\intermediate\BasicOCR\Win32\Debug\link.5632.3100.read.4.tlog
E:\dev\BasicOCR\intermediate\BasicOCR\Win32\Debug\link.5632.3100.read.5.tlog
E:\dev\BasicOCR\intermediate\BasicOCR\Win32\Debug\link.5632.3100.write.1.tlog
E:\dev\BasicOCR\intermediate\BasicOCR\Win32\Debug\link.5632.read.1.tlog
E:\dev\BasicOCR\intermediate\BasicOCR\Win32\Debug\link.5632.write.1.tlog
E:\dev\BasicOCR\intermediate\BasicOCR\Win32\Debug\link.6016.2292-cvtres.read.1.tlog
E:\dev\BasicOCR\intermediate\BasicOCR\Win32\Debug\link.6016.2292-cvtres.write.1.tlog
E:\dev\BasicOCR\intermediate\BasicOCR\Win32\Debug\link.6016.2292-rc.read.1.tlog
E:\dev\BasicOCR\intermediate\BasicOCR\Win32\Debug\link.6016.2292-rc.write.1.tlog
E:\dev\BasicOCR\intermediate\BasicOCR\Win32\Debug\link.6016.2292.read.1.tlog
E:\dev\BasicOCR\intermediate\BasicOCR\Win32\Debug\link.6016.2292.read.2.tlog
E:\dev\BasicOCR\intermediate\BasicOCR\Win32\Debug\link.6016.2292.read.3.tlog
E:\dev\BasicOCR\intermediate\BasicOCR\Win32\Debug\link.6016.2292.read.4.tlog
E:\dev\BasicOCR\intermediate\BasicOCR\Win32\Debug\link.6016.2292.read.5.tlog
E:\dev\BasicOCR\intermediate\BasicOCR\Win32\Debug\link.6016.2292.write.1.tlog
E:\dev\BasicOCR\intermediate\BasicOCR\Win32\Debug\link.6016.read.1.tlog
E:\dev\BasicOCR\intermediate\BasicOCR\Win32\Debug\link.6016.write.1.tlog
E:\dev\BasicOCR\intermediate\BasicOCR\Win32\Debug\link.6632.4948-cvtres.read.1.tlog
E:\dev\BasicOCR\intermediate\BasicOCR\Win32\Debug\link.6632.4948-cvtres.write.1.tlog
E:\dev\BasicOCR\intermediate\BasicOCR\Win32\Debug\link.6632.4948-rc.read.1.tlog
E:\dev\BasicOCR\intermediate\BasicOCR\Win32\Debug\link.6632.4948-rc.write.1.tlog
E:\dev\BasicOCR\intermediate\BasicOCR\Win32\Debug\link.6632.4948.read.1.tlog
E:\dev\BasicOCR\intermediate\BasicOCR\Win32\Debug\link.6632.4948.read.2.tlog
E:\dev\BasicOCR\intermediate\BasicOCR\Win32\Debug\link.6632.4948.read.3.tlog
E:\dev\BasicOCR\intermediate\BasicOCR\Win32\Debug\link.6632.4948.read.4.tlog
E:\dev\BasicOCR\intermediate\BasicOCR\Win32\Debug\link.6632.4948.read.5.tlog
E:\dev\BasicOCR\intermediate\BasicOCR\Win32\Debug\link.6632.4948.write.1.tlog
E:\dev\BasicOCR\intermediate\BasicOCR\Win32\Debug\link.6632.read.1.tlog
E:\dev\BasicOCR\intermediate\BasicOCR\Win32\Debug\link.6632.write.1.tlog
E:\dev\BasicOCR\intermediate\BasicOCR\Win32\Debug\link.6960.7084-cvtres.read.1.tlog
E:\dev\BasicOCR\intermediate\BasicOCR\Win32\Debug\link.6960.7084-cvtres.write.1.tlog
E:\dev\BasicOCR\intermediate\BasicOCR\Win32\Debug\link.6960.7084-rc.read.1.tlog
E:\dev\BasicOCR\intermediate\BasicOCR\Win32\Debug\link.6960.7084-rc.write.1.tlog
E:\dev\BasicOCR\intermediate\BasicOCR\Win32\Debug\link.6960.7084.read.1.tlog
E:\dev\BasicOCR\intermediate\BasicOCR\Win32\Debug\link.6960.7084.read.2.tlog
E:\dev\BasicOCR\intermediate\BasicOCR\Win32\Debug\link.6960.7084.read.3.tlog
E:\dev\BasicOCR\intermediate\BasicOCR\Win32\Debug\link.6960.7084.read.4.tlog
E:\dev\BasicOCR\intermediate\BasicOCR\Win32\Debug\link.6960.7084.read.5.tlog
E:\dev\BasicOCR\intermediate\BasicOCR\Win32\Debug\link.6960.7084.write.1.tlog
E:\dev\BasicOCR\intermediate\BasicOCR\Win32\Debug\link.6960.read.1.tlog
E:\dev\BasicOCR\intermediate\BasicOCR\Win32\Debug\link.6960.write.1.tlog
E:\dev\BasicOCR\intermediate\BasicOCR\Win32\Debug\link.7200.8484-cvtres.read.1.tlog
E:\dev\BasicOCR\intermediate\BasicOCR\Win32\Debug\link.7200.8484-cvtres.write.1.tlog
E:\dev\BasicOCR\intermediate\BasicOCR\Win32\Debug\link.7200.8484-rc.read.1.tlog
E:\dev\BasicOCR\intermediate\BasicOCR\Win32\Debug\link.7200.8484-rc.write.1.tlog
E:\dev\BasicOCR\intermediate\BasicOCR\Win32\Debug\link.7200.8484.read.1.tlog
E:\dev\BasicOCR\intermediate\BasicOCR\Win32\Debug\link.7200.8484.read.2.tlog
E:\dev\BasicOCR\intermediate\BasicOCR\Win32\Debug\link.7200.8484.read.3.tlog
E:\dev\BasicOCR\intermediate\BasicOCR\Win32\Debug\link.7200.8484.read.4.tlog
E:\dev\BasicOCR\intermediate\BasicOCR\Win32\Debug\link.7200.8484.read.5.tlog
E:\dev\BasicOCR\intermediate\BasicOCR\Win32\Debug\link.7200.8484.write.1.tlog
E:\dev\BasicOCR\intermediate\BasicOCR\Win32\Debug\link.7200.read.1.tlog
E:\dev\BasicOCR\intermediate\BasicOCR\Win32\Debug\link.7200.write.1.tlog
E:\dev\BasicOCR\intermediate\BasicOCR\Win32\Debug\link.7232.2520-cvtres.read.1.tlog
E:\dev\BasicOCR\intermediate\BasicOCR\Win32\Debug\link.7232.2520-cvtres.write.1.tlog
E:\dev\BasicOCR\intermediate\BasicOCR\Win32\Debug\link.7232.2520-rc.read.1.tlog
E:\dev\BasicOCR\intermediate\BasicOCR\Win32\Debug\link.7232.2520-rc.write.1.tlog
E:\dev\BasicOCR\intermediate\BasicOCR\Win32\Debug\link.7232.2520.read.1.tlog
E:\dev\BasicOCR\intermediate\BasicOCR\Win32\Debug\link.7232.2520.read.2.tlog
E:\dev\BasicOCR\intermediate\BasicOCR\Win32\Debug\link.7232.2520.read.3.tlog
E:\dev\BasicOCR\intermediate\BasicOCR\Win32\Debug\link.7232.2520.read.4.tlog
E:\dev\BasicOCR\intermediate\BasicOCR\Win32\Debug\link.7232.2520.read.5.tlog
E:\dev\BasicOCR\intermediate\BasicOCR\Win32\Debug\link.7232.2520.write.1.tlog
E:\dev\BasicOCR\intermediate\BasicOCR\Win32\Debug\link.7232.read.1.tlog
E:\dev\BasicOCR\intermediate\BasicOCR\Win32\Debug\link.7232.write.1.tlog
E:\dev\BasicOCR\intermediate\BasicOCR\Win32\Debug\link.7328.4152-cvtres.read.1.tlog
E:\dev\BasicOCR\intermediate\BasicOCR\Win32\Debug\link.7328.4152-cvtres.write.1.tlog
E:\dev\BasicOCR\intermediate\BasicOCR\Win32\Debug\link.7328.4152-rc.read.1.tlog
E:\dev\BasicOCR\intermediate\BasicOCR\Win32\Debug\link.7328.4152-rc.write.1.tlog
E:\dev\BasicOCR\intermediate\BasicOCR\Win32\Debug\link.7328.4152.read.1.tlog
E:\dev\BasicOCR\intermediate\BasicOCR\Win32\Debug\link.7328.4152.read.2.tlog
E:\dev\BasicOCR\intermediate\BasicOCR\Win32\Debug\link.7328.4152.read.3.tlog
E:\dev\BasicOCR\intermediate\BasicOCR\Win32\Debug\link.7328.4152.read.4.tlog
E:\dev\BasicOCR\intermediate\BasicOCR\Win32\Debug\link.7328.4152.read.5.tlog
E:\dev\BasicOCR\intermediate\BasicOCR\Win32\Debug\link.7328.4152.write.1.tlog
E:\dev\BasicOCR\intermediate\BasicOCR\Win32\Debug\link.7328.read.1.tlog
E:\dev\BasicOCR\intermediate\BasicOCR\Win32\Debug\link.7328.write.1.tlog
E:\dev\BasicOCR\intermediate\BasicOCR\Win32\Debug\link.7708.5612-cvtres.read.1.tlog
E:\dev\BasicOCR\intermediate\BasicOCR\Win32\Debug\link.7708.5612-cvtres.write.1.tlog
E:\dev\BasicOCR\intermediate\BasicOCR\Win32\Debug\link.7708.5612-rc.read.1.tlog
E:\dev\BasicOCR\intermediate\BasicOCR\Win32\Debug\link.7708.5612-rc.write.1.tlog
E:\dev\BasicOCR\intermediate\BasicOCR\Win32\Debug\link.7708.5612.read.1.tlog
E:\dev\BasicOCR\intermediate\BasicOCR\Win32\Debug\link.7708.5612.read.2.tlog
E:\dev\BasicOCR\intermediate\BasicOCR\Win32\Debug\link.7708.5612.read.3.tlog
E:\dev\BasicOCR\intermediate\BasicOCR\Win32\Debug\link.7708.5612.read.4.tlog
E:\dev\BasicOCR\intermediate\BasicOCR\Win32\Debug\link.7708.5612.read.5.tlog
E:\dev\BasicOCR\intermediate\BasicOCR\Win32\Debug\link.7708.5612.write.1.tlog
E:\dev\BasicOCR\intermediate\BasicOCR\Win32\Debug\link.7708.read.1.tlog
E:\dev\BasicOCR\intermediate\BasicOCR\Win32\Debug\link.7708.write.1.tlog
E:\dev\BasicOCR\intermediate\BasicOCR\Win32\Debug\link.7912.8396-cvtres.read.1.tlog
E:\dev\BasicOCR\intermediate\BasicOCR\Win32\Debug\link.7912.8396-cvtres.write.1.tlog
E:\dev\BasicOCR\intermediate\BasicOCR\Win32\Debug\link.7912.8396-rc.read.1.tlog
E:\dev\BasicOCR\intermediate\BasicOCR\Win32\Debug\link.7912.8396-rc.write.1.tlog
E:\dev\BasicOCR\intermediate\BasicOCR\Win32\Debug\link.7912.8396.read.1.tlog
E:\dev\BasicOCR\intermediate\BasicOCR\Win32\Debug\link.7912.8396.read.2.tlog
E:\dev\BasicOCR\intermediate\BasicOCR\Win32\Debug\link.7912.8396.read.3.tlog
E:\dev\BasicOCR\intermediate\BasicOCR\Win32\Debug\link.7912.8396.read.4.tlog
E:\dev\BasicOCR\intermediate\BasicOCR\Win32\Debug\link.7912.8396.read.5.tlog
E:\dev\BasicOCR\intermediate\BasicOCR\Win32\Debug\link.7912.8396.write.1.tlog
E:\dev\BasicOCR\intermediate\BasicOCR\Win32\Debug\link.7912.read.1.tlog
E:\dev\BasicOCR\intermediate\BasicOCR\Win32\Debug\link.7912.write.1.tlog
E:\dev\BasicOCR\intermediate\BasicOCR\Win32\Debug\link.7980.6740-cvtres.read.1.tlog
E:\dev\BasicOCR\intermediate\BasicOCR\Win32\Debug\link.7980.6740-cvtres.write.1.tlog
E:\dev\BasicOCR\intermediate\BasicOCR\Win32\Debug\link.7980.6740-rc.read.1.tlog
E:\dev\BasicOCR\intermediate\BasicOCR\Win32\Debug\link.7980.6740-rc.write.1.tlog
E:\dev\BasicOCR\intermediate\BasicOCR\Win32\Debug\link.7980.6740.read.1.tlog
E:\dev\BasicOCR\intermediate\BasicOCR\Win32\Debug\link.7980.6740.read.2.tlog
E:\dev\BasicOCR\intermediate\BasicOCR\Win32\Debug\link.7980.6740.read.3.tlog
E:\dev\BasicOCR\intermediate\BasicOCR\Win32\Debug\link.7980.6740.read.4.tlog
E:\dev\BasicOCR\intermediate\BasicOCR\Win32\Debug\link.7980.6740.read.5.tlog
E:\dev\BasicOCR\intermediate\BasicOCR\Win32\Debug\link.7980.6740.write.1.tlog
E:\dev\BasicOCR\intermediate\BasicOCR\Win32\Debug\link.7980.read.1.tlog
E:\dev\BasicOCR\intermediate\BasicOCR\Win32\Debug\link.7980.write.1.tlog
E:\dev\BasicOCR\intermediate\BasicOCR\Win32\Debug\link.8060.6028-cvtres.read.1.tlog
E:\dev\BasicOCR\intermediate\BasicOCR\Win32\Debug\link.8060.6028-cvtres.write.1.tlog
E:\dev\BasicOCR\intermediate\BasicOCR\Win32\Debug\link.8060.6028-rc.read.1.tlog
E:\dev\BasicOCR\intermediate\BasicOCR\Win32\Debug\link.8060.6028-rc.write.1.tlog
E:\dev\BasicOCR\intermediate\BasicOCR\Win32\Debug\link.8060.6028.read.1.tlog
E:\dev\BasicOCR\intermediate\BasicOCR\Win32\Debug\link.8060.6028.read.2.tlog
E:\dev\BasicOCR\intermediate\BasicOCR\Win32\Debug\link.8060.6028.read.3.tlog
E:\dev\BasicOCR\intermediate\BasicOCR\Win32\Debug\link.8060.6028.read.4.tlog
E:\dev\BasicOCR\intermediate\BasicOCR\Win32\Debug\link.8060.6028.read.5.tlog
E:\dev\BasicOCR\intermediate\BasicOCR\Win32\Debug\link.8060.6028.write.1.tlog
E:\dev\BasicOCR\intermediate\BasicOCR\Win32\Debug\link.8060.read.1.tlog
E:\dev\BasicOCR\intermediate\BasicOCR\Win32\Debug\link.8060.write.1.tlog
E:\dev\BasicOCR\intermediate\BasicOCR\Win32\Debug\link.8744.6408-cvtres.read.1.tlog
E:\dev\BasicOCR\intermediate\BasicOCR\Win32\Debug\link.8744.6408-cvtres.write.1.tlog
E:\dev\BasicOCR\intermediate\BasicOCR\Win32\Debug\link.8744.6408-rc.read.1.tlog
E:\dev\BasicOCR\intermediate\BasicOCR\Win32\Debug\link.8744.6408-rc.write.1.tlog
E:\dev\BasicOCR\intermediate\BasicOCR\Win32\Debug\link.8744.6408.read.1.tlog
E:\dev\BasicOCR\intermediate\BasicOCR\Win32\Debug\link.8744.6408.read.2.tlog
E:\dev\BasicOCR\intermediate\BasicOCR\Win32\Debug\link.8744.6408.read.3.tlog
E:\dev\BasicOCR\intermediate\BasicOCR\Win32\Debug\link.8744.6408.read.4.tlog
E:\dev\BasicOCR\intermediate\BasicOCR\Win32\Debug\link.8744.6408.read.5.tlog
E:\dev\BasicOCR\intermediate\BasicOCR\Win32\Debug\link.8744.6408.write.1.tlog
E:\dev\BasicOCR\intermediate\BasicOCR\Win32\Debug\link.8744.read.1.tlog
E:\dev\BasicOCR\intermediate\BasicOCR\Win32\Debug\link.8744.write.1.tlog
E:\dev\BasicOCR\intermediate\BasicOCR\Win32\Debug\link.9048.2068-cvtres.read.1.tlog
E:\dev\BasicOCR\intermediate\BasicOCR\Win32\Debug\link.9048.2068-cvtres.write.1.tlog
E:\dev\BasicOCR\intermediate\BasicOCR\Win32\Debug\link.9048.2068-rc.read.1.tlog
E:\dev\BasicOCR\intermediate\BasicOCR\Win32\Debug\link.9048.2068-rc.write.1.tlog
E:\dev\BasicOCR\intermediate\BasicOCR\Win32\Debug\link.9048.2068.read.1.tlog
E:\dev\BasicOCR\intermediate\BasicOCR\Win32\Debug\link.9048.2068.read.2.tlog
E:\dev\BasicOCR\intermediate\BasicOCR\Win32\Debug\link.9048.2068.read.3.tlog
E:\dev\BasicOCR\intermediate\BasicOCR\Win32\Debug\link.9048.2068.read.4.tlog
E:\dev\BasicOCR\intermediate\BasicOCR\Win32\Debug\link.9048.2068.read.5.tlog
E:\dev\BasicOCR\intermediate\BasicOCR\Win32\Debug\link.9048.2068.write.1.tlog
E:\dev\BasicOCR\intermediate\BasicOCR\Win32\Debug\link.9048.read.1.tlog
E:\dev\BasicOCR\intermediate\BasicOCR\Win32\Debug\link.9048.write.1.tlog
E:\dev\BasicOCR\intermediate\BasicOCR\Win32\Debug\link.9140.4484-cvtres.read.1.tlog
E:\dev\BasicOCR\intermediate\BasicOCR\Win32\Debug\link.9140.4484-cvtres.write.1.tlog
E:\dev\BasicOCR\intermediate\BasicOCR\Win32\Debug\link.9140.4484-rc.read.1.tlog
E:\dev\BasicOCR\intermediate\BasicOCR\Win32\Debug\link.9140.4484-rc.write.1.tlog
E:\dev\BasicOCR\intermediate\BasicOCR\Win32\Debug\link.9140.4484.read.1.tlog
E:\dev\BasicOCR\intermediate\BasicOCR\Win32\Debug\link.9140.4484.read.2.tlog
E:\dev\BasicOCR\intermediate\BasicOCR\Win32\Debug\link.9140.4484.read.3.tlog
E:\dev\BasicOCR\intermediate\BasicOCR\Win32\Debug\link.9140.4484.read.4.tlog
E:\dev\BasicOCR\intermediate\BasicOCR\Win32\Debug\link.9140.4484.read.5.tlog
E:\dev\BasicOCR\intermediate\BasicOCR\Win32\Debug\link.9140.4484.write.1.tlog
E:\dev\BasicOCR\intermediate\BasicOCR\Win32\Debug\link.9140.read.1.tlog
E:\dev\BasicOCR\intermediate\BasicOCR\Win32\Debug\link.9140.write.1.tlog
E:\dev\BasicOCR\intermediate\BasicOCR\Win32\Debug\link.command.1.tlog
E:\dev\BasicOCR\intermediate\BasicOCR\Win32\Debug\link.read.1.tlog
E:\dev\BasicOCR\intermediate\BasicOCR\Win32\Debug\link.write.1.tlog
E:\dev\BasicOCR\intermediate\BasicOCR\Win32\Debug\metagen.read.1.tlog
E:\dev\BasicOCR\intermediate\BasicOCR\Win32\Debug\metagen.write.1.tlog
E:\dev\BasicOCR\intermediate\BasicOCR\Win32\Debug\rc.command.1.tlog
E:\dev\BasicOCR\intermediate\BasicOCR\Win32\Debug\rc.read.1.tlog
E:\dev\BasicOCR\intermediate\BasicOCR\Win32\Debug\rc.write.1.tlog
E:\dev\BasicOCR\intermediate\BasicOCR\Win32\Debug\app.res
E:\dev\BasicOCR\intermediate\BasicOCR\Win32\Debug\BasicOCR.pch
E:\dev\BasicOCR\intermediate\BasicOCR\Win32\Debug\RSAENH.DLL.bi
E:\dev\BasicOCR\intermediate\BasicOCR\Win32\Debug\TZRES.DLL.bi
E:\dev\BasicOCR\BasicOCR\..\builds\Debug\BasicOCR.dll
