E:\DEV\BASICOCR\GSL\SRC\GSL\1.8\GSL-1.8\VC8\LIBGSL\DEBUG-STATICLIB\EXPM1.OBJ
E:\DEV\BASICOCR\GSL\SRC\GSL\1.8\GSL-1.8\VC8\LIBGSL\DEBUG-STATICLIB\FCMP.OBJ
E:\DEV\BASICOCR\GSL\SRC\GSL\1.8\GSL-1.8\VC8\LIBGSL\DEBUG-STATICLIB\FDIV.OBJ
E:\DEV\BASICOCR\GSL\SRC\GSL\1.8\GSL-1.8\VC8\LIBGSL\DEBUG-STATICLIB\HYPOT.OBJ
E:\DEV\BASICOCR\GSL\SRC\GSL\1.8\GSL-1.8\VC8\LIBGSL\DEBUG-STATICLIB\INFNAN.OBJ
E:\DEV\BASICOCR\GSL\SRC\GSL\1.8\GSL-1.8\VC8\LIBGSL\DEBUG-STATICLIB\INVHYP.OBJ
E:\DEV\BASICOCR\GSL\SRC\GSL\1.8\GSL-1.8\VC8\LIBGSL\DEBUG-STATICLIB\LDFREXP.OBJ
E:\DEV\BASICOCR\GSL\SRC\GSL\1.8\GSL-1.8\VC8\LIBGSL\DEBUG-STATICLIB\LOG1P.OBJ
E:\DEV\BASICOCR\GSL\SRC\GSL\1.8\GSL-1.8\VC8\LIBGSL\DEBUG-STATICLIB\POW_INT.OBJ
E:\DEV\BASICOCR\GSL\SRC\GSL\1.8\GSL-1.8\VC8\LIBGSL\DEBUG-STATICLIB\PREC.OBJ
E:\DEV\BASICOCR\GSL\SRC\GSL\1.8\GSL-1.8\VC8\LIBGSL\DEBUG-STATICLIB\RESULTS.OBJ
E:\DEV\BASICOCR\GSL\SRC\GSL\1.8\GSL-1.8\VC8\LIBGSL\DEBUG-STATICLIB\PLACEHOLDER.OBJ
E:\DEV\BASICOCR\GSL\SRC\GSL\1.8\GSL-1.8\VC8\LIBGSL\DEBUG-STATICLIB\REIM.OBJ
E:\DEV\BASICOCR\GSL\SRC\GSL\1.8\GSL-1.8\VC8\LIBGSL\DEBUG-STATICLIB\SUBVECTOR.OBJ
E:\DEV\BASICOCR\GSL\SRC\GSL\1.8\GSL-1.8\VC8\LIBGSL\DEBUG-STATICLIB\VECTOR.OBJ
E:\DEV\BASICOCR\GSL\SRC\GSL\1.8\GSL-1.8\VC8\LIBGSL\DEBUG-STATICLIB\BSPLINE.OBJ
E:\DEV\BASICOCR\GSL\SRC\GSL\1.8\GSL-1.8\VC8\LIBGSL\DEBUG-STATICLIB\DAUBECHIES.OBJ
E:\DEV\BASICOCR\GSL\SRC\GSL\1.8\GSL-1.8\VC8\LIBGSL\DEBUG-STATICLIB\DWT.OBJ
E:\DEV\BASICOCR\GSL\SRC\GSL\1.8\GSL-1.8\VC8\LIBGSL\DEBUG-STATICLIB\HAAR.OBJ
E:\DEV\BASICOCR\GSL\SRC\GSL\1.8\GSL-1.8\VC8\LIBGSL\DEBUG-STATICLIB\WAVELET.OBJ
E:\DEV\BASICOCR\GSL\SRC\GSL\1.8\GSL-1.8\VC8\LIBGSL\DEBUG-STATICLIB\COVARIANCE.OBJ
E:\DEV\BASICOCR\GSL\SRC\GSL\1.8\GSL-1.8\VC8\LIBGSL\DEBUG-STATICLIB\KURTOSIS.OBJ
E:\DEV\BASICOCR\GSL\SRC\GSL\1.8\GSL-1.8\VC8\LIBGSL\DEBUG-STATICLIB\LAG1.OBJ
E:\DEV\BASICOCR\GSL\SRC\GSL\1.8\GSL-1.8\VC8\LIBGSL\DEBUG-STATICLIB\MEAN.OBJ
E:\DEV\BASICOCR\GSL\SRC\GSL\1.8\GSL-1.8\VC8\LIBGSL\DEBUG-STATICLIB\MEDIAN.OBJ
E:\DEV\BASICOCR\GSL\SRC\GSL\1.8\GSL-1.8\VC8\LIBGSL\DEBUG-STATICLIB\P_VARIANCE.OBJ
E:\DEV\BASICOCR\GSL\SRC\GSL\1.8\GSL-1.8\VC8\LIBGSL\DEBUG-STATICLIB\QUANTILES.OBJ
E:\DEV\BASICOCR\GSL\SRC\GSL\1.8\GSL-1.8\VC8\LIBGSL\DEBUG-STATICLIB\SKEW.OBJ
E:\DEV\BASICOCR\GSL\SRC\GSL\1.8\GSL-1.8\VC8\LIBGSL\DEBUG-STATICLIB\TTEST.OBJ
E:\DEV\BASICOCR\GSL\SRC\GSL\1.8\GSL-1.8\VC8\LIBGSL\DEBUG-STATICLIB\VARIANCE.OBJ
E:\DEV\BASICOCR\GSL\SRC\GSL\1.8\GSL-1.8\VC8\LIBGSL\DEBUG-STATICLIB\WABSDEV.OBJ
E:\DEV\BASICOCR\GSL\SRC\GSL\1.8\GSL-1.8\VC8\LIBGSL\DEBUG-STATICLIB\WKURTOSIS.OBJ
E:\DEV\BASICOCR\GSL\SRC\GSL\1.8\GSL-1.8\VC8\LIBGSL\DEBUG-STATICLIB\WMEAN.OBJ
E:\DEV\BASICOCR\GSL\SRC\GSL\1.8\GSL-1.8\VC8\LIBGSL\DEBUG-STATICLIB\WSKEW.OBJ
E:\DEV\BASICOCR\GSL\SRC\GSL\1.8\GSL-1.8\VC8\LIBGSL\DEBUG-STATICLIB\WVARIANCE.OBJ
E:\DEV\BASICOCR\GSL\SRC\GSL\1.8\GSL-1.8\VC8\LIBGSL\DEBUG-STATICLIB\LEVIN_U.OBJ
E:\DEV\BASICOCR\GSL\SRC\GSL\1.8\GSL-1.8\VC8\LIBGSL\DEBUG-STATICLIB\LEVIN_UTRUNC.OBJ
E:\DEV\BASICOCR\GSL\SRC\GSL\1.8\GSL-1.8\VC8\LIBGSL\DEBUG-STATICLIB\WORK_U.OBJ
E:\DEV\BASICOCR\GSL\SRC\GSL\1.8\GSL-1.8\VC8\LIBGSL\DEBUG-STATICLIB\WORK_UTRUNC.OBJ
E:\DEV\BASICOCR\GSL\SRC\GSL\1.8\GSL-1.8\VC8\LIBGSL\DEBUG-STATICLIB\COERCE.OBJ
E:\DEV\BASICOCR\GSL\SRC\GSL\1.8\GSL-1.8\VC8\LIBGSL\DEBUG-STATICLIB\HYPERG_2F0.OBJ
E:\DEV\BASICOCR\GSL\SRC\GSL\1.8\GSL-1.8\VC8\LIBGSL\DEBUG-STATICLIB\HYPERG_2F1.OBJ
E:\DEV\BASICOCR\GSL\SRC\GSL\1.8\GSL-1.8\VC8\LIBGSL\DEBUG-STATICLIB\HYPERG_U.OBJ
E:\DEV\BASICOCR\GSL\SRC\GSL\1.8\GSL-1.8\VC8\LIBGSL\DEBUG-STATICLIB\LAGUERRE.OBJ
E:\DEV\BASICOCR\GSL\SRC\GSL\1.8\GSL-1.8\VC8\LIBGSL\DEBUG-STATICLIB\LAMBERT.OBJ
E:\DEV\BASICOCR\GSL\SRC\GSL\1.8\GSL-1.8\VC8\LIBGSL\DEBUG-STATICLIB\LEGENDRE_CON.OBJ
E:\DEV\BASICOCR\GSL\SRC\GSL\1.8\GSL-1.8\VC8\LIBGSL\DEBUG-STATICLIB\LEGENDRE_H3D.OBJ
E:\DEV\BASICOCR\GSL\SRC\GSL\1.8\GSL-1.8\VC8\LIBGSL\DEBUG-STATICLIB\LEGENDRE_POLY.OBJ
E:\DEV\BASICOCR\GSL\SRC\GSL\1.8\GSL-1.8\VC8\LIBGSL\DEBUG-STATICLIB\LEGENDRE_QN.OBJ
E:\DEV\BASICOCR\GSL\SRC\GSL\1.8\GSL-1.8\VC8\LIBGSL\DEBUG-STATICLIB\LOG.OBJ
E:\DEV\BASICOCR\GSL\SRC\GSL\1.8\GSL-1.8\VC8\LIBGSL\DEBUG-STATICLIB\POCH.OBJ
E:\DEV\BASICOCR\GSL\SRC\GSL\1.8\GSL-1.8\VC8\LIBGSL\DEBUG-STATICLIB\PSI.OBJ
E:\DEV\BASICOCR\GSL\SRC\GSL\1.8\GSL-1.8\VC8\LIBGSL\DEBUG-STATICLIB\RESULT.OBJ
E:\DEV\BASICOCR\GSL\SRC\GSL\1.8\GSL-1.8\VC8\LIBGSL\DEBUG-STATICLIB\SHINT.OBJ
E:\DEV\BASICOCR\GSL\SRC\GSL\1.8\GSL-1.8\VC8\LIBGSL\DEBUG-STATICLIB\SININT.OBJ
E:\DEV\BASICOCR\GSL\SRC\GSL\1.8\GSL-1.8\VC8\LIBGSL\DEBUG-STATICLIB\SYNCHROTRON.OBJ
E:\DEV\BASICOCR\GSL\SRC\GSL\1.8\GSL-1.8\VC8\LIBGSL\DEBUG-STATICLIB\TRANSPORT.OBJ
E:\DEV\BASICOCR\GSL\SRC\GSL\1.8\GSL-1.8\VC8\LIBGSL\DEBUG-STATICLIB\TRIG.OBJ
E:\DEV\BASICOCR\GSL\SRC\GSL\1.8\GSL-1.8\VC8\LIBGSL\DEBUG-STATICLIB\ZETA.OBJ
E:\DEV\BASICOCR\GSL\SRC\GSL\1.8\GSL-1.8\VC8\LIBGSL\DEBUG-STATICLIB\ABSDEV.OBJ
E:\DEV\BASICOCR\GSL\SRC\GSL\1.8\GSL-1.8\VC8\LIBGSL\DEBUG-STATICLIB\CLAUSEN.OBJ
E:\DEV\BASICOCR\GSL\SRC\GSL\1.8\GSL-1.8\VC8\LIBGSL\DEBUG-STATICLIB\COULOMB.OBJ
E:\DEV\BASICOCR\GSL\SRC\GSL\1.8\GSL-1.8\VC8\LIBGSL\DEBUG-STATICLIB\COULOMB_BOUND.OBJ
E:\DEV\BASICOCR\GSL\SRC\GSL\1.8\GSL-1.8\VC8\LIBGSL\DEBUG-STATICLIB\COUPLING.OBJ
E:\DEV\BASICOCR\GSL\SRC\GSL\1.8\GSL-1.8\VC8\LIBGSL\DEBUG-STATICLIB\DAWSON.OBJ
E:\DEV\BASICOCR\GSL\SRC\GSL\1.8\GSL-1.8\VC8\LIBGSL\DEBUG-STATICLIB\DEBYE.OBJ
E:\DEV\BASICOCR\GSL\SRC\GSL\1.8\GSL-1.8\VC8\LIBGSL\DEBUG-STATICLIB\DILOG.OBJ
E:\DEV\BASICOCR\GSL\SRC\GSL\1.8\GSL-1.8\VC8\LIBGSL\DEBUG-STATICLIB\ELEMENTARY.OBJ
E:\DEV\BASICOCR\GSL\SRC\GSL\1.8\GSL-1.8\VC8\LIBGSL\DEBUG-STATICLIB\ELLINT.OBJ
E:\DEV\BASICOCR\GSL\SRC\GSL\1.8\GSL-1.8\VC8\LIBGSL\DEBUG-STATICLIB\ELLJAC.OBJ
E:\DEV\BASICOCR\GSL\SRC\GSL\1.8\GSL-1.8\VC8\LIBGSL\DEBUG-STATICLIB\ERFC.OBJ
E:\DEV\BASICOCR\GSL\SRC\GSL\1.8\GSL-1.8\VC8\LIBGSL\DEBUG-STATICLIB\EXP.OBJ
E:\DEV\BASICOCR\GSL\SRC\GSL\1.8\GSL-1.8\VC8\LIBGSL\DEBUG-STATICLIB\EXPINT.OBJ
E:\DEV\BASICOCR\GSL\SRC\GSL\1.8\GSL-1.8\VC8\LIBGSL\DEBUG-STATICLIB\EXPINT3.OBJ
E:\DEV\BASICOCR\GSL\SRC\GSL\1.8\GSL-1.8\VC8\LIBGSL\DEBUG-STATICLIB\FERMI_DIRAC.OBJ
E:\DEV\BASICOCR\GSL\SRC\GSL\1.8\GSL-1.8\VC8\LIBGSL\DEBUG-STATICLIB\GAMMA_INC.OBJ
E:\DEV\BASICOCR\GSL\SRC\GSL\1.8\GSL-1.8\VC8\LIBGSL\DEBUG-STATICLIB\GEGENBAUER.OBJ
E:\DEV\BASICOCR\GSL\SRC\GSL\1.8\GSL-1.8\VC8\LIBGSL\DEBUG-STATICLIB\HYPERG.OBJ
E:\DEV\BASICOCR\GSL\SRC\GSL\1.8\GSL-1.8\VC8\LIBGSL\DEBUG-STATICLIB\HYPERG_0F1.OBJ
E:\DEV\BASICOCR\GSL\SRC\GSL\1.8\GSL-1.8\VC8\LIBGSL\DEBUG-STATICLIB\HYPERG_1F1.OBJ
E:\DEV\BASICOCR\GSL\SRC\GSL\1.8\GSL-1.8\VC8\LIBGSL\DEBUG-STATICLIB\BESSEL_J.OBJ
E:\DEV\BASICOCR\GSL\SRC\GSL\1.8\GSL-1.8\VC8\LIBGSL\DEBUG-STATICLIB\BESSEL_J0.OBJ
E:\DEV\BASICOCR\GSL\SRC\GSL\1.8\GSL-1.8\VC8\LIBGSL\DEBUG-STATICLIB\BESSEL_J1.OBJ
E:\DEV\BASICOCR\GSL\SRC\GSL\1.8\GSL-1.8\VC8\LIBGSL\DEBUG-STATICLIB\BESSEL_JN.OBJ
E:\DEV\BASICOCR\GSL\SRC\GSL\1.8\GSL-1.8\VC8\LIBGSL\DEBUG-STATICLIB\BESSEL_JNU.OBJ
E:\DEV\BASICOCR\GSL\SRC\GSL\1.8\GSL-1.8\VC8\LIBGSL\DEBUG-STATICLIB\BESSEL_K.OBJ
E:\DEV\BASICOCR\GSL\SRC\GSL\1.8\GSL-1.8\VC8\LIBGSL\DEBUG-STATICLIB\BESSEL_K0.OBJ
E:\DEV\BASICOCR\GSL\SRC\GSL\1.8\GSL-1.8\VC8\LIBGSL\DEBUG-STATICLIB\BESSEL_K1.OBJ
E:\DEV\BASICOCR\GSL\SRC\GSL\1.8\GSL-1.8\VC8\LIBGSL\DEBUG-STATICLIB\BESSEL_KN.OBJ
E:\DEV\BASICOCR\GSL\SRC\GSL\1.8\GSL-1.8\VC8\LIBGSL\DEBUG-STATICLIB\BESSEL_KNU.OBJ
E:\DEV\BASICOCR\GSL\SRC\GSL\1.8\GSL-1.8\VC8\LIBGSL\DEBUG-STATICLIB\BESSEL_OLVER.OBJ
E:\DEV\BASICOCR\GSL\SRC\GSL\1.8\GSL-1.8\VC8\LIBGSL\DEBUG-STATICLIB\BESSEL_SEQUENCE.OBJ
E:\DEV\BASICOCR\GSL\SRC\GSL\1.8\GSL-1.8\VC8\LIBGSL\DEBUG-STATICLIB\BESSEL_TEMME.OBJ
E:\DEV\BASICOCR\GSL\SRC\GSL\1.8\GSL-1.8\VC8\LIBGSL\DEBUG-STATICLIB\BESSEL_Y.OBJ
E:\DEV\BASICOCR\GSL\SRC\GSL\1.8\GSL-1.8\VC8\LIBGSL\DEBUG-STATICLIB\BESSEL_Y0.OBJ
E:\DEV\BASICOCR\GSL\SRC\GSL\1.8\GSL-1.8\VC8\LIBGSL\DEBUG-STATICLIB\BESSEL_Y1.OBJ
E:\DEV\BASICOCR\GSL\SRC\GSL\1.8\GSL-1.8\VC8\LIBGSL\DEBUG-STATICLIB\BESSEL_YN.OBJ
E:\DEV\BASICOCR\GSL\SRC\GSL\1.8\GSL-1.8\VC8\LIBGSL\DEBUG-STATICLIB\BESSEL_YNU.OBJ
E:\DEV\BASICOCR\GSL\SRC\GSL\1.8\GSL-1.8\VC8\LIBGSL\DEBUG-STATICLIB\BESSEL_ZERO.OBJ
E:\DEV\BASICOCR\GSL\SRC\GSL\1.8\GSL-1.8\VC8\LIBGSL\DEBUG-STATICLIB\BETA_INC.OBJ
E:\DEV\BASICOCR\GSL\SRC\GSL\1.8\GSL-1.8\VC8\LIBGSL\DEBUG-STATICLIB\FALSEPOS.OBJ
E:\DEV\BASICOCR\GSL\SRC\GSL\1.8\GSL-1.8\VC8\LIBGSL\DEBUG-STATICLIB\SECANT.OBJ
E:\DEV\BASICOCR\GSL\SRC\GSL\1.8\GSL-1.8\VC8\LIBGSL\DEBUG-STATICLIB\STEFFENSON.OBJ
E:\DEV\BASICOCR\GSL\SRC\GSL\1.8\GSL-1.8\VC8\LIBGSL\DEBUG-STATICLIB\SIMAN.OBJ
E:\DEV\BASICOCR\GSL\SRC\GSL\1.8\GSL-1.8\VC8\LIBGSL\DEBUG-STATICLIB\SORTIND.OBJ
E:\DEV\BASICOCR\GSL\SRC\GSL\1.8\GSL-1.8\VC8\LIBGSL\DEBUG-STATICLIB\SORTVEC.OBJ
E:\DEV\BASICOCR\GSL\SRC\GSL\1.8\GSL-1.8\VC8\LIBGSL\DEBUG-STATICLIB\SORTVECIND.OBJ
E:\DEV\BASICOCR\GSL\SRC\GSL\1.8\GSL-1.8\VC8\LIBGSL\DEBUG-STATICLIB\SUBSET.OBJ
E:\DEV\BASICOCR\GSL\SRC\GSL\1.8\GSL-1.8\VC8\LIBGSL\DEBUG-STATICLIB\SUBSETIND.OBJ
E:\DEV\BASICOCR\GSL\SRC\GSL\1.8\GSL-1.8\VC8\LIBGSL\DEBUG-STATICLIB\AIRY.OBJ
E:\DEV\BASICOCR\GSL\SRC\GSL\1.8\GSL-1.8\VC8\LIBGSL\DEBUG-STATICLIB\AIRY_DER.OBJ
E:\DEV\BASICOCR\GSL\SRC\GSL\1.8\GSL-1.8\VC8\LIBGSL\DEBUG-STATICLIB\AIRY_ZERO.OBJ
E:\DEV\BASICOCR\GSL\SRC\GSL\1.8\GSL-1.8\VC8\LIBGSL\DEBUG-STATICLIB\ATANINT.OBJ
E:\DEV\BASICOCR\GSL\SRC\GSL\1.8\GSL-1.8\VC8\LIBGSL\DEBUG-STATICLIB\BESSEL.OBJ
E:\DEV\BASICOCR\GSL\SRC\GSL\1.8\GSL-1.8\VC8\LIBGSL\DEBUG-STATICLIB\BESSEL_AMP_PHASE.OBJ
E:\DEV\BASICOCR\GSL\SRC\GSL\1.8\GSL-1.8\VC8\LIBGSL\DEBUG-STATICLIB\BESSEL_I.OBJ
E:\DEV\BASICOCR\GSL\SRC\GSL\1.8\GSL-1.8\VC8\LIBGSL\DEBUG-STATICLIB\BESSEL_I0.OBJ
E:\DEV\BASICOCR\GSL\SRC\GSL\1.8\GSL-1.8\VC8\LIBGSL\DEBUG-STATICLIB\BESSEL_I1.OBJ
E:\DEV\BASICOCR\GSL\SRC\GSL\1.8\GSL-1.8\VC8\LIBGSL\DEBUG-STATICLIB\BESSEL_IN.OBJ
E:\DEV\BASICOCR\GSL\SRC\GSL\1.8\GSL-1.8\VC8\LIBGSL\DEBUG-STATICLIB\BESSEL_INU.OBJ
E:\DEV\BASICOCR\GSL\SRC\GSL\1.8\GSL-1.8\VC8\LIBGSL\DEBUG-STATICLIB\RANDOM.OBJ
E:\DEV\BASICOCR\GSL\SRC\GSL\1.8\GSL-1.8\VC8\LIBGSL\DEBUG-STATICLIB\RANDU.OBJ
E:\DEV\BASICOCR\GSL\SRC\GSL\1.8\GSL-1.8\VC8\LIBGSL\DEBUG-STATICLIB\RANF.OBJ
E:\DEV\BASICOCR\GSL\SRC\GSL\1.8\GSL-1.8\VC8\LIBGSL\DEBUG-STATICLIB\RANLUX.OBJ
E:\DEV\BASICOCR\GSL\SRC\GSL\1.8\GSL-1.8\VC8\LIBGSL\DEBUG-STATICLIB\RANLXD.OBJ
E:\DEV\BASICOCR\GSL\SRC\GSL\1.8\GSL-1.8\VC8\LIBGSL\DEBUG-STATICLIB\RANLXS.OBJ
E:\DEV\BASICOCR\GSL\SRC\GSL\1.8\GSL-1.8\VC8\LIBGSL\DEBUG-STATICLIB\RANMAR.OBJ
E:\DEV\BASICOCR\GSL\SRC\GSL\1.8\GSL-1.8\VC8\LIBGSL\DEBUG-STATICLIB\RNG.OBJ
E:\DEV\BASICOCR\GSL\SRC\GSL\1.8\GSL-1.8\VC8\LIBGSL\DEBUG-STATICLIB\SLATEC.OBJ
E:\DEV\BASICOCR\GSL\SRC\GSL\1.8\GSL-1.8\VC8\LIBGSL\DEBUG-STATICLIB\TAUS.OBJ
E:\DEV\BASICOCR\GSL\SRC\GSL\1.8\GSL-1.8\VC8\LIBGSL\DEBUG-STATICLIB\TAUS113.OBJ
E:\DEV\BASICOCR\GSL\SRC\GSL\1.8\GSL-1.8\VC8\LIBGSL\DEBUG-STATICLIB\TRANSPUTER.OBJ
E:\DEV\BASICOCR\GSL\SRC\GSL\1.8\GSL-1.8\VC8\LIBGSL\DEBUG-STATICLIB\TT.OBJ
E:\DEV\BASICOCR\GSL\SRC\GSL\1.8\GSL-1.8\VC8\LIBGSL\DEBUG-STATICLIB\TYPES.OBJ
E:\DEV\BASICOCR\GSL\SRC\GSL\1.8\GSL-1.8\VC8\LIBGSL\DEBUG-STATICLIB\UNI.OBJ
E:\DEV\BASICOCR\GSL\SRC\GSL\1.8\GSL-1.8\VC8\LIBGSL\DEBUG-STATICLIB\UNI32.OBJ
E:\DEV\BASICOCR\GSL\SRC\GSL\1.8\GSL-1.8\VC8\LIBGSL\DEBUG-STATICLIB\VAX.OBJ
E:\DEV\BASICOCR\GSL\SRC\GSL\1.8\GSL-1.8\VC8\LIBGSL\DEBUG-STATICLIB\WATERMAN14.OBJ
E:\DEV\BASICOCR\GSL\SRC\GSL\1.8\GSL-1.8\VC8\LIBGSL\DEBUG-STATICLIB\ZUF.OBJ
E:\DEV\BASICOCR\GSL\SRC\GSL\1.8\GSL-1.8\VC8\LIBGSL\DEBUG-STATICLIB\BISECTION.OBJ
E:\DEV\BASICOCR\GSL\SRC\GSL\1.8\GSL-1.8\VC8\LIBGSL\DEBUG-STATICLIB\CMRG.OBJ
E:\DEV\BASICOCR\GSL\SRC\GSL\1.8\GSL-1.8\VC8\LIBGSL\DEBUG-STATICLIB\COVEYOU.OBJ
E:\DEV\BASICOCR\GSL\SRC\GSL\1.8\GSL-1.8\VC8\LIBGSL\DEBUG-STATICLIB\DEFAULT.OBJ
E:\DEV\BASICOCR\GSL\SRC\GSL\1.8\GSL-1.8\VC8\LIBGSL\DEBUG-STATICLIB\FISHMAN18.OBJ
E:\DEV\BASICOCR\GSL\SRC\GSL\1.8\GSL-1.8\VC8\LIBGSL\DEBUG-STATICLIB\FISHMAN20.OBJ
E:\DEV\BASICOCR\GSL\SRC\GSL\1.8\GSL-1.8\VC8\LIBGSL\DEBUG-STATICLIB\FISHMAN2X.OBJ
E:\DEV\BASICOCR\GSL\SRC\GSL\1.8\GSL-1.8\VC8\LIBGSL\DEBUG-STATICLIB\GFSR4.OBJ
E:\DEV\BASICOCR\GSL\SRC\GSL\1.8\GSL-1.8\VC8\LIBGSL\DEBUG-STATICLIB\KNUTHRAN.OBJ
E:\DEV\BASICOCR\GSL\SRC\GSL\1.8\GSL-1.8\VC8\LIBGSL\DEBUG-STATICLIB\KNUTHRAN2.OBJ
E:\DEV\BASICOCR\GSL\SRC\GSL\1.8\GSL-1.8\VC8\LIBGSL\DEBUG-STATICLIB\LECUYER21.OBJ
E:\DEV\BASICOCR\GSL\SRC\GSL\1.8\GSL-1.8\VC8\LIBGSL\DEBUG-STATICLIB\MINSTD.OBJ
E:\DEV\BASICOCR\GSL\SRC\GSL\1.8\GSL-1.8\VC8\LIBGSL\DEBUG-STATICLIB\MRG.OBJ
E:\DEV\BASICOCR\GSL\SRC\GSL\1.8\GSL-1.8\VC8\LIBGSL\DEBUG-STATICLIB\MT.OBJ
E:\DEV\BASICOCR\GSL\SRC\GSL\1.8\GSL-1.8\VC8\LIBGSL\DEBUG-STATICLIB\R250.OBJ
E:\DEV\BASICOCR\GSL\SRC\GSL\1.8\GSL-1.8\VC8\LIBGSL\DEBUG-STATICLIB\RAN0.OBJ
E:\DEV\BASICOCR\GSL\SRC\GSL\1.8\GSL-1.8\VC8\LIBGSL\DEBUG-STATICLIB\RAN1.OBJ
E:\DEV\BASICOCR\GSL\SRC\GSL\1.8\GSL-1.8\VC8\LIBGSL\DEBUG-STATICLIB\RAN2.OBJ
E:\DEV\BASICOCR\GSL\SRC\GSL\1.8\GSL-1.8\VC8\LIBGSL\DEBUG-STATICLIB\RAN3.OBJ
E:\DEV\BASICOCR\GSL\SRC\GSL\1.8\GSL-1.8\VC8\LIBGSL\DEBUG-STATICLIB\RAND.OBJ
E:\DEV\BASICOCR\GSL\SRC\GSL\1.8\GSL-1.8\VC8\LIBGSL\DEBUG-STATICLIB\RAND48.OBJ
E:\DEV\BASICOCR\GSL\SRC\GSL\1.8\GSL-1.8\VC8\LIBGSL\DEBUG-STATICLIB\BIGAUSS.OBJ
E:\DEV\BASICOCR\GSL\SRC\GSL\1.8\GSL-1.8\VC8\LIBGSL\DEBUG-STATICLIB\BINOMIAL.OBJ
E:\DEV\BASICOCR\GSL\SRC\GSL\1.8\GSL-1.8\VC8\LIBGSL\DEBUG-STATICLIB\BINOMIAL_TPE.OBJ
E:\DEV\BASICOCR\GSL\SRC\GSL\1.8\GSL-1.8\VC8\LIBGSL\DEBUG-STATICLIB\DIRICHLET.OBJ
E:\DEV\BASICOCR\GSL\SRC\GSL\1.8\GSL-1.8\VC8\LIBGSL\DEBUG-STATICLIB\DISCRETE.OBJ
E:\DEV\BASICOCR\GSL\SRC\GSL\1.8\GSL-1.8\VC8\LIBGSL\DEBUG-STATICLIB\ERLANG.OBJ
E:\DEV\BASICOCR\GSL\SRC\GSL\1.8\GSL-1.8\VC8\LIBGSL\DEBUG-STATICLIB\GAUSSTAIL.OBJ
E:\DEV\BASICOCR\GSL\SRC\GSL\1.8\GSL-1.8\VC8\LIBGSL\DEBUG-STATICLIB\GAUSSZIG.OBJ
E:\DEV\BASICOCR\GSL\SRC\GSL\1.8\GSL-1.8\VC8\LIBGSL\DEBUG-STATICLIB\GEOMETRIC.OBJ
E:\DEV\BASICOCR\GSL\SRC\GSL\1.8\GSL-1.8\VC8\LIBGSL\DEBUG-STATICLIB\GUMBEL.OBJ
E:\DEV\BASICOCR\GSL\SRC\GSL\1.8\GSL-1.8\VC8\LIBGSL\DEBUG-STATICLIB\LANDAU.OBJ
E:\DEV\BASICOCR\GSL\SRC\GSL\1.8\GSL-1.8\VC8\LIBGSL\DEBUG-STATICLIB\LEVY.OBJ
E:\DEV\BASICOCR\GSL\SRC\GSL\1.8\GSL-1.8\VC8\LIBGSL\DEBUG-STATICLIB\LOGARITHMIC.OBJ
E:\DEV\BASICOCR\GSL\SRC\GSL\1.8\GSL-1.8\VC8\LIBGSL\DEBUG-STATICLIB\MULTINOMIAL.OBJ
E:\DEV\BASICOCR\GSL\SRC\GSL\1.8\GSL-1.8\VC8\LIBGSL\DEBUG-STATICLIB\NBINOMIAL.OBJ
E:\DEV\BASICOCR\GSL\SRC\GSL\1.8\GSL-1.8\VC8\LIBGSL\DEBUG-STATICLIB\PASCAL.OBJ
E:\DEV\BASICOCR\GSL\SRC\GSL\1.8\GSL-1.8\VC8\LIBGSL\DEBUG-STATICLIB\POISSON.OBJ
E:\DEV\BASICOCR\GSL\SRC\GSL\1.8\GSL-1.8\VC8\LIBGSL\DEBUG-STATICLIB\SHUFFLE.OBJ
E:\DEV\BASICOCR\GSL\SRC\GSL\1.8\GSL-1.8\VC8\LIBGSL\DEBUG-STATICLIB\SPHERE.OBJ
E:\DEV\BASICOCR\GSL\SRC\GSL\1.8\GSL-1.8\VC8\LIBGSL\DEBUG-STATICLIB\BOROSH13.OBJ
E:\DEV\BASICOCR\GSL\SRC\GSL\1.8\GSL-1.8\VC8\LIBGSL\DEBUG-STATICLIB\RK4.OBJ
E:\DEV\BASICOCR\GSL\SRC\GSL\1.8\GSL-1.8\VC8\LIBGSL\DEBUG-STATICLIB\RK4IMP.OBJ
E:\DEV\BASICOCR\GSL\SRC\GSL\1.8\GSL-1.8\VC8\LIBGSL\DEBUG-STATICLIB\RK8PD.OBJ
E:\DEV\BASICOCR\GSL\SRC\GSL\1.8\GSL-1.8\VC8\LIBGSL\DEBUG-STATICLIB\RKCK.OBJ
E:\DEV\BASICOCR\GSL\SRC\GSL\1.8\GSL-1.8\VC8\LIBGSL\DEBUG-STATICLIB\RKF45.OBJ
E:\DEV\BASICOCR\GSL\SRC\GSL\1.8\GSL-1.8\VC8\LIBGSL\DEBUG-STATICLIB\STEP.OBJ
E:\DEV\BASICOCR\GSL\SRC\GSL\1.8\GSL-1.8\VC8\LIBGSL\DEBUG-STATICLIB\CANONICAL.OBJ
E:\DEV\BASICOCR\GSL\SRC\GSL\1.8\GSL-1.8\VC8\LIBGSL\DEBUG-STATICLIB\PERMUTATION.OBJ
E:\DEV\BASICOCR\GSL\SRC\GSL\1.8\GSL-1.8\VC8\LIBGSL\DEBUG-STATICLIB\PERMUTE.OBJ
E:\DEV\BASICOCR\GSL\SRC\GSL\1.8\GSL-1.8\VC8\LIBGSL\DEBUG-STATICLIB\DD.OBJ
E:\DEV\BASICOCR\GSL\SRC\GSL\1.8\GSL-1.8\VC8\LIBGSL\DEBUG-STATICLIB\SOLVE_CUBIC.OBJ
E:\DEV\BASICOCR\GSL\SRC\GSL\1.8\GSL-1.8\VC8\LIBGSL\DEBUG-STATICLIB\SOLVE_QUADRATIC.OBJ
E:\DEV\BASICOCR\GSL\SRC\GSL\1.8\GSL-1.8\VC8\LIBGSL\DEBUG-STATICLIB\ZSOLVE.OBJ
E:\DEV\BASICOCR\GSL\SRC\GSL\1.8\GSL-1.8\VC8\LIBGSL\DEBUG-STATICLIB\ZSOLVE_CUBIC.OBJ
E:\DEV\BASICOCR\GSL\SRC\GSL\1.8\GSL-1.8\VC8\LIBGSL\DEBUG-STATICLIB\ZSOLVE_INIT.OBJ
E:\DEV\BASICOCR\GSL\SRC\GSL\1.8\GSL-1.8\VC8\LIBGSL\DEBUG-STATICLIB\ZSOLVE_QUADRATIC.OBJ
E:\DEV\BASICOCR\GSL\SRC\GSL\1.8\GSL-1.8\VC8\LIBGSL\DEBUG-STATICLIB\NIEDERREITER-2.OBJ
E:\DEV\BASICOCR\GSL\SRC\GSL\1.8\GSL-1.8\VC8\LIBGSL\DEBUG-STATICLIB\QRNG.OBJ
E:\DEV\BASICOCR\GSL\SRC\GSL\1.8\GSL-1.8\VC8\LIBGSL\DEBUG-STATICLIB\SOBOL.OBJ
E:\DEV\BASICOCR\GSL\SRC\GSL\1.8\GSL-1.8\VC8\LIBGSL\DEBUG-STATICLIB\BERNOULLI.OBJ
E:\DEV\BASICOCR\GSL\SRC\GSL\1.8\GSL-1.8\VC8\LIBGSL\DEBUG-STATICLIB\STEEPEST_DESCENT.OBJ
E:\DEV\BASICOCR\GSL\SRC\GSL\1.8\GSL-1.8\VC8\LIBGSL\DEBUG-STATICLIB\VECTOR_BFGS.OBJ
E:\DEV\BASICOCR\GSL\SRC\GSL\1.8\GSL-1.8\VC8\LIBGSL\DEBUG-STATICLIB\BROYDEN.OBJ
E:\DEV\BASICOCR\GSL\SRC\GSL\1.8\GSL-1.8\VC8\LIBGSL\DEBUG-STATICLIB\DNEWTON.OBJ
E:\DEV\BASICOCR\GSL\SRC\GSL\1.8\GSL-1.8\VC8\LIBGSL\DEBUG-STATICLIB\FDJAC.OBJ
E:\DEV\BASICOCR\GSL\SRC\GSL\1.8\GSL-1.8\VC8\LIBGSL\DEBUG-STATICLIB\GNEWTON.OBJ
E:\DEV\BASICOCR\GSL\SRC\GSL\1.8\GSL-1.8\VC8\LIBGSL\DEBUG-STATICLIB\HYBRID.OBJ
E:\DEV\BASICOCR\GSL\SRC\GSL\1.8\GSL-1.8\VC8\LIBGSL\DEBUG-STATICLIB\HYBRIDJ.OBJ
E:\DEV\BASICOCR\GSL\SRC\GSL\1.8\GSL-1.8\VC8\LIBGSL\DEBUG-STATICLIB\NEWTON.OBJ
E:\DEV\BASICOCR\GSL\SRC\GSL\1.8\GSL-1.8\VC8\LIBGSL\DEBUG-STATICLIB\NTUPLE.OBJ
E:\DEV\BASICOCR\GSL\SRC\GSL\1.8\GSL-1.8\VC8\LIBGSL\DEBUG-STATICLIB\BSIMP.OBJ
E:\DEV\BASICOCR\GSL\SRC\GSL\1.8\GSL-1.8\VC8\LIBGSL\DEBUG-STATICLIB\CONTROL.OBJ
E:\DEV\BASICOCR\GSL\SRC\GSL\1.8\GSL-1.8\VC8\LIBGSL\DEBUG-STATICLIB\CSCAL.OBJ
E:\DEV\BASICOCR\GSL\SRC\GSL\1.8\GSL-1.8\VC8\LIBGSL\DEBUG-STATICLIB\CSTD.OBJ
E:\DEV\BASICOCR\GSL\SRC\GSL\1.8\GSL-1.8\VC8\LIBGSL\DEBUG-STATICLIB\EVOLVE.OBJ
E:\DEV\BASICOCR\GSL\SRC\GSL\1.8\GSL-1.8\VC8\LIBGSL\DEBUG-STATICLIB\GEAR1.OBJ
E:\DEV\BASICOCR\GSL\SRC\GSL\1.8\GSL-1.8\VC8\LIBGSL\DEBUG-STATICLIB\GEAR2.OBJ
E:\DEV\BASICOCR\GSL\SRC\GSL\1.8\GSL-1.8\VC8\LIBGSL\DEBUG-STATICLIB\RK2.OBJ
E:\DEV\BASICOCR\GSL\SRC\GSL\1.8\GSL-1.8\VC8\LIBGSL\DEBUG-STATICLIB\RK2IMP.OBJ
E:\DEV\BASICOCR\GSL\SRC\GSL\1.8\GSL-1.8\VC8\LIBGSL\DEBUG-STATICLIB\RK2SIMP.OBJ
E:\DEV\BASICOCR\GSL\SRC\GSL\1.8\GSL-1.8\VC8\LIBGSL\DEBUG-STATICLIB\VIEW.OBJ
E:\DEV\BASICOCR\GSL\SRC\GSL\1.8\GSL-1.8\VC8\LIBGSL\DEBUG-STATICLIB\BRACKETING.OBJ
E:\DEV\BASICOCR\GSL\SRC\GSL\1.8\GSL-1.8\VC8\LIBGSL\DEBUG-STATICLIB\BRENT.OBJ
E:\DEV\BASICOCR\GSL\SRC\GSL\1.8\GSL-1.8\VC8\LIBGSL\DEBUG-STATICLIB\CONVERGENCE.OBJ
E:\DEV\BASICOCR\GSL\SRC\GSL\1.8\GSL-1.8\VC8\LIBGSL\DEBUG-STATICLIB\FSOLVER.OBJ
E:\DEV\BASICOCR\GSL\SRC\GSL\1.8\GSL-1.8\VC8\LIBGSL\DEBUG-STATICLIB\GOLDEN.OBJ
E:\DEV\BASICOCR\GSL\SRC\GSL\1.8\GSL-1.8\VC8\LIBGSL\DEBUG-STATICLIB\MISER.OBJ
E:\DEV\BASICOCR\GSL\SRC\GSL\1.8\GSL-1.8\VC8\LIBGSL\DEBUG-STATICLIB\PLAIN.OBJ
E:\DEV\BASICOCR\GSL\SRC\GSL\1.8\GSL-1.8\VC8\LIBGSL\DEBUG-STATICLIB\VEGAS.OBJ
E:\DEV\BASICOCR\GSL\SRC\GSL\1.8\GSL-1.8\VC8\LIBGSL\DEBUG-STATICLIB\COVAR.OBJ
E:\DEV\BASICOCR\GSL\SRC\GSL\1.8\GSL-1.8\VC8\LIBGSL\DEBUG-STATICLIB\FDFSOLVER.OBJ
E:\DEV\BASICOCR\GSL\SRC\GSL\1.8\GSL-1.8\VC8\LIBGSL\DEBUG-STATICLIB\GRADIENT.OBJ
E:\DEV\BASICOCR\GSL\SRC\GSL\1.8\GSL-1.8\VC8\LIBGSL\DEBUG-STATICLIB\LMDER.OBJ
E:\DEV\BASICOCR\GSL\SRC\GSL\1.8\GSL-1.8\VC8\LIBGSL\DEBUG-STATICLIB\MULTILINEAR.OBJ
E:\DEV\BASICOCR\GSL\SRC\GSL\1.8\GSL-1.8\VC8\LIBGSL\DEBUG-STATICLIB\WORK.OBJ
E:\DEV\BASICOCR\GSL\SRC\GSL\1.8\GSL-1.8\VC8\LIBGSL\DEBUG-STATICLIB\CONJUGATE_FR.OBJ
E:\DEV\BASICOCR\GSL\SRC\GSL\1.8\GSL-1.8\VC8\LIBGSL\DEBUG-STATICLIB\CONJUGATE_PR.OBJ
E:\DEV\BASICOCR\GSL\SRC\GSL\1.8\GSL-1.8\VC8\LIBGSL\DEBUG-STATICLIB\FDFMINIMIZER.OBJ
E:\DEV\BASICOCR\GSL\SRC\GSL\1.8\GSL-1.8\VC8\LIBGSL\DEBUG-STATICLIB\FMINIMIZER.OBJ
E:\DEV\BASICOCR\GSL\SRC\GSL\1.8\GSL-1.8\VC8\LIBGSL\DEBUG-STATICLIB\SIMPLEX.OBJ
E:\DEV\BASICOCR\GSL\SRC\GSL\1.8\GSL-1.8\VC8\LIBGSL\DEBUG-STATICLIB\HERMTD.OBJ
E:\DEV\BASICOCR\GSL\SRC\GSL\1.8\GSL-1.8\VC8\LIBGSL\DEBUG-STATICLIB\HH.OBJ
E:\DEV\BASICOCR\GSL\SRC\GSL\1.8\GSL-1.8\VC8\LIBGSL\DEBUG-STATICLIB\HOUSEHOLDER.OBJ
E:\DEV\BASICOCR\GSL\SRC\GSL\1.8\GSL-1.8\VC8\LIBGSL\DEBUG-STATICLIB\HOUSEHOLDERCOMPLEX.OBJ
E:\DEV\BASICOCR\GSL\SRC\GSL\1.8\GSL-1.8\VC8\LIBGSL\DEBUG-STATICLIB\LQ.OBJ
E:\DEV\BASICOCR\GSL\SRC\GSL\1.8\GSL-1.8\VC8\LIBGSL\DEBUG-STATICLIB\LU.OBJ
E:\DEV\BASICOCR\GSL\SRC\GSL\1.8\GSL-1.8\VC8\LIBGSL\DEBUG-STATICLIB\LUC.OBJ
E:\DEV\BASICOCR\GSL\SRC\GSL\1.8\GSL-1.8\VC8\LIBGSL\DEBUG-STATICLIB\MULTIPLY.OBJ
E:\DEV\BASICOCR\GSL\SRC\GSL\1.8\GSL-1.8\VC8\LIBGSL\DEBUG-STATICLIB\PTLQ.OBJ
E:\DEV\BASICOCR\GSL\SRC\GSL\1.8\GSL-1.8\VC8\LIBGSL\DEBUG-STATICLIB\QR.OBJ
E:\DEV\BASICOCR\GSL\SRC\GSL\1.8\GSL-1.8\VC8\LIBGSL\DEBUG-STATICLIB\QRPT.OBJ
E:\DEV\BASICOCR\GSL\SRC\GSL\1.8\GSL-1.8\VC8\LIBGSL\DEBUG-STATICLIB\SVD.OBJ
E:\DEV\BASICOCR\GSL\SRC\GSL\1.8\GSL-1.8\VC8\LIBGSL\DEBUG-STATICLIB\SYMMTD.OBJ
E:\DEV\BASICOCR\GSL\SRC\GSL\1.8\GSL-1.8\VC8\LIBGSL\DEBUG-STATICLIB\TRIDIAG.OBJ
E:\DEV\BASICOCR\GSL\SRC\GSL\1.8\GSL-1.8\VC8\LIBGSL\DEBUG-STATICLIB\GETSET.OBJ
E:\DEV\BASICOCR\GSL\SRC\GSL\1.8\GSL-1.8\VC8\LIBGSL\DEBUG-STATICLIB\MATRIX.OBJ
E:\DEV\BASICOCR\GSL\SRC\GSL\1.8\GSL-1.8\VC8\LIBGSL\DEBUG-STATICLIB\PROP.OBJ
E:\DEV\BASICOCR\GSL\SRC\GSL\1.8\GSL-1.8\VC8\LIBGSL\DEBUG-STATICLIB\ROWCOL.OBJ
E:\DEV\BASICOCR\GSL\SRC\GSL\1.8\GSL-1.8\VC8\LIBGSL\DEBUG-STATICLIB\SUBMATRIX.OBJ
E:\DEV\BASICOCR\GSL\SRC\GSL\1.8\GSL-1.8\VC8\LIBGSL\DEBUG-STATICLIB\SWAP.OBJ
E:\DEV\BASICOCR\GSL\SRC\GSL\1.8\GSL-1.8\VC8\LIBGSL\DEBUG-STATICLIB\QK15.OBJ
E:\DEV\BASICOCR\GSL\SRC\GSL\1.8\GSL-1.8\VC8\LIBGSL\DEBUG-STATICLIB\QK21.OBJ
E:\DEV\BASICOCR\GSL\SRC\GSL\1.8\GSL-1.8\VC8\LIBGSL\DEBUG-STATICLIB\QK31.OBJ
E:\DEV\BASICOCR\GSL\SRC\GSL\1.8\GSL-1.8\VC8\LIBGSL\DEBUG-STATICLIB\QK41.OBJ
E:\DEV\BASICOCR\GSL\SRC\GSL\1.8\GSL-1.8\VC8\LIBGSL\DEBUG-STATICLIB\QK51.OBJ
E:\DEV\BASICOCR\GSL\SRC\GSL\1.8\GSL-1.8\VC8\LIBGSL\DEBUG-STATICLIB\QK61.OBJ
E:\DEV\BASICOCR\GSL\SRC\GSL\1.8\GSL-1.8\VC8\LIBGSL\DEBUG-STATICLIB\QMOMO.OBJ
E:\DEV\BASICOCR\GSL\SRC\GSL\1.8\GSL-1.8\VC8\LIBGSL\DEBUG-STATICLIB\QMOMOF.OBJ
E:\DEV\BASICOCR\GSL\SRC\GSL\1.8\GSL-1.8\VC8\LIBGSL\DEBUG-STATICLIB\QNG.OBJ
E:\DEV\BASICOCR\GSL\SRC\GSL\1.8\GSL-1.8\VC8\LIBGSL\DEBUG-STATICLIB\WORKSPACE.OBJ
E:\DEV\BASICOCR\GSL\SRC\GSL\1.8\GSL-1.8\VC8\LIBGSL\DEBUG-STATICLIB\ACCEL.OBJ
E:\DEV\BASICOCR\GSL\SRC\GSL\1.8\GSL-1.8\VC8\LIBGSL\DEBUG-STATICLIB\AKIMA.OBJ
E:\DEV\BASICOCR\GSL\SRC\GSL\1.8\GSL-1.8\VC8\LIBGSL\DEBUG-STATICLIB\BSEARCH.OBJ
E:\DEV\BASICOCR\GSL\SRC\GSL\1.8\GSL-1.8\VC8\LIBGSL\DEBUG-STATICLIB\CSPLINE.OBJ
E:\DEV\BASICOCR\GSL\SRC\GSL\1.8\GSL-1.8\VC8\LIBGSL\DEBUG-STATICLIB\INTERP.OBJ
E:\DEV\BASICOCR\GSL\SRC\GSL\1.8\GSL-1.8\VC8\LIBGSL\DEBUG-STATICLIB\POLY.OBJ
E:\DEV\BASICOCR\GSL\SRC\GSL\1.8\GSL-1.8\VC8\LIBGSL\DEBUG-STATICLIB\SPLINE.OBJ
E:\DEV\BASICOCR\GSL\SRC\GSL\1.8\GSL-1.8\VC8\LIBGSL\DEBUG-STATICLIB\BALANCE.OBJ
E:\DEV\BASICOCR\GSL\SRC\GSL\1.8\GSL-1.8\VC8\LIBGSL\DEBUG-STATICLIB\BIDIAG.OBJ
E:\DEV\BASICOCR\GSL\SRC\GSL\1.8\GSL-1.8\VC8\LIBGSL\DEBUG-STATICLIB\CHOLESKY.OBJ
E:\DEV\BASICOCR\GSL\SRC\GSL\1.8\GSL-1.8\VC8\LIBGSL\DEBUG-STATICLIB\PDF.OBJ
E:\DEV\BASICOCR\GSL\SRC\GSL\1.8\GSL-1.8\VC8\LIBGSL\DEBUG-STATICLIB\PDF2D.OBJ
E:\DEV\BASICOCR\GSL\SRC\GSL\1.8\GSL-1.8\VC8\LIBGSL\DEBUG-STATICLIB\RESET.OBJ
E:\DEV\BASICOCR\GSL\SRC\GSL\1.8\GSL-1.8\VC8\LIBGSL\DEBUG-STATICLIB\RESET2D.OBJ
E:\DEV\BASICOCR\GSL\SRC\GSL\1.8\GSL-1.8\VC8\LIBGSL\DEBUG-STATICLIB\STAT.OBJ
E:\DEV\BASICOCR\GSL\SRC\GSL\1.8\GSL-1.8\VC8\LIBGSL\DEBUG-STATICLIB\STAT2D.OBJ
E:\DEV\BASICOCR\GSL\SRC\GSL\1.8\GSL-1.8\VC8\LIBGSL\DEBUG-STATICLIB\ENV.OBJ
E:\DEV\BASICOCR\GSL\SRC\GSL\1.8\GSL-1.8\VC8\LIBGSL\DEBUG-STATICLIB\FP.OBJ
E:\DEV\BASICOCR\GSL\SRC\GSL\1.8\GSL-1.8\VC8\LIBGSL\DEBUG-STATICLIB\MAKE_REP.OBJ
E:\DEV\BASICOCR\GSL\SRC\GSL\1.8\GSL-1.8\VC8\LIBGSL\DEBUG-STATICLIB\PRINT.OBJ
E:\DEV\BASICOCR\GSL\SRC\GSL\1.8\GSL-1.8\VC8\LIBGSL\DEBUG-STATICLIB\READ.OBJ
E:\DEV\BASICOCR\GSL\SRC\GSL\1.8\GSL-1.8\VC8\LIBGSL\DEBUG-STATICLIB\QAG.OBJ
E:\DEV\BASICOCR\GSL\SRC\GSL\1.8\GSL-1.8\VC8\LIBGSL\DEBUG-STATICLIB\QAGP.OBJ
E:\DEV\BASICOCR\GSL\SRC\GSL\1.8\GSL-1.8\VC8\LIBGSL\DEBUG-STATICLIB\QAGS.OBJ
E:\DEV\BASICOCR\GSL\SRC\GSL\1.8\GSL-1.8\VC8\LIBGSL\DEBUG-STATICLIB\QAWC.OBJ
E:\DEV\BASICOCR\GSL\SRC\GSL\1.8\GSL-1.8\VC8\LIBGSL\DEBUG-STATICLIB\QAWF.OBJ
E:\DEV\BASICOCR\GSL\SRC\GSL\1.8\GSL-1.8\VC8\LIBGSL\DEBUG-STATICLIB\QAWO.OBJ
E:\DEV\BASICOCR\GSL\SRC\GSL\1.8\GSL-1.8\VC8\LIBGSL\DEBUG-STATICLIB\QAWS.OBJ
E:\DEV\BASICOCR\GSL\SRC\GSL\1.8\GSL-1.8\VC8\LIBGSL\DEBUG-STATICLIB\QCHEB.OBJ
E:\DEV\BASICOCR\GSL\SRC\GSL\1.8\GSL-1.8\VC8\LIBGSL\DEBUG-STATICLIB\QK.OBJ
E:\DEV\BASICOCR\GSL\SRC\GSL\1.8\GSL-1.8\VC8\LIBGSL\DEBUG-STATICLIB\STRERROR.OBJ
E:\DEV\BASICOCR\GSL\SRC\GSL\1.8\GSL-1.8\VC8\LIBGSL\DEBUG-STATICLIB\DFT.OBJ
E:\DEV\BASICOCR\GSL\SRC\GSL\1.8\GSL-1.8\VC8\LIBGSL\DEBUG-STATICLIB\FFT.OBJ
E:\DEV\BASICOCR\GSL\SRC\GSL\1.8\GSL-1.8\VC8\LIBGSL\DEBUG-STATICLIB\LINEAR.OBJ
E:\DEV\BASICOCR\GSL\SRC\GSL\1.8\GSL-1.8\VC8\LIBGSL\DEBUG-STATICLIB\ADD.OBJ
E:\DEV\BASICOCR\GSL\SRC\GSL\1.8\GSL-1.8\VC8\LIBGSL\DEBUG-STATICLIB\ADD2D.OBJ
E:\DEV\BASICOCR\GSL\SRC\GSL\1.8\GSL-1.8\VC8\LIBGSL\DEBUG-STATICLIB\CALLOC_RANGE.OBJ
E:\DEV\BASICOCR\GSL\SRC\GSL\1.8\GSL-1.8\VC8\LIBGSL\DEBUG-STATICLIB\CALLOC_RANGE2D.OBJ
E:\DEV\BASICOCR\GSL\SRC\GSL\1.8\GSL-1.8\VC8\LIBGSL\DEBUG-STATICLIB\COPY.OBJ
E:\DEV\BASICOCR\GSL\SRC\GSL\1.8\GSL-1.8\VC8\LIBGSL\DEBUG-STATICLIB\COPY2D.OBJ
E:\DEV\BASICOCR\GSL\SRC\GSL\1.8\GSL-1.8\VC8\LIBGSL\DEBUG-STATICLIB\FILE2D.OBJ
E:\DEV\BASICOCR\GSL\SRC\GSL\1.8\GSL-1.8\VC8\LIBGSL\DEBUG-STATICLIB\GET.OBJ
E:\DEV\BASICOCR\GSL\SRC\GSL\1.8\GSL-1.8\VC8\LIBGSL\DEBUG-STATICLIB\GET2D.OBJ
E:\DEV\BASICOCR\GSL\SRC\GSL\1.8\GSL-1.8\VC8\LIBGSL\DEBUG-STATICLIB\INIT2D.OBJ
E:\DEV\BASICOCR\GSL\SRC\GSL\1.8\GSL-1.8\VC8\LIBGSL\DEBUG-STATICLIB\MAXVAL.OBJ
E:\DEV\BASICOCR\GSL\SRC\GSL\1.8\GSL-1.8\VC8\LIBGSL\DEBUG-STATICLIB\MAXVAL2D.OBJ
E:\DEV\BASICOCR\GSL\SRC\GSL\1.8\GSL-1.8\VC8\LIBGSL\DEBUG-STATICLIB\OPER.OBJ
E:\DEV\BASICOCR\GSL\SRC\GSL\1.8\GSL-1.8\VC8\LIBGSL\DEBUG-STATICLIB\OPER2D.OBJ
E:\DEV\BASICOCR\GSL\SRC\GSL\1.8\GSL-1.8\VC8\LIBGSL\DEBUG-STATICLIB\PARAMS.OBJ
E:\DEV\BASICOCR\GSL\SRC\GSL\1.8\GSL-1.8\VC8\LIBGSL\DEBUG-STATICLIB\PARAMS2D.OBJ
E:\DEV\BASICOCR\GSL\SRC\GSL\1.8\GSL-1.8\VC8\LIBGSL\DEBUG-STATICLIB\TDIST.OBJ
E:\DEV\BASICOCR\GSL\SRC\GSL\1.8\GSL-1.8\VC8\LIBGSL\DEBUG-STATICLIB\TDISTINV.OBJ
E:\DEV\BASICOCR\GSL\SRC\GSL\1.8\GSL-1.8\VC8\LIBGSL\DEBUG-STATICLIB\WEIBULL.OBJ
E:\DEV\BASICOCR\GSL\SRC\GSL\1.8\GSL-1.8\VC8\LIBGSL\DEBUG-STATICLIB\WEIBULLINV.OBJ
E:\DEV\BASICOCR\GSL\SRC\GSL\1.8\GSL-1.8\VC8\LIBGSL\DEBUG-STATICLIB\DERIV.OBJ
E:\DEV\BASICOCR\GSL\SRC\GSL\1.8\GSL-1.8\VC8\LIBGSL\DEBUG-STATICLIB\EVAL.OBJ
E:\DEV\BASICOCR\GSL\SRC\GSL\1.8\GSL-1.8\VC8\LIBGSL\DEBUG-STATICLIB\INTEG.OBJ
E:\DEV\BASICOCR\GSL\SRC\GSL\1.8\GSL-1.8\VC8\LIBGSL\DEBUG-STATICLIB\COMBINATION.OBJ
E:\DEV\BASICOCR\GSL\SRC\GSL\1.8\GSL-1.8\VC8\LIBGSL\DEBUG-STATICLIB\MATH.OBJ
E:\DEV\BASICOCR\GSL\SRC\GSL\1.8\GSL-1.8\VC8\LIBGSL\DEBUG-STATICLIB\DHT.OBJ
E:\DEV\BASICOCR\GSL\SRC\GSL\1.8\GSL-1.8\VC8\LIBGSL\DEBUG-STATICLIB\DIFF.OBJ
E:\DEV\BASICOCR\GSL\SRC\GSL\1.8\GSL-1.8\VC8\LIBGSL\DEBUG-STATICLIB\HERM.OBJ
E:\DEV\BASICOCR\GSL\SRC\GSL\1.8\GSL-1.8\VC8\LIBGSL\DEBUG-STATICLIB\HERMV.OBJ
E:\DEV\BASICOCR\GSL\SRC\GSL\1.8\GSL-1.8\VC8\LIBGSL\DEBUG-STATICLIB\JACOBI.OBJ
E:\DEV\BASICOCR\GSL\SRC\GSL\1.8\GSL-1.8\VC8\LIBGSL\DEBUG-STATICLIB\SORT.OBJ
E:\DEV\BASICOCR\GSL\SRC\GSL\1.8\GSL-1.8\VC8\LIBGSL\DEBUG-STATICLIB\SYMM.OBJ
E:\DEV\BASICOCR\GSL\SRC\GSL\1.8\GSL-1.8\VC8\LIBGSL\DEBUG-STATICLIB\SYMMV.OBJ
E:\DEV\BASICOCR\GSL\SRC\GSL\1.8\GSL-1.8\VC8\LIBGSL\DEBUG-STATICLIB\ERROR.OBJ
E:\DEV\BASICOCR\GSL\SRC\GSL\1.8\GSL-1.8\VC8\LIBGSL\DEBUG-STATICLIB\MESSAGE.OBJ
E:\DEV\BASICOCR\GSL\SRC\GSL\1.8\GSL-1.8\VC8\LIBGSL\DEBUG-STATICLIB\STREAM.OBJ
E:\DEV\BASICOCR\GSL\SRC\GSL\1.8\GSL-1.8\VC8\LIBGSL\DEBUG-STATICLIB\FLATINV.OBJ
E:\DEV\BASICOCR\GSL\SRC\GSL\1.8\GSL-1.8\VC8\LIBGSL\DEBUG-STATICLIB\GAMMA.OBJ
E:\DEV\BASICOCR\GSL\SRC\GSL\1.8\GSL-1.8\VC8\LIBGSL\DEBUG-STATICLIB\GAMMAINV.OBJ
E:\DEV\BASICOCR\GSL\SRC\GSL\1.8\GSL-1.8\VC8\LIBGSL\DEBUG-STATICLIB\GAUSS.OBJ
E:\DEV\BASICOCR\GSL\SRC\GSL\1.8\GSL-1.8\VC8\LIBGSL\DEBUG-STATICLIB\GAUSSINV.OBJ
E:\DEV\BASICOCR\GSL\SRC\GSL\1.8\GSL-1.8\VC8\LIBGSL\DEBUG-STATICLIB\GUMBEL1.OBJ
E:\DEV\BASICOCR\GSL\SRC\GSL\1.8\GSL-1.8\VC8\LIBGSL\DEBUG-STATICLIB\GUMBEL1INV.OBJ
E:\DEV\BASICOCR\GSL\SRC\GSL\1.8\GSL-1.8\VC8\LIBGSL\DEBUG-STATICLIB\GUMBEL2.OBJ
E:\DEV\BASICOCR\GSL\SRC\GSL\1.8\GSL-1.8\VC8\LIBGSL\DEBUG-STATICLIB\GUMBEL2INV.OBJ
E:\DEV\BASICOCR\GSL\SRC\GSL\1.8\GSL-1.8\VC8\LIBGSL\DEBUG-STATICLIB\HYPERGEOMETRIC.OBJ
E:\DEV\BASICOCR\GSL\SRC\GSL\1.8\GSL-1.8\VC8\LIBGSL\DEBUG-STATICLIB\LAPLACE.OBJ
E:\DEV\BASICOCR\GSL\SRC\GSL\1.8\GSL-1.8\VC8\LIBGSL\DEBUG-STATICLIB\LAPLACEINV.OBJ
E:\DEV\BASICOCR\GSL\SRC\GSL\1.8\GSL-1.8\VC8\LIBGSL\DEBUG-STATICLIB\LOGISTIC.OBJ
E:\DEV\BASICOCR\GSL\SRC\GSL\1.8\GSL-1.8\VC8\LIBGSL\DEBUG-STATICLIB\LOGISTICINV.OBJ
E:\DEV\BASICOCR\GSL\SRC\GSL\1.8\GSL-1.8\VC8\LIBGSL\DEBUG-STATICLIB\LOGNORMAL.OBJ
E:\DEV\BASICOCR\GSL\SRC\GSL\1.8\GSL-1.8\VC8\LIBGSL\DEBUG-STATICLIB\LOGNORMALINV.OBJ
E:\DEV\BASICOCR\GSL\SRC\GSL\1.8\GSL-1.8\VC8\LIBGSL\DEBUG-STATICLIB\PARETO.OBJ
E:\DEV\BASICOCR\GSL\SRC\GSL\1.8\GSL-1.8\VC8\LIBGSL\DEBUG-STATICLIB\PARETOINV.OBJ
E:\DEV\BASICOCR\GSL\SRC\GSL\1.8\GSL-1.8\VC8\LIBGSL\DEBUG-STATICLIB\RAYLEIGH.OBJ
E:\DEV\BASICOCR\GSL\SRC\GSL\1.8\GSL-1.8\VC8\LIBGSL\DEBUG-STATICLIB\RAYLEIGHINV.OBJ
E:\DEV\BASICOCR\GSL\SRC\GSL\1.8\GSL-1.8\VC8\LIBGSL\DEBUG-STATICLIB\ZTBMV.OBJ
E:\DEV\BASICOCR\GSL\SRC\GSL\1.8\GSL-1.8\VC8\LIBGSL\DEBUG-STATICLIB\ZTBSV.OBJ
E:\DEV\BASICOCR\GSL\SRC\GSL\1.8\GSL-1.8\VC8\LIBGSL\DEBUG-STATICLIB\ZTPMV.OBJ
E:\DEV\BASICOCR\GSL\SRC\GSL\1.8\GSL-1.8\VC8\LIBGSL\DEBUG-STATICLIB\ZTPSV.OBJ
E:\DEV\BASICOCR\GSL\SRC\GSL\1.8\GSL-1.8\VC8\LIBGSL\DEBUG-STATICLIB\ZTRMM.OBJ
E:\DEV\BASICOCR\GSL\SRC\GSL\1.8\GSL-1.8\VC8\LIBGSL\DEBUG-STATICLIB\ZTRMV.OBJ
E:\DEV\BASICOCR\GSL\SRC\GSL\1.8\GSL-1.8\VC8\LIBGSL\DEBUG-STATICLIB\ZTRSM.OBJ
E:\DEV\BASICOCR\GSL\SRC\GSL\1.8\GSL-1.8\VC8\LIBGSL\DEBUG-STATICLIB\ZTRSV.OBJ
E:\DEV\BASICOCR\GSL\SRC\GSL\1.8\GSL-1.8\VC8\LIBGSL\DEBUG-STATICLIB\BETA.OBJ
E:\DEV\BASICOCR\GSL\SRC\GSL\1.8\GSL-1.8\VC8\LIBGSL\DEBUG-STATICLIB\BETAINV.OBJ
E:\DEV\BASICOCR\GSL\SRC\GSL\1.8\GSL-1.8\VC8\LIBGSL\DEBUG-STATICLIB\CAUCHY.OBJ
E:\DEV\BASICOCR\GSL\SRC\GSL\1.8\GSL-1.8\VC8\LIBGSL\DEBUG-STATICLIB\CAUCHYINV.OBJ
E:\DEV\BASICOCR\GSL\SRC\GSL\1.8\GSL-1.8\VC8\LIBGSL\DEBUG-STATICLIB\CHISQ.OBJ
E:\DEV\BASICOCR\GSL\SRC\GSL\1.8\GSL-1.8\VC8\LIBGSL\DEBUG-STATICLIB\CHISQINV.OBJ
E:\DEV\BASICOCR\GSL\SRC\GSL\1.8\GSL-1.8\VC8\LIBGSL\DEBUG-STATICLIB\EXPONENTIAL.OBJ
E:\DEV\BASICOCR\GSL\SRC\GSL\1.8\GSL-1.8\VC8\LIBGSL\DEBUG-STATICLIB\EXPONENTIALINV.OBJ
E:\DEV\BASICOCR\GSL\SRC\GSL\1.8\GSL-1.8\VC8\LIBGSL\DEBUG-STATICLIB\EXPPOW.OBJ
E:\DEV\BASICOCR\GSL\SRC\GSL\1.8\GSL-1.8\VC8\LIBGSL\DEBUG-STATICLIB\FDIST.OBJ
E:\DEV\BASICOCR\GSL\SRC\GSL\1.8\GSL-1.8\VC8\LIBGSL\DEBUG-STATICLIB\FDISTINV.OBJ
E:\DEV\BASICOCR\GSL\SRC\GSL\1.8\GSL-1.8\VC8\LIBGSL\DEBUG-STATICLIB\FLAT.OBJ
E:\DEV\BASICOCR\GSL\SRC\GSL\1.8\GSL-1.8\VC8\LIBGSL\DEBUG-STATICLIB\ZGBMV.OBJ
E:\DEV\BASICOCR\GSL\SRC\GSL\1.8\GSL-1.8\VC8\LIBGSL\DEBUG-STATICLIB\ZGEMM.OBJ
E:\DEV\BASICOCR\GSL\SRC\GSL\1.8\GSL-1.8\VC8\LIBGSL\DEBUG-STATICLIB\ZGEMV.OBJ
E:\DEV\BASICOCR\GSL\SRC\GSL\1.8\GSL-1.8\VC8\LIBGSL\DEBUG-STATICLIB\ZGERC.OBJ
E:\DEV\BASICOCR\GSL\SRC\GSL\1.8\GSL-1.8\VC8\LIBGSL\DEBUG-STATICLIB\ZGERU.OBJ
E:\DEV\BASICOCR\GSL\SRC\GSL\1.8\GSL-1.8\VC8\LIBGSL\DEBUG-STATICLIB\ZHBMV.OBJ
E:\DEV\BASICOCR\GSL\SRC\GSL\1.8\GSL-1.8\VC8\LIBGSL\DEBUG-STATICLIB\ZHEMM.OBJ
E:\DEV\BASICOCR\GSL\SRC\GSL\1.8\GSL-1.8\VC8\LIBGSL\DEBUG-STATICLIB\ZHEMV.OBJ
E:\DEV\BASICOCR\GSL\SRC\GSL\1.8\GSL-1.8\VC8\LIBGSL\DEBUG-STATICLIB\ZHER.OBJ
E:\DEV\BASICOCR\GSL\SRC\GSL\1.8\GSL-1.8\VC8\LIBGSL\DEBUG-STATICLIB\ZHER2.OBJ
E:\DEV\BASICOCR\GSL\SRC\GSL\1.8\GSL-1.8\VC8\LIBGSL\DEBUG-STATICLIB\ZHER2K.OBJ
E:\DEV\BASICOCR\GSL\SRC\GSL\1.8\GSL-1.8\VC8\LIBGSL\DEBUG-STATICLIB\ZHERK.OBJ
E:\DEV\BASICOCR\GSL\SRC\GSL\1.8\GSL-1.8\VC8\LIBGSL\DEBUG-STATICLIB\ZHPMV.OBJ
E:\DEV\BASICOCR\GSL\SRC\GSL\1.8\GSL-1.8\VC8\LIBGSL\DEBUG-STATICLIB\ZHPR.OBJ
E:\DEV\BASICOCR\GSL\SRC\GSL\1.8\GSL-1.8\VC8\LIBGSL\DEBUG-STATICLIB\ZHPR2.OBJ
E:\DEV\BASICOCR\GSL\SRC\GSL\1.8\GSL-1.8\VC8\LIBGSL\DEBUG-STATICLIB\ZSCAL.OBJ
E:\DEV\BASICOCR\GSL\SRC\GSL\1.8\GSL-1.8\VC8\LIBGSL\DEBUG-STATICLIB\ZSWAP.OBJ
E:\DEV\BASICOCR\GSL\SRC\GSL\1.8\GSL-1.8\VC8\LIBGSL\DEBUG-STATICLIB\ZSYMM.OBJ
E:\DEV\BASICOCR\GSL\SRC\GSL\1.8\GSL-1.8\VC8\LIBGSL\DEBUG-STATICLIB\ZSYR2K.OBJ
E:\DEV\BASICOCR\GSL\SRC\GSL\1.8\GSL-1.8\VC8\LIBGSL\DEBUG-STATICLIB\ZSYRK.OBJ
E:\DEV\BASICOCR\GSL\SRC\GSL\1.8\GSL-1.8\VC8\LIBGSL\DEBUG-STATICLIB\TEST_SYMM.OBJ
E:\DEV\BASICOCR\GSL\SRC\GSL\1.8\GSL-1.8\VC8\LIBGSL\DEBUG-STATICLIB\TEST_SYMV.OBJ
E:\DEV\BASICOCR\GSL\SRC\GSL\1.8\GSL-1.8\VC8\LIBGSL\DEBUG-STATICLIB\TEST_SYR.OBJ
E:\DEV\BASICOCR\GSL\SRC\GSL\1.8\GSL-1.8\VC8\LIBGSL\DEBUG-STATICLIB\TEST_SYR2.OBJ
E:\DEV\BASICOCR\GSL\SRC\GSL\1.8\GSL-1.8\VC8\LIBGSL\DEBUG-STATICLIB\TEST_SYR2K.OBJ
E:\DEV\BASICOCR\GSL\SRC\GSL\1.8\GSL-1.8\VC8\LIBGSL\DEBUG-STATICLIB\TEST_SYRK.OBJ
E:\DEV\BASICOCR\GSL\SRC\GSL\1.8\GSL-1.8\VC8\LIBGSL\DEBUG-STATICLIB\TEST_TBMV.OBJ
E:\DEV\BASICOCR\GSL\SRC\GSL\1.8\GSL-1.8\VC8\LIBGSL\DEBUG-STATICLIB\TEST_TBSV.OBJ
E:\DEV\BASICOCR\GSL\SRC\GSL\1.8\GSL-1.8\VC8\LIBGSL\DEBUG-STATICLIB\TEST_TPMV.OBJ
E:\DEV\BASICOCR\GSL\SRC\GSL\1.8\GSL-1.8\VC8\LIBGSL\DEBUG-STATICLIB\TEST_TPSV.OBJ
E:\DEV\BASICOCR\GSL\SRC\GSL\1.8\GSL-1.8\VC8\LIBGSL\DEBUG-STATICLIB\TEST_TRMM.OBJ
E:\DEV\BASICOCR\GSL\SRC\GSL\1.8\GSL-1.8\VC8\LIBGSL\DEBUG-STATICLIB\TEST_TRMV.OBJ
E:\DEV\BASICOCR\GSL\SRC\GSL\1.8\GSL-1.8\VC8\LIBGSL\DEBUG-STATICLIB\TEST_TRSM.OBJ
E:\DEV\BASICOCR\GSL\SRC\GSL\1.8\GSL-1.8\VC8\LIBGSL\DEBUG-STATICLIB\TEST_TRSV.OBJ
E:\DEV\BASICOCR\GSL\SRC\GSL\1.8\GSL-1.8\VC8\LIBGSL\DEBUG-STATICLIB\XERBLA.OBJ
E:\DEV\BASICOCR\GSL\SRC\GSL\1.8\GSL-1.8\VC8\LIBGSL\DEBUG-STATICLIB\ZAXPY.OBJ
E:\DEV\BASICOCR\GSL\SRC\GSL\1.8\GSL-1.8\VC8\LIBGSL\DEBUG-STATICLIB\ZCOPY.OBJ
E:\DEV\BASICOCR\GSL\SRC\GSL\1.8\GSL-1.8\VC8\LIBGSL\DEBUG-STATICLIB\ZDOTC_SUB.OBJ
E:\DEV\BASICOCR\GSL\SRC\GSL\1.8\GSL-1.8\VC8\LIBGSL\DEBUG-STATICLIB\ZDOTU_SUB.OBJ
E:\DEV\BASICOCR\GSL\SRC\GSL\1.8\GSL-1.8\VC8\LIBGSL\DEBUG-STATICLIB\ZDSCAL.OBJ
E:\DEV\BASICOCR\GSL\SRC\GSL\1.8\GSL-1.8\VC8\LIBGSL\DEBUG-STATICLIB\TEST_HBMV.OBJ
E:\DEV\BASICOCR\GSL\SRC\GSL\1.8\GSL-1.8\VC8\LIBGSL\DEBUG-STATICLIB\TEST_HEMM.OBJ
E:\DEV\BASICOCR\GSL\SRC\GSL\1.8\GSL-1.8\VC8\LIBGSL\DEBUG-STATICLIB\TEST_HEMV.OBJ
E:\DEV\BASICOCR\GSL\SRC\GSL\1.8\GSL-1.8\VC8\LIBGSL\DEBUG-STATICLIB\TEST_HER.OBJ
E:\DEV\BASICOCR\GSL\SRC\GSL\1.8\GSL-1.8\VC8\LIBGSL\DEBUG-STATICLIB\TEST_HER2.OBJ
E:\DEV\BASICOCR\GSL\SRC\GSL\1.8\GSL-1.8\VC8\LIBGSL\DEBUG-STATICLIB\TEST_HER2K.OBJ
E:\DEV\BASICOCR\GSL\SRC\GSL\1.8\GSL-1.8\VC8\LIBGSL\DEBUG-STATICLIB\TEST_HERK.OBJ
E:\DEV\BASICOCR\GSL\SRC\GSL\1.8\GSL-1.8\VC8\LIBGSL\DEBUG-STATICLIB\TEST_HPMV.OBJ
E:\DEV\BASICOCR\GSL\SRC\GSL\1.8\GSL-1.8\VC8\LIBGSL\DEBUG-STATICLIB\TEST_HPR.OBJ
E:\DEV\BASICOCR\GSL\SRC\GSL\1.8\GSL-1.8\VC8\LIBGSL\DEBUG-STATICLIB\TEST_HPR2.OBJ
E:\DEV\BASICOCR\GSL\SRC\GSL\1.8\GSL-1.8\VC8\LIBGSL\DEBUG-STATICLIB\TEST_NRM2.OBJ
E:\DEV\BASICOCR\GSL\SRC\GSL\1.8\GSL-1.8\VC8\LIBGSL\DEBUG-STATICLIB\TEST_ROT.OBJ
E:\DEV\BASICOCR\GSL\SRC\GSL\1.8\GSL-1.8\VC8\LIBGSL\DEBUG-STATICLIB\TEST_ROTG.OBJ
E:\DEV\BASICOCR\GSL\SRC\GSL\1.8\GSL-1.8\VC8\LIBGSL\DEBUG-STATICLIB\TEST_ROTM.OBJ
E:\DEV\BASICOCR\GSL\SRC\GSL\1.8\GSL-1.8\VC8\LIBGSL\DEBUG-STATICLIB\TEST_ROTMG.OBJ
E:\DEV\BASICOCR\GSL\SRC\GSL\1.8\GSL-1.8\VC8\LIBGSL\DEBUG-STATICLIB\TEST_SBMV.OBJ
E:\DEV\BASICOCR\GSL\SRC\GSL\1.8\GSL-1.8\VC8\LIBGSL\DEBUG-STATICLIB\TEST_SPMV.OBJ
E:\DEV\BASICOCR\GSL\SRC\GSL\1.8\GSL-1.8\VC8\LIBGSL\DEBUG-STATICLIB\TEST_SPR.OBJ
E:\DEV\BASICOCR\GSL\SRC\GSL\1.8\GSL-1.8\VC8\LIBGSL\DEBUG-STATICLIB\TEST_SPR2.OBJ
E:\DEV\BASICOCR\GSL\SRC\GSL\1.8\GSL-1.8\VC8\LIBGSL\DEBUG-STATICLIB\TEST_SWAP.OBJ
E:\DEV\BASICOCR\GSL\SRC\GSL\1.8\GSL-1.8\VC8\LIBGSL\DEBUG-STATICLIB\SSYR2K.OBJ
E:\DEV\BASICOCR\GSL\SRC\GSL\1.8\GSL-1.8\VC8\LIBGSL\DEBUG-STATICLIB\SSYRK.OBJ
E:\DEV\BASICOCR\GSL\SRC\GSL\1.8\GSL-1.8\VC8\LIBGSL\DEBUG-STATICLIB\STBMV.OBJ
E:\DEV\BASICOCR\GSL\SRC\GSL\1.8\GSL-1.8\VC8\LIBGSL\DEBUG-STATICLIB\STBSV.OBJ
E:\DEV\BASICOCR\GSL\SRC\GSL\1.8\GSL-1.8\VC8\LIBGSL\DEBUG-STATICLIB\STPMV.OBJ
E:\DEV\BASICOCR\GSL\SRC\GSL\1.8\GSL-1.8\VC8\LIBGSL\DEBUG-STATICLIB\STPSV.OBJ
E:\DEV\BASICOCR\GSL\SRC\GSL\1.8\GSL-1.8\VC8\LIBGSL\DEBUG-STATICLIB\STRMM.OBJ
E:\DEV\BASICOCR\GSL\SRC\GSL\1.8\GSL-1.8\VC8\LIBGSL\DEBUG-STATICLIB\STRMV.OBJ
E:\DEV\BASICOCR\GSL\SRC\GSL\1.8\GSL-1.8\VC8\LIBGSL\DEBUG-STATICLIB\STRSM.OBJ
E:\DEV\BASICOCR\GSL\SRC\GSL\1.8\GSL-1.8\VC8\LIBGSL\DEBUG-STATICLIB\STRSV.OBJ
E:\DEV\BASICOCR\GSL\SRC\GSL\1.8\GSL-1.8\VC8\LIBGSL\DEBUG-STATICLIB\TESTS.OBJ
E:\DEV\BASICOCR\GSL\SRC\GSL\1.8\GSL-1.8\VC8\LIBGSL\DEBUG-STATICLIB\TEST_AMAX.OBJ
E:\DEV\BASICOCR\GSL\SRC\GSL\1.8\GSL-1.8\VC8\LIBGSL\DEBUG-STATICLIB\TEST_ASUM.OBJ
E:\DEV\BASICOCR\GSL\SRC\GSL\1.8\GSL-1.8\VC8\LIBGSL\DEBUG-STATICLIB\TEST_AXPY.OBJ
E:\DEV\BASICOCR\GSL\SRC\GSL\1.8\GSL-1.8\VC8\LIBGSL\DEBUG-STATICLIB\TEST_COPY.OBJ
E:\DEV\BASICOCR\GSL\SRC\GSL\1.8\GSL-1.8\VC8\LIBGSL\DEBUG-STATICLIB\TEST_DOT.OBJ
E:\DEV\BASICOCR\GSL\SRC\GSL\1.8\GSL-1.8\VC8\LIBGSL\DEBUG-STATICLIB\TEST_GBMV.OBJ
E:\DEV\BASICOCR\GSL\SRC\GSL\1.8\GSL-1.8\VC8\LIBGSL\DEBUG-STATICLIB\TEST_GEMM.OBJ
E:\DEV\BASICOCR\GSL\SRC\GSL\1.8\GSL-1.8\VC8\LIBGSL\DEBUG-STATICLIB\TEST_GEMV.OBJ
E:\DEV\BASICOCR\GSL\SRC\GSL\1.8\GSL-1.8\VC8\LIBGSL\DEBUG-STATICLIB\TEST_GER.OBJ
E:\DEV\BASICOCR\GSL\SRC\GSL\1.8\GSL-1.8\VC8\LIBGSL\DEBUG-STATICLIB\SDSDOT.OBJ
E:\DEV\BASICOCR\GSL\SRC\GSL\1.8\GSL-1.8\VC8\LIBGSL\DEBUG-STATICLIB\SGBMV.OBJ
E:\DEV\BASICOCR\GSL\SRC\GSL\1.8\GSL-1.8\VC8\LIBGSL\DEBUG-STATICLIB\SGEMM.OBJ
E:\DEV\BASICOCR\GSL\SRC\GSL\1.8\GSL-1.8\VC8\LIBGSL\DEBUG-STATICLIB\SGEMV.OBJ
E:\DEV\BASICOCR\GSL\SRC\GSL\1.8\GSL-1.8\VC8\LIBGSL\DEBUG-STATICLIB\SGER.OBJ
E:\DEV\BASICOCR\GSL\SRC\GSL\1.8\GSL-1.8\VC8\LIBGSL\DEBUG-STATICLIB\SNRM2.OBJ
E:\DEV\BASICOCR\GSL\SRC\GSL\1.8\GSL-1.8\VC8\LIBGSL\DEBUG-STATICLIB\SROT.OBJ
E:\DEV\BASICOCR\GSL\SRC\GSL\1.8\GSL-1.8\VC8\LIBGSL\DEBUG-STATICLIB\SROTG.OBJ
E:\DEV\BASICOCR\GSL\SRC\GSL\1.8\GSL-1.8\VC8\LIBGSL\DEBUG-STATICLIB\SROTM.OBJ
E:\DEV\BASICOCR\GSL\SRC\GSL\1.8\GSL-1.8\VC8\LIBGSL\DEBUG-STATICLIB\SROTMG.OBJ
E:\DEV\BASICOCR\GSL\SRC\GSL\1.8\GSL-1.8\VC8\LIBGSL\DEBUG-STATICLIB\SSBMV.OBJ
E:\DEV\BASICOCR\GSL\SRC\GSL\1.8\GSL-1.8\VC8\LIBGSL\DEBUG-STATICLIB\SSCAL.OBJ
E:\DEV\BASICOCR\GSL\SRC\GSL\1.8\GSL-1.8\VC8\LIBGSL\DEBUG-STATICLIB\SSPMV.OBJ
E:\DEV\BASICOCR\GSL\SRC\GSL\1.8\GSL-1.8\VC8\LIBGSL\DEBUG-STATICLIB\SSPR.OBJ
E:\DEV\BASICOCR\GSL\SRC\GSL\1.8\GSL-1.8\VC8\LIBGSL\DEBUG-STATICLIB\SSPR2.OBJ
E:\DEV\BASICOCR\GSL\SRC\GSL\1.8\GSL-1.8\VC8\LIBGSL\DEBUG-STATICLIB\SSWAP.OBJ
E:\DEV\BASICOCR\GSL\SRC\GSL\1.8\GSL-1.8\VC8\LIBGSL\DEBUG-STATICLIB\SSYMM.OBJ
E:\DEV\BASICOCR\GSL\SRC\GSL\1.8\GSL-1.8\VC8\LIBGSL\DEBUG-STATICLIB\SSYMV.OBJ
E:\DEV\BASICOCR\GSL\SRC\GSL\1.8\GSL-1.8\VC8\LIBGSL\DEBUG-STATICLIB\SSYR.OBJ
E:\DEV\BASICOCR\GSL\SRC\GSL\1.8\GSL-1.8\VC8\LIBGSL\DEBUG-STATICLIB\SSYR2.OBJ
E:\DEV\BASICOCR\GSL\SRC\GSL\1.8\GSL-1.8\VC8\LIBGSL\DEBUG-STATICLIB\DTBSV.OBJ
E:\DEV\BASICOCR\GSL\SRC\GSL\1.8\GSL-1.8\VC8\LIBGSL\DEBUG-STATICLIB\DTPMV.OBJ
E:\DEV\BASICOCR\GSL\SRC\GSL\1.8\GSL-1.8\VC8\LIBGSL\DEBUG-STATICLIB\DTPSV.OBJ
E:\DEV\BASICOCR\GSL\SRC\GSL\1.8\GSL-1.8\VC8\LIBGSL\DEBUG-STATICLIB\DTRMM.OBJ
E:\DEV\BASICOCR\GSL\SRC\GSL\1.8\GSL-1.8\VC8\LIBGSL\DEBUG-STATICLIB\DTRMV.OBJ
E:\DEV\BASICOCR\GSL\SRC\GSL\1.8\GSL-1.8\VC8\LIBGSL\DEBUG-STATICLIB\DTRSM.OBJ
E:\DEV\BASICOCR\GSL\SRC\GSL\1.8\GSL-1.8\VC8\LIBGSL\DEBUG-STATICLIB\DTRSV.OBJ
E:\DEV\BASICOCR\GSL\SRC\GSL\1.8\GSL-1.8\VC8\LIBGSL\DEBUG-STATICLIB\DZASUM.OBJ
E:\DEV\BASICOCR\GSL\SRC\GSL\1.8\GSL-1.8\VC8\LIBGSL\DEBUG-STATICLIB\DZNRM2.OBJ
E:\DEV\BASICOCR\GSL\SRC\GSL\1.8\GSL-1.8\VC8\LIBGSL\DEBUG-STATICLIB\ICAMAX.OBJ
E:\DEV\BASICOCR\GSL\SRC\GSL\1.8\GSL-1.8\VC8\LIBGSL\DEBUG-STATICLIB\IDAMAX.OBJ
E:\DEV\BASICOCR\GSL\SRC\GSL\1.8\GSL-1.8\VC8\LIBGSL\DEBUG-STATICLIB\ISAMAX.OBJ
E:\DEV\BASICOCR\GSL\SRC\GSL\1.8\GSL-1.8\VC8\LIBGSL\DEBUG-STATICLIB\IZAMAX.OBJ
E:\DEV\BASICOCR\GSL\SRC\GSL\1.8\GSL-1.8\VC8\LIBGSL\DEBUG-STATICLIB\SASUM.OBJ
E:\DEV\BASICOCR\GSL\SRC\GSL\1.8\GSL-1.8\VC8\LIBGSL\DEBUG-STATICLIB\SAXPY.OBJ
E:\DEV\BASICOCR\GSL\SRC\GSL\1.8\GSL-1.8\VC8\LIBGSL\DEBUG-STATICLIB\SCASUM.OBJ
E:\DEV\BASICOCR\GSL\SRC\GSL\1.8\GSL-1.8\VC8\LIBGSL\DEBUG-STATICLIB\SCNRM2.OBJ
E:\DEV\BASICOCR\GSL\SRC\GSL\1.8\GSL-1.8\VC8\LIBGSL\DEBUG-STATICLIB\SCOPY.OBJ
E:\DEV\BASICOCR\GSL\SRC\GSL\1.8\GSL-1.8\VC8\LIBGSL\DEBUG-STATICLIB\SDOT.OBJ
E:\DEV\BASICOCR\GSL\SRC\GSL\1.8\GSL-1.8\VC8\LIBGSL\DEBUG-STATICLIB\DGER.OBJ
E:\DEV\BASICOCR\GSL\SRC\GSL\1.8\GSL-1.8\VC8\LIBGSL\DEBUG-STATICLIB\DNRM2.OBJ
E:\DEV\BASICOCR\GSL\SRC\GSL\1.8\GSL-1.8\VC8\LIBGSL\DEBUG-STATICLIB\DROT.OBJ
E:\DEV\BASICOCR\GSL\SRC\GSL\1.8\GSL-1.8\VC8\LIBGSL\DEBUG-STATICLIB\DROTG.OBJ
E:\DEV\BASICOCR\GSL\SRC\GSL\1.8\GSL-1.8\VC8\LIBGSL\DEBUG-STATICLIB\DROTM.OBJ
E:\DEV\BASICOCR\GSL\SRC\GSL\1.8\GSL-1.8\VC8\LIBGSL\DEBUG-STATICLIB\DROTMG.OBJ
E:\DEV\BASICOCR\GSL\SRC\GSL\1.8\GSL-1.8\VC8\LIBGSL\DEBUG-STATICLIB\DSBMV.OBJ
E:\DEV\BASICOCR\GSL\SRC\GSL\1.8\GSL-1.8\VC8\LIBGSL\DEBUG-STATICLIB\DSCAL.OBJ
E:\DEV\BASICOCR\GSL\SRC\GSL\1.8\GSL-1.8\VC8\LIBGSL\DEBUG-STATICLIB\DSDOT.OBJ
E:\DEV\BASICOCR\GSL\SRC\GSL\1.8\GSL-1.8\VC8\LIBGSL\DEBUG-STATICLIB\DSPMV.OBJ
E:\DEV\BASICOCR\GSL\SRC\GSL\1.8\GSL-1.8\VC8\LIBGSL\DEBUG-STATICLIB\DSPR.OBJ
E:\DEV\BASICOCR\GSL\SRC\GSL\1.8\GSL-1.8\VC8\LIBGSL\DEBUG-STATICLIB\DSPR2.OBJ
E:\DEV\BASICOCR\GSL\SRC\GSL\1.8\GSL-1.8\VC8\LIBGSL\DEBUG-STATICLIB\DSWAP.OBJ
E:\DEV\BASICOCR\GSL\SRC\GSL\1.8\GSL-1.8\VC8\LIBGSL\DEBUG-STATICLIB\DSYMM.OBJ
E:\DEV\BASICOCR\GSL\SRC\GSL\1.8\GSL-1.8\VC8\LIBGSL\DEBUG-STATICLIB\DSYMV.OBJ
E:\DEV\BASICOCR\GSL\SRC\GSL\1.8\GSL-1.8\VC8\LIBGSL\DEBUG-STATICLIB\DSYR.OBJ
E:\DEV\BASICOCR\GSL\SRC\GSL\1.8\GSL-1.8\VC8\LIBGSL\DEBUG-STATICLIB\DSYR2.OBJ
E:\DEV\BASICOCR\GSL\SRC\GSL\1.8\GSL-1.8\VC8\LIBGSL\DEBUG-STATICLIB\DSYR2K.OBJ
E:\DEV\BASICOCR\GSL\SRC\GSL\1.8\GSL-1.8\VC8\LIBGSL\DEBUG-STATICLIB\DSYRK.OBJ
E:\DEV\BASICOCR\GSL\SRC\GSL\1.8\GSL-1.8\VC8\LIBGSL\DEBUG-STATICLIB\DTBMV.OBJ
E:\DEV\BASICOCR\GSL\SRC\GSL\1.8\GSL-1.8\VC8\LIBGSL\DEBUG-STATICLIB\CSSCAL.OBJ
E:\DEV\BASICOCR\GSL\SRC\GSL\1.8\GSL-1.8\VC8\LIBGSL\DEBUG-STATICLIB\CSWAP.OBJ
E:\DEV\BASICOCR\GSL\SRC\GSL\1.8\GSL-1.8\VC8\LIBGSL\DEBUG-STATICLIB\CSYMM.OBJ
E:\DEV\BASICOCR\GSL\SRC\GSL\1.8\GSL-1.8\VC8\LIBGSL\DEBUG-STATICLIB\CSYR2K.OBJ
E:\DEV\BASICOCR\GSL\SRC\GSL\1.8\GSL-1.8\VC8\LIBGSL\DEBUG-STATICLIB\CSYRK.OBJ
E:\DEV\BASICOCR\GSL\SRC\GSL\1.8\GSL-1.8\VC8\LIBGSL\DEBUG-STATICLIB\CTBMV.OBJ
E:\DEV\BASICOCR\GSL\SRC\GSL\1.8\GSL-1.8\VC8\LIBGSL\DEBUG-STATICLIB\CTBSV.OBJ
E:\DEV\BASICOCR\GSL\SRC\GSL\1.8\GSL-1.8\VC8\LIBGSL\DEBUG-STATICLIB\CTPMV.OBJ
E:\DEV\BASICOCR\GSL\SRC\GSL\1.8\GSL-1.8\VC8\LIBGSL\DEBUG-STATICLIB\CTPSV.OBJ
E:\DEV\BASICOCR\GSL\SRC\GSL\1.8\GSL-1.8\VC8\LIBGSL\DEBUG-STATICLIB\CTRMM.OBJ
E:\DEV\BASICOCR\GSL\SRC\GSL\1.8\GSL-1.8\VC8\LIBGSL\DEBUG-STATICLIB\CTRMV.OBJ
E:\DEV\BASICOCR\GSL\SRC\GSL\1.8\GSL-1.8\VC8\LIBGSL\DEBUG-STATICLIB\CTRSM.OBJ
E:\DEV\BASICOCR\GSL\SRC\GSL\1.8\GSL-1.8\VC8\LIBGSL\DEBUG-STATICLIB\CTRSV.OBJ
E:\DEV\BASICOCR\GSL\SRC\GSL\1.8\GSL-1.8\VC8\LIBGSL\DEBUG-STATICLIB\DASUM.OBJ
E:\DEV\BASICOCR\GSL\SRC\GSL\1.8\GSL-1.8\VC8\LIBGSL\DEBUG-STATICLIB\DAXPY.OBJ
E:\DEV\BASICOCR\GSL\SRC\GSL\1.8\GSL-1.8\VC8\LIBGSL\DEBUG-STATICLIB\DCOPY.OBJ
E:\DEV\BASICOCR\GSL\SRC\GSL\1.8\GSL-1.8\VC8\LIBGSL\DEBUG-STATICLIB\DDOT.OBJ
E:\DEV\BASICOCR\GSL\SRC\GSL\1.8\GSL-1.8\VC8\LIBGSL\DEBUG-STATICLIB\DGBMV.OBJ
E:\DEV\BASICOCR\GSL\SRC\GSL\1.8\GSL-1.8\VC8\LIBGSL\DEBUG-STATICLIB\DGEMM.OBJ
E:\DEV\BASICOCR\GSL\SRC\GSL\1.8\GSL-1.8\VC8\LIBGSL\DEBUG-STATICLIB\DGEMV.OBJ
E:\DEV\BASICOCR\GSL\SRC\GSL\1.8\GSL-1.8\VC8\LIBGSL\DEBUG-STATICLIB\CAXPY.OBJ
E:\DEV\BASICOCR\GSL\SRC\GSL\1.8\GSL-1.8\VC8\LIBGSL\DEBUG-STATICLIB\CCOPY.OBJ
E:\DEV\BASICOCR\GSL\SRC\GSL\1.8\GSL-1.8\VC8\LIBGSL\DEBUG-STATICLIB\CDOTC_SUB.OBJ
E:\DEV\BASICOCR\GSL\SRC\GSL\1.8\GSL-1.8\VC8\LIBGSL\DEBUG-STATICLIB\CDOTU_SUB.OBJ
E:\DEV\BASICOCR\GSL\SRC\GSL\1.8\GSL-1.8\VC8\LIBGSL\DEBUG-STATICLIB\CGBMV.OBJ
E:\DEV\BASICOCR\GSL\SRC\GSL\1.8\GSL-1.8\VC8\LIBGSL\DEBUG-STATICLIB\CGEMM.OBJ
E:\DEV\BASICOCR\GSL\SRC\GSL\1.8\GSL-1.8\VC8\LIBGSL\DEBUG-STATICLIB\CGEMV.OBJ
E:\DEV\BASICOCR\GSL\SRC\GSL\1.8\GSL-1.8\VC8\LIBGSL\DEBUG-STATICLIB\CGERC.OBJ
E:\DEV\BASICOCR\GSL\SRC\GSL\1.8\GSL-1.8\VC8\LIBGSL\DEBUG-STATICLIB\CGERU.OBJ
E:\DEV\BASICOCR\GSL\SRC\GSL\1.8\GSL-1.8\VC8\LIBGSL\DEBUG-STATICLIB\CHBMV.OBJ
E:\DEV\BASICOCR\GSL\SRC\GSL\1.8\GSL-1.8\VC8\LIBGSL\DEBUG-STATICLIB\CHEMM.OBJ
E:\DEV\BASICOCR\GSL\SRC\GSL\1.8\GSL-1.8\VC8\LIBGSL\DEBUG-STATICLIB\CHEMV.OBJ
E:\DEV\BASICOCR\GSL\SRC\GSL\1.8\GSL-1.8\VC8\LIBGSL\DEBUG-STATICLIB\CHER.OBJ
E:\DEV\BASICOCR\GSL\SRC\GSL\1.8\GSL-1.8\VC8\LIBGSL\DEBUG-STATICLIB\CHER2.OBJ
E:\DEV\BASICOCR\GSL\SRC\GSL\1.8\GSL-1.8\VC8\LIBGSL\DEBUG-STATICLIB\CHER2K.OBJ
E:\DEV\BASICOCR\GSL\SRC\GSL\1.8\GSL-1.8\VC8\LIBGSL\DEBUG-STATICLIB\CHERK.OBJ
E:\DEV\BASICOCR\GSL\SRC\GSL\1.8\GSL-1.8\VC8\LIBGSL\DEBUG-STATICLIB\CHPMV.OBJ
E:\DEV\BASICOCR\GSL\SRC\GSL\1.8\GSL-1.8\VC8\LIBGSL\DEBUG-STATICLIB\CHPR.OBJ
E:\DEV\BASICOCR\GSL\SRC\GSL\1.8\GSL-1.8\VC8\LIBGSL\DEBUG-STATICLIB\CHPR2.OBJ
E:\DEV\BASICOCR\GSL\SRC\GSL\1.8\GSL-1.8\VC8\LIBGSL\DEBUG-STATICLIB\BLAS.OBJ
E:\DEV\BASICOCR\GSL\SRC\GSL\1.8\GSL-1.8\VC8\LIBGSL\DEBUG-STATICLIB\BLOCK.OBJ
E:\DEV\BASICOCR\GSL\SRC\GSL\1.8\GSL-1.8\VC8\LIBGSL\DEBUG-STATICLIB\FILE.OBJ
E:\DEV\BASICOCR\GSL\SRC\GSL\1.8\GSL-1.8\VC8\LIBGSL\DEBUG-STATICLIB\INIT.OBJ
E:\DEV\BASICOCR\GSL\SRC\GSL\1.8\GSL-1.8\VC8\LIBGSL\DEBUG-STATICLIB\VC110.PDB
E:\DEV\BASICOCR\GSL\SRC\GSL\1.8\GSL-1.8\VC8\LIBGSL\DEBUG-STATICLIB\BINOMIAL1.OBJ
E:\DEV\BASICOCR\GSL\SRC\GSL\1.8\GSL-1.8\VC8\LIBGSL\DEBUG-STATICLIB\GEOMETRIC1.OBJ
E:\DEV\BASICOCR\GSL\SRC\GSL\1.8\GSL-1.8\VC8\LIBGSL\DEBUG-STATICLIB\NBINOMIAL1.OBJ
E:\DEV\BASICOCR\GSL\SRC\GSL\1.8\GSL-1.8\VC8\LIBGSL\DEBUG-STATICLIB\PASCAL1.OBJ
E:\DEV\BASICOCR\GSL\SRC\GSL\1.8\GSL-1.8\VC8\LIBGSL\DEBUG-STATICLIB\POISSON1.OBJ
E:\DEV\BASICOCR\GSL\SRC\GSL\1.8\GSL-1.8\VC8\LIBGSL\DEBUG-STATICLIB\INIT2.OBJ
E:\DEV\BASICOCR\GSL\SRC\GSL\1.8\GSL-1.8\VC8\LIBGSL\DEBUG-STATICLIB\FILE1.OBJ
E:\DEV\BASICOCR\GSL\SRC\GSL\1.8\GSL-1.8\VC8\LIBGSL\DEBUG-STATICLIB\INIT1.OBJ
E:\DEV\BASICOCR\GSL\SRC\GSL\1.8\GSL-1.8\VC8\LIBGSL\DEBUG-STATICLIB\DERIV1.OBJ
E:\DEV\BASICOCR\GSL\SRC\GSL\1.8\GSL-1.8\VC8\LIBGSL\DEBUG-STATICLIB\FILE2.OBJ
E:\DEV\BASICOCR\GSL\SRC\GSL\1.8\GSL-1.8\VC8\LIBGSL\DEBUG-STATICLIB\INIT3.OBJ
E:\DEV\BASICOCR\GSL\SRC\GSL\1.8\GSL-1.8\VC8\LIBGSL\DEBUG-STATICLIB\LINEAR1.OBJ
E:\DEV\BASICOCR\GSL\SRC\GSL\1.8\GSL-1.8\VC8\LIBGSL\DEBUG-STATICLIB\EXPONENTIAL2.OBJ
E:\DEV\BASICOCR\GSL\SRC\GSL\1.8\GSL-1.8\VC8\LIBGSL\DEBUG-STATICLIB\COPY1.OBJ
E:\DEV\BASICOCR\GSL\SRC\GSL\1.8\GSL-1.8\VC8\LIBGSL\DEBUG-STATICLIB\FILE3.OBJ
E:\DEV\BASICOCR\GSL\SRC\GSL\1.8\GSL-1.8\VC8\LIBGSL\DEBUG-STATICLIB\INIT4.OBJ
E:\DEV\BASICOCR\GSL\SRC\GSL\1.8\GSL-1.8\VC8\LIBGSL\DEBUG-STATICLIB\MINMAX1.OBJ
E:\DEV\BASICOCR\GSL\SRC\GSL\1.8\GSL-1.8\VC8\LIBGSL\DEBUG-STATICLIB\OPER1.OBJ
E:\DEV\BASICOCR\GSL\SRC\GSL\1.8\GSL-1.8\VC8\LIBGSL\DEBUG-STATICLIB\CONVERGENCE1.OBJ
E:\DEV\BASICOCR\GSL\SRC\GSL\1.8\GSL-1.8\VC8\LIBGSL\DEBUG-STATICLIB\FSOLVER1.OBJ
E:\DEV\BASICOCR\GSL\SRC\GSL\1.8\GSL-1.8\VC8\LIBGSL\DEBUG-STATICLIB\CONVERGENCE2.OBJ
E:\DEV\BASICOCR\GSL\SRC\GSL\1.8\GSL-1.8\VC8\LIBGSL\DEBUG-STATICLIB\DIFF1.OBJ
E:\DEV\BASICOCR\GSL\SRC\GSL\1.8\GSL-1.8\VC8\LIBGSL\DEBUG-STATICLIB\CONVERGENCE3.OBJ
E:\DEV\BASICOCR\GSL\SRC\GSL\1.8\GSL-1.8\VC8\LIBGSL\DEBUG-STATICLIB\FDFSOLVER1.OBJ
E:\DEV\BASICOCR\GSL\SRC\GSL\1.8\GSL-1.8\VC8\LIBGSL\DEBUG-STATICLIB\FSOLVER2.OBJ
E:\DEV\BASICOCR\GSL\SRC\GSL\1.8\GSL-1.8\VC8\LIBGSL\DEBUG-STATICLIB\FILE5.OBJ
E:\DEV\BASICOCR\GSL\SRC\GSL\1.8\GSL-1.8\VC8\LIBGSL\DEBUG-STATICLIB\INIT6.OBJ
E:\DEV\BASICOCR\GSL\SRC\GSL\1.8\GSL-1.8\VC8\LIBGSL\DEBUG-STATICLIB\EVAL1.OBJ
E:\DEV\BASICOCR\GSL\SRC\GSL\1.8\GSL-1.8\VC8\LIBGSL\DEBUG-STATICLIB\BETA2.OBJ
E:\DEV\BASICOCR\GSL\SRC\GSL\1.8\GSL-1.8\VC8\LIBGSL\DEBUG-STATICLIB\CAUCHY1.OBJ
E:\DEV\BASICOCR\GSL\SRC\GSL\1.8\GSL-1.8\VC8\LIBGSL\DEBUG-STATICLIB\CHISQ1.OBJ
E:\DEV\BASICOCR\GSL\SRC\GSL\1.8\GSL-1.8\VC8\LIBGSL\DEBUG-STATICLIB\EXPONENTIAL1.OBJ
E:\DEV\BASICOCR\GSL\SRC\GSL\1.8\GSL-1.8\VC8\LIBGSL\DEBUG-STATICLIB\EXPPOW1.OBJ
E:\DEV\BASICOCR\GSL\SRC\GSL\1.8\GSL-1.8\VC8\LIBGSL\DEBUG-STATICLIB\FDIST1.OBJ
E:\DEV\BASICOCR\GSL\SRC\GSL\1.8\GSL-1.8\VC8\LIBGSL\DEBUG-STATICLIB\FLAT1.OBJ
E:\DEV\BASICOCR\GSL\SRC\GSL\1.8\GSL-1.8\VC8\LIBGSL\DEBUG-STATICLIB\GAMMA2.OBJ
E:\DEV\BASICOCR\GSL\SRC\GSL\1.8\GSL-1.8\VC8\LIBGSL\DEBUG-STATICLIB\GAUSS1.OBJ
E:\DEV\BASICOCR\GSL\SRC\GSL\1.8\GSL-1.8\VC8\LIBGSL\DEBUG-STATICLIB\HYPERG1.OBJ
E:\DEV\BASICOCR\GSL\SRC\GSL\1.8\GSL-1.8\VC8\LIBGSL\DEBUG-STATICLIB\LAPLACE1.OBJ
E:\DEV\BASICOCR\GSL\SRC\GSL\1.8\GSL-1.8\VC8\LIBGSL\DEBUG-STATICLIB\LOGISTIC1.OBJ
E:\DEV\BASICOCR\GSL\SRC\GSL\1.8\GSL-1.8\VC8\LIBGSL\DEBUG-STATICLIB\LOGNORMAL1.OBJ
E:\DEV\BASICOCR\GSL\SRC\GSL\1.8\GSL-1.8\VC8\LIBGSL\DEBUG-STATICLIB\PARETO1.OBJ
E:\DEV\BASICOCR\GSL\SRC\GSL\1.8\GSL-1.8\VC8\LIBGSL\DEBUG-STATICLIB\RAYLEIGH1.OBJ
E:\DEV\BASICOCR\GSL\SRC\GSL\1.8\GSL-1.8\VC8\LIBGSL\DEBUG-STATICLIB\TDIST1.OBJ
E:\DEV\BASICOCR\GSL\SRC\GSL\1.8\GSL-1.8\VC8\LIBGSL\DEBUG-STATICLIB\WEIBULL1.OBJ
E:\DEV\BASICOCR\GSL\SRC\GSL\1.8\GSL-1.8\VC8\LIBGSL\DEBUG-STATICLIB\FILE6.OBJ
E:\DEV\BASICOCR\GSL\SRC\GSL\1.8\GSL-1.8\VC8\LIBGSL\DEBUG-STATICLIB\BRENT1.OBJ
E:\DEV\BASICOCR\GSL\SRC\GSL\1.8\GSL-1.8\VC8\LIBGSL\DEBUG-STATICLIB\CONVERGENCE4.OBJ
E:\DEV\BASICOCR\GSL\SRC\GSL\1.8\GSL-1.8\VC8\LIBGSL\DEBUG-STATICLIB\FDFSOLVER2.OBJ
E:\DEV\BASICOCR\GSL\SRC\GSL\1.8\GSL-1.8\VC8\LIBGSL\DEBUG-STATICLIB\FSOLVER3.OBJ
E:\DEV\BASICOCR\GSL\SRC\GSL\1.8\GSL-1.8\VC8\LIBGSL\DEBUG-STATICLIB\NEWTON1.OBJ
E:\DEV\BASICOCR\GSL\SRC\GSL\1.8\GSL-1.8\VC8\LIBGSL\DEBUG-STATICLIB\SORT1.OBJ
E:\DEV\BASICOCR\GSL\SRC\GSL\1.8\GSL-1.8\VC8\LIBGSL\DEBUG-STATICLIB\BETA1.OBJ
E:\DEV\BASICOCR\GSL\SRC\GSL\1.8\GSL-1.8\VC8\LIBGSL\DEBUG-STATICLIB\GAMMA1.OBJ
E:\DEV\BASICOCR\GSL\SRC\GSL\1.8\GSL-1.8\VC8\LIBGSL\DEBUG-STATICLIB\POW_INT1.OBJ
E:\DEV\BASICOCR\GSL\SRC\GSL\1.8\GSL-1.8\VC8\LIBGSL\DEBUG-STATICLIB\MINMAX3.OBJ
E:\DEV\BASICOCR\GSL\SRC\GSL\1.8\GSL-1.8\VC8\LIBGSL\DEBUG-STATICLIB\MINMAX.OBJ
E:\DEV\BASICOCR\GSL\SRC\GSL\1.8\GSL-1.8\VC8\LIBGSL\DEBUG-STATICLIB\COPY2.OBJ
E:\DEV\BASICOCR\GSL\SRC\GSL\1.8\GSL-1.8\VC8\LIBGSL\DEBUG-STATICLIB\FILE4.OBJ
E:\DEV\BASICOCR\GSL\SRC\GSL\1.8\GSL-1.8\VC8\LIBGSL\DEBUG-STATICLIB\INIT5.OBJ
E:\DEV\BASICOCR\GSL\SRC\GSL\1.8\GSL-1.8\VC8\LIBGSL\DEBUG-STATICLIB\MINMAX2.OBJ
E:\DEV\BASICOCR\GSL\SRC\GSL\1.8\GSL-1.8\VC8\LIBGSL\DEBUG-STATICLIB\OPER2.OBJ
E:\DEV\BASICOCR\GSL\SRC\GSL\1.8\GSL-1.8\VC8\LIBGSL\DEBUG-STATICLIB\PROP1.OBJ
E:\DEV\BASICOCR\GSL\SRC\GSL\1.8\GSL-1.8\VC8\LIBGSL\DEBUG-STATICLIB\SWAP1.OBJ
E:\DEV\BASICOCR\GSL\SRC\GSL\1.8\GSL-1.8\VC8\LIBGSL\DEBUG-STATICLIB\VIEW1.OBJ
E:\DEV\BASICOCR\LIB\LIBGSL\WIN32\DEBUG-STATICLIB\LIBGSL_D.LIB
E:\dev\BasicOCR\gsl\src\gsl\1.8\gsl-1.8\VC8\libgsl\Debug-StaticLib\absdev.obj
E:\dev\BasicOCR\gsl\src\gsl\1.8\gsl-1.8\VC8\libgsl\Debug-StaticLib\accel.obj
E:\dev\BasicOCR\gsl\src\gsl\1.8\gsl-1.8\VC8\libgsl\Debug-StaticLib\add.obj
E:\dev\BasicOCR\gsl\src\gsl\1.8\gsl-1.8\VC8\libgsl\Debug-StaticLib\add2d.obj
E:\dev\BasicOCR\gsl\src\gsl\1.8\gsl-1.8\VC8\libgsl\Debug-StaticLib\airy.obj
E:\dev\BasicOCR\gsl\src\gsl\1.8\gsl-1.8\VC8\libgsl\Debug-StaticLib\airy_der.obj
E:\dev\BasicOCR\gsl\src\gsl\1.8\gsl-1.8\VC8\libgsl\Debug-StaticLib\airy_zero.obj
E:\dev\BasicOCR\gsl\src\gsl\1.8\gsl-1.8\VC8\libgsl\Debug-StaticLib\akima.obj
E:\dev\BasicOCR\gsl\src\gsl\1.8\gsl-1.8\VC8\libgsl\Debug-StaticLib\atanint.obj
E:\dev\BasicOCR\gsl\src\gsl\1.8\gsl-1.8\VC8\libgsl\Debug-StaticLib\balance.obj
E:\dev\BasicOCR\gsl\src\gsl\1.8\gsl-1.8\VC8\libgsl\Debug-StaticLib\bernoulli.obj
E:\dev\BasicOCR\gsl\src\gsl\1.8\gsl-1.8\VC8\libgsl\Debug-StaticLib\bessel.obj
E:\dev\BasicOCR\gsl\src\gsl\1.8\gsl-1.8\VC8\libgsl\Debug-StaticLib\bessel_amp_phase.obj
E:\dev\BasicOCR\gsl\src\gsl\1.8\gsl-1.8\VC8\libgsl\Debug-StaticLib\bessel_i.obj
E:\dev\BasicOCR\gsl\src\gsl\1.8\gsl-1.8\VC8\libgsl\Debug-StaticLib\bessel_I0.obj
E:\dev\BasicOCR\gsl\src\gsl\1.8\gsl-1.8\VC8\libgsl\Debug-StaticLib\bessel_I1.obj
E:\dev\BasicOCR\gsl\src\gsl\1.8\gsl-1.8\VC8\libgsl\Debug-StaticLib\bessel_In.obj
E:\dev\BasicOCR\gsl\src\gsl\1.8\gsl-1.8\VC8\libgsl\Debug-StaticLib\bessel_Inu.obj
E:\dev\BasicOCR\gsl\src\gsl\1.8\gsl-1.8\VC8\libgsl\Debug-StaticLib\bessel_j.obj
E:\dev\BasicOCR\gsl\src\gsl\1.8\gsl-1.8\VC8\libgsl\Debug-StaticLib\bessel_J0.obj
E:\dev\BasicOCR\gsl\src\gsl\1.8\gsl-1.8\VC8\libgsl\Debug-StaticLib\bessel_J1.obj
E:\dev\BasicOCR\gsl\src\gsl\1.8\gsl-1.8\VC8\libgsl\Debug-StaticLib\bessel_Jn.obj
E:\dev\BasicOCR\gsl\src\gsl\1.8\gsl-1.8\VC8\libgsl\Debug-StaticLib\bessel_Jnu.obj
E:\dev\BasicOCR\gsl\src\gsl\1.8\gsl-1.8\VC8\libgsl\Debug-StaticLib\bessel_k.obj
E:\dev\BasicOCR\gsl\src\gsl\1.8\gsl-1.8\VC8\libgsl\Debug-StaticLib\bessel_K0.obj
E:\dev\BasicOCR\gsl\src\gsl\1.8\gsl-1.8\VC8\libgsl\Debug-StaticLib\bessel_K1.obj
E:\dev\BasicOCR\gsl\src\gsl\1.8\gsl-1.8\VC8\libgsl\Debug-StaticLib\bessel_Kn.obj
E:\dev\BasicOCR\gsl\src\gsl\1.8\gsl-1.8\VC8\libgsl\Debug-StaticLib\bessel_Knu.obj
E:\dev\BasicOCR\gsl\src\gsl\1.8\gsl-1.8\VC8\libgsl\Debug-StaticLib\bessel_olver.obj
E:\dev\BasicOCR\gsl\src\gsl\1.8\gsl-1.8\VC8\libgsl\Debug-StaticLib\bessel_sequence.obj
E:\dev\BasicOCR\gsl\src\gsl\1.8\gsl-1.8\VC8\libgsl\Debug-StaticLib\bessel_temme.obj
E:\dev\BasicOCR\gsl\src\gsl\1.8\gsl-1.8\VC8\libgsl\Debug-StaticLib\bessel_y.obj
E:\dev\BasicOCR\gsl\src\gsl\1.8\gsl-1.8\VC8\libgsl\Debug-StaticLib\bessel_Y0.obj
E:\dev\BasicOCR\gsl\src\gsl\1.8\gsl-1.8\VC8\libgsl\Debug-StaticLib\bessel_Y1.obj
E:\dev\BasicOCR\gsl\src\gsl\1.8\gsl-1.8\VC8\libgsl\Debug-StaticLib\bessel_Yn.obj
E:\dev\BasicOCR\gsl\src\gsl\1.8\gsl-1.8\VC8\libgsl\Debug-StaticLib\bessel_Ynu.obj
E:\dev\BasicOCR\gsl\src\gsl\1.8\gsl-1.8\VC8\libgsl\Debug-StaticLib\bessel_zero.obj
E:\dev\BasicOCR\gsl\src\gsl\1.8\gsl-1.8\VC8\libgsl\Debug-StaticLib\beta.obj
E:\dev\BasicOCR\gsl\src\gsl\1.8\gsl-1.8\VC8\libgsl\Debug-StaticLib\beta1.obj
E:\dev\BasicOCR\gsl\src\gsl\1.8\gsl-1.8\VC8\libgsl\Debug-StaticLib\beta2.obj
E:\dev\BasicOCR\gsl\src\gsl\1.8\gsl-1.8\VC8\libgsl\Debug-StaticLib\betainv.obj
E:\dev\BasicOCR\gsl\src\gsl\1.8\gsl-1.8\VC8\libgsl\Debug-StaticLib\beta_inc.obj
E:\dev\BasicOCR\gsl\src\gsl\1.8\gsl-1.8\VC8\libgsl\Debug-StaticLib\bidiag.obj
E:\dev\BasicOCR\gsl\src\gsl\1.8\gsl-1.8\VC8\libgsl\Debug-StaticLib\bigauss.obj
E:\dev\BasicOCR\gsl\src\gsl\1.8\gsl-1.8\VC8\libgsl\Debug-StaticLib\binomial.obj
E:\dev\BasicOCR\gsl\src\gsl\1.8\gsl-1.8\VC8\libgsl\Debug-StaticLib\binomial1.obj
E:\dev\BasicOCR\gsl\src\gsl\1.8\gsl-1.8\VC8\libgsl\Debug-StaticLib\binomial_tpe.obj
E:\dev\BasicOCR\gsl\src\gsl\1.8\gsl-1.8\VC8\libgsl\Debug-StaticLib\bisection.obj
E:\dev\BasicOCR\gsl\src\gsl\1.8\gsl-1.8\VC8\libgsl\Debug-StaticLib\blas.obj
E:\dev\BasicOCR\gsl\src\gsl\1.8\gsl-1.8\VC8\libgsl\Debug-StaticLib\block.obj
E:\dev\BasicOCR\gsl\src\gsl\1.8\gsl-1.8\VC8\libgsl\Debug-StaticLib\borosh13.obj
E:\dev\BasicOCR\gsl\src\gsl\1.8\gsl-1.8\VC8\libgsl\Debug-StaticLib\bracketing.obj
E:\dev\BasicOCR\gsl\src\gsl\1.8\gsl-1.8\VC8\libgsl\Debug-StaticLib\brent.obj
E:\dev\BasicOCR\gsl\src\gsl\1.8\gsl-1.8\VC8\libgsl\Debug-StaticLib\brent1.obj
E:\dev\BasicOCR\gsl\src\gsl\1.8\gsl-1.8\VC8\libgsl\Debug-StaticLib\broyden.obj
E:\dev\BasicOCR\gsl\src\gsl\1.8\gsl-1.8\VC8\libgsl\Debug-StaticLib\bsearch.obj
E:\dev\BasicOCR\gsl\src\gsl\1.8\gsl-1.8\VC8\libgsl\Debug-StaticLib\bsimp.obj
E:\dev\BasicOCR\gsl\src\gsl\1.8\gsl-1.8\VC8\libgsl\Debug-StaticLib\bspline.obj
E:\dev\BasicOCR\gsl\src\gsl\1.8\gsl-1.8\VC8\libgsl\Debug-StaticLib\calloc_range.obj
E:\dev\BasicOCR\gsl\src\gsl\1.8\gsl-1.8\VC8\libgsl\Debug-StaticLib\calloc_range2d.obj
E:\dev\BasicOCR\gsl\src\gsl\1.8\gsl-1.8\VC8\libgsl\Debug-StaticLib\canonical.obj
E:\dev\BasicOCR\gsl\src\gsl\1.8\gsl-1.8\VC8\libgsl\Debug-StaticLib\cauchy.obj
E:\dev\BasicOCR\gsl\src\gsl\1.8\gsl-1.8\VC8\libgsl\Debug-StaticLib\cauchy1.obj
E:\dev\BasicOCR\gsl\src\gsl\1.8\gsl-1.8\VC8\libgsl\Debug-StaticLib\cauchyinv.obj
E:\dev\BasicOCR\gsl\src\gsl\1.8\gsl-1.8\VC8\libgsl\Debug-StaticLib\caxpy.obj
E:\dev\BasicOCR\gsl\src\gsl\1.8\gsl-1.8\VC8\libgsl\Debug-StaticLib\ccopy.obj
E:\dev\BasicOCR\gsl\src\gsl\1.8\gsl-1.8\VC8\libgsl\Debug-StaticLib\cdotc_sub.obj
E:\dev\BasicOCR\gsl\src\gsl\1.8\gsl-1.8\VC8\libgsl\Debug-StaticLib\cdotu_sub.obj
E:\dev\BasicOCR\gsl\src\gsl\1.8\gsl-1.8\VC8\libgsl\Debug-StaticLib\cgbmv.obj
E:\dev\BasicOCR\gsl\src\gsl\1.8\gsl-1.8\VC8\libgsl\Debug-StaticLib\cgemm.obj
E:\dev\BasicOCR\gsl\src\gsl\1.8\gsl-1.8\VC8\libgsl\Debug-StaticLib\cgemv.obj
E:\dev\BasicOCR\gsl\src\gsl\1.8\gsl-1.8\VC8\libgsl\Debug-StaticLib\cgerc.obj
E:\dev\BasicOCR\gsl\src\gsl\1.8\gsl-1.8\VC8\libgsl\Debug-StaticLib\cgeru.obj
E:\dev\BasicOCR\gsl\src\gsl\1.8\gsl-1.8\VC8\libgsl\Debug-StaticLib\chbmv.obj
E:\dev\BasicOCR\gsl\src\gsl\1.8\gsl-1.8\VC8\libgsl\Debug-StaticLib\chemm.obj
E:\dev\BasicOCR\gsl\src\gsl\1.8\gsl-1.8\VC8\libgsl\Debug-StaticLib\chemv.obj
E:\dev\BasicOCR\gsl\src\gsl\1.8\gsl-1.8\VC8\libgsl\Debug-StaticLib\cher.obj
E:\dev\BasicOCR\gsl\src\gsl\1.8\gsl-1.8\VC8\libgsl\Debug-StaticLib\cher2.obj
E:\dev\BasicOCR\gsl\src\gsl\1.8\gsl-1.8\VC8\libgsl\Debug-StaticLib\cher2k.obj
E:\dev\BasicOCR\gsl\src\gsl\1.8\gsl-1.8\VC8\libgsl\Debug-StaticLib\cherk.obj
E:\dev\BasicOCR\gsl\src\gsl\1.8\gsl-1.8\VC8\libgsl\Debug-StaticLib\chisq.obj
E:\dev\BasicOCR\gsl\src\gsl\1.8\gsl-1.8\VC8\libgsl\Debug-StaticLib\chisq1.obj
E:\dev\BasicOCR\gsl\src\gsl\1.8\gsl-1.8\VC8\libgsl\Debug-StaticLib\chisqinv.obj
E:\dev\BasicOCR\gsl\src\gsl\1.8\gsl-1.8\VC8\libgsl\Debug-StaticLib\cholesky.obj
E:\dev\BasicOCR\gsl\src\gsl\1.8\gsl-1.8\VC8\libgsl\Debug-StaticLib\chpmv.obj
E:\dev\BasicOCR\gsl\src\gsl\1.8\gsl-1.8\VC8\libgsl\Debug-StaticLib\chpr.obj
E:\dev\BasicOCR\gsl\src\gsl\1.8\gsl-1.8\VC8\libgsl\Debug-StaticLib\chpr2.obj
E:\dev\BasicOCR\gsl\src\gsl\1.8\gsl-1.8\VC8\libgsl\Debug-StaticLib\clausen.obj
E:\dev\BasicOCR\gsl\src\gsl\1.8\gsl-1.8\VC8\libgsl\Debug-StaticLib\cmrg.obj
E:\dev\BasicOCR\gsl\src\gsl\1.8\gsl-1.8\VC8\libgsl\Debug-StaticLib\coerce.obj
E:\dev\BasicOCR\gsl\src\gsl\1.8\gsl-1.8\VC8\libgsl\Debug-StaticLib\combination.obj
E:\dev\BasicOCR\gsl\src\gsl\1.8\gsl-1.8\VC8\libgsl\Debug-StaticLib\conjugate_fr.obj
E:\dev\BasicOCR\gsl\src\gsl\1.8\gsl-1.8\VC8\libgsl\Debug-StaticLib\conjugate_pr.obj
E:\dev\BasicOCR\gsl\src\gsl\1.8\gsl-1.8\VC8\libgsl\Debug-StaticLib\control.obj
E:\dev\BasicOCR\gsl\src\gsl\1.8\gsl-1.8\VC8\libgsl\Debug-StaticLib\convergence.obj
E:\dev\BasicOCR\gsl\src\gsl\1.8\gsl-1.8\VC8\libgsl\Debug-StaticLib\convergence1.obj
E:\dev\BasicOCR\gsl\src\gsl\1.8\gsl-1.8\VC8\libgsl\Debug-StaticLib\convergence2.obj
E:\dev\BasicOCR\gsl\src\gsl\1.8\gsl-1.8\VC8\libgsl\Debug-StaticLib\convergence3.obj
E:\dev\BasicOCR\gsl\src\gsl\1.8\gsl-1.8\VC8\libgsl\Debug-StaticLib\convergence4.obj
E:\dev\BasicOCR\gsl\src\gsl\1.8\gsl-1.8\VC8\libgsl\Debug-StaticLib\copy.obj
E:\dev\BasicOCR\gsl\src\gsl\1.8\gsl-1.8\VC8\libgsl\Debug-StaticLib\copy1.obj
E:\dev\BasicOCR\gsl\src\gsl\1.8\gsl-1.8\VC8\libgsl\Debug-StaticLib\copy2.obj
E:\dev\BasicOCR\gsl\src\gsl\1.8\gsl-1.8\VC8\libgsl\Debug-StaticLib\copy2d.obj
E:\dev\BasicOCR\gsl\src\gsl\1.8\gsl-1.8\VC8\libgsl\Debug-StaticLib\coulomb.obj
E:\dev\BasicOCR\gsl\src\gsl\1.8\gsl-1.8\VC8\libgsl\Debug-StaticLib\coulomb_bound.obj
E:\dev\BasicOCR\gsl\src\gsl\1.8\gsl-1.8\VC8\libgsl\Debug-StaticLib\coupling.obj
E:\dev\BasicOCR\gsl\src\gsl\1.8\gsl-1.8\VC8\libgsl\Debug-StaticLib\covar.obj
E:\dev\BasicOCR\gsl\src\gsl\1.8\gsl-1.8\VC8\libgsl\Debug-StaticLib\covariance.obj
E:\dev\BasicOCR\gsl\src\gsl\1.8\gsl-1.8\VC8\libgsl\Debug-StaticLib\coveyou.obj
E:\dev\BasicOCR\gsl\src\gsl\1.8\gsl-1.8\VC8\libgsl\Debug-StaticLib\cscal.obj
E:\dev\BasicOCR\gsl\src\gsl\1.8\gsl-1.8\VC8\libgsl\Debug-StaticLib\cspline.obj
E:\dev\BasicOCR\gsl\src\gsl\1.8\gsl-1.8\VC8\libgsl\Debug-StaticLib\csscal.obj
E:\dev\BasicOCR\gsl\src\gsl\1.8\gsl-1.8\VC8\libgsl\Debug-StaticLib\cstd.obj
E:\dev\BasicOCR\gsl\src\gsl\1.8\gsl-1.8\VC8\libgsl\Debug-StaticLib\cswap.obj
E:\dev\BasicOCR\gsl\src\gsl\1.8\gsl-1.8\VC8\libgsl\Debug-StaticLib\csymm.obj
E:\dev\BasicOCR\gsl\src\gsl\1.8\gsl-1.8\VC8\libgsl\Debug-StaticLib\csyr2k.obj
E:\dev\BasicOCR\gsl\src\gsl\1.8\gsl-1.8\VC8\libgsl\Debug-StaticLib\csyrk.obj
E:\dev\BasicOCR\gsl\src\gsl\1.8\gsl-1.8\VC8\libgsl\Debug-StaticLib\ctbmv.obj
E:\dev\BasicOCR\gsl\src\gsl\1.8\gsl-1.8\VC8\libgsl\Debug-StaticLib\ctbsv.obj
E:\dev\BasicOCR\gsl\src\gsl\1.8\gsl-1.8\VC8\libgsl\Debug-StaticLib\ctpmv.obj
E:\dev\BasicOCR\gsl\src\gsl\1.8\gsl-1.8\VC8\libgsl\Debug-StaticLib\ctpsv.obj
E:\dev\BasicOCR\gsl\src\gsl\1.8\gsl-1.8\VC8\libgsl\Debug-StaticLib\ctrmm.obj
E:\dev\BasicOCR\gsl\src\gsl\1.8\gsl-1.8\VC8\libgsl\Debug-StaticLib\ctrmv.obj
E:\dev\BasicOCR\gsl\src\gsl\1.8\gsl-1.8\VC8\libgsl\Debug-StaticLib\ctrsm.obj
E:\dev\BasicOCR\gsl\src\gsl\1.8\gsl-1.8\VC8\libgsl\Debug-StaticLib\ctrsv.obj
E:\dev\BasicOCR\gsl\src\gsl\1.8\gsl-1.8\VC8\libgsl\Debug-StaticLib\dasum.obj
E:\dev\BasicOCR\gsl\src\gsl\1.8\gsl-1.8\VC8\libgsl\Debug-StaticLib\daubechies.obj
E:\dev\BasicOCR\gsl\src\gsl\1.8\gsl-1.8\VC8\libgsl\Debug-StaticLib\dawson.obj
E:\dev\BasicOCR\gsl\src\gsl\1.8\gsl-1.8\VC8\libgsl\Debug-StaticLib\daxpy.obj
E:\dev\BasicOCR\gsl\src\gsl\1.8\gsl-1.8\VC8\libgsl\Debug-StaticLib\dcopy.obj
E:\dev\BasicOCR\gsl\src\gsl\1.8\gsl-1.8\VC8\libgsl\Debug-StaticLib\dd.obj
E:\dev\BasicOCR\gsl\src\gsl\1.8\gsl-1.8\VC8\libgsl\Debug-StaticLib\ddot.obj
E:\dev\BasicOCR\gsl\src\gsl\1.8\gsl-1.8\VC8\libgsl\Debug-StaticLib\debye.obj
E:\dev\BasicOCR\gsl\src\gsl\1.8\gsl-1.8\VC8\libgsl\Debug-StaticLib\default.obj
E:\dev\BasicOCR\gsl\src\gsl\1.8\gsl-1.8\VC8\libgsl\Debug-StaticLib\deriv.obj
E:\dev\BasicOCR\gsl\src\gsl\1.8\gsl-1.8\VC8\libgsl\Debug-StaticLib\deriv1.obj
E:\dev\BasicOCR\gsl\src\gsl\1.8\gsl-1.8\VC8\libgsl\Debug-StaticLib\dft.obj
E:\dev\BasicOCR\gsl\src\gsl\1.8\gsl-1.8\VC8\libgsl\Debug-StaticLib\dgbmv.obj
E:\dev\BasicOCR\gsl\src\gsl\1.8\gsl-1.8\VC8\libgsl\Debug-StaticLib\dgemm.obj
E:\dev\BasicOCR\gsl\src\gsl\1.8\gsl-1.8\VC8\libgsl\Debug-StaticLib\dgemv.obj
E:\dev\BasicOCR\gsl\src\gsl\1.8\gsl-1.8\VC8\libgsl\Debug-StaticLib\dger.obj
E:\dev\BasicOCR\gsl\src\gsl\1.8\gsl-1.8\VC8\libgsl\Debug-StaticLib\dht.obj
E:\dev\BasicOCR\gsl\src\gsl\1.8\gsl-1.8\VC8\libgsl\Debug-StaticLib\diff.obj
E:\dev\BasicOCR\gsl\src\gsl\1.8\gsl-1.8\VC8\libgsl\Debug-StaticLib\diff1.obj
E:\dev\BasicOCR\gsl\src\gsl\1.8\gsl-1.8\VC8\libgsl\Debug-StaticLib\dilog.obj
E:\dev\BasicOCR\gsl\src\gsl\1.8\gsl-1.8\VC8\libgsl\Debug-StaticLib\dirichlet.obj
E:\dev\BasicOCR\gsl\src\gsl\1.8\gsl-1.8\VC8\libgsl\Debug-StaticLib\discrete.obj
E:\dev\BasicOCR\gsl\src\gsl\1.8\gsl-1.8\VC8\libgsl\Debug-StaticLib\dnewton.obj
E:\dev\BasicOCR\gsl\src\gsl\1.8\gsl-1.8\VC8\libgsl\Debug-StaticLib\dnrm2.obj
E:\dev\BasicOCR\gsl\src\gsl\1.8\gsl-1.8\VC8\libgsl\Debug-StaticLib\drot.obj
E:\dev\BasicOCR\gsl\src\gsl\1.8\gsl-1.8\VC8\libgsl\Debug-StaticLib\drotg.obj
E:\dev\BasicOCR\gsl\src\gsl\1.8\gsl-1.8\VC8\libgsl\Debug-StaticLib\drotm.obj
E:\dev\BasicOCR\gsl\src\gsl\1.8\gsl-1.8\VC8\libgsl\Debug-StaticLib\drotmg.obj
E:\dev\BasicOCR\gsl\src\gsl\1.8\gsl-1.8\VC8\libgsl\Debug-StaticLib\dsbmv.obj
E:\dev\BasicOCR\gsl\src\gsl\1.8\gsl-1.8\VC8\libgsl\Debug-StaticLib\dscal.obj
E:\dev\BasicOCR\gsl\src\gsl\1.8\gsl-1.8\VC8\libgsl\Debug-StaticLib\dsdot.obj
E:\dev\BasicOCR\gsl\src\gsl\1.8\gsl-1.8\VC8\libgsl\Debug-StaticLib\dspmv.obj
E:\dev\BasicOCR\gsl\src\gsl\1.8\gsl-1.8\VC8\libgsl\Debug-StaticLib\dspr.obj
E:\dev\BasicOCR\gsl\src\gsl\1.8\gsl-1.8\VC8\libgsl\Debug-StaticLib\dspr2.obj
E:\dev\BasicOCR\gsl\src\gsl\1.8\gsl-1.8\VC8\libgsl\Debug-StaticLib\dswap.obj
E:\dev\BasicOCR\gsl\src\gsl\1.8\gsl-1.8\VC8\libgsl\Debug-StaticLib\dsymm.obj
E:\dev\BasicOCR\gsl\src\gsl\1.8\gsl-1.8\VC8\libgsl\Debug-StaticLib\dsymv.obj
E:\dev\BasicOCR\gsl\src\gsl\1.8\gsl-1.8\VC8\libgsl\Debug-StaticLib\dsyr.obj
E:\dev\BasicOCR\gsl\src\gsl\1.8\gsl-1.8\VC8\libgsl\Debug-StaticLib\dsyr2.obj
E:\dev\BasicOCR\gsl\src\gsl\1.8\gsl-1.8\VC8\libgsl\Debug-StaticLib\dsyr2k.obj
E:\dev\BasicOCR\gsl\src\gsl\1.8\gsl-1.8\VC8\libgsl\Debug-StaticLib\dsyrk.obj
E:\dev\BasicOCR\gsl\src\gsl\1.8\gsl-1.8\VC8\libgsl\Debug-StaticLib\dtbmv.obj
E:\dev\BasicOCR\gsl\src\gsl\1.8\gsl-1.8\VC8\libgsl\Debug-StaticLib\dtbsv.obj
E:\dev\BasicOCR\gsl\src\gsl\1.8\gsl-1.8\VC8\libgsl\Debug-StaticLib\dtpmv.obj
E:\dev\BasicOCR\gsl\src\gsl\1.8\gsl-1.8\VC8\libgsl\Debug-StaticLib\dtpsv.obj
E:\dev\BasicOCR\gsl\src\gsl\1.8\gsl-1.8\VC8\libgsl\Debug-StaticLib\dtrmm.obj
E:\dev\BasicOCR\gsl\src\gsl\1.8\gsl-1.8\VC8\libgsl\Debug-StaticLib\dtrmv.obj
E:\dev\BasicOCR\gsl\src\gsl\1.8\gsl-1.8\VC8\libgsl\Debug-StaticLib\dtrsm.obj
E:\dev\BasicOCR\gsl\src\gsl\1.8\gsl-1.8\VC8\libgsl\Debug-StaticLib\dtrsv.obj
E:\dev\BasicOCR\gsl\src\gsl\1.8\gsl-1.8\VC8\libgsl\Debug-StaticLib\dwt.obj
E:\dev\BasicOCR\gsl\src\gsl\1.8\gsl-1.8\VC8\libgsl\Debug-StaticLib\dzasum.obj
E:\dev\BasicOCR\gsl\src\gsl\1.8\gsl-1.8\VC8\libgsl\Debug-StaticLib\dznrm2.obj
E:\dev\BasicOCR\gsl\src\gsl\1.8\gsl-1.8\VC8\libgsl\Debug-StaticLib\elementary.obj
E:\dev\BasicOCR\gsl\src\gsl\1.8\gsl-1.8\VC8\libgsl\Debug-StaticLib\ellint.obj
E:\dev\BasicOCR\gsl\src\gsl\1.8\gsl-1.8\VC8\libgsl\Debug-StaticLib\elljac.obj
E:\dev\BasicOCR\gsl\src\gsl\1.8\gsl-1.8\VC8\libgsl\Debug-StaticLib\env.obj
E:\dev\BasicOCR\gsl\src\gsl\1.8\gsl-1.8\VC8\libgsl\Debug-StaticLib\erfc.obj
E:\dev\BasicOCR\gsl\src\gsl\1.8\gsl-1.8\VC8\libgsl\Debug-StaticLib\erlang.obj
E:\dev\BasicOCR\gsl\src\gsl\1.8\gsl-1.8\VC8\libgsl\Debug-StaticLib\error.obj
E:\dev\BasicOCR\gsl\src\gsl\1.8\gsl-1.8\VC8\libgsl\Debug-StaticLib\eval.obj
E:\dev\BasicOCR\gsl\src\gsl\1.8\gsl-1.8\VC8\libgsl\Debug-StaticLib\eval1.obj
E:\dev\BasicOCR\gsl\src\gsl\1.8\gsl-1.8\VC8\libgsl\Debug-StaticLib\evolve.obj
E:\dev\BasicOCR\gsl\src\gsl\1.8\gsl-1.8\VC8\libgsl\Debug-StaticLib\exp.obj
E:\dev\BasicOCR\gsl\src\gsl\1.8\gsl-1.8\VC8\libgsl\Debug-StaticLib\expint.obj
E:\dev\BasicOCR\gsl\src\gsl\1.8\gsl-1.8\VC8\libgsl\Debug-StaticLib\expint3.obj
E:\dev\BasicOCR\gsl\src\gsl\1.8\gsl-1.8\VC8\libgsl\Debug-StaticLib\expm1.obj
E:\dev\BasicOCR\gsl\src\gsl\1.8\gsl-1.8\VC8\libgsl\Debug-StaticLib\exponential.obj
E:\dev\BasicOCR\gsl\src\gsl\1.8\gsl-1.8\VC8\libgsl\Debug-StaticLib\exponential1.obj
E:\dev\BasicOCR\gsl\src\gsl\1.8\gsl-1.8\VC8\libgsl\Debug-StaticLib\exponential2.obj
E:\dev\BasicOCR\gsl\src\gsl\1.8\gsl-1.8\VC8\libgsl\Debug-StaticLib\exponentialinv.obj
E:\dev\BasicOCR\gsl\src\gsl\1.8\gsl-1.8\VC8\libgsl\Debug-StaticLib\exppow.obj
E:\dev\BasicOCR\gsl\src\gsl\1.8\gsl-1.8\VC8\libgsl\Debug-StaticLib\exppow1.obj
E:\dev\BasicOCR\gsl\src\gsl\1.8\gsl-1.8\VC8\libgsl\Debug-StaticLib\falsepos.obj
E:\dev\BasicOCR\gsl\src\gsl\1.8\gsl-1.8\VC8\libgsl\Debug-StaticLib\fcmp.obj
E:\dev\BasicOCR\gsl\src\gsl\1.8\gsl-1.8\VC8\libgsl\Debug-StaticLib\fdfminimizer.obj
E:\dev\BasicOCR\gsl\src\gsl\1.8\gsl-1.8\VC8\libgsl\Debug-StaticLib\fdfsolver.obj
E:\dev\BasicOCR\gsl\src\gsl\1.8\gsl-1.8\VC8\libgsl\Debug-StaticLib\fdfsolver1.obj
E:\dev\BasicOCR\gsl\src\gsl\1.8\gsl-1.8\VC8\libgsl\Debug-StaticLib\fdfsolver2.obj
E:\dev\BasicOCR\gsl\src\gsl\1.8\gsl-1.8\VC8\libgsl\Debug-StaticLib\fdist.obj
E:\dev\BasicOCR\gsl\src\gsl\1.8\gsl-1.8\VC8\libgsl\Debug-StaticLib\fdist1.obj
E:\dev\BasicOCR\gsl\src\gsl\1.8\gsl-1.8\VC8\libgsl\Debug-StaticLib\fdistinv.obj
E:\dev\BasicOCR\gsl\src\gsl\1.8\gsl-1.8\VC8\libgsl\Debug-StaticLib\fdiv.obj
E:\dev\BasicOCR\gsl\src\gsl\1.8\gsl-1.8\VC8\libgsl\Debug-StaticLib\fdjac.obj
E:\dev\BasicOCR\gsl\src\gsl\1.8\gsl-1.8\VC8\libgsl\Debug-StaticLib\fermi_dirac.obj
E:\dev\BasicOCR\gsl\src\gsl\1.8\gsl-1.8\VC8\libgsl\Debug-StaticLib\fft.obj
E:\dev\BasicOCR\gsl\src\gsl\1.8\gsl-1.8\VC8\libgsl\Debug-StaticLib\file.obj
E:\dev\BasicOCR\gsl\src\gsl\1.8\gsl-1.8\VC8\libgsl\Debug-StaticLib\file1.obj
E:\dev\BasicOCR\gsl\src\gsl\1.8\gsl-1.8\VC8\libgsl\Debug-StaticLib\file2.obj
E:\dev\BasicOCR\gsl\src\gsl\1.8\gsl-1.8\VC8\libgsl\Debug-StaticLib\file2d.obj
E:\dev\BasicOCR\gsl\src\gsl\1.8\gsl-1.8\VC8\libgsl\Debug-StaticLib\file3.obj
E:\dev\BasicOCR\gsl\src\gsl\1.8\gsl-1.8\VC8\libgsl\Debug-StaticLib\file4.obj
E:\dev\BasicOCR\gsl\src\gsl\1.8\gsl-1.8\VC8\libgsl\Debug-StaticLib\file5.obj
E:\dev\BasicOCR\gsl\src\gsl\1.8\gsl-1.8\VC8\libgsl\Debug-StaticLib\file6.obj
E:\dev\BasicOCR\gsl\src\gsl\1.8\gsl-1.8\VC8\libgsl\Debug-StaticLib\fishman18.obj
E:\dev\BasicOCR\gsl\src\gsl\1.8\gsl-1.8\VC8\libgsl\Debug-StaticLib\fishman20.obj
E:\dev\BasicOCR\gsl\src\gsl\1.8\gsl-1.8\VC8\libgsl\Debug-StaticLib\fishman2x.obj
E:\dev\BasicOCR\gsl\src\gsl\1.8\gsl-1.8\VC8\libgsl\Debug-StaticLib\flat.obj
E:\dev\BasicOCR\gsl\src\gsl\1.8\gsl-1.8\VC8\libgsl\Debug-StaticLib\flat1.obj
E:\dev\BasicOCR\gsl\src\gsl\1.8\gsl-1.8\VC8\libgsl\Debug-StaticLib\flatinv.obj
E:\dev\BasicOCR\gsl\src\gsl\1.8\gsl-1.8\VC8\libgsl\Debug-StaticLib\fminimizer.obj
E:\dev\BasicOCR\gsl\src\gsl\1.8\gsl-1.8\VC8\libgsl\Debug-StaticLib\fp.obj
E:\dev\BasicOCR\gsl\src\gsl\1.8\gsl-1.8\VC8\libgsl\Debug-StaticLib\fsolver.obj
E:\dev\BasicOCR\gsl\src\gsl\1.8\gsl-1.8\VC8\libgsl\Debug-StaticLib\fsolver1.obj
E:\dev\BasicOCR\gsl\src\gsl\1.8\gsl-1.8\VC8\libgsl\Debug-StaticLib\fsolver2.obj
E:\dev\BasicOCR\gsl\src\gsl\1.8\gsl-1.8\VC8\libgsl\Debug-StaticLib\fsolver3.obj
E:\dev\BasicOCR\gsl\src\gsl\1.8\gsl-1.8\VC8\libgsl\Debug-StaticLib\gamma.obj
E:\dev\BasicOCR\gsl\src\gsl\1.8\gsl-1.8\VC8\libgsl\Debug-StaticLib\gamma1.obj
E:\dev\BasicOCR\gsl\src\gsl\1.8\gsl-1.8\VC8\libgsl\Debug-StaticLib\gamma2.obj
E:\dev\BasicOCR\gsl\src\gsl\1.8\gsl-1.8\VC8\libgsl\Debug-StaticLib\gammainv.obj
E:\dev\BasicOCR\gsl\src\gsl\1.8\gsl-1.8\VC8\libgsl\Debug-StaticLib\gamma_inc.obj
E:\dev\BasicOCR\gsl\src\gsl\1.8\gsl-1.8\VC8\libgsl\Debug-StaticLib\gauss.obj
E:\dev\BasicOCR\gsl\src\gsl\1.8\gsl-1.8\VC8\libgsl\Debug-StaticLib\gauss1.obj
E:\dev\BasicOCR\gsl\src\gsl\1.8\gsl-1.8\VC8\libgsl\Debug-StaticLib\gaussinv.obj
E:\dev\BasicOCR\gsl\src\gsl\1.8\gsl-1.8\VC8\libgsl\Debug-StaticLib\gausstail.obj
E:\dev\BasicOCR\gsl\src\gsl\1.8\gsl-1.8\VC8\libgsl\Debug-StaticLib\gausszig.obj
E:\dev\BasicOCR\gsl\src\gsl\1.8\gsl-1.8\VC8\libgsl\Debug-StaticLib\gear1.obj
E:\dev\BasicOCR\gsl\src\gsl\1.8\gsl-1.8\VC8\libgsl\Debug-StaticLib\gear2.obj
E:\dev\BasicOCR\gsl\src\gsl\1.8\gsl-1.8\VC8\libgsl\Debug-StaticLib\gegenbauer.obj
E:\dev\BasicOCR\gsl\src\gsl\1.8\gsl-1.8\VC8\libgsl\Debug-StaticLib\geometric.obj
E:\dev\BasicOCR\gsl\src\gsl\1.8\gsl-1.8\VC8\libgsl\Debug-StaticLib\geometric1.obj
E:\dev\BasicOCR\gsl\src\gsl\1.8\gsl-1.8\VC8\libgsl\Debug-StaticLib\get.obj
E:\dev\BasicOCR\gsl\src\gsl\1.8\gsl-1.8\VC8\libgsl\Debug-StaticLib\get2d.obj
E:\dev\BasicOCR\gsl\src\gsl\1.8\gsl-1.8\VC8\libgsl\Debug-StaticLib\getset.obj
E:\dev\BasicOCR\gsl\src\gsl\1.8\gsl-1.8\VC8\libgsl\Debug-StaticLib\gfsr4.obj
E:\dev\BasicOCR\gsl\src\gsl\1.8\gsl-1.8\VC8\libgsl\Debug-StaticLib\gnewton.obj
E:\dev\BasicOCR\gsl\src\gsl\1.8\gsl-1.8\VC8\libgsl\Debug-StaticLib\golden.obj
E:\dev\BasicOCR\gsl\src\gsl\1.8\gsl-1.8\VC8\libgsl\Debug-StaticLib\gradient.obj
E:\dev\BasicOCR\gsl\src\gsl\1.8\gsl-1.8\VC8\libgsl\Debug-StaticLib\gumbel.obj
E:\dev\BasicOCR\gsl\src\gsl\1.8\gsl-1.8\VC8\libgsl\Debug-StaticLib\gumbel1.obj
E:\dev\BasicOCR\gsl\src\gsl\1.8\gsl-1.8\VC8\libgsl\Debug-StaticLib\gumbel1inv.obj
E:\dev\BasicOCR\gsl\src\gsl\1.8\gsl-1.8\VC8\libgsl\Debug-StaticLib\gumbel2.obj
E:\dev\BasicOCR\gsl\src\gsl\1.8\gsl-1.8\VC8\libgsl\Debug-StaticLib\gumbel2inv.obj
E:\dev\BasicOCR\gsl\src\gsl\1.8\gsl-1.8\VC8\libgsl\Debug-StaticLib\haar.obj
E:\dev\BasicOCR\gsl\src\gsl\1.8\gsl-1.8\VC8\libgsl\Debug-StaticLib\herm.obj
E:\dev\BasicOCR\gsl\src\gsl\1.8\gsl-1.8\VC8\libgsl\Debug-StaticLib\hermtd.obj
E:\dev\BasicOCR\gsl\src\gsl\1.8\gsl-1.8\VC8\libgsl\Debug-StaticLib\hermv.obj
E:\dev\BasicOCR\gsl\src\gsl\1.8\gsl-1.8\VC8\libgsl\Debug-StaticLib\hh.obj
E:\dev\BasicOCR\gsl\src\gsl\1.8\gsl-1.8\VC8\libgsl\Debug-StaticLib\householder.obj
E:\dev\BasicOCR\gsl\src\gsl\1.8\gsl-1.8\VC8\libgsl\Debug-StaticLib\householdercomplex.obj
E:\dev\BasicOCR\gsl\src\gsl\1.8\gsl-1.8\VC8\libgsl\Debug-StaticLib\hybrid.obj
E:\dev\BasicOCR\gsl\src\gsl\1.8\gsl-1.8\VC8\libgsl\Debug-StaticLib\hybridj.obj
E:\dev\BasicOCR\gsl\src\gsl\1.8\gsl-1.8\VC8\libgsl\Debug-StaticLib\hyperg.obj
E:\dev\BasicOCR\gsl\src\gsl\1.8\gsl-1.8\VC8\libgsl\Debug-StaticLib\hyperg1.obj
E:\dev\BasicOCR\gsl\src\gsl\1.8\gsl-1.8\VC8\libgsl\Debug-StaticLib\hypergeometric.obj
E:\dev\BasicOCR\gsl\src\gsl\1.8\gsl-1.8\VC8\libgsl\Debug-StaticLib\hyperg_0F1.obj
E:\dev\BasicOCR\gsl\src\gsl\1.8\gsl-1.8\VC8\libgsl\Debug-StaticLib\hyperg_1F1.obj
E:\dev\BasicOCR\gsl\src\gsl\1.8\gsl-1.8\VC8\libgsl\Debug-StaticLib\hyperg_2F0.obj
E:\dev\BasicOCR\gsl\src\gsl\1.8\gsl-1.8\VC8\libgsl\Debug-StaticLib\hyperg_2F1.obj
E:\dev\BasicOCR\gsl\src\gsl\1.8\gsl-1.8\VC8\libgsl\Debug-StaticLib\hyperg_U.obj
E:\dev\BasicOCR\gsl\src\gsl\1.8\gsl-1.8\VC8\libgsl\Debug-StaticLib\hypot.obj
E:\dev\BasicOCR\gsl\src\gsl\1.8\gsl-1.8\VC8\libgsl\Debug-StaticLib\icamax.obj
E:\dev\BasicOCR\gsl\src\gsl\1.8\gsl-1.8\VC8\libgsl\Debug-StaticLib\idamax.obj
E:\dev\BasicOCR\gsl\src\gsl\1.8\gsl-1.8\VC8\libgsl\Debug-StaticLib\infnan.obj
E:\dev\BasicOCR\gsl\src\gsl\1.8\gsl-1.8\VC8\libgsl\Debug-StaticLib\init.obj
E:\dev\BasicOCR\gsl\src\gsl\1.8\gsl-1.8\VC8\libgsl\Debug-StaticLib\init1.obj
E:\dev\BasicOCR\gsl\src\gsl\1.8\gsl-1.8\VC8\libgsl\Debug-StaticLib\init2.obj
E:\dev\BasicOCR\gsl\src\gsl\1.8\gsl-1.8\VC8\libgsl\Debug-StaticLib\init2d.obj
E:\dev\BasicOCR\gsl\src\gsl\1.8\gsl-1.8\VC8\libgsl\Debug-StaticLib\init3.obj
E:\dev\BasicOCR\gsl\src\gsl\1.8\gsl-1.8\VC8\libgsl\Debug-StaticLib\init4.obj
E:\dev\BasicOCR\gsl\src\gsl\1.8\gsl-1.8\VC8\libgsl\Debug-StaticLib\init5.obj
E:\dev\BasicOCR\gsl\src\gsl\1.8\gsl-1.8\VC8\libgsl\Debug-StaticLib\init6.obj
E:\dev\BasicOCR\gsl\src\gsl\1.8\gsl-1.8\VC8\libgsl\Debug-StaticLib\integ.obj
E:\dev\BasicOCR\gsl\src\gsl\1.8\gsl-1.8\VC8\libgsl\Debug-StaticLib\interp.obj
E:\dev\BasicOCR\gsl\src\gsl\1.8\gsl-1.8\VC8\libgsl\Debug-StaticLib\invhyp.obj
E:\dev\BasicOCR\gsl\src\gsl\1.8\gsl-1.8\VC8\libgsl\Debug-StaticLib\isamax.obj
E:\dev\BasicOCR\gsl\src\gsl\1.8\gsl-1.8\VC8\libgsl\Debug-StaticLib\izamax.obj
E:\dev\BasicOCR\gsl\src\gsl\1.8\gsl-1.8\VC8\libgsl\Debug-StaticLib\jacobi.obj
E:\dev\BasicOCR\gsl\src\gsl\1.8\gsl-1.8\VC8\libgsl\Debug-StaticLib\knuthran.obj
E:\dev\BasicOCR\gsl\src\gsl\1.8\gsl-1.8\VC8\libgsl\Debug-StaticLib\knuthran2.obj
E:\dev\BasicOCR\gsl\src\gsl\1.8\gsl-1.8\VC8\libgsl\Debug-StaticLib\kurtosis.obj
E:\dev\BasicOCR\gsl\src\gsl\1.8\gsl-1.8\VC8\libgsl\Debug-StaticLib\lag1.obj
E:\dev\BasicOCR\gsl\src\gsl\1.8\gsl-1.8\VC8\libgsl\Debug-StaticLib\laguerre.obj
E:\dev\BasicOCR\gsl\src\gsl\1.8\gsl-1.8\VC8\libgsl\Debug-StaticLib\lambert.obj
E:\dev\BasicOCR\gsl\src\gsl\1.8\gsl-1.8\VC8\libgsl\Debug-StaticLib\landau.obj
E:\dev\BasicOCR\gsl\src\gsl\1.8\gsl-1.8\VC8\libgsl\Debug-StaticLib\laplace.obj
E:\dev\BasicOCR\gsl\src\gsl\1.8\gsl-1.8\VC8\libgsl\Debug-StaticLib\laplace1.obj
E:\dev\BasicOCR\gsl\src\gsl\1.8\gsl-1.8\VC8\libgsl\Debug-StaticLib\laplaceinv.obj
E:\dev\BasicOCR\gsl\src\gsl\1.8\gsl-1.8\VC8\libgsl\Debug-StaticLib\ldfrexp.obj
E:\dev\BasicOCR\gsl\src\gsl\1.8\gsl-1.8\VC8\libgsl\Debug-StaticLib\lecuyer21.obj
E:\dev\BasicOCR\gsl\src\gsl\1.8\gsl-1.8\VC8\libgsl\Debug-StaticLib\legendre_con.obj
E:\dev\BasicOCR\gsl\src\gsl\1.8\gsl-1.8\VC8\libgsl\Debug-StaticLib\legendre_H3d.obj
E:\dev\BasicOCR\gsl\src\gsl\1.8\gsl-1.8\VC8\libgsl\Debug-StaticLib\legendre_poly.obj
E:\dev\BasicOCR\gsl\src\gsl\1.8\gsl-1.8\VC8\libgsl\Debug-StaticLib\legendre_Qn.obj
E:\dev\BasicOCR\gsl\src\gsl\1.8\gsl-1.8\VC8\libgsl\Debug-StaticLib\levin_u.obj
E:\dev\BasicOCR\gsl\src\gsl\1.8\gsl-1.8\VC8\libgsl\Debug-StaticLib\levin_utrunc.obj
E:\dev\BasicOCR\gsl\src\gsl\1.8\gsl-1.8\VC8\libgsl\Debug-StaticLib\levy.obj
E:\dev\BasicOCR\gsl\src\gsl\1.8\gsl-1.8\VC8\libgsl\Debug-StaticLib\linear.obj
E:\dev\BasicOCR\gsl\src\gsl\1.8\gsl-1.8\VC8\libgsl\Debug-StaticLib\linear1.obj
E:\dev\BasicOCR\gsl\src\gsl\1.8\gsl-1.8\VC8\libgsl\Debug-StaticLib\lmder.obj
E:\dev\BasicOCR\gsl\src\gsl\1.8\gsl-1.8\VC8\libgsl\Debug-StaticLib\log.obj
E:\dev\BasicOCR\gsl\src\gsl\1.8\gsl-1.8\VC8\libgsl\Debug-StaticLib\log1p.obj
E:\dev\BasicOCR\gsl\src\gsl\1.8\gsl-1.8\VC8\libgsl\Debug-StaticLib\logarithmic.obj
E:\dev\BasicOCR\gsl\src\gsl\1.8\gsl-1.8\VC8\libgsl\Debug-StaticLib\logistic.obj
E:\dev\BasicOCR\gsl\src\gsl\1.8\gsl-1.8\VC8\libgsl\Debug-StaticLib\logistic1.obj
E:\dev\BasicOCR\gsl\src\gsl\1.8\gsl-1.8\VC8\libgsl\Debug-StaticLib\logisticinv.obj
E:\dev\BasicOCR\gsl\src\gsl\1.8\gsl-1.8\VC8\libgsl\Debug-StaticLib\lognormal.obj
E:\dev\BasicOCR\gsl\src\gsl\1.8\gsl-1.8\VC8\libgsl\Debug-StaticLib\lognormal1.obj
E:\dev\BasicOCR\gsl\src\gsl\1.8\gsl-1.8\VC8\libgsl\Debug-StaticLib\lognormalinv.obj
E:\dev\BasicOCR\gsl\src\gsl\1.8\gsl-1.8\VC8\libgsl\Debug-StaticLib\lq.obj
E:\dev\BasicOCR\gsl\src\gsl\1.8\gsl-1.8\VC8\libgsl\Debug-StaticLib\lu.obj
E:\dev\BasicOCR\gsl\src\gsl\1.8\gsl-1.8\VC8\libgsl\Debug-StaticLib\luc.obj
E:\dev\BasicOCR\gsl\src\gsl\1.8\gsl-1.8\VC8\libgsl\Debug-StaticLib\make_rep.obj
E:\dev\BasicOCR\gsl\src\gsl\1.8\gsl-1.8\VC8\libgsl\Debug-StaticLib\math.obj
E:\dev\BasicOCR\gsl\src\gsl\1.8\gsl-1.8\VC8\libgsl\Debug-StaticLib\matrix.obj
E:\dev\BasicOCR\gsl\src\gsl\1.8\gsl-1.8\VC8\libgsl\Debug-StaticLib\maxval.obj
E:\dev\BasicOCR\gsl\src\gsl\1.8\gsl-1.8\VC8\libgsl\Debug-StaticLib\maxval2d.obj
E:\dev\BasicOCR\gsl\src\gsl\1.8\gsl-1.8\VC8\libgsl\Debug-StaticLib\mean.obj
E:\dev\BasicOCR\gsl\src\gsl\1.8\gsl-1.8\VC8\libgsl\Debug-StaticLib\median.obj
E:\dev\BasicOCR\gsl\src\gsl\1.8\gsl-1.8\VC8\libgsl\Debug-StaticLib\message.obj
E:\dev\BasicOCR\gsl\src\gsl\1.8\gsl-1.8\VC8\libgsl\Debug-StaticLib\minmax.obj
E:\dev\BasicOCR\gsl\src\gsl\1.8\gsl-1.8\VC8\libgsl\Debug-StaticLib\minmax1.obj
E:\dev\BasicOCR\gsl\src\gsl\1.8\gsl-1.8\VC8\libgsl\Debug-StaticLib\minmax2.obj
E:\dev\BasicOCR\gsl\src\gsl\1.8\gsl-1.8\VC8\libgsl\Debug-StaticLib\minmax3.obj
E:\dev\BasicOCR\gsl\src\gsl\1.8\gsl-1.8\VC8\libgsl\Debug-StaticLib\minstd.obj
E:\dev\BasicOCR\gsl\src\gsl\1.8\gsl-1.8\VC8\libgsl\Debug-StaticLib\miser.obj
E:\dev\BasicOCR\gsl\src\gsl\1.8\gsl-1.8\VC8\libgsl\Debug-StaticLib\mrg.obj
E:\dev\BasicOCR\gsl\src\gsl\1.8\gsl-1.8\VC8\libgsl\Debug-StaticLib\mt.obj
E:\dev\BasicOCR\gsl\src\gsl\1.8\gsl-1.8\VC8\libgsl\Debug-StaticLib\multilinear.obj
E:\dev\BasicOCR\gsl\src\gsl\1.8\gsl-1.8\VC8\libgsl\Debug-StaticLib\multinomial.obj
E:\dev\BasicOCR\gsl\src\gsl\1.8\gsl-1.8\VC8\libgsl\Debug-StaticLib\multiply.obj
E:\dev\BasicOCR\gsl\src\gsl\1.8\gsl-1.8\VC8\libgsl\Debug-StaticLib\nbinomial.obj
E:\dev\BasicOCR\gsl\src\gsl\1.8\gsl-1.8\VC8\libgsl\Debug-StaticLib\nbinomial1.obj
E:\dev\BasicOCR\gsl\src\gsl\1.8\gsl-1.8\VC8\libgsl\Debug-StaticLib\newton.obj
E:\dev\BasicOCR\gsl\src\gsl\1.8\gsl-1.8\VC8\libgsl\Debug-StaticLib\newton1.obj
E:\dev\BasicOCR\gsl\src\gsl\1.8\gsl-1.8\VC8\libgsl\Debug-StaticLib\niederreiter-2.obj
E:\dev\BasicOCR\gsl\src\gsl\1.8\gsl-1.8\VC8\libgsl\Debug-StaticLib\ntuple.obj
E:\dev\BasicOCR\gsl\src\gsl\1.8\gsl-1.8\VC8\libgsl\Debug-StaticLib\oper.obj
E:\dev\BasicOCR\gsl\src\gsl\1.8\gsl-1.8\VC8\libgsl\Debug-StaticLib\oper1.obj
E:\dev\BasicOCR\gsl\src\gsl\1.8\gsl-1.8\VC8\libgsl\Debug-StaticLib\oper2.obj
E:\dev\BasicOCR\gsl\src\gsl\1.8\gsl-1.8\VC8\libgsl\Debug-StaticLib\oper2d.obj
E:\dev\BasicOCR\gsl\src\gsl\1.8\gsl-1.8\VC8\libgsl\Debug-StaticLib\params.obj
E:\dev\BasicOCR\gsl\src\gsl\1.8\gsl-1.8\VC8\libgsl\Debug-StaticLib\params2d.obj
E:\dev\BasicOCR\gsl\src\gsl\1.8\gsl-1.8\VC8\libgsl\Debug-StaticLib\pareto.obj
E:\dev\BasicOCR\gsl\src\gsl\1.8\gsl-1.8\VC8\libgsl\Debug-StaticLib\pareto1.obj
E:\dev\BasicOCR\gsl\src\gsl\1.8\gsl-1.8\VC8\libgsl\Debug-StaticLib\paretoinv.obj
E:\dev\BasicOCR\gsl\src\gsl\1.8\gsl-1.8\VC8\libgsl\Debug-StaticLib\pascal.obj
E:\dev\BasicOCR\gsl\src\gsl\1.8\gsl-1.8\VC8\libgsl\Debug-StaticLib\pascal1.obj
E:\dev\BasicOCR\gsl\src\gsl\1.8\gsl-1.8\VC8\libgsl\Debug-StaticLib\pdf.obj
E:\dev\BasicOCR\gsl\src\gsl\1.8\gsl-1.8\VC8\libgsl\Debug-StaticLib\pdf2d.obj
E:\dev\BasicOCR\gsl\src\gsl\1.8\gsl-1.8\VC8\libgsl\Debug-StaticLib\permutation.obj
E:\dev\BasicOCR\gsl\src\gsl\1.8\gsl-1.8\VC8\libgsl\Debug-StaticLib\permute.obj
E:\dev\BasicOCR\gsl\src\gsl\1.8\gsl-1.8\VC8\libgsl\Debug-StaticLib\placeholder.obj
E:\dev\BasicOCR\gsl\src\gsl\1.8\gsl-1.8\VC8\libgsl\Debug-StaticLib\plain.obj
E:\dev\BasicOCR\gsl\src\gsl\1.8\gsl-1.8\VC8\libgsl\Debug-StaticLib\poch.obj
E:\dev\BasicOCR\gsl\src\gsl\1.8\gsl-1.8\VC8\libgsl\Debug-StaticLib\poisson.obj
E:\dev\BasicOCR\gsl\src\gsl\1.8\gsl-1.8\VC8\libgsl\Debug-StaticLib\poisson1.obj
E:\dev\BasicOCR\gsl\src\gsl\1.8\gsl-1.8\VC8\libgsl\Debug-StaticLib\poly.obj
E:\dev\BasicOCR\gsl\src\gsl\1.8\gsl-1.8\VC8\libgsl\Debug-StaticLib\pow_int.obj
E:\dev\BasicOCR\gsl\src\gsl\1.8\gsl-1.8\VC8\libgsl\Debug-StaticLib\pow_int1.obj
E:\dev\BasicOCR\gsl\src\gsl\1.8\gsl-1.8\VC8\libgsl\Debug-StaticLib\prec.obj
E:\dev\BasicOCR\gsl\src\gsl\1.8\gsl-1.8\VC8\libgsl\Debug-StaticLib\print.obj
E:\dev\BasicOCR\gsl\src\gsl\1.8\gsl-1.8\VC8\libgsl\Debug-StaticLib\prop.obj
E:\dev\BasicOCR\gsl\src\gsl\1.8\gsl-1.8\VC8\libgsl\Debug-StaticLib\prop1.obj
E:\dev\BasicOCR\gsl\src\gsl\1.8\gsl-1.8\VC8\libgsl\Debug-StaticLib\psi.obj
E:\dev\BasicOCR\gsl\src\gsl\1.8\gsl-1.8\VC8\libgsl\Debug-StaticLib\ptlq.obj
E:\dev\BasicOCR\gsl\src\gsl\1.8\gsl-1.8\VC8\libgsl\Debug-StaticLib\p_variance.obj
E:\dev\BasicOCR\gsl\src\gsl\1.8\gsl-1.8\VC8\libgsl\Debug-StaticLib\qag.obj
E:\dev\BasicOCR\gsl\src\gsl\1.8\gsl-1.8\VC8\libgsl\Debug-StaticLib\qagp.obj
E:\dev\BasicOCR\gsl\src\gsl\1.8\gsl-1.8\VC8\libgsl\Debug-StaticLib\qags.obj
E:\dev\BasicOCR\gsl\src\gsl\1.8\gsl-1.8\VC8\libgsl\Debug-StaticLib\qawc.obj
E:\dev\BasicOCR\gsl\src\gsl\1.8\gsl-1.8\VC8\libgsl\Debug-StaticLib\qawf.obj
E:\dev\BasicOCR\gsl\src\gsl\1.8\gsl-1.8\VC8\libgsl\Debug-StaticLib\qawo.obj
E:\dev\BasicOCR\gsl\src\gsl\1.8\gsl-1.8\VC8\libgsl\Debug-StaticLib\qaws.obj
E:\dev\BasicOCR\gsl\src\gsl\1.8\gsl-1.8\VC8\libgsl\Debug-StaticLib\qcheb.obj
E:\dev\BasicOCR\gsl\src\gsl\1.8\gsl-1.8\VC8\libgsl\Debug-StaticLib\qk.obj
E:\dev\BasicOCR\gsl\src\gsl\1.8\gsl-1.8\VC8\libgsl\Debug-StaticLib\qk15.obj
E:\dev\BasicOCR\gsl\src\gsl\1.8\gsl-1.8\VC8\libgsl\Debug-StaticLib\qk21.obj
E:\dev\BasicOCR\gsl\src\gsl\1.8\gsl-1.8\VC8\libgsl\Debug-StaticLib\qk31.obj
E:\dev\BasicOCR\gsl\src\gsl\1.8\gsl-1.8\VC8\libgsl\Debug-StaticLib\qk41.obj
E:\dev\BasicOCR\gsl\src\gsl\1.8\gsl-1.8\VC8\libgsl\Debug-StaticLib\qk51.obj
E:\dev\BasicOCR\gsl\src\gsl\1.8\gsl-1.8\VC8\libgsl\Debug-StaticLib\qk61.obj
E:\dev\BasicOCR\gsl\src\gsl\1.8\gsl-1.8\VC8\libgsl\Debug-StaticLib\qmomo.obj
E:\dev\BasicOCR\gsl\src\gsl\1.8\gsl-1.8\VC8\libgsl\Debug-StaticLib\qmomof.obj
E:\dev\BasicOCR\gsl\src\gsl\1.8\gsl-1.8\VC8\libgsl\Debug-StaticLib\qng.obj
E:\dev\BasicOCR\gsl\src\gsl\1.8\gsl-1.8\VC8\libgsl\Debug-StaticLib\qr.obj
E:\dev\BasicOCR\gsl\src\gsl\1.8\gsl-1.8\VC8\libgsl\Debug-StaticLib\qrng.obj
E:\dev\BasicOCR\gsl\src\gsl\1.8\gsl-1.8\VC8\libgsl\Debug-StaticLib\qrpt.obj
E:\dev\BasicOCR\gsl\src\gsl\1.8\gsl-1.8\VC8\libgsl\Debug-StaticLib\quantiles.obj
E:\dev\BasicOCR\gsl\src\gsl\1.8\gsl-1.8\VC8\libgsl\Debug-StaticLib\r250.obj
E:\dev\BasicOCR\gsl\src\gsl\1.8\gsl-1.8\VC8\libgsl\Debug-StaticLib\ran0.obj
E:\dev\BasicOCR\gsl\src\gsl\1.8\gsl-1.8\VC8\libgsl\Debug-StaticLib\ran1.obj
E:\dev\BasicOCR\gsl\src\gsl\1.8\gsl-1.8\VC8\libgsl\Debug-StaticLib\ran2.obj
E:\dev\BasicOCR\gsl\src\gsl\1.8\gsl-1.8\VC8\libgsl\Debug-StaticLib\ran3.obj
E:\dev\BasicOCR\gsl\src\gsl\1.8\gsl-1.8\VC8\libgsl\Debug-StaticLib\rand.obj
E:\dev\BasicOCR\gsl\src\gsl\1.8\gsl-1.8\VC8\libgsl\Debug-StaticLib\rand48.obj
E:\dev\BasicOCR\gsl\src\gsl\1.8\gsl-1.8\VC8\libgsl\Debug-StaticLib\random.obj
E:\dev\BasicOCR\gsl\src\gsl\1.8\gsl-1.8\VC8\libgsl\Debug-StaticLib\randu.obj
E:\dev\BasicOCR\gsl\src\gsl\1.8\gsl-1.8\VC8\libgsl\Debug-StaticLib\ranf.obj
E:\dev\BasicOCR\gsl\src\gsl\1.8\gsl-1.8\VC8\libgsl\Debug-StaticLib\ranlux.obj
E:\dev\BasicOCR\gsl\src\gsl\1.8\gsl-1.8\VC8\libgsl\Debug-StaticLib\ranlxd.obj
E:\dev\BasicOCR\gsl\src\gsl\1.8\gsl-1.8\VC8\libgsl\Debug-StaticLib\ranlxs.obj
E:\dev\BasicOCR\gsl\src\gsl\1.8\gsl-1.8\VC8\libgsl\Debug-StaticLib\ranmar.obj
E:\dev\BasicOCR\gsl\src\gsl\1.8\gsl-1.8\VC8\libgsl\Debug-StaticLib\rayleigh.obj
E:\dev\BasicOCR\gsl\src\gsl\1.8\gsl-1.8\VC8\libgsl\Debug-StaticLib\rayleigh1.obj
E:\dev\BasicOCR\gsl\src\gsl\1.8\gsl-1.8\VC8\libgsl\Debug-StaticLib\rayleighinv.obj
E:\dev\BasicOCR\gsl\src\gsl\1.8\gsl-1.8\VC8\libgsl\Debug-StaticLib\read.obj
E:\dev\BasicOCR\gsl\src\gsl\1.8\gsl-1.8\VC8\libgsl\Debug-StaticLib\reim.obj
E:\dev\BasicOCR\gsl\src\gsl\1.8\gsl-1.8\VC8\libgsl\Debug-StaticLib\reset.obj
E:\dev\BasicOCR\gsl\src\gsl\1.8\gsl-1.8\VC8\libgsl\Debug-StaticLib\reset2d.obj
E:\dev\BasicOCR\gsl\src\gsl\1.8\gsl-1.8\VC8\libgsl\Debug-StaticLib\result.obj
E:\dev\BasicOCR\gsl\src\gsl\1.8\gsl-1.8\VC8\libgsl\Debug-StaticLib\results.obj
E:\dev\BasicOCR\gsl\src\gsl\1.8\gsl-1.8\VC8\libgsl\Debug-StaticLib\rk2.obj
E:\dev\BasicOCR\gsl\src\gsl\1.8\gsl-1.8\VC8\libgsl\Debug-StaticLib\rk2imp.obj
E:\dev\BasicOCR\gsl\src\gsl\1.8\gsl-1.8\VC8\libgsl\Debug-StaticLib\rk2simp.obj
E:\dev\BasicOCR\gsl\src\gsl\1.8\gsl-1.8\VC8\libgsl\Debug-StaticLib\rk4.obj
E:\dev\BasicOCR\gsl\src\gsl\1.8\gsl-1.8\VC8\libgsl\Debug-StaticLib\rk4imp.obj
E:\dev\BasicOCR\gsl\src\gsl\1.8\gsl-1.8\VC8\libgsl\Debug-StaticLib\rk8pd.obj
E:\dev\BasicOCR\gsl\src\gsl\1.8\gsl-1.8\VC8\libgsl\Debug-StaticLib\rkck.obj
E:\dev\BasicOCR\gsl\src\gsl\1.8\gsl-1.8\VC8\libgsl\Debug-StaticLib\rkf45.obj
E:\dev\BasicOCR\gsl\src\gsl\1.8\gsl-1.8\VC8\libgsl\Debug-StaticLib\rng.obj
E:\dev\BasicOCR\gsl\src\gsl\1.8\gsl-1.8\VC8\libgsl\Debug-StaticLib\rowcol.obj
E:\dev\BasicOCR\gsl\src\gsl\1.8\gsl-1.8\VC8\libgsl\Debug-StaticLib\sasum.obj
E:\dev\BasicOCR\gsl\src\gsl\1.8\gsl-1.8\VC8\libgsl\Debug-StaticLib\saxpy.obj
E:\dev\BasicOCR\gsl\src\gsl\1.8\gsl-1.8\VC8\libgsl\Debug-StaticLib\scasum.obj
E:\dev\BasicOCR\gsl\src\gsl\1.8\gsl-1.8\VC8\libgsl\Debug-StaticLib\scnrm2.obj
E:\dev\BasicOCR\gsl\src\gsl\1.8\gsl-1.8\VC8\libgsl\Debug-StaticLib\scopy.obj
E:\dev\BasicOCR\gsl\src\gsl\1.8\gsl-1.8\VC8\libgsl\Debug-StaticLib\sdot.obj
E:\dev\BasicOCR\gsl\src\gsl\1.8\gsl-1.8\VC8\libgsl\Debug-StaticLib\sdsdot.obj
E:\dev\BasicOCR\gsl\src\gsl\1.8\gsl-1.8\VC8\libgsl\Debug-StaticLib\secant.obj
E:\dev\BasicOCR\gsl\src\gsl\1.8\gsl-1.8\VC8\libgsl\Debug-StaticLib\sgbmv.obj
E:\dev\BasicOCR\gsl\src\gsl\1.8\gsl-1.8\VC8\libgsl\Debug-StaticLib\sgemm.obj
E:\dev\BasicOCR\gsl\src\gsl\1.8\gsl-1.8\VC8\libgsl\Debug-StaticLib\sgemv.obj
E:\dev\BasicOCR\gsl\src\gsl\1.8\gsl-1.8\VC8\libgsl\Debug-StaticLib\sger.obj
E:\dev\BasicOCR\gsl\src\gsl\1.8\gsl-1.8\VC8\libgsl\Debug-StaticLib\shint.obj
E:\dev\BasicOCR\gsl\src\gsl\1.8\gsl-1.8\VC8\libgsl\Debug-StaticLib\shuffle.obj
E:\dev\BasicOCR\gsl\src\gsl\1.8\gsl-1.8\VC8\libgsl\Debug-StaticLib\siman.obj
E:\dev\BasicOCR\gsl\src\gsl\1.8\gsl-1.8\VC8\libgsl\Debug-StaticLib\simplex.obj
E:\dev\BasicOCR\gsl\src\gsl\1.8\gsl-1.8\VC8\libgsl\Debug-StaticLib\sinint.obj
E:\dev\BasicOCR\gsl\src\gsl\1.8\gsl-1.8\VC8\libgsl\Debug-StaticLib\skew.obj
E:\dev\BasicOCR\gsl\src\gsl\1.8\gsl-1.8\VC8\libgsl\Debug-StaticLib\slatec.obj
E:\dev\BasicOCR\gsl\src\gsl\1.8\gsl-1.8\VC8\libgsl\Debug-StaticLib\snrm2.obj
E:\dev\BasicOCR\gsl\src\gsl\1.8\gsl-1.8\VC8\libgsl\Debug-StaticLib\sobol.obj
E:\dev\BasicOCR\gsl\src\gsl\1.8\gsl-1.8\VC8\libgsl\Debug-StaticLib\solve_cubic.obj
E:\dev\BasicOCR\gsl\src\gsl\1.8\gsl-1.8\VC8\libgsl\Debug-StaticLib\solve_quadratic.obj
E:\dev\BasicOCR\gsl\src\gsl\1.8\gsl-1.8\VC8\libgsl\Debug-StaticLib\sort.obj
E:\dev\BasicOCR\gsl\src\gsl\1.8\gsl-1.8\VC8\libgsl\Debug-StaticLib\sort1.obj
E:\dev\BasicOCR\gsl\src\gsl\1.8\gsl-1.8\VC8\libgsl\Debug-StaticLib\sortind.obj
E:\dev\BasicOCR\gsl\src\gsl\1.8\gsl-1.8\VC8\libgsl\Debug-StaticLib\sortvec.obj
E:\dev\BasicOCR\gsl\src\gsl\1.8\gsl-1.8\VC8\libgsl\Debug-StaticLib\sortvecind.obj
E:\dev\BasicOCR\gsl\src\gsl\1.8\gsl-1.8\VC8\libgsl\Debug-StaticLib\sphere.obj
E:\dev\BasicOCR\gsl\src\gsl\1.8\gsl-1.8\VC8\libgsl\Debug-StaticLib\spline.obj
E:\dev\BasicOCR\gsl\src\gsl\1.8\gsl-1.8\VC8\libgsl\Debug-StaticLib\srot.obj
E:\dev\BasicOCR\gsl\src\gsl\1.8\gsl-1.8\VC8\libgsl\Debug-StaticLib\srotg.obj
E:\dev\BasicOCR\gsl\src\gsl\1.8\gsl-1.8\VC8\libgsl\Debug-StaticLib\srotm.obj
E:\dev\BasicOCR\gsl\src\gsl\1.8\gsl-1.8\VC8\libgsl\Debug-StaticLib\srotmg.obj
E:\dev\BasicOCR\gsl\src\gsl\1.8\gsl-1.8\VC8\libgsl\Debug-StaticLib\ssbmv.obj
E:\dev\BasicOCR\gsl\src\gsl\1.8\gsl-1.8\VC8\libgsl\Debug-StaticLib\sscal.obj
E:\dev\BasicOCR\gsl\src\gsl\1.8\gsl-1.8\VC8\libgsl\Debug-StaticLib\sspmv.obj
E:\dev\BasicOCR\gsl\src\gsl\1.8\gsl-1.8\VC8\libgsl\Debug-StaticLib\sspr.obj
E:\dev\BasicOCR\gsl\src\gsl\1.8\gsl-1.8\VC8\libgsl\Debug-StaticLib\sspr2.obj
E:\dev\BasicOCR\gsl\src\gsl\1.8\gsl-1.8\VC8\libgsl\Debug-StaticLib\sswap.obj
E:\dev\BasicOCR\gsl\src\gsl\1.8\gsl-1.8\VC8\libgsl\Debug-StaticLib\ssymm.obj
E:\dev\BasicOCR\gsl\src\gsl\1.8\gsl-1.8\VC8\libgsl\Debug-StaticLib\ssymv.obj
E:\dev\BasicOCR\gsl\src\gsl\1.8\gsl-1.8\VC8\libgsl\Debug-StaticLib\ssyr.obj
E:\dev\BasicOCR\gsl\src\gsl\1.8\gsl-1.8\VC8\libgsl\Debug-StaticLib\ssyr2.obj
E:\dev\BasicOCR\gsl\src\gsl\1.8\gsl-1.8\VC8\libgsl\Debug-StaticLib\ssyr2k.obj
E:\dev\BasicOCR\gsl\src\gsl\1.8\gsl-1.8\VC8\libgsl\Debug-StaticLib\ssyrk.obj
E:\dev\BasicOCR\gsl\src\gsl\1.8\gsl-1.8\VC8\libgsl\Debug-StaticLib\stat.obj
E:\dev\BasicOCR\gsl\src\gsl\1.8\gsl-1.8\VC8\libgsl\Debug-StaticLib\stat2d.obj
E:\dev\BasicOCR\gsl\src\gsl\1.8\gsl-1.8\VC8\libgsl\Debug-StaticLib\stbmv.obj
E:\dev\BasicOCR\gsl\src\gsl\1.8\gsl-1.8\VC8\libgsl\Debug-StaticLib\stbsv.obj
E:\dev\BasicOCR\gsl\src\gsl\1.8\gsl-1.8\VC8\libgsl\Debug-StaticLib\steepest_descent.obj
E:\dev\BasicOCR\gsl\src\gsl\1.8\gsl-1.8\VC8\libgsl\Debug-StaticLib\steffenson.obj
E:\dev\BasicOCR\gsl\src\gsl\1.8\gsl-1.8\VC8\libgsl\Debug-StaticLib\step.obj
E:\dev\BasicOCR\gsl\src\gsl\1.8\gsl-1.8\VC8\libgsl\Debug-StaticLib\stpmv.obj
E:\dev\BasicOCR\gsl\src\gsl\1.8\gsl-1.8\VC8\libgsl\Debug-StaticLib\stpsv.obj
E:\dev\BasicOCR\gsl\src\gsl\1.8\gsl-1.8\VC8\libgsl\Debug-StaticLib\stream.obj
E:\dev\BasicOCR\gsl\src\gsl\1.8\gsl-1.8\VC8\libgsl\Debug-StaticLib\strerror.obj
E:\dev\BasicOCR\gsl\src\gsl\1.8\gsl-1.8\VC8\libgsl\Debug-StaticLib\strmm.obj
E:\dev\BasicOCR\gsl\src\gsl\1.8\gsl-1.8\VC8\libgsl\Debug-StaticLib\strmv.obj
E:\dev\BasicOCR\gsl\src\gsl\1.8\gsl-1.8\VC8\libgsl\Debug-StaticLib\strsm.obj
E:\dev\BasicOCR\gsl\src\gsl\1.8\gsl-1.8\VC8\libgsl\Debug-StaticLib\strsv.obj
E:\dev\BasicOCR\gsl\src\gsl\1.8\gsl-1.8\VC8\libgsl\Debug-StaticLib\submatrix.obj
E:\dev\BasicOCR\gsl\src\gsl\1.8\gsl-1.8\VC8\libgsl\Debug-StaticLib\subset.obj
E:\dev\BasicOCR\gsl\src\gsl\1.8\gsl-1.8\VC8\libgsl\Debug-StaticLib\subsetind.obj
E:\dev\BasicOCR\gsl\src\gsl\1.8\gsl-1.8\VC8\libgsl\Debug-StaticLib\subvector.obj
E:\dev\BasicOCR\gsl\src\gsl\1.8\gsl-1.8\VC8\libgsl\Debug-StaticLib\svd.obj
E:\dev\BasicOCR\gsl\src\gsl\1.8\gsl-1.8\VC8\libgsl\Debug-StaticLib\swap.obj
E:\dev\BasicOCR\gsl\src\gsl\1.8\gsl-1.8\VC8\libgsl\Debug-StaticLib\swap1.obj
E:\dev\BasicOCR\gsl\src\gsl\1.8\gsl-1.8\VC8\libgsl\Debug-StaticLib\symm.obj
E:\dev\BasicOCR\gsl\src\gsl\1.8\gsl-1.8\VC8\libgsl\Debug-StaticLib\symmtd.obj
E:\dev\BasicOCR\gsl\src\gsl\1.8\gsl-1.8\VC8\libgsl\Debug-StaticLib\symmv.obj
E:\dev\BasicOCR\gsl\src\gsl\1.8\gsl-1.8\VC8\libgsl\Debug-StaticLib\synchrotron.obj
E:\dev\BasicOCR\gsl\src\gsl\1.8\gsl-1.8\VC8\libgsl\Debug-StaticLib\taus.obj
E:\dev\BasicOCR\gsl\src\gsl\1.8\gsl-1.8\VC8\libgsl\Debug-StaticLib\taus113.obj
E:\dev\BasicOCR\gsl\src\gsl\1.8\gsl-1.8\VC8\libgsl\Debug-StaticLib\tdist.obj
E:\dev\BasicOCR\gsl\src\gsl\1.8\gsl-1.8\VC8\libgsl\Debug-StaticLib\tdist1.obj
E:\dev\BasicOCR\gsl\src\gsl\1.8\gsl-1.8\VC8\libgsl\Debug-StaticLib\tdistinv.obj
E:\dev\BasicOCR\gsl\src\gsl\1.8\gsl-1.8\VC8\libgsl\Debug-StaticLib\tests.obj
E:\dev\BasicOCR\gsl\src\gsl\1.8\gsl-1.8\VC8\libgsl\Debug-StaticLib\test_amax.obj
E:\dev\BasicOCR\gsl\src\gsl\1.8\gsl-1.8\VC8\libgsl\Debug-StaticLib\test_asum.obj
E:\dev\BasicOCR\gsl\src\gsl\1.8\gsl-1.8\VC8\libgsl\Debug-StaticLib\test_axpy.obj
E:\dev\BasicOCR\gsl\src\gsl\1.8\gsl-1.8\VC8\libgsl\Debug-StaticLib\test_copy.obj
E:\dev\BasicOCR\gsl\src\gsl\1.8\gsl-1.8\VC8\libgsl\Debug-StaticLib\test_dot.obj
E:\dev\BasicOCR\gsl\src\gsl\1.8\gsl-1.8\VC8\libgsl\Debug-StaticLib\test_gbmv.obj
E:\dev\BasicOCR\gsl\src\gsl\1.8\gsl-1.8\VC8\libgsl\Debug-StaticLib\test_gemm.obj
E:\dev\BasicOCR\gsl\src\gsl\1.8\gsl-1.8\VC8\libgsl\Debug-StaticLib\test_gemv.obj
E:\dev\BasicOCR\gsl\src\gsl\1.8\gsl-1.8\VC8\libgsl\Debug-StaticLib\test_ger.obj
E:\dev\BasicOCR\gsl\src\gsl\1.8\gsl-1.8\VC8\libgsl\Debug-StaticLib\test_hbmv.obj
E:\dev\BasicOCR\gsl\src\gsl\1.8\gsl-1.8\VC8\libgsl\Debug-StaticLib\test_hemm.obj
E:\dev\BasicOCR\gsl\src\gsl\1.8\gsl-1.8\VC8\libgsl\Debug-StaticLib\test_hemv.obj
E:\dev\BasicOCR\gsl\src\gsl\1.8\gsl-1.8\VC8\libgsl\Debug-StaticLib\test_her.obj
E:\dev\BasicOCR\gsl\src\gsl\1.8\gsl-1.8\VC8\libgsl\Debug-StaticLib\test_her2.obj
E:\dev\BasicOCR\gsl\src\gsl\1.8\gsl-1.8\VC8\libgsl\Debug-StaticLib\test_her2k.obj
E:\dev\BasicOCR\gsl\src\gsl\1.8\gsl-1.8\VC8\libgsl\Debug-StaticLib\test_herk.obj
E:\dev\BasicOCR\gsl\src\gsl\1.8\gsl-1.8\VC8\libgsl\Debug-StaticLib\test_hpmv.obj
E:\dev\BasicOCR\gsl\src\gsl\1.8\gsl-1.8\VC8\libgsl\Debug-StaticLib\test_hpr.obj
E:\dev\BasicOCR\gsl\src\gsl\1.8\gsl-1.8\VC8\libgsl\Debug-StaticLib\test_hpr2.obj
E:\dev\BasicOCR\gsl\src\gsl\1.8\gsl-1.8\VC8\libgsl\Debug-StaticLib\test_nrm2.obj
E:\dev\BasicOCR\gsl\src\gsl\1.8\gsl-1.8\VC8\libgsl\Debug-StaticLib\test_rot.obj
E:\dev\BasicOCR\gsl\src\gsl\1.8\gsl-1.8\VC8\libgsl\Debug-StaticLib\test_rotg.obj
E:\dev\BasicOCR\gsl\src\gsl\1.8\gsl-1.8\VC8\libgsl\Debug-StaticLib\test_rotm.obj
E:\dev\BasicOCR\gsl\src\gsl\1.8\gsl-1.8\VC8\libgsl\Debug-StaticLib\test_rotmg.obj
E:\dev\BasicOCR\gsl\src\gsl\1.8\gsl-1.8\VC8\libgsl\Debug-StaticLib\test_sbmv.obj
E:\dev\BasicOCR\gsl\src\gsl\1.8\gsl-1.8\VC8\libgsl\Debug-StaticLib\test_spmv.obj
E:\dev\BasicOCR\gsl\src\gsl\1.8\gsl-1.8\VC8\libgsl\Debug-StaticLib\test_spr.obj
E:\dev\BasicOCR\gsl\src\gsl\1.8\gsl-1.8\VC8\libgsl\Debug-StaticLib\test_spr2.obj
E:\dev\BasicOCR\gsl\src\gsl\1.8\gsl-1.8\VC8\libgsl\Debug-StaticLib\test_swap.obj
E:\dev\BasicOCR\gsl\src\gsl\1.8\gsl-1.8\VC8\libgsl\Debug-StaticLib\test_symm.obj
E:\dev\BasicOCR\gsl\src\gsl\1.8\gsl-1.8\VC8\libgsl\Debug-StaticLib\test_symv.obj
E:\dev\BasicOCR\gsl\src\gsl\1.8\gsl-1.8\VC8\libgsl\Debug-StaticLib\test_syr.obj
E:\dev\BasicOCR\gsl\src\gsl\1.8\gsl-1.8\VC8\libgsl\Debug-StaticLib\test_syr2.obj
E:\dev\BasicOCR\gsl\src\gsl\1.8\gsl-1.8\VC8\libgsl\Debug-StaticLib\test_syr2k.obj
E:\dev\BasicOCR\gsl\src\gsl\1.8\gsl-1.8\VC8\libgsl\Debug-StaticLib\test_syrk.obj
E:\dev\BasicOCR\gsl\src\gsl\1.8\gsl-1.8\VC8\libgsl\Debug-StaticLib\test_tbmv.obj
E:\dev\BasicOCR\gsl\src\gsl\1.8\gsl-1.8\VC8\libgsl\Debug-StaticLib\test_tbsv.obj
E:\dev\BasicOCR\gsl\src\gsl\1.8\gsl-1.8\VC8\libgsl\Debug-StaticLib\test_tpmv.obj
E:\dev\BasicOCR\gsl\src\gsl\1.8\gsl-1.8\VC8\libgsl\Debug-StaticLib\test_tpsv.obj
E:\dev\BasicOCR\gsl\src\gsl\1.8\gsl-1.8\VC8\libgsl\Debug-StaticLib\test_trmm.obj
E:\dev\BasicOCR\gsl\src\gsl\1.8\gsl-1.8\VC8\libgsl\Debug-StaticLib\test_trmv.obj
E:\dev\BasicOCR\gsl\src\gsl\1.8\gsl-1.8\VC8\libgsl\Debug-StaticLib\test_trsm.obj
E:\dev\BasicOCR\gsl\src\gsl\1.8\gsl-1.8\VC8\libgsl\Debug-StaticLib\test_trsv.obj
E:\dev\BasicOCR\gsl\src\gsl\1.8\gsl-1.8\VC8\libgsl\Debug-StaticLib\transport.obj
E:\dev\BasicOCR\gsl\src\gsl\1.8\gsl-1.8\VC8\libgsl\Debug-StaticLib\transputer.obj
E:\dev\BasicOCR\gsl\src\gsl\1.8\gsl-1.8\VC8\libgsl\Debug-StaticLib\tridiag.obj
E:\dev\BasicOCR\gsl\src\gsl\1.8\gsl-1.8\VC8\libgsl\Debug-StaticLib\trig.obj
E:\dev\BasicOCR\gsl\src\gsl\1.8\gsl-1.8\VC8\libgsl\Debug-StaticLib\tt.obj
E:\dev\BasicOCR\gsl\src\gsl\1.8\gsl-1.8\VC8\libgsl\Debug-StaticLib\ttest.obj
E:\dev\BasicOCR\gsl\src\gsl\1.8\gsl-1.8\VC8\libgsl\Debug-StaticLib\types.obj
E:\dev\BasicOCR\gsl\src\gsl\1.8\gsl-1.8\VC8\libgsl\Debug-StaticLib\uni.obj
E:\dev\BasicOCR\gsl\src\gsl\1.8\gsl-1.8\VC8\libgsl\Debug-StaticLib\uni32.obj
E:\dev\BasicOCR\gsl\src\gsl\1.8\gsl-1.8\VC8\libgsl\Debug-StaticLib\variance.obj
E:\dev\BasicOCR\gsl\src\gsl\1.8\gsl-1.8\VC8\libgsl\Debug-StaticLib\vax.obj
E:\dev\BasicOCR\gsl\src\gsl\1.8\gsl-1.8\VC8\libgsl\Debug-StaticLib\vector.obj
E:\dev\BasicOCR\gsl\src\gsl\1.8\gsl-1.8\VC8\libgsl\Debug-StaticLib\vector_bfgs.obj
E:\dev\BasicOCR\gsl\src\gsl\1.8\gsl-1.8\VC8\libgsl\Debug-StaticLib\vegas.obj
E:\dev\BasicOCR\gsl\src\gsl\1.8\gsl-1.8\VC8\libgsl\Debug-StaticLib\view.obj
E:\dev\BasicOCR\gsl\src\gsl\1.8\gsl-1.8\VC8\libgsl\Debug-StaticLib\view1.obj
E:\dev\BasicOCR\gsl\src\gsl\1.8\gsl-1.8\VC8\libgsl\Debug-StaticLib\wabsdev.obj
E:\dev\BasicOCR\gsl\src\gsl\1.8\gsl-1.8\VC8\libgsl\Debug-StaticLib\waterman14.obj
E:\dev\BasicOCR\gsl\src\gsl\1.8\gsl-1.8\VC8\libgsl\Debug-StaticLib\wavelet.obj
E:\dev\BasicOCR\gsl\src\gsl\1.8\gsl-1.8\VC8\libgsl\Debug-StaticLib\weibull.obj
E:\dev\BasicOCR\gsl\src\gsl\1.8\gsl-1.8\VC8\libgsl\Debug-StaticLib\weibull1.obj
E:\dev\BasicOCR\gsl\src\gsl\1.8\gsl-1.8\VC8\libgsl\Debug-StaticLib\weibullinv.obj
E:\dev\BasicOCR\gsl\src\gsl\1.8\gsl-1.8\VC8\libgsl\Debug-StaticLib\wkurtosis.obj
E:\dev\BasicOCR\gsl\src\gsl\1.8\gsl-1.8\VC8\libgsl\Debug-StaticLib\wmean.obj
E:\dev\BasicOCR\gsl\src\gsl\1.8\gsl-1.8\VC8\libgsl\Debug-StaticLib\work.obj
E:\dev\BasicOCR\gsl\src\gsl\1.8\gsl-1.8\VC8\libgsl\Debug-StaticLib\workspace.obj
E:\dev\BasicOCR\gsl\src\gsl\1.8\gsl-1.8\VC8\libgsl\Debug-StaticLib\work_u.obj
E:\dev\BasicOCR\gsl\src\gsl\1.8\gsl-1.8\VC8\libgsl\Debug-StaticLib\work_utrunc.obj
E:\dev\BasicOCR\gsl\src\gsl\1.8\gsl-1.8\VC8\libgsl\Debug-StaticLib\wskew.obj
E:\dev\BasicOCR\gsl\src\gsl\1.8\gsl-1.8\VC8\libgsl\Debug-StaticLib\wvariance.obj
E:\dev\BasicOCR\gsl\src\gsl\1.8\gsl-1.8\VC8\libgsl\Debug-StaticLib\xerbla.obj
E:\dev\BasicOCR\gsl\src\gsl\1.8\gsl-1.8\VC8\libgsl\Debug-StaticLib\zaxpy.obj
E:\dev\BasicOCR\gsl\src\gsl\1.8\gsl-1.8\VC8\libgsl\Debug-StaticLib\zcopy.obj
E:\dev\BasicOCR\gsl\src\gsl\1.8\gsl-1.8\VC8\libgsl\Debug-StaticLib\zdotc_sub.obj
E:\dev\BasicOCR\gsl\src\gsl\1.8\gsl-1.8\VC8\libgsl\Debug-StaticLib\zdotu_sub.obj
E:\dev\BasicOCR\gsl\src\gsl\1.8\gsl-1.8\VC8\libgsl\Debug-StaticLib\zdscal.obj
E:\dev\BasicOCR\gsl\src\gsl\1.8\gsl-1.8\VC8\libgsl\Debug-StaticLib\zeta.obj
E:\dev\BasicOCR\gsl\src\gsl\1.8\gsl-1.8\VC8\libgsl\Debug-StaticLib\zgbmv.obj
E:\dev\BasicOCR\gsl\src\gsl\1.8\gsl-1.8\VC8\libgsl\Debug-StaticLib\zgemm.obj
E:\dev\BasicOCR\gsl\src\gsl\1.8\gsl-1.8\VC8\libgsl\Debug-StaticLib\zgemv.obj
E:\dev\BasicOCR\gsl\src\gsl\1.8\gsl-1.8\VC8\libgsl\Debug-StaticLib\zgerc.obj
E:\dev\BasicOCR\gsl\src\gsl\1.8\gsl-1.8\VC8\libgsl\Debug-StaticLib\zgeru.obj
E:\dev\BasicOCR\gsl\src\gsl\1.8\gsl-1.8\VC8\libgsl\Debug-StaticLib\zhbmv.obj
E:\dev\BasicOCR\gsl\src\gsl\1.8\gsl-1.8\VC8\libgsl\Debug-StaticLib\zhemm.obj
E:\dev\BasicOCR\gsl\src\gsl\1.8\gsl-1.8\VC8\libgsl\Debug-StaticLib\zhemv.obj
E:\dev\BasicOCR\gsl\src\gsl\1.8\gsl-1.8\VC8\libgsl\Debug-StaticLib\zher.obj
E:\dev\BasicOCR\gsl\src\gsl\1.8\gsl-1.8\VC8\libgsl\Debug-StaticLib\zher2.obj
E:\dev\BasicOCR\gsl\src\gsl\1.8\gsl-1.8\VC8\libgsl\Debug-StaticLib\zher2k.obj
E:\dev\BasicOCR\gsl\src\gsl\1.8\gsl-1.8\VC8\libgsl\Debug-StaticLib\zherk.obj
E:\dev\BasicOCR\gsl\src\gsl\1.8\gsl-1.8\VC8\libgsl\Debug-StaticLib\zhpmv.obj
E:\dev\BasicOCR\gsl\src\gsl\1.8\gsl-1.8\VC8\libgsl\Debug-StaticLib\zhpr.obj
E:\dev\BasicOCR\gsl\src\gsl\1.8\gsl-1.8\VC8\libgsl\Debug-StaticLib\zhpr2.obj
E:\dev\BasicOCR\gsl\src\gsl\1.8\gsl-1.8\VC8\libgsl\Debug-StaticLib\zscal.obj
E:\dev\BasicOCR\gsl\src\gsl\1.8\gsl-1.8\VC8\libgsl\Debug-StaticLib\zsolve.obj
E:\dev\BasicOCR\gsl\src\gsl\1.8\gsl-1.8\VC8\libgsl\Debug-StaticLib\zsolve_cubic.obj
E:\dev\BasicOCR\gsl\src\gsl\1.8\gsl-1.8\VC8\libgsl\Debug-StaticLib\zsolve_init.obj
E:\dev\BasicOCR\gsl\src\gsl\1.8\gsl-1.8\VC8\libgsl\Debug-StaticLib\zsolve_quadratic.obj
E:\dev\BasicOCR\gsl\src\gsl\1.8\gsl-1.8\VC8\libgsl\Debug-StaticLib\zswap.obj
E:\dev\BasicOCR\gsl\src\gsl\1.8\gsl-1.8\VC8\libgsl\Debug-StaticLib\zsymm.obj
E:\dev\BasicOCR\gsl\src\gsl\1.8\gsl-1.8\VC8\libgsl\Debug-StaticLib\zsyr2k.obj
E:\dev\BasicOCR\gsl\src\gsl\1.8\gsl-1.8\VC8\libgsl\Debug-StaticLib\zsyrk.obj
E:\dev\BasicOCR\gsl\src\gsl\1.8\gsl-1.8\VC8\libgsl\Debug-StaticLib\ztbmv.obj
E:\dev\BasicOCR\gsl\src\gsl\1.8\gsl-1.8\VC8\libgsl\Debug-StaticLib\ztbsv.obj
E:\dev\BasicOCR\gsl\src\gsl\1.8\gsl-1.8\VC8\libgsl\Debug-StaticLib\ztpmv.obj
E:\dev\BasicOCR\gsl\src\gsl\1.8\gsl-1.8\VC8\libgsl\Debug-StaticLib\ztpsv.obj
E:\dev\BasicOCR\gsl\src\gsl\1.8\gsl-1.8\VC8\libgsl\Debug-StaticLib\ztrmm.obj
E:\dev\BasicOCR\gsl\src\gsl\1.8\gsl-1.8\VC8\libgsl\Debug-StaticLib\ztrmv.obj
E:\dev\BasicOCR\gsl\src\gsl\1.8\gsl-1.8\VC8\libgsl\Debug-StaticLib\ztrsm.obj
E:\dev\BasicOCR\gsl\src\gsl\1.8\gsl-1.8\VC8\libgsl\Debug-StaticLib\ztrsv.obj
E:\dev\BasicOCR\gsl\src\gsl\1.8\gsl-1.8\VC8\libgsl\Debug-StaticLib\zuf.obj
E:\dev\BasicOCR\gsl\src\gsl\1.8\gsl-1.8\VC8\libgsl\Debug-StaticLib\cl.command.1.tlog
E:\dev\BasicOCR\gsl\src\gsl\1.8\gsl-1.8\VC8\libgsl\Debug-StaticLib\CL.read.1.tlog
E:\dev\BasicOCR\gsl\src\gsl\1.8\gsl-1.8\VC8\libgsl\Debug-StaticLib\CL.write.1.tlog
E:\dev\BasicOCR\gsl\src\gsl\1.8\gsl-1.8\VC8\libgsl\Debug-StaticLib\Lib-link.read.1.tlog
E:\dev\BasicOCR\gsl\src\gsl\1.8\gsl-1.8\VC8\libgsl\Debug-StaticLib\Lib-link.write.1.tlog
E:\dev\BasicOCR\gsl\src\gsl\1.8\gsl-1.8\VC8\libgsl\Debug-StaticLib\lib.command.1.tlog
E:\dev\BasicOCR\gsl\src\gsl\1.8\gsl-1.8\VC8\libgsl\Debug-StaticLib\vc110.idb
E:\dev\BasicOCR\gsl\src\gsl\1.8\gsl-1.8\VC8\libgsl\Debug-StaticLib\vc110.pdb
